<?xml version="1.0" encoding="UTF-8"?>
<testsuites>
  <testsuite name="bad_filters" timestamp="2025-01-07T06:09:19Z" hostname="e810432a5a0c" tests="1" skipped="0" failures="0" errors="0" time="0.029">
    <testcase time="0.0290000000000004" classname="bad_filters" name="Listing_print_correctly"/>
  </testsuite>
  <testsuite name="data_snapshot" timestamp="2025-01-07T06:09:19Z" hostname="e810432a5a0c" tests="18" skipped="0" failures="0" errors="0" time="0.836">
    <testcase time="0.106" classname="data_snapshot" name="Test_data_snapshot"/>
    <testcase time="0.0880000000000001" classname="data_snapshot" name="Test_data_snapshot"/>
    <testcase time="0.0289999999999999" classname="data_snapshot" name="Test_data_snapshot"/>
    <testcase time="0.0549999999999997" classname="data_snapshot" name="Test_data_snapshot"/>
    <testcase time="0.028" classname="data_snapshot" name="Test_data_snapshot"/>
    <testcase time="0.0780000000000003" classname="data_snapshot" name="Test_data_snapshot"/>
    <testcase time="0.0229999999999997" classname="data_snapshot" name="Test_data_snapshot"/>
    <testcase time="0.056" classname="data_snapshot" name="Test_data_snapshot"/>
    <testcase time="0.0230000000000001" classname="data_snapshot" name="Test_data_snapshot"/>
    <testcase time="0.0499999999999998" classname="data_snapshot" name="Test_data_snapshot"/>
    <testcase time="0.0230000000000001" classname="data_snapshot" name="Test_data_snapshot"/>
    <testcase time="0.0529999999999999" classname="data_snapshot" name="Test_data_snapshot"/>
    <testcase time="0.0340000000000003" classname="data_snapshot" name="Test_data_snapshot"/>
    <testcase time="0.0329999999999999" classname="data_snapshot" name="Test_data_snapshot"/>
    <testcase time="0.024" classname="data_snapshot" name="Test_data_snapshot"/>
    <testcase time="0.0510000000000002" classname="data_snapshot" name="Test_data_snapshot"/>
    <testcase time="0.0229999999999997" classname="data_snapshot" name="Test_data_snapshot"/>
    <testcase time="0.0590000000000002" classname="data_snapshot" name="Test_data_snapshot"/>
  </testsuite>
  <testsuite name="decorate" timestamp="2025-01-07T06:09:20Z" hostname="e810432a5a0c" tests="5" skipped="4" failures="0" errors="0" time="0.868">
    <testcase time="0.108" classname="decorate" name="Test_decoreate.grob_not_to_throw">
      <skipped message="Reason: empty test ('test-decorate.R:21:1')"/>
    </testcase>
    <testcase time="0.113" classname="decorate" name="Test_decoreate_not_to_throw">
      <skipped message="Reason: empty test ('test-decorate.R:27:1')"/>
    </testcase>
    <testcase time="0.266999999999999" classname="decorate" name="Test_print_not_to_throw">
      <skipped message="Reason: empty test ('test-decorate.R:40:1')"/>
    </testcase>
    <testcase time="0.016" classname="decorate" name="Test_decoreate_throw"/>
    <testcase time="0.364000000000001" classname="decorate" name="Test_ph_with_img_not_to_throw">
      <skipped message="Reason: empty test ('test-decorate.R:55:1')"/>
    </testcase>
  </testsuite>
  <testsuite name="filter_spec-verbose" timestamp="2025-01-07T06:09:21Z" hostname="e810432a5a0c" tests="1" skipped="0" failures="0" errors="0" time="0.049">
    <testcase time="0.0489999999999995" classname="filter_spec_verbose" name="Listing_print_correctly"/>
  </testsuite>
  <testsuite name="formats" timestamp="2025-01-07T06:09:21Z" hostname="e810432a5a0c" tests="6" skipped="0" failures="0" errors="0" time="0.093">
    <testcase time="0.0150000000000006" classname="formats" name="new_round_function"/>
    <testcase time="0.0539999999999994" classname="formats" name="new_round_function"/>
    <testcase time="0.00600000000000023" classname="formats" name="xx.xx_xx.xx_"/>
    <testcase time="0.00600000000000023" classname="formats" name="xx.xx_xx.x_"/>
    <testcase time="0.00599999999999934" classname="formats" name="_xx_xx_"/>
    <testcase time="0.00600000000000023" classname="formats" name="xx.xx_xx.xx_xx.xx_"/>
  </testsuite>
  <testsuite name="g_mean_slides" timestamp="2025-01-07T06:09:21Z" hostname="e810432a5a0c" tests="14" skipped="5" failures="0" errors="0" time="0.867">
    <testcase time="0.358000000000001" classname="g_mean_slides" name="g_mean_slides_Test_1_Test_graph_creation_of_g_eg_slide_eg_mean_plot_"/>
    <testcase time="0.000999999999999446" classname="g_mean_slides" name="g_mean_slides_Test_1_Test_graph_creation_of_g_eg_slide_eg_mean_plot_">
      <skipped message="Reason: On CI ('test-g_mean_slides.R:21:3')"/>
    </testcase>
    <testcase time="0.016" classname="g_mean_slides" name="g_mean_slides_Test_2_Test_error_of_g_eg_slide_"/>
    <testcase time="0.109" classname="g_mean_slides" name="g_mean_slides_Test_3_Test_graph_creation_of_g_lb_slide_lab_mean_plot_"/>
    <testcase time="0.00100000000000033" classname="g_mean_slides" name="g_mean_slides_Test_3_Test_graph_creation_of_g_lb_slide_lab_mean_plot_">
      <skipped message="Reason: On CI ('test-g_mean_slides.R:38:3')"/>
    </testcase>
    <testcase time="0.115" classname="g_mean_slides" name="g_mean_slides_Test_4_Test_graph_creation_of_g_lb_slide_lab_change_from_baseline_plot_"/>
    <testcase time="0.000999999999999446" classname="g_mean_slides" name="g_mean_slides_Test_4_Test_graph_creation_of_g_lb_slide_lab_change_from_baseline_plot_">
      <skipped message="Reason: On CI ('test-g_mean_slides.R:55:3')"/>
    </testcase>
    <testcase time="0.0170000000000003" classname="g_mean_slides" name="g_mean_slides_Test_5_Test_error_of_g_lb_slide_"/>
    <testcase time="0.0979999999999999" classname="g_mean_slides" name="g_mean_slides_Test_6_Test_graph_creation_of_g_vs_slide_vital_sign_mean_plot_"/>
    <testcase time="0.00100000000000033" classname="g_mean_slides" name="g_mean_slides_Test_6_Test_graph_creation_of_g_vs_slide_vital_sign_mean_plot_">
      <skipped message="Reason: On CI ('test-g_mean_slides.R:73:3')"/>
    </testcase>
    <testcase time="0.016" classname="g_mean_slides" name="g_mean_slides_Test_7_Test_error_of_g_vs_slide_"/>
    <testcase time="0.117" classname="g_mean_slides" name="g_mean_slides_Test_8_Test_graph_creation_of_g_mean_slide_vital_sign_mean_plot_"/>
    <testcase time="0.000999999999999446" classname="g_mean_slides" name="g_mean_slides_Test_8_Test_graph_creation_of_g_mean_slide_vital_sign_mean_plot_">
      <skipped message="Reason: On CI ('test-g_mean_slides.R:95:3')"/>
    </testcase>
    <testcase time="0.016" classname="g_mean_slides" name="g_mean_slides_Test_9_Test_error_of_general_function_g_mean_slide_"/>
  </testsuite>
  <testsuite name="helper_functions" timestamp="2025-01-07T06:09:22Z" hostname="e810432a5a0c" tests="1" skipped="0" failures="0" errors="0" time="0.063">
    <testcase time="0.0630000000000006" classname="helper_functions" name="Test_some_functions_in_helper_functions.R"/>
  </testsuite>
  <testsuite name="l_ae_slide" timestamp="2025-01-07T06:09:22Z" hostname="e810432a5a0c" tests="1" skipped="0" failures="0" errors="0" time="8.277">
    <testcase time="8.277" classname="l_ae_slide" name="Test_listing_creation_of_l_ae_slide_Adverse_Events_Listing_"/>
  </testsuite>
  <testsuite name="log" timestamp="2025-01-07T06:09:30Z" hostname="e810432a5a0c" tests="2" skipped="0" failures="0" errors="0" time="0.012">
    <testcase time="0.0109999999999992" classname="log" name="Test_some_functions_in_log.R"/>
    <testcase time="0.00100000000000122" classname="log" name="Test_some_functions_in_log.R"/>
  </testsuite>
  <testsuite name="output-table-format" timestamp="2025-01-07T06:09:30Z" hostname="e810432a5a0c" tests="1" skipped="1" failures="0" errors="0" time="3.248">
    <testcase time="3.248" classname="output_table_format" name="save_an_autoslider_output">
      <skipped message="Reason: empty test ('test-output-table-format.R:1:1')"/>
    </testcase>
  </testsuite>
  <testsuite name="save_output" timestamp="2025-01-07T06:09:33Z" hostname="e810432a5a0c" tests="1" skipped="1" failures="0" errors="0" time="0.234">
    <testcase time="0.234000000000002" classname="save_output" name="save_an_output">
      <skipped message="Reason: empty test ('test-save_output.R:1:1')"/>
    </testcase>
  </testsuite>
  <testsuite name="slides_preview" timestamp="2025-01-07T06:09:33Z" hostname="e810432a5a0c" tests="2" skipped="0" failures="0" errors="0" time="0.757">
    <testcase time="0.733000000000001" classname="slides_preview" name="Test_slides_preview"/>
    <testcase time="0.0240000000000009" classname="slides_preview" name="Test_slides_preview"/>
  </testsuite>
  <testsuite name="srep_outputs" timestamp="2025-01-07T06:09:34Z" hostname="e810432a5a0c" tests="2" skipped="0" failures="0" errors="0" time="96.719">
    <testcase time="1.915" classname="srep_outputs" name="Listing_print_correctly"/>
    <testcase time="94.804" classname="srep_outputs" name="Listing_print_correctly"/>
  </testsuite>
  <testsuite name="t_ae_pt_diff_slide" timestamp="2025-01-07T06:11:11Z" hostname="e810432a5a0c" tests="9" skipped="0" failures="0" errors="0" time="2.021">
    <testcase time="0.424999999999997" classname="t_ae_pt_diff_slide" name="Test_table_creation_of_t_ae_pt_diff_slide_safety_summary_table_"/>
    <testcase time="0.174000000000007" classname="t_ae_pt_diff_slide" name="Test_table_creation_of_t_ae_pt_diff_slide_safety_summary_table_prune_by_total_2"/>
    <testcase time="0.319999999999993" classname="t_ae_pt_diff_slide" name="Test_table_creation_of_t_ae_pt_slide_safety_summary_table_prune_by_total_2"/>
    <testcase time="0.207000000000008" classname="t_ae_pt_diff_slide" name="Test_table_creation_of_t_ae_pt_slide_safety_summary_table_prune_by_total_2"/>
    <testcase time="0.319999999999993" classname="t_ae_pt_diff_slide" name="Test_table_creation_of_t_ae_pt_slide_safety_summary_table_prune_by_total_2"/>
    <testcase time="0.200000000000003" classname="t_ae_pt_diff_slide" name="Test_table_creation_of_t_ae_pt_slide_safety_summary_table_prune_by_total_2"/>
    <testcase time="0.111999999999995" classname="t_ae_pt_diff_slide" name="Test_table_creation_of_t_ae_pt_diff_slide_safety_summary_table_"/>
    <testcase time="0.176000000000002" classname="t_ae_pt_diff_slide" name="Test_table_creation_of_t_ae_pt_slide_safety_summary_table_prune_by_total_2"/>
    <testcase time="0.0870000000000033" classname="t_ae_pt_diff_slide" name="Test_table_creation_of_t_ae_pt_diff_slide_with_null_report"/>
  </testsuite>
  <testsuite name="t_ae_pt_slide" timestamp="2025-01-07T06:11:13Z" hostname="e810432a5a0c" tests="6" skipped="0" failures="0" errors="0" time="2.848">
    <testcase time="0.212999999999994" classname="t_ae_pt_slide" name="Test_table_creation_of_t_ae_pt_slide_safety_summary_table_"/>
    <testcase time="0.215000000000003" classname="t_ae_pt_slide" name="Test_table_creation_of_t_ae_pt_slide_safety_summary_table_prune_by_total_28"/>
    <testcase time="1.205" classname="t_ae_pt_slide" name="Test_table_creation_of_t_ae_pt_slide_safety_summary_table_prune_by_total_30"/>
    <testcase time="0.424000000000007" classname="t_ae_pt_slide" name="Test_table_creation_of_t_ae_pt_soc_slide_safety_summary_table_"/>
    <testcase time="0.400999999999996" classname="t_ae_pt_slide" name="Test_table_creation_of_t_ae_pt_soc_slide_safety_summary_table_prune_by_total_28"/>
    <testcase time="0.390000000000001" classname="t_ae_pt_slide" name="Test_table_creation_of_t_ae_pt_soc_slide_safety_summary_table_prune_by_total_30"/>
  </testsuite>
  <testsuite name="t_ae_pt_soc_diff_slide" timestamp="2025-01-07T06:11:16Z" hostname="e810432a5a0c" tests="7" skipped="0" failures="0" errors="0" time="3.223">
    <testcase time="0.370999999999995" classname="t_ae_pt_soc_diff_slide" name="Test_table_creation_of_t_ae_pt_soc_diff_slide_safety_summary_table_"/>
    <testcase time="0.341000000000008" classname="t_ae_pt_soc_diff_slide" name="Test_table_creation_of_t_ae_pt_soc_diff_slide_safety_summary_table_prune_by_total_2"/>
    <testcase time="0.652999999999992" classname="t_ae_pt_soc_diff_slide" name="Test_table_creation_of_t_ae_pt_soc_diff_slide_safety_summary_table_prune_by_total_2"/>
    <testcase time="0.411000000000001" classname="t_ae_pt_soc_diff_slide" name="Test_table_creation_of_t_ae_pt_soc_diff_slide_safety_summary_table_prune_by_total_2"/>
    <testcase time="0.64500000000001" classname="t_ae_pt_soc_diff_slide" name="Test_table_creation_of_t_ae_pt_soc_diff_slide_safety_summary_table_prune_by_total_2"/>
    <testcase time="0.521999999999991" classname="t_ae_pt_soc_diff_slide" name="Test_table_creation_of_t_ae_pt_soc_diff_slide_safety_summary_table_prune_by_total_2"/>
    <testcase time="0.280000000000001" classname="t_ae_pt_soc_diff_slide" name="Test_table_creation_of_t_ae_pt_soc_diff_slide_safety_summary_table_"/>
  </testsuite>
  <testsuite name="t_ae_slide" timestamp="2025-01-07T06:11:19Z" hostname="e810432a5a0c" tests="2" skipped="0" failures="0" errors="0" time="0.771">
    <testcase time="0.700000000000003" classname="t_ae_slide" name="Test_adverse_event_table_creation_of_t_ae_slide_Adverse_Events_for_Patient_"/>
    <testcase time="0.070999999999998" classname="t_ae_slide" name="Test_adverse_event_table_creation_of_t_ae_slide_with_null_report"/>
  </testsuite>
  <testsuite name="t_ae_summary_slide" timestamp="2025-01-07T06:11:20Z" hostname="e810432a5a0c" tests="4" skipped="0" failures="0" errors="0" time="1.37">
    <testcase time="0.617000000000004" classname="t_ae_summary_slide" name="Test_table_creation_of_t_ae_summ_slide_safety_summary_table_"/>
    <testcase time="0.622" classname="t_ae_summary_slide" name="Test_table_creation_of_t_ae_summ_slide_safety_summary_table_"/>
    <testcase time="0.0429999999999922" classname="t_ae_summary_slide" name="Test_t_ae_summ_slide_with_expected_Error"/>
    <testcase time="0.0880000000000081" classname="t_ae_summary_slide" name="Test_t_ae_summ_slide_with_null_report"/>
  </testsuite>
  <testsuite name="t_aesi_slide" timestamp="2025-01-07T06:11:21Z" hostname="e810432a5a0c" tests="5" skipped="0" failures="0" errors="0" time="1.47">
    <testcase time="0.507999999999996" classname="t_aesi_slide" name="Test_table_creation_of_t_aesi_slide_AESI_summary_table_with_AETOXGR_grading"/>
    <testcase time="0.462000000000003" classname="t_aesi_slide" name="Test_table_creation_of_t_aesi_slide_AESI_summary_table_with_AESEV_grading"/>
    <testcase time="0.459999999999994" classname="t_aesi_slide" name="Test_table_creation_of_t_aesi_slide_AESI_summary_table_with_custom_AEGRP_grouping"/>
    <testcase time="0.00900000000000034" classname="t_aesi_slide" name="Test_table_creation_of_t_aesi_slide_with_no_aesi_var_given"/>
    <testcase time="0.0310000000000059" classname="t_aesi_slide" name="Test_table_creation_of_t_aesi_slide_with_aesi_var_not_found_in_dataset"/>
  </testsuite>
  <testsuite name="t_dd_slide" timestamp="2025-01-07T06:11:23Z" hostname="e810432a5a0c" tests="6" skipped="0" failures="0" errors="0" time="0.806">
    <testcase time="0.174999999999997" classname="t_dd_slide" name="Test_table_creation_of_t_dd_slide_death_table_"/>
    <testcase time="0.0439999999999969" classname="t_dd_slide" name="Test_t_dd_slide_table_with_expected_Error"/>
    <testcase time="0.0880000000000081" classname="t_dd_slide" name="Test_table_creation_of_with_null_report"/>
    <testcase time="0.222999999999999" classname="t_dd_slide" name="Test_table_creation_of_t_dd_slide_death_table_"/>
    <testcase time="0.185000000000002" classname="t_dd_slide" name="Test_table_creation_of_t_dd_slide_death_table_"/>
    <testcase time="0.090999999999994" classname="t_dd_slide" name="Test_table_creation_of_t_dd_slide_death_table_"/>
  </testsuite>
  <testsuite name="t_dm_slide" timestamp="2025-01-07T06:11:23Z" hostname="e810432a5a0c" tests="5" skipped="0" failures="0" errors="0" time="2.726">
    <testcase time="0.394999999999996" classname="t_dm_slide" name="Test_demographic_table_creation_of_t_dm_slide"/>
    <testcase time="0.707000000000008" classname="t_dm_slide" name="Test_demographic_table_creation_of_t_dm_slide"/>
    <testcase time="0.472000000000008" classname="t_dm_slide" name="Test_demographic_table_creation_of_t_dm_slide"/>
    <testcase time="0.439999999999998" classname="t_dm_slide" name="Test_demographic_table_creation_of_t_dm_slide"/>
    <testcase time="0.711999999999989" classname="t_dm_slide" name="Test_demographic_table_creation_of_t_dm_slide"/>
  </testsuite>
  <testsuite name="t_dor_slide" timestamp="2025-01-07T06:11:26Z" hostname="e810432a5a0c" tests="2" skipped="0" failures="0" errors="0" time="0.37">
    <testcase time="0.177999999999997" classname="t_dor_slide" name="Test_DOR_table_when_time_unit_is_DAYS_"/>
    <testcase time="0.192000000000007" classname="t_dor_slide" name="Test_DOR_table_when_time_unit_is_YEARS_"/>
  </testsuite>
  <testsuite name="t_ds_slide" timestamp="2025-01-07T06:11:27Z" hostname="e810432a5a0c" tests="5" skipped="0" failures="0" errors="0" time="1.509">
    <testcase time="0.298000000000002" classname="t_ds_slide" name="Test_table_creation_of_t_ds_slide"/>
    <testcase time="0.307999999999993" classname="t_ds_slide" name="Test_table_creation_of_t_ds_slide"/>
    <testcase time="0.391999999999996" classname="t_ds_slide" name="Test_table_creation_of_t_ds_slide"/>
    <testcase time="0.320999999999998" classname="t_ds_slide" name="Test_table_creation_of_t_ds_slide"/>
    <testcase time="0.189999999999998" classname="t_ds_slide" name="Test_table_creation_of_t_ds_slide"/>
  </testsuite>
  <testsuite name="util" timestamp="2025-01-07T06:11:28Z" hostname="e810432a5a0c" tests="6" skipped="0" failures="0" errors="0" time="0.045">
    <testcase time="0.0180000000000007" classname="util" name="Test_some_functions_in_util.R"/>
    <testcase time="0.00800000000000978" classname="util" name="Test_some_functions_in_util.R"/>
    <testcase time="0.00799999999998136" classname="util" name="Test_some_functions_in_util.R"/>
    <testcase time="0.00500000000002387" classname="util" name="Test_some_functions_in_util.R"/>
    <testcase time="0.00399999999999068" classname="util" name="Test_some_functions_in_util.R"/>
    <testcase time="0.00200000000000955" classname="util" name="Test_some_functions_in_util.R"/>
  </testsuite>
  <testsuite name="format_date" timestamp="2025-01-07T06:11:28Z" hostname="e810432a5a0c" tests="5" skipped="0" failures="0" errors="0" time="0.283">
    <testcase time="0.168999999999983" classname="format_date" name="Test_format_date"/>
    <testcase time="0.0300000000000011" classname="format_date" name="Test_format_date"/>
    <testcase time="0.0240000000000009" classname="format_date" name="Test_format_date"/>
    <testcase time="0.0300000000000011" classname="format_date" name="Test_format_date"/>
    <testcase time="0.0300000000000011" classname="format_date" name="Test_format_date"/>
  </testsuite>
</testsuites>
