<?xml version="1.0" encoding="UTF-8"?>
<testsuites>
  <testsuite name="bad_filters" timestamp="2025-01-07T06:38:56Z" hostname="b40dca26e070" tests="1" skipped="0" failures="0" errors="0" time="0.03">
    <testcase time="0.0300000000000002" classname="bad_filters" name="Listing_print_correctly"/>
  </testsuite>
  <testsuite name="data_snapshot" timestamp="2025-01-07T06:38:56Z" hostname="b40dca26e070" tests="1" skipped="1" failures="0" errors="0" time="0.08">
    <testcase time="0.0800000000000001" classname="data_snapshot" name="Test_data_snapshot">
      <skipped message="Reason: On CRAN ('test-data_snapshot.R:6:5')"/>
    </testcase>
  </testsuite>
  <testsuite name="decorate" timestamp="2025-01-07T06:38:57Z" hostname="b40dca26e070" tests="5" skipped="4" failures="0" errors="0" time="0.948">
    <testcase time="0.143" classname="decorate" name="Test_decoreate.grob_not_to_throw">
      <skipped message="Reason: empty test ('test-decorate.R:21:1')"/>
    </testcase>
    <testcase time="0.123" classname="decorate" name="Test_decoreate_not_to_throw">
      <skipped message="Reason: empty test ('test-decorate.R:27:1')"/>
    </testcase>
    <testcase time="0.3" classname="decorate" name="Test_print_not_to_throw">
      <skipped message="Reason: empty test ('test-decorate.R:40:1')"/>
    </testcase>
    <testcase time="0.016" classname="decorate" name="Test_decoreate_throw"/>
    <testcase time="0.366" classname="decorate" name="Test_ph_with_img_not_to_throw">
      <skipped message="Reason: empty test ('test-decorate.R:55:1')"/>
    </testcase>
  </testsuite>
  <testsuite name="filter_spec-verbose" timestamp="2025-01-07T06:38:57Z" hostname="b40dca26e070" tests="1" skipped="1" failures="0" errors="0" time="0.037">
    <testcase time="0.0369999999999999" classname="filter_spec_verbose" name="Listing_print_correctly">
      <skipped message="Reason: On CRAN ('test-filter_spec-verbose.R:12:3')"/>
    </testcase>
  </testsuite>
  <testsuite name="formats" timestamp="2025-01-07T06:38:57Z" hostname="b40dca26e070" tests="6" skipped="0" failures="0" errors="0" time="0.109">
    <testcase time="0.032" classname="formats" name="new_round_function"/>
    <testcase time="0.0539999999999998" classname="formats" name="new_round_function"/>
    <testcase time="0.00600000000000023" classname="formats" name="xx.xx_xx.xx_"/>
    <testcase time="0.00599999999999978" classname="formats" name="xx.xx_xx.x_"/>
    <testcase time="0.00600000000000023" classname="formats" name="_xx_xx_"/>
    <testcase time="0.00499999999999989" classname="formats" name="xx.xx_xx.xx_xx.xx_"/>
  </testsuite>
  <testsuite name="g_mean_slides" timestamp="2025-01-07T06:38:58Z" hostname="b40dca26e070" tests="14" skipped="5" failures="0" errors="0" time="0.87">
    <testcase time="0.359" classname="g_mean_slides" name="g_mean_slides_Test_1_Test_graph_creation_of_g_eg_slide_eg_mean_plot_"/>
    <testcase time="0.000999999999999446" classname="g_mean_slides" name="g_mean_slides_Test_1_Test_graph_creation_of_g_eg_slide_eg_mean_plot_">
      <skipped message="Reason: On CI ('test-g_mean_slides.R:21:3')"/>
    </testcase>
    <testcase time="0.0170000000000003" classname="g_mean_slides" name="g_mean_slides_Test_2_Test_error_of_g_eg_slide_"/>
    <testcase time="0.108" classname="g_mean_slides" name="g_mean_slides_Test_3_Test_graph_creation_of_g_lb_slide_lab_mean_plot_"/>
    <testcase time="0.00100000000000033" classname="g_mean_slides" name="g_mean_slides_Test_3_Test_graph_creation_of_g_lb_slide_lab_mean_plot_">
      <skipped message="Reason: On CI ('test-g_mean_slides.R:38:3')"/>
    </testcase>
    <testcase time="0.108" classname="g_mean_slides" name="g_mean_slides_Test_4_Test_graph_creation_of_g_lb_slide_lab_change_from_baseline_plot_"/>
    <testcase time="0.00199999999999978" classname="g_mean_slides" name="g_mean_slides_Test_4_Test_graph_creation_of_g_lb_slide_lab_change_from_baseline_plot_">
      <skipped message="Reason: On CI ('test-g_mean_slides.R:55:3')"/>
    </testcase>
    <testcase time="0.016" classname="g_mean_slides" name="g_mean_slides_Test_5_Test_error_of_g_lb_slide_"/>
    <testcase time="0.103000000000001" classname="g_mean_slides" name="g_mean_slides_Test_6_Test_graph_creation_of_g_vs_slide_vital_sign_mean_plot_"/>
    <testcase time="0.00199999999999978" classname="g_mean_slides" name="g_mean_slides_Test_6_Test_graph_creation_of_g_vs_slide_vital_sign_mean_plot_">
      <skipped message="Reason: On CI ('test-g_mean_slides.R:73:3')"/>
    </testcase>
    <testcase time="0.016" classname="g_mean_slides" name="g_mean_slides_Test_7_Test_error_of_g_vs_slide_"/>
    <testcase time="0.118" classname="g_mean_slides" name="g_mean_slides_Test_8_Test_graph_creation_of_g_mean_slide_vital_sign_mean_plot_"/>
    <testcase time="0.000999999999999446" classname="g_mean_slides" name="g_mean_slides_Test_8_Test_graph_creation_of_g_mean_slide_vital_sign_mean_plot_">
      <skipped message="Reason: On CI ('test-g_mean_slides.R:95:3')"/>
    </testcase>
    <testcase time="0.0179999999999998" classname="g_mean_slides" name="g_mean_slides_Test_9_Test_error_of_general_function_g_mean_slide_"/>
  </testsuite>
  <testsuite name="helper_functions" timestamp="2025-01-07T06:38:58Z" hostname="b40dca26e070" tests="1" skipped="1" failures="0" errors="0" time="0.072">
    <testcase time="0.0720000000000001" classname="helper_functions" name="Test_some_functions_in_helper_functions.R">
      <skipped message="Reason: On CRAN ('test-helper_functions.R:3:3')"/>
    </testcase>
  </testsuite>
  <testsuite name="l_ae_slide" timestamp="2025-01-07T06:38:59Z" hostname="b40dca26e070" tests="1" skipped="1" failures="0" errors="0" time="8.339">
    <testcase time="8.339" classname="l_ae_slide" name="Test_listing_creation_of_l_ae_slide_Adverse_Events_Listing_">
      <skipped message="Reason: On CRAN ('test-l_ae_slide.R:7:3')"/>
    </testcase>
  </testsuite>
  <testsuite name="log" timestamp="2025-01-07T06:39:07Z" hostname="b40dca26e070" tests="2" skipped="0" failures="0" errors="0" time="0.02">
    <testcase time="0.0179999999999989" classname="log" name="Test_some_functions_in_log.R"/>
    <testcase time="0.00200000000000067" classname="log" name="Test_some_functions_in_log.R"/>
  </testsuite>
  <testsuite name="output-table-format" timestamp="2025-01-07T06:39:07Z" hostname="b40dca26e070" tests="1" skipped="1" failures="0" errors="0" time="3.315">
    <testcase time="3.315" classname="output_table_format" name="save_an_autoslider_output">
      <skipped message="Reason: empty test ('test-output-table-format.R:1:1')"/>
    </testcase>
  </testsuite>
  <testsuite name="save_output" timestamp="2025-01-07T06:39:10Z" hostname="b40dca26e070" tests="1" skipped="1" failures="0" errors="0" time="0.247">
    <testcase time="0.247" classname="save_output" name="save_an_output">
      <skipped message="Reason: empty test ('test-save_output.R:1:1')"/>
    </testcase>
  </testsuite>
  <testsuite name="slides_preview" timestamp="2025-01-07T06:39:10Z" hostname="b40dca26e070" tests="1" skipped="1" failures="0" errors="0" time="0.508">
    <testcase time="0.507999999999999" classname="slides_preview" name="Test_slides_preview">
      <skipped message="Reason: On CRAN ('test-slides_preview.R:5:3')"/>
    </testcase>
  </testsuite>
  <testsuite name="srep_outputs" timestamp="2025-01-07T06:39:11Z" hostname="b40dca26e070" tests="2" skipped="0" failures="0" errors="0" time="96.934">
    <testcase time="2.167" classname="srep_outputs" name="Listing_print_correctly"/>
    <testcase time="94.767" classname="srep_outputs" name="Listing_print_correctly"/>
  </testsuite>
  <testsuite name="t_ae_pt_diff_slide" timestamp="2025-01-07T06:40:48Z" hostname="b40dca26e070" tests="8" skipped="7" failures="0" errors="0" time="2.807">
    <testcase time="0.435000000000002" classname="t_ae_pt_diff_slide" name="Test_table_creation_of_t_ae_pt_diff_slide_safety_summary_table_">
      <skipped message="Reason: On CRAN ('test-t_ae_pt_diff_slide.R:2:3')"/>
    </testcase>
    <testcase time="0.158999999999992" classname="t_ae_pt_diff_slide" name="Test_table_creation_of_t_ae_pt_diff_slide_safety_summary_table_prune_by_total_2">
      <skipped message="Reason: On CRAN ('test-t_ae_pt_diff_slide.R:6:3')"/>
    </testcase>
    <testcase time="1.345" classname="t_ae_pt_diff_slide" name="Test_table_creation_of_t_ae_pt_slide_safety_summary_table_prune_by_total_2">
      <skipped message="Reason: On CRAN ('test-t_ae_pt_diff_slide.R:11:3')"/>
    </testcase>
    <testcase time="0.197000000000003" classname="t_ae_pt_diff_slide" name="Test_table_creation_of_t_ae_pt_slide_safety_summary_table_prune_by_total_2">
      <skipped message="Reason: On CRAN ('test-t_ae_pt_diff_slide.R:17:3')"/>
    </testcase>
    <testcase time="0.314999999999998" classname="t_ae_pt_diff_slide" name="Test_table_creation_of_t_ae_pt_slide_safety_summary_table_prune_by_total_2">
      <skipped message="Reason: On CRAN ('test-t_ae_pt_diff_slide.R:25:3')"/>
    </testcase>
    <testcase time="0.123000000000005" classname="t_ae_pt_diff_slide" name="Test_table_creation_of_t_ae_pt_diff_slide_safety_summary_table_"/>
    <testcase time="0.159999999999997" classname="t_ae_pt_diff_slide" name="Test_table_creation_of_t_ae_pt_slide_safety_summary_table_prune_by_total_2">
      <skipped message="Reason: On CRAN ('test-t_ae_pt_diff_slide.R:43:3')"/>
    </testcase>
    <testcase time="0.0730000000000075" classname="t_ae_pt_diff_slide" name="Test_table_creation_of_t_ae_pt_diff_slide_with_null_report">
      <skipped message="Reason: On CRAN ('test-t_ae_pt_diff_slide.R:57:3')"/>
    </testcase>
  </testsuite>
  <testsuite name="t_ae_pt_slide" timestamp="2025-01-07T06:40:51Z" hostname="b40dca26e070" tests="6" skipped="6" failures="0" errors="0" time="1.708">
    <testcase time="0.201999999999998" classname="t_ae_pt_slide" name="Test_table_creation_of_t_ae_pt_slide_safety_summary_table_">
      <skipped message="Reason: On CRAN ('test-t_ae_pt_slide.R:2:3')"/>
    </testcase>
    <testcase time="0.197000000000003" classname="t_ae_pt_slide" name="Test_table_creation_of_t_ae_pt_slide_safety_summary_table_prune_by_total_28">
      <skipped message="Reason: On CRAN ('test-t_ae_pt_slide.R:6:3')"/>
    </testcase>
    <testcase time="0.177999999999997" classname="t_ae_pt_slide" name="Test_table_creation_of_t_ae_pt_slide_safety_summary_table_prune_by_total_30">
      <skipped message="Reason: On CRAN ('test-t_ae_pt_slide.R:10:3')"/>
    </testcase>
    <testcase time="0.38600000000001" classname="t_ae_pt_slide" name="Test_table_creation_of_t_ae_pt_soc_slide_safety_summary_table_">
      <skipped message="Reason: On CRAN ('test-t_ae_pt_slide.R:15:3')"/>
    </testcase>
    <testcase time="0.375999999999991" classname="t_ae_pt_slide" name="Test_table_creation_of_t_ae_pt_soc_slide_safety_summary_table_prune_by_total_28">
      <skipped message="Reason: On CRAN ('test-t_ae_pt_slide.R:19:3')"/>
    </testcase>
    <testcase time="0.369" classname="t_ae_pt_slide" name="Test_table_creation_of_t_ae_pt_soc_slide_safety_summary_table_prune_by_total_30">
      <skipped message="Reason: On CRAN ('test-t_ae_pt_slide.R:23:3')"/>
    </testcase>
  </testsuite>
  <testsuite name="t_ae_pt_soc_diff_slide" timestamp="2025-01-07T06:40:52Z" hostname="b40dca26e070" tests="5" skipped="4" failures="0" errors="0" time="1.96">
    <testcase time="0.347000000000008" classname="t_ae_pt_soc_diff_slide" name="Test_table_creation_of_t_ae_pt_soc_diff_slide_safety_summary_table_">
      <skipped message="Reason: On CRAN ('test-t_ae_pt_soc_diff_slide.R:2:3')"/>
    </testcase>
    <testcase time="0.322000000000003" classname="t_ae_pt_soc_diff_slide" name="Test_table_creation_of_t_ae_pt_soc_diff_slide_safety_summary_table_prune_by_total_2">
      <skipped message="Reason: On CRAN ('test-t_ae_pt_soc_diff_slide.R:6:3')"/>
    </testcase>
    <testcase time="0.623999999999995" classname="t_ae_pt_soc_diff_slide" name="Test_table_creation_of_t_ae_pt_soc_diff_slide_safety_summary_table_prune_by_total_2">
      <skipped message="Reason: On CRAN ('test-t_ae_pt_soc_diff_slide.R:10:3')"/>
    </testcase>
    <testcase time="0.388000000000005" classname="t_ae_pt_soc_diff_slide" name="Test_table_creation_of_t_ae_pt_soc_diff_slide_safety_summary_table_prune_by_total_2">
      <skipped message="Reason: On CRAN ('test-t_ae_pt_soc_diff_slide.R:16:3')"/>
    </testcase>
    <testcase time="0.278999999999996" classname="t_ae_pt_soc_diff_slide" name="Test_table_creation_of_t_ae_pt_soc_diff_slide_safety_summary_table_"/>
  </testsuite>
  <testsuite name="t_ae_slide" timestamp="2025-01-07T06:40:54Z" hostname="b40dca26e070" tests="2" skipped="2" failures="0" errors="0" time="0.744">
    <testcase time="0.682000000000002" classname="t_ae_slide" name="Test_adverse_event_table_creation_of_t_ae_slide_Adverse_Events_for_Patient_">
      <skipped message="Reason: On CRAN ('test-t_ae_slide.R:10:3')"/>
    </testcase>
    <testcase time="0.0619999999999976" classname="t_ae_slide" name="Test_adverse_event_table_creation_of_t_ae_slide_with_null_report">
      <skipped message="Reason: On CRAN ('test-t_ae_slide.R:24:3')"/>
    </testcase>
  </testsuite>
  <testsuite name="t_ae_summary_slide" timestamp="2025-01-07T06:40:55Z" hostname="b40dca26e070" tests="3" skipped="3" failures="0" errors="0" time="0.712">
    <testcase time="0.591999999999999" classname="t_ae_summary_slide" name="Test_table_creation_of_t_ae_summ_slide_safety_summary_table_">
      <skipped message="Reason: On CRAN ('test-t_ae_summary_slide.R:2:3')"/>
    </testcase>
    <testcase time="0.034000000000006" classname="t_ae_summary_slide" name="Test_t_ae_summ_slide_with_expected_Error">
      <skipped message="Reason: On CRAN ('test-t_ae_summary_slide.R:23:3')"/>
    </testcase>
    <testcase time="0.0859999999999985" classname="t_ae_summary_slide" name="Test_t_ae_summ_slide_with_null_report">
      <skipped message="Reason: On CRAN ('test-t_ae_summary_slide.R:35:3')"/>
    </testcase>
  </testsuite>
  <testsuite name="t_aesi_slide" timestamp="2025-01-07T06:40:56Z" hostname="b40dca26e070" tests="5" skipped="3" failures="0" errors="0" time="1.42">
    <testcase time="0.49499999999999" classname="t_aesi_slide" name="Test_table_creation_of_t_aesi_slide_AESI_summary_table_with_AETOXGR_grading">
      <skipped message="Reason: On CRAN ('test-t_aesi_slide.R:2:3')"/>
    </testcase>
    <testcase time="0.442999999999998" classname="t_aesi_slide" name="Test_table_creation_of_t_aesi_slide_AESI_summary_table_with_AESEV_grading">
      <skipped message="Reason: On CRAN ('test-t_aesi_slide.R:10:3')"/>
    </testcase>
    <testcase time="0.432000000000002" classname="t_aesi_slide" name="Test_table_creation_of_t_aesi_slide_AESI_summary_table_with_custom_AEGRP_grouping">
      <skipped message="Reason: On CRAN ('test-t_aesi_slide.R:21:3')"/>
    </testcase>
    <testcase time="0.0170000000000101" classname="t_aesi_slide" name="Test_table_creation_of_t_aesi_slide_with_no_aesi_var_given"/>
    <testcase time="0.0330000000000013" classname="t_aesi_slide" name="Test_table_creation_of_t_aesi_slide_with_aesi_var_not_found_in_dataset"/>
  </testsuite>
  <testsuite name="t_dd_slide" timestamp="2025-01-07T06:40:57Z" hostname="b40dca26e070" tests="5" skipped="5" failures="0" errors="0" time="0.593">
    <testcase time="0.144999999999996" classname="t_dd_slide" name="Test_table_creation_of_t_dd_slide_death_table_">
      <skipped message="Reason: On CRAN ('test-t_dd_slide.R:2:3')"/>
    </testcase>
    <testcase time="0.0330000000000013" classname="t_dd_slide" name="Test_t_dd_slide_table_with_expected_Error">
      <skipped message="Reason: On CRAN ('test-t_dd_slide.R:6:3')"/>
    </testcase>
    <testcase time="0.0579999999999927" classname="t_dd_slide" name="Test_table_creation_of_with_null_report">
      <skipped message="Reason: On CRAN ('test-t_dd_slide.R:10:3')"/>
    </testcase>
    <testcase time="0.198999999999998" classname="t_dd_slide" name="Test_table_creation_of_t_dd_slide_death_table_">
      <skipped message="Reason: On CRAN ('test-t_dd_slide.R:15:3')"/>
    </testcase>
    <testcase time="0.158000000000001" classname="t_dd_slide" name="Test_table_creation_of_t_dd_slide_death_table_">
      <skipped message="Reason: On CRAN ('test-t_dd_slide.R:20:3')"/>
    </testcase>
  </testsuite>
  <testsuite name="t_dm_slide" timestamp="2025-01-07T06:40:58Z" hostname="b40dca26e070" tests="1" skipped="1" failures="0" errors="0" time="0.435">
    <testcase time="0.435000000000002" classname="t_dm_slide" name="Test_demographic_table_creation_of_t_dm_slide">
      <skipped message="Reason: On CRAN ('test-t_dm_slide.R:3:3')"/>
    </testcase>
  </testsuite>
  <testsuite name="t_dor_slide" timestamp="2025-01-07T06:40:58Z" hostname="b40dca26e070" tests="2" skipped="2" failures="0" errors="0" time="0.327">
    <testcase time="0.170000000000002" classname="t_dor_slide" name="Test_DOR_table_when_time_unit_is_DAYS_">
      <skipped message="Reason: On CRAN ('test-t_dor_slide.R:8:3')"/>
    </testcase>
    <testcase time="0.156999999999996" classname="t_dor_slide" name="Test_DOR_table_when_time_unit_is_YEARS_">
      <skipped message="Reason: On CRAN ('test-t_dor_slide.R:19:3')"/>
    </testcase>
  </testsuite>
  <testsuite name="t_ds_slide" timestamp="2025-01-07T06:40:59Z" hostname="b40dca26e070" tests="4" skipped="4" failures="0" errors="0" time="1.235">
    <testcase time="0.295000000000002" classname="t_ds_slide" name="Test_table_creation_of_t_ds_slide">
      <skipped message="Reason: On CRAN ('test-t_ds_slide.R:2:3')"/>
    </testcase>
    <testcase time="0.281999999999996" classname="t_ds_slide" name="Test_table_creation_of_t_ds_slide">
      <skipped message="Reason: On CRAN ('test-t_ds_slide.R:6:3')"/>
    </testcase>
    <testcase time="0.364000000000004" classname="t_ds_slide" name="Test_table_creation_of_t_ds_slide">
      <skipped message="Reason: On CRAN ('test-t_ds_slide.R:10:3')"/>
    </testcase>
    <testcase time="0.293999999999997" classname="t_ds_slide" name="Test_table_creation_of_t_ds_slide">
      <skipped message="Reason: On CRAN ('test-t_ds_slide.R:14:3')"/>
    </testcase>
  </testsuite>
  <testsuite name="util" timestamp="2025-01-07T06:41:00Z" hostname="b40dca26e070" tests="6" skipped="0" failures="0" errors="0" time="0.05">
    <testcase time="0.0240000000000009" classname="util" name="Test_some_functions_in_util.R"/>
    <testcase time="0.00800000000000978" classname="util" name="Test_some_functions_in_util.R"/>
    <testcase time="0.00699999999999079" classname="util" name="Test_some_functions_in_util.R"/>
    <testcase time="0.00499999999999545" classname="util" name="Test_some_functions_in_util.R"/>
    <testcase time="0.00400000000000489" classname="util" name="Test_some_functions_in_util.R"/>
    <testcase time="0.00199999999999534" classname="util" name="Test_some_functions_in_util.R"/>
  </testsuite>
  <testsuite name="format_date" timestamp="2025-01-07T06:41:00Z" hostname="b40dca26e070" tests="1" skipped="1" failures="0" errors="0" time="0.129">
    <testcase time="0.129000000000005" classname="format_date" name="Test_format_date">
      <skipped message="Reason: On CRAN ('test_format_date.R:2:3')"/>
    </testcase>
  </testsuite>
</testsuites>
