<?xml version="1.0" encoding="UTF-8"?>
<testsuites>
  <testsuite name="bad_filters" timestamp="2025-01-20T11:04:34Z" hostname="3e9b38a29ffc" tests="1" skipped="0" failures="0" errors="0" time="0.032">
    <testcase time="0.032" classname="bad_filters" name="Listing_print_correctly"/>
  </testsuite>
  <testsuite name="data_snapshot" timestamp="2025-01-20T11:04:34Z" hostname="3e9b38a29ffc" tests="18" skipped="0" failures="0" errors="0" time="0.86">
    <testcase time="0.107" classname="data_snapshot" name="Test_data_snapshot"/>
    <testcase time="0.089" classname="data_snapshot" name="Test_data_snapshot"/>
    <testcase time="0.0300000000000002" classname="data_snapshot" name="Test_data_snapshot"/>
    <testcase time="0.0559999999999996" classname="data_snapshot" name="Test_data_snapshot"/>
    <testcase time="0.0290000000000004" classname="data_snapshot" name="Test_data_snapshot"/>
    <testcase time="0.0789999999999997" classname="data_snapshot" name="Test_data_snapshot"/>
    <testcase time="0.024" classname="data_snapshot" name="Test_data_snapshot"/>
    <testcase time="0.0580000000000003" classname="data_snapshot" name="Test_data_snapshot"/>
    <testcase time="0.024" classname="data_snapshot" name="Test_data_snapshot"/>
    <testcase time="0.0519999999999996" classname="data_snapshot" name="Test_data_snapshot"/>
    <testcase time="0.024" classname="data_snapshot" name="Test_data_snapshot"/>
    <testcase time="0.0550000000000002" classname="data_snapshot" name="Test_data_snapshot"/>
    <testcase time="0.0350000000000001" classname="data_snapshot" name="Test_data_snapshot"/>
    <testcase time="0.0339999999999998" classname="data_snapshot" name="Test_data_snapshot"/>
    <testcase time="0.024" classname="data_snapshot" name="Test_data_snapshot"/>
    <testcase time="0.0519999999999996" classname="data_snapshot" name="Test_data_snapshot"/>
    <testcase time="0.0250000000000004" classname="data_snapshot" name="Test_data_snapshot"/>
    <testcase time="0.0629999999999997" classname="data_snapshot" name="Test_data_snapshot"/>
  </testsuite>
  <testsuite name="decorate" timestamp="2025-01-20T11:04:35Z" hostname="3e9b38a29ffc" tests="8" skipped="0" failures="0" errors="0" time="0.849">
    <testcase time="0.113" classname="decorate" name="Test_decoreate.grob_not_to_throw"/>
    <testcase time="0.00500000000000034" classname="decorate" name="Test_decoreate_not_to_throw"/>
    <testcase time="0.101" classname="decorate" name="Test_decoreate_not_to_throw"/>
    <testcase time="0.0649999999999999" classname="decorate" name="Test_print_not_to_throw"/>
    <testcase time="0.0609999999999999" classname="decorate" name="Test_print_not_to_throw"/>
    <testcase time="0.127" classname="decorate" name="Test_print_not_to_throw"/>
    <testcase time="0.00900000000000034" classname="decorate" name="Test_decoreate_throw"/>
    <testcase time="0.367999999999999" classname="decorate" name="Test_ph_with_img_not_to_throw"/>
  </testsuite>
  <testsuite name="filter_spec-verbose" timestamp="2025-01-20T11:04:35Z" hostname="3e9b38a29ffc" tests="1" skipped="0" failures="0" errors="0" time="0.049">
    <testcase time="0.0490000000000004" classname="filter_spec_verbose" name="Listing_print_correctly"/>
  </testsuite>
  <testsuite name="formats" timestamp="2025-01-20T11:04:36Z" hostname="3e9b38a29ffc" tests="6" skipped="0" failures="0" errors="0" time="0.092">
    <testcase time="0.0149999999999997" classname="formats" name="new_round_function"/>
    <testcase time="0.0540000000000003" classname="formats" name="new_round_function"/>
    <testcase time="0.00600000000000023" classname="formats" name="xx.xx_xx.xx_"/>
    <testcase time="0.00500000000000078" classname="formats" name="xx.xx_xx.x_"/>
    <testcase time="0.00599999999999934" classname="formats" name="_xx_xx_"/>
    <testcase time="0.00600000000000023" classname="formats" name="xx.xx_xx.xx_xx.xx_"/>
  </testsuite>
  <testsuite name="g_mean_slides" timestamp="2025-01-20T11:04:36Z" hostname="3e9b38a29ffc" tests="14" skipped="5" failures="0" errors="0" time="0.882">
    <testcase time="0.345" classname="g_mean_slides" name="g_mean_slides_Test_1_Test_graph_creation_of_g_eg_slide_eg_mean_plot_"/>
    <testcase time="0.00100000000000033" classname="g_mean_slides" name="g_mean_slides_Test_1_Test_graph_creation_of_g_eg_slide_eg_mean_plot_">
      <skipped message="Reason: On CI ('test-g_mean_slides.R:20:3')"/>
    </testcase>
    <testcase time="0.0169999999999995" classname="g_mean_slides" name="g_mean_slides_Test_2_Test_error_of_g_eg_slide_"/>
    <testcase time="0.111" classname="g_mean_slides" name="g_mean_slides_Test_3_Test_graph_creation_of_g_lb_slide_lab_mean_plot_"/>
    <testcase time="0.00200000000000067" classname="g_mean_slides" name="g_mean_slides_Test_3_Test_graph_creation_of_g_lb_slide_lab_mean_plot_">
      <skipped message="Reason: On CI ('test-g_mean_slides.R:37:3')"/>
    </testcase>
    <testcase time="0.13" classname="g_mean_slides" name="g_mean_slides_Test_4_Test_graph_creation_of_g_lb_slide_lab_change_from_baseline_plot_"/>
    <testcase time="0.00100000000000033" classname="g_mean_slides" name="g_mean_slides_Test_4_Test_graph_creation_of_g_lb_slide_lab_change_from_baseline_plot_">
      <skipped message="Reason: On CI ('test-g_mean_slides.R:54:3')"/>
    </testcase>
    <testcase time="0.0170000000000003" classname="g_mean_slides" name="g_mean_slides_Test_5_Test_error_of_g_lb_slide_"/>
    <testcase time="0.101" classname="g_mean_slides" name="g_mean_slides_Test_6_Test_graph_creation_of_g_vs_slide_vital_sign_mean_plot_"/>
    <testcase time="0.000999999999999446" classname="g_mean_slides" name="g_mean_slides_Test_6_Test_graph_creation_of_g_vs_slide_vital_sign_mean_plot_">
      <skipped message="Reason: On CI ('test-g_mean_slides.R:72:3')"/>
    </testcase>
    <testcase time="0.016" classname="g_mean_slides" name="g_mean_slides_Test_7_Test_error_of_g_vs_slide_"/>
    <testcase time="0.122" classname="g_mean_slides" name="g_mean_slides_Test_8_Test_graph_creation_of_g_mean_slide_vital_sign_mean_plot_"/>
    <testcase time="0.00100000000000033" classname="g_mean_slides" name="g_mean_slides_Test_8_Test_graph_creation_of_g_mean_slide_vital_sign_mean_plot_">
      <skipped message="Reason: On CI ('test-g_mean_slides.R:94:3')"/>
    </testcase>
    <testcase time="0.0170000000000003" classname="g_mean_slides" name="g_mean_slides_Test_9_Test_error_of_general_function_g_mean_slide_"/>
  </testsuite>
  <testsuite name="helper_functions" timestamp="2025-01-20T11:04:36Z" hostname="3e9b38a29ffc" tests="2" skipped="0" failures="0" errors="0" time="0.066">
    <testcase time="0.0110000000000001" classname="helper_functions" name="Test_some_functions_in_helper_functions.R"/>
    <testcase time="0.0549999999999997" classname="helper_functions" name="Test_some_functions_in_helper_functions.R"/>
  </testsuite>
  <testsuite name="l_ae_slide" timestamp="2025-01-20T11:04:37Z" hostname="3e9b38a29ffc" tests="1" skipped="0" failures="0" errors="0" time="8.317">
    <testcase time="8.317" classname="l_ae_slide" name="Test_listing_creation_of_l_ae_slide_Adverse_Events_Listing_"/>
  </testsuite>
  <testsuite name="log" timestamp="2025-01-20T11:04:45Z" hostname="3e9b38a29ffc" tests="2" skipped="0" failures="0" errors="0" time="0.012">
    <testcase time="0.00999999999999979" classname="log" name="Test_some_functions_in_log.R"/>
    <testcase time="0.00200000000000067" classname="log" name="Test_some_functions_in_log.R"/>
  </testsuite>
  <testsuite name="output-table-format" timestamp="2025-01-20T11:04:45Z" hostname="3e9b38a29ffc" tests="5" skipped="0" failures="0" errors="0" time="3.324">
    <testcase time="0.907" classname="output_table_format" name="save_an_autoslider_output"/>
    <testcase time="0.565999999999999" classname="output_table_format" name="save_an_autoslider_output"/>
    <testcase time="0.58" classname="output_table_format" name="save_an_autoslider_output"/>
    <testcase time="0.641000000000002" classname="output_table_format" name="save_an_autoslider_output"/>
    <testcase time="0.629999999999999" classname="output_table_format" name="save_an_autoslider_output"/>
  </testsuite>
  <testsuite name="save_output" timestamp="2025-01-20T11:04:48Z" hostname="3e9b38a29ffc" tests="1" skipped="0" failures="0" errors="0" time="0.243">
    <testcase time="0.242999999999999" classname="save_output" name="save_an_output"/>
  </testsuite>
  <testsuite name="slides_preview" timestamp="2025-01-20T11:04:48Z" hostname="3e9b38a29ffc" tests="3" skipped="0" failures="0" errors="0" time="0.552">
    <testcase time="0.493000000000002" classname="slides_preview" name="Test_slides_preview"/>
    <testcase time="0.0239999999999974" classname="slides_preview" name="Test_slides_preview"/>
    <testcase time="0.0350000000000001" classname="slides_preview" name="Test_slides_preview"/>
  </testsuite>
  <testsuite name="srep_outputs" timestamp="2025-01-20T11:04:49Z" hostname="3e9b38a29ffc" tests="3" skipped="0" failures="0" errors="0" time="96.598">
    <testcase time="2.12" classname="srep_outputs" name="Listing_print_correctly"/>
    <testcase time="93.386" classname="srep_outputs" name="Listing_print_correctly"/>
    <testcase time="1.092" classname="srep_outputs" name="Listing_print_correctly"/>
  </testsuite>
  <testsuite name="t_ae_pt_diff_slide" timestamp="2025-01-20T11:06:26Z" hostname="3e9b38a29ffc" tests="9" skipped="0" failures="0" errors="0" time="1.817">
    <testcase time="0.247" classname="t_ae_pt_diff_slide" name="Test_table_creation_of_t_ae_pt_diff_slide_safety_summary_table_"/>
    <testcase time="0.174000000000007" classname="t_ae_pt_diff_slide" name="Test_table_creation_of_t_ae_pt_diff_slide_safety_summary_table_prune_by_total_2"/>
    <testcase time="0.316999999999993" classname="t_ae_pt_diff_slide" name="Test_table_creation_of_t_ae_pt_slide_safety_summary_table_prune_by_total_2"/>
    <testcase time="0.210999999999999" classname="t_ae_pt_diff_slide" name="Test_table_creation_of_t_ae_pt_slide_safety_summary_table_prune_by_total_2"/>
    <testcase time="0.314000000000007" classname="t_ae_pt_diff_slide" name="Test_table_creation_of_t_ae_pt_slide_safety_summary_table_prune_by_total_2"/>
    <testcase time="0.194999999999993" classname="t_ae_pt_diff_slide" name="Test_table_creation_of_t_ae_pt_slide_safety_summary_table_prune_by_total_2"/>
    <testcase time="0.106999999999999" classname="t_ae_pt_diff_slide" name="Test_table_creation_of_t_ae_pt_diff_slide_safety_summary_table_"/>
    <testcase time="0.173000000000002" classname="t_ae_pt_diff_slide" name="Test_table_creation_of_t_ae_pt_slide_safety_summary_table_prune_by_total_2"/>
    <testcase time="0.0790000000000077" classname="t_ae_pt_diff_slide" name="Test_table_creation_of_t_ae_pt_diff_slide_with_null_report"/>
  </testsuite>
  <testsuite name="t_ae_pt_slide" timestamp="2025-01-20T11:06:27Z" hostname="3e9b38a29ffc" tests="6" skipped="0" failures="0" errors="0" time="1.741">
    <testcase time="0.209999999999994" classname="t_ae_pt_slide" name="Test_table_creation_of_t_ae_pt_slide_safety_summary_table_"/>
    <testcase time="0.203000000000003" classname="t_ae_pt_slide" name="Test_table_creation_of_t_ae_pt_slide_safety_summary_table_prune_by_total_28"/>
    <testcase time="0.185999999999993" classname="t_ae_pt_slide" name="Test_table_creation_of_t_ae_pt_slide_safety_summary_table_prune_by_total_30"/>
    <testcase time="0.399000000000001" classname="t_ae_pt_slide" name="Test_table_creation_of_t_ae_pt_soc_slide_safety_summary_table_"/>
    <testcase time="0.376000000000005" classname="t_ae_pt_slide" name="Test_table_creation_of_t_ae_pt_soc_slide_safety_summary_table_prune_by_total_28"/>
    <testcase time="0.36699999999999" classname="t_ae_pt_slide" name="Test_table_creation_of_t_ae_pt_soc_slide_safety_summary_table_prune_by_total_30"/>
  </testsuite>
  <testsuite name="t_ae_pt_soc_diff_slide" timestamp="2025-01-20T11:06:29Z" hostname="3e9b38a29ffc" tests="7" skipped="0" failures="0" errors="0" time="3.18">
    <testcase time="0.347999999999999" classname="t_ae_pt_soc_diff_slide" name="Test_table_creation_of_t_ae_pt_soc_diff_slide_safety_summary_table_"/>
    <testcase time="0.372" classname="t_ae_pt_soc_diff_slide" name="Test_table_creation_of_t_ae_pt_soc_diff_slide_safety_summary_table_prune_by_total_2"/>
    <testcase time="0.634" classname="t_ae_pt_soc_diff_slide" name="Test_table_creation_of_t_ae_pt_soc_diff_slide_safety_summary_table_prune_by_total_2"/>
    <testcase time="0.400000000000006" classname="t_ae_pt_soc_diff_slide" name="Test_table_creation_of_t_ae_pt_soc_diff_slide_safety_summary_table_prune_by_total_2"/>
    <testcase time="0.649000000000001" classname="t_ae_pt_soc_diff_slide" name="Test_table_creation_of_t_ae_pt_soc_diff_slide_safety_summary_table_prune_by_total_2"/>
    <testcase time="0.5" classname="t_ae_pt_soc_diff_slide" name="Test_table_creation_of_t_ae_pt_soc_diff_slide_safety_summary_table_prune_by_total_2"/>
    <testcase time="0.277000000000001" classname="t_ae_pt_soc_diff_slide" name="Test_table_creation_of_t_ae_pt_soc_diff_slide_safety_summary_table_"/>
  </testsuite>
  <testsuite name="t_ae_slide" timestamp="2025-01-20T11:06:32Z" hostname="3e9b38a29ffc" tests="2" skipped="0" failures="0" errors="0" time="0.796">
    <testcase time="0.727000000000004" classname="t_ae_slide" name="Test_adverse_event_table_creation_of_t_ae_slide_Adverse_Events_for_Patient_"/>
    <testcase time="0.0689999999999884" classname="t_ae_slide" name="Test_adverse_event_table_creation_of_t_ae_slide_with_null_report"/>
  </testsuite>
  <testsuite name="t_ae_summary_slide" timestamp="2025-01-20T11:06:33Z" hostname="3e9b38a29ffc" tests="4" skipped="0" failures="0" errors="0" time="1.263">
    <testcase time="0.570999999999998" classname="t_ae_summary_slide" name="Test_table_creation_of_t_ae_summ_slide_safety_summary_table_"/>
    <testcase time="0.568000000000012" classname="t_ae_summary_slide" name="Test_table_creation_of_t_ae_summ_slide_safety_summary_table_"/>
    <testcase time="0.0420000000000016" classname="t_ae_summary_slide" name="Test_t_ae_summ_slide_with_expected_Error"/>
    <testcase time="0.0819999999999936" classname="t_ae_summary_slide" name="Test_t_ae_summ_slide_with_null_report"/>
  </testsuite>
  <testsuite name="t_aesi_slide" timestamp="2025-01-20T11:06:34Z" hostname="3e9b38a29ffc" tests="5" skipped="0" failures="0" errors="0" time="1.397">
    <testcase time="0.472999999999999" classname="t_aesi_slide" name="Test_table_creation_of_t_aesi_slide_AESI_summary_table_with_AETOXGR_grading"/>
    <testcase time="0.445000000000007" classname="t_aesi_slide" name="Test_table_creation_of_t_aesi_slide_AESI_summary_table_with_AESEV_grading"/>
    <testcase time="0.430999999999997" classname="t_aesi_slide" name="Test_table_creation_of_t_aesi_slide_AESI_summary_table_with_custom_AEGRP_grouping"/>
    <testcase time="0.00800000000000978" classname="t_aesi_slide" name="Test_table_creation_of_t_aesi_slide_with_no_aesi_var_given"/>
    <testcase time="0.039999999999992" classname="t_aesi_slide" name="Test_table_creation_of_t_aesi_slide_with_aesi_var_not_found_in_dataset"/>
  </testsuite>
  <testsuite name="t_dd_slide" timestamp="2025-01-20T11:06:36Z" hostname="3e9b38a29ffc" tests="6" skipped="0" failures="0" errors="0" time="0.737">
    <testcase time="0.162999999999997" classname="t_dd_slide" name="Test_table_creation_of_t_dd_slide_death_table_"/>
    <testcase time="0.041000000000011" classname="t_dd_slide" name="Test_t_dd_slide_table_with_expected_Error"/>
    <testcase time="0.0589999999999975" classname="t_dd_slide" name="Test_table_creation_of_with_null_report"/>
    <testcase time="0.221000000000004" classname="t_dd_slide" name="Test_table_creation_of_t_dd_slide_death_table_"/>
    <testcase time="0.166999999999987" classname="t_dd_slide" name="Test_table_creation_of_t_dd_slide_death_table_"/>
    <testcase time="0.0860000000000127" classname="t_dd_slide" name="Test_table_creation_of_t_dd_slide_death_table_"/>
  </testsuite>
  <testsuite name="t_dm_slide" timestamp="2025-01-20T11:06:37Z" hostname="3e9b38a29ffc" tests="5" skipped="0" failures="0" errors="0" time="2.66">
    <testcase time="0.367999999999995" classname="t_dm_slide" name="Test_demographic_table_creation_of_t_dm_slide"/>
    <testcase time="0.679999999999993" classname="t_dm_slide" name="Test_demographic_table_creation_of_t_dm_slide"/>
    <testcase time="0.470000000000013" classname="t_dm_slide" name="Test_demographic_table_creation_of_t_dm_slide"/>
    <testcase time="0.449999999999989" classname="t_dm_slide" name="Test_demographic_table_creation_of_t_dm_slide"/>
    <testcase time="0.691999999999993" classname="t_dm_slide" name="Test_demographic_table_creation_of_t_dm_slide"/>
  </testsuite>
  <testsuite name="t_dor_slide" timestamp="2025-01-20T11:06:39Z" hostname="3e9b38a29ffc" tests="2" skipped="0" failures="0" errors="0" time="0.35">
    <testcase time="0.181000000000012" classname="t_dor_slide" name="Test_DOR_table_when_time_unit_is_DAYS_"/>
    <testcase time="0.169000000000011" classname="t_dor_slide" name="Test_DOR_table_when_time_unit_is_YEARS_"/>
  </testsuite>
  <testsuite name="t_ds_slide" timestamp="2025-01-20T11:06:40Z" hostname="3e9b38a29ffc" tests="5" skipped="0" failures="0" errors="0" time="1.466">
    <testcase time="0.307999999999993" classname="t_ds_slide" name="Test_table_creation_of_t_ds_slide"/>
    <testcase time="0.282999999999987" classname="t_ds_slide" name="Test_table_creation_of_t_ds_slide"/>
    <testcase time="0.378000000000014" classname="t_ds_slide" name="Test_table_creation_of_t_ds_slide"/>
    <testcase time="0.305000000000007" classname="t_ds_slide" name="Test_table_creation_of_t_ds_slide"/>
    <testcase time="0.191999999999979" classname="t_ds_slide" name="Test_table_creation_of_t_ds_slide"/>
  </testsuite>
  <testsuite name="util" timestamp="2025-01-20T11:06:41Z" hostname="3e9b38a29ffc" tests="18" skipped="0" failures="0" errors="0" time="0.06">
    <testcase time="0.0109999999999957" classname="util" name="Test_some_functions_in_util.R"/>
    <testcase time="0.00100000000000477" classname="util" name="Test_some_functions_in_util.R"/>
    <testcase time="0.00200000000000955" classname="util" name="Test_some_functions_in_util.R"/>
    <testcase time="0.00200000000000955" classname="util" name="Test_some_functions_in_util.R"/>
    <testcase time="0.00199999999998113" classname="util" name="Test_some_functions_in_util.R"/>
    <testcase time="0.00100000000000477" classname="util" name="Test_some_functions_in_util.R"/>
    <testcase time="0.00999999999999091" classname="util" name="Test_some_functions_in_util.R"/>
    <testcase time="0.00100000000000477" classname="util" name="Test_some_functions_in_util.R"/>
    <testcase time="0.007000000000005" classname="util" name="Test_some_functions_in_util.R"/>
    <testcase time="0.00100000000000477" classname="util" name="Test_some_functions_in_util.R"/>
    <testcase time="0.007000000000005" classname="util" name="Test_some_functions_in_util.R"/>
    <testcase time="0.00100000000000477" classname="util" name="Test_some_functions_in_util.R"/>
    <testcase time="0.00499999999999545" classname="util" name="Test_some_functions_in_util.R"/>
    <testcase time="0.0029999999999859" classname="util" name="Test_some_functions_in_util.R"/>
    <testcase time="0.00200000000000955" classname="util" name="Test_some_functions_in_util.R"/>
    <testcase time="0.00100000000000477" classname="util" name="Test_some_functions_in_util.R"/>
    <testcase time="0.00100000000000477" classname="util" name="Test_some_functions_in_util.R"/>
    <testcase time="0.00199999999998113" classname="util" name="Test_some_functions_in_util.R"/>
  </testsuite>
  <testsuite name="format_date" timestamp="2025-01-20T11:06:41Z" hostname="3e9b38a29ffc" tests="5" skipped="0" failures="0" errors="0" time="0.253">
    <testcase time="0.141999999999996" classname="format_date" name="Test_format_date"/>
    <testcase time="0.0330000000000155" classname="format_date" name="Test_format_date"/>
    <testcase time="0.0250000000000057" classname="format_date" name="Test_format_date"/>
    <testcase time="0.0269999999999868" classname="format_date" name="Test_format_date"/>
    <testcase time="0.0260000000000105" classname="format_date" name="Test_format_date"/>
  </testsuite>
</testsuites>
