<?xml version="1.0" encoding="UTF-8"?>
<testsuites>
  <testsuite name="bad_filters" timestamp="2025-01-20T05:40:17Z" hostname="21afc8213551" tests="1" skipped="0" failures="0" errors="0" time="0.029">
    <testcase time="0.0289999999999999" classname="bad_filters" name="Listing_print_correctly"/>
  </testsuite>
  <testsuite name="data_snapshot" timestamp="2025-01-20T05:40:17Z" hostname="21afc8213551" tests="18" skipped="0" failures="0" errors="0" time="0.821">
    <testcase time="0.101" classname="data_snapshot" name="Test_data_snapshot"/>
    <testcase time="0.085" classname="data_snapshot" name="Test_data_snapshot"/>
    <testcase time="0.0300000000000002" classname="data_snapshot" name="Test_data_snapshot"/>
    <testcase time="0.0569999999999999" classname="data_snapshot" name="Test_data_snapshot"/>
    <testcase time="0.028" classname="data_snapshot" name="Test_data_snapshot"/>
    <testcase time="0.077" classname="data_snapshot" name="Test_data_snapshot"/>
    <testcase time="0.0219999999999998" classname="data_snapshot" name="Test_data_snapshot"/>
    <testcase time="0.0540000000000003" classname="data_snapshot" name="Test_data_snapshot"/>
    <testcase time="0.0229999999999997" classname="data_snapshot" name="Test_data_snapshot"/>
    <testcase time="0.048" classname="data_snapshot" name="Test_data_snapshot"/>
    <testcase time="0.0220000000000002" classname="data_snapshot" name="Test_data_snapshot"/>
    <testcase time="0.0539999999999998" classname="data_snapshot" name="Test_data_snapshot"/>
    <testcase time="0.036" classname="data_snapshot" name="Test_data_snapshot"/>
    <testcase time="0.032" classname="data_snapshot" name="Test_data_snapshot"/>
    <testcase time="0.0230000000000001" classname="data_snapshot" name="Test_data_snapshot"/>
    <testcase time="0.0489999999999999" classname="data_snapshot" name="Test_data_snapshot"/>
    <testcase time="0.0230000000000001" classname="data_snapshot" name="Test_data_snapshot"/>
    <testcase time="0.0569999999999999" classname="data_snapshot" name="Test_data_snapshot"/>
  </testsuite>
  <testsuite name="decorate" timestamp="2025-01-20T05:40:17Z" hostname="21afc8213551" tests="8" skipped="0" failures="0" errors="0" time="0.812">
    <testcase time="0.104" classname="decorate" name="Test_decoreate.grob_not_to_throw"/>
    <testcase time="0.004" classname="decorate" name="Test_decoreate_not_to_throw"/>
    <testcase time="0.0960000000000001" classname="decorate" name="Test_decoreate_not_to_throw"/>
    <testcase time="0.0640000000000001" classname="decorate" name="Test_print_not_to_throw"/>
    <testcase time="0.0599999999999996" classname="decorate" name="Test_print_not_to_throw"/>
    <testcase time="0.121" classname="decorate" name="Test_print_not_to_throw"/>
    <testcase time="0.00800000000000001" classname="decorate" name="Test_decoreate_throw"/>
    <testcase time="0.355" classname="decorate" name="Test_ph_with_img_not_to_throw"/>
  </testsuite>
  <testsuite name="filter_spec-verbose" timestamp="2025-01-20T05:40:18Z" hostname="21afc8213551" tests="1" skipped="0" failures="0" errors="0" time="0.048">
    <testcase time="0.048" classname="filter_spec_verbose" name="Listing_print_correctly"/>
  </testsuite>
  <testsuite name="formats" timestamp="2025-01-20T05:40:18Z" hostname="21afc8213551" tests="6" skipped="0" failures="0" errors="0" time="0.089">
    <testcase time="0.0140000000000002" classname="formats" name="new_round_function"/>
    <testcase time="0.0519999999999996" classname="formats" name="new_round_function"/>
    <testcase time="0.00600000000000023" classname="formats" name="xx.xx_xx.xx_"/>
    <testcase time="0.00600000000000023" classname="formats" name="xx.xx_xx.x_"/>
    <testcase time="0.00499999999999989" classname="formats" name="_xx_xx_"/>
    <testcase time="0.00600000000000023" classname="formats" name="xx.xx_xx.xx_xx.xx_"/>
  </testsuite>
  <testsuite name="g_mean_slides" timestamp="2025-01-20T05:40:18Z" hostname="21afc8213551" tests="14" skipped="5" failures="0" errors="0" time="0.852">
    <testcase time="0.34" classname="g_mean_slides" name="g_mean_slides_Test_1_Test_graph_creation_of_g_eg_slide_eg_mean_plot_"/>
    <testcase time="0.00199999999999978" classname="g_mean_slides" name="g_mean_slides_Test_1_Test_graph_creation_of_g_eg_slide_eg_mean_plot_">
      <skipped message="Reason: On CI ('test-g_mean_slides.R:20:3')"/>
    </testcase>
    <testcase time="0.016" classname="g_mean_slides" name="g_mean_slides_Test_2_Test_error_of_g_eg_slide_"/>
    <testcase time="0.105" classname="g_mean_slides" name="g_mean_slides_Test_3_Test_graph_creation_of_g_lb_slide_lab_mean_plot_"/>
    <testcase time="0.00199999999999978" classname="g_mean_slides" name="g_mean_slides_Test_3_Test_graph_creation_of_g_lb_slide_lab_mean_plot_">
      <skipped message="Reason: On CI ('test-g_mean_slides.R:37:3')"/>
    </testcase>
    <testcase time="0.125" classname="g_mean_slides" name="g_mean_slides_Test_4_Test_graph_creation_of_g_lb_slide_lab_change_from_baseline_plot_"/>
    <testcase time="0.00100000000000033" classname="g_mean_slides" name="g_mean_slides_Test_4_Test_graph_creation_of_g_lb_slide_lab_change_from_baseline_plot_">
      <skipped message="Reason: On CI ('test-g_mean_slides.R:54:3')"/>
    </testcase>
    <testcase time="0.0159999999999991" classname="g_mean_slides" name="g_mean_slides_Test_5_Test_error_of_g_lb_slide_"/>
    <testcase time="0.0970000000000004" classname="g_mean_slides" name="g_mean_slides_Test_6_Test_graph_creation_of_g_vs_slide_vital_sign_mean_plot_"/>
    <testcase time="0.00100000000000033" classname="g_mean_slides" name="g_mean_slides_Test_6_Test_graph_creation_of_g_vs_slide_vital_sign_mean_plot_">
      <skipped message="Reason: On CI ('test-g_mean_slides.R:72:3')"/>
    </testcase>
    <testcase time="0.016" classname="g_mean_slides" name="g_mean_slides_Test_7_Test_error_of_g_vs_slide_"/>
    <testcase time="0.114" classname="g_mean_slides" name="g_mean_slides_Test_8_Test_graph_creation_of_g_mean_slide_vital_sign_mean_plot_"/>
    <testcase time="0.00199999999999978" classname="g_mean_slides" name="g_mean_slides_Test_8_Test_graph_creation_of_g_mean_slide_vital_sign_mean_plot_">
      <skipped message="Reason: On CI ('test-g_mean_slides.R:94:3')"/>
    </testcase>
    <testcase time="0.0149999999999997" classname="g_mean_slides" name="g_mean_slides_Test_9_Test_error_of_general_function_g_mean_slide_"/>
  </testsuite>
  <testsuite name="helper_functions" timestamp="2025-01-20T05:40:19Z" hostname="21afc8213551" tests="2" skipped="0" failures="0" errors="0" time="0.065">
    <testcase time="0.0100000000000007" classname="helper_functions" name="Test_some_functions_in_helper_functions.R"/>
    <testcase time="0.0549999999999997" classname="helper_functions" name="Test_some_functions_in_helper_functions.R"/>
  </testsuite>
  <testsuite name="l_ae_slide" timestamp="2025-01-20T05:40:19Z" hostname="21afc8213551" tests="1" skipped="0" failures="0" errors="0" time="8.021">
    <testcase time="8.021" classname="l_ae_slide" name="Test_listing_creation_of_l_ae_slide_Adverse_Events_Listing_"/>
  </testsuite>
  <testsuite name="log" timestamp="2025-01-20T05:40:27Z" hostname="21afc8213551" tests="2" skipped="0" failures="0" errors="0" time="0.012">
    <testcase time="0.00999999999999979" classname="log" name="Test_some_functions_in_log.R"/>
    <testcase time="0.00200000000000067" classname="log" name="Test_some_functions_in_log.R"/>
  </testsuite>
  <testsuite name="output-table-format" timestamp="2025-01-20T05:40:27Z" hostname="21afc8213551" tests="5" skipped="0" failures="0" errors="0" time="3.219">
    <testcase time="0.874000000000001" classname="output_table_format" name="save_an_autoslider_output"/>
    <testcase time="0.558" classname="output_table_format" name="save_an_autoslider_output"/>
    <testcase time="0.564" classname="output_table_format" name="save_an_autoslider_output"/>
    <testcase time="0.616999999999999" classname="output_table_format" name="save_an_autoslider_output"/>
    <testcase time="0.606" classname="output_table_format" name="save_an_autoslider_output"/>
  </testsuite>
  <testsuite name="save_output" timestamp="2025-01-20T05:40:31Z" hostname="21afc8213551" tests="1" skipped="0" failures="0" errors="0" time="0.234">
    <testcase time="0.234000000000002" classname="save_output" name="save_an_output"/>
  </testsuite>
  <testsuite name="slides_preview" timestamp="2025-01-20T05:40:31Z" hostname="21afc8213551" tests="3" skipped="0" failures="0" errors="0" time="0.528">
    <testcase time="0.471" classname="slides_preview" name="Test_slides_preview"/>
    <testcase time="0.0239999999999974" classname="slides_preview" name="Test_slides_preview"/>
    <testcase time="0.0330000000000013" classname="slides_preview" name="Test_slides_preview"/>
  </testsuite>
  <testsuite name="srep_outputs" timestamp="2025-01-20T05:40:31Z" hostname="21afc8213551" tests="3" skipped="0" failures="0" errors="0" time="93.699">
    <testcase time="2.022" classname="srep_outputs" name="Listing_print_correctly"/>
    <testcase time="91.505" classname="srep_outputs" name="Listing_print_correctly"/>
    <testcase time="0.171999999999997" classname="srep_outputs" name="Listing_print_correctly"/>
  </testsuite>
  <testsuite name="t_ae_pt_diff_slide" timestamp="2025-01-20T05:42:05Z" hostname="21afc8213551" tests="9" skipped="0" failures="0" errors="0" time="2.663">
    <testcase time="1.122" classname="t_ae_pt_diff_slide" name="Test_table_creation_of_t_ae_pt_diff_slide_safety_summary_table_"/>
    <testcase time="0.167999999999992" classname="t_ae_pt_diff_slide" name="Test_table_creation_of_t_ae_pt_diff_slide_safety_summary_table_prune_by_total_2"/>
    <testcase time="0.308000000000007" classname="t_ae_pt_diff_slide" name="Test_table_creation_of_t_ae_pt_slide_safety_summary_table_prune_by_total_2"/>
    <testcase time="0.213999999999999" classname="t_ae_pt_diff_slide" name="Test_table_creation_of_t_ae_pt_slide_safety_summary_table_prune_by_total_2"/>
    <testcase time="0.301999999999992" classname="t_ae_pt_diff_slide" name="Test_table_creation_of_t_ae_pt_slide_safety_summary_table_prune_by_total_2"/>
    <testcase time="0.195000000000007" classname="t_ae_pt_diff_slide" name="Test_table_creation_of_t_ae_pt_slide_safety_summary_table_prune_by_total_2"/>
    <testcase time="0.103999999999999" classname="t_ae_pt_diff_slide" name="Test_table_creation_of_t_ae_pt_diff_slide_safety_summary_table_"/>
    <testcase time="0.170000000000002" classname="t_ae_pt_diff_slide" name="Test_table_creation_of_t_ae_pt_slide_safety_summary_table_prune_by_total_2"/>
    <testcase time="0.0799999999999983" classname="t_ae_pt_diff_slide" name="Test_table_creation_of_t_ae_pt_diff_slide_with_null_report"/>
  </testsuite>
  <testsuite name="t_ae_pt_slide" timestamp="2025-01-20T05:42:08Z" hostname="21afc8213551" tests="6" skipped="0" failures="0" errors="0" time="1.736">
    <testcase time="0.209999999999994" classname="t_ae_pt_slide" name="Test_table_creation_of_t_ae_pt_slide_safety_summary_table_"/>
    <testcase time="0.203000000000003" classname="t_ae_pt_slide" name="Test_table_creation_of_t_ae_pt_slide_safety_summary_table_prune_by_total_28"/>
    <testcase time="0.185000000000002" classname="t_ae_pt_slide" name="Test_table_creation_of_t_ae_pt_slide_safety_summary_table_prune_by_total_30"/>
    <testcase time="0.388000000000005" classname="t_ae_pt_slide" name="Test_table_creation_of_t_ae_pt_soc_slide_safety_summary_table_"/>
    <testcase time="0.382999999999996" classname="t_ae_pt_slide" name="Test_table_creation_of_t_ae_pt_soc_slide_safety_summary_table_prune_by_total_28"/>
    <testcase time="0.367000000000004" classname="t_ae_pt_slide" name="Test_table_creation_of_t_ae_pt_soc_slide_safety_summary_table_prune_by_total_30"/>
  </testsuite>
  <testsuite name="t_ae_pt_soc_diff_slide" timestamp="2025-01-20T05:42:09Z" hostname="21afc8213551" tests="7" skipped="0" failures="0" errors="0" time="3.05">
    <testcase time="0.349999999999994" classname="t_ae_pt_soc_diff_slide" name="Test_table_creation_of_t_ae_pt_soc_diff_slide_safety_summary_table_"/>
    <testcase time="0.328000000000003" classname="t_ae_pt_soc_diff_slide" name="Test_table_creation_of_t_ae_pt_soc_diff_slide_safety_summary_table_prune_by_total_2"/>
    <testcase time="0.608000000000004" classname="t_ae_pt_soc_diff_slide" name="Test_table_creation_of_t_ae_pt_soc_diff_slide_safety_summary_table_prune_by_total_2"/>
    <testcase time="0.390999999999991" classname="t_ae_pt_soc_diff_slide" name="Test_table_creation_of_t_ae_pt_soc_diff_slide_safety_summary_table_prune_by_total_2"/>
    <testcase time="0.620000000000005" classname="t_ae_pt_soc_diff_slide" name="Test_table_creation_of_t_ae_pt_soc_diff_slide_safety_summary_table_prune_by_total_2"/>
    <testcase time="0.489999999999995" classname="t_ae_pt_soc_diff_slide" name="Test_table_creation_of_t_ae_pt_soc_diff_slide_safety_summary_table_prune_by_total_2"/>
    <testcase time="0.263000000000005" classname="t_ae_pt_soc_diff_slide" name="Test_table_creation_of_t_ae_pt_soc_diff_slide_safety_summary_table_"/>
  </testsuite>
  <testsuite name="t_ae_slide" timestamp="2025-01-20T05:42:12Z" hostname="21afc8213551" tests="2" skipped="0" failures="0" errors="0" time="0.773">
    <testcase time="0.707999999999998" classname="t_ae_slide" name="Test_adverse_event_table_creation_of_t_ae_slide_Adverse_Events_for_Patient_"/>
    <testcase time="0.0649999999999977" classname="t_ae_slide" name="Test_adverse_event_table_creation_of_t_ae_slide_with_null_report"/>
  </testsuite>
  <testsuite name="t_ae_summary_slide" timestamp="2025-01-20T05:42:13Z" hostname="21afc8213551" tests="4" skipped="0" failures="0" errors="0" time="1.225">
    <testcase time="0.540000000000006" classname="t_ae_summary_slide" name="Test_table_creation_of_t_ae_summ_slide_safety_summary_table_"/>
    <testcase time="0.563999999999993" classname="t_ae_summary_slide" name="Test_table_creation_of_t_ae_summ_slide_safety_summary_table_"/>
    <testcase time="0.0400000000000063" classname="t_ae_summary_slide" name="Test_t_ae_summ_slide_with_expected_Error"/>
    <testcase time="0.0810000000000031" classname="t_ae_summary_slide" name="Test_t_ae_summ_slide_with_null_report"/>
  </testsuite>
  <testsuite name="t_aesi_slide" timestamp="2025-01-20T05:42:14Z" hostname="21afc8213551" tests="5" skipped="0" failures="0" errors="0" time="1.376">
    <testcase time="0.448999999999998" classname="t_aesi_slide" name="Test_table_creation_of_t_aesi_slide_AESI_summary_table_with_AETOXGR_grading"/>
    <testcase time="0.442000000000007" classname="t_aesi_slide" name="Test_table_creation_of_t_aesi_slide_AESI_summary_table_with_AESEV_grading"/>
    <testcase time="0.442999999999998" classname="t_aesi_slide" name="Test_table_creation_of_t_aesi_slide_AESI_summary_table_with_custom_AEGRP_grouping"/>
    <testcase time="0.00900000000000034" classname="t_aesi_slide" name="Test_table_creation_of_t_aesi_slide_with_no_aesi_var_given"/>
    <testcase time="0.0330000000000013" classname="t_aesi_slide" name="Test_table_creation_of_t_aesi_slide_with_aesi_var_not_found_in_dataset"/>
  </testsuite>
  <testsuite name="t_dd_slide" timestamp="2025-01-20T05:42:16Z" hostname="21afc8213551" tests="6" skipped="0" failures="0" errors="0" time="0.753">
    <testcase time="0.176999999999992" classname="t_dd_slide" name="Test_table_creation_of_t_dd_slide_death_table_"/>
    <testcase time="0.0390000000000015" classname="t_dd_slide" name="Test_t_dd_slide_table_with_expected_Error"/>
    <testcase time="0.0550000000000068" classname="t_dd_slide" name="Test_table_creation_of_with_null_report"/>
    <testcase time="0.236000000000004" classname="t_dd_slide" name="Test_table_creation_of_t_dd_slide_death_table_"/>
    <testcase time="0.161999999999992" classname="t_dd_slide" name="Test_table_creation_of_t_dd_slide_death_table_"/>
    <testcase time="0.0840000000000032" classname="t_dd_slide" name="Test_table_creation_of_t_dd_slide_death_table_"/>
  </testsuite>
  <testsuite name="t_dm_slide" timestamp="2025-01-20T05:42:17Z" hostname="21afc8213551" tests="5" skipped="0" failures="0" errors="0" time="2.585">
    <testcase time="0.363" classname="t_dm_slide" name="Test_demographic_table_creation_of_t_dm_slide"/>
    <testcase time="0.676000000000002" classname="t_dm_slide" name="Test_demographic_table_creation_of_t_dm_slide"/>
    <testcase time="0.454999999999998" classname="t_dm_slide" name="Test_demographic_table_creation_of_t_dm_slide"/>
    <testcase time="0.414999999999992" classname="t_dm_slide" name="Test_demographic_table_creation_of_t_dm_slide"/>
    <testcase time="0.676000000000002" classname="t_dm_slide" name="Test_demographic_table_creation_of_t_dm_slide"/>
  </testsuite>
  <testsuite name="t_dor_slide" timestamp="2025-01-20T05:42:19Z" hostname="21afc8213551" tests="2" skipped="0" failures="0" errors="0" time="0.334">
    <testcase time="0.162000000000006" classname="t_dor_slide" name="Test_DOR_table_when_time_unit_is_DAYS_"/>
    <testcase time="0.171999999999997" classname="t_dor_slide" name="Test_DOR_table_when_time_unit_is_YEARS_"/>
  </testsuite>
  <testsuite name="t_ds_slide" timestamp="2025-01-20T05:42:19Z" hostname="21afc8213551" tests="5" skipped="0" failures="0" errors="0" time="1.418">
    <testcase time="0.275999999999996" classname="t_ds_slide" name="Test_table_creation_of_t_ds_slide"/>
    <testcase time="0.303000000000011" classname="t_ds_slide" name="Test_table_creation_of_t_ds_slide"/>
    <testcase time="0.370999999999995" classname="t_ds_slide" name="Test_table_creation_of_t_ds_slide"/>
    <testcase time="0.293999999999997" classname="t_ds_slide" name="Test_table_creation_of_t_ds_slide"/>
    <testcase time="0.174000000000007" classname="t_ds_slide" name="Test_table_creation_of_t_ds_slide"/>
  </testsuite>
  <testsuite name="util" timestamp="2025-01-20T05:42:21Z" hostname="21afc8213551" tests="18" skipped="0" failures="0" errors="0" time="0.051">
    <testcase time="0.00799999999999557" classname="util" name="Test_some_functions_in_util.R"/>
    <testcase time="0.00100000000000477" classname="util" name="Test_some_functions_in_util.R"/>
    <testcase time="0.00199999999999534" classname="util" name="Test_some_functions_in_util.R"/>
    <testcase time="0.00100000000000477" classname="util" name="Test_some_functions_in_util.R"/>
    <testcase time="0.000999999999990564" classname="util" name="Test_some_functions_in_util.R"/>
    <testcase time="0.00100000000000477" classname="util" name="Test_some_functions_in_util.R"/>
    <testcase time="0.00799999999999557" classname="util" name="Test_some_functions_in_util.R"/>
    <testcase time="0.00100000000000477" classname="util" name="Test_some_functions_in_util.R"/>
    <testcase time="0.007000000000005" classname="util" name="Test_some_functions_in_util.R"/>
    <testcase time="0.000999999999990564" classname="util" name="Test_some_functions_in_util.R"/>
    <testcase time="0.007000000000005" classname="util" name="Test_some_functions_in_util.R"/>
    <testcase time="0.00100000000000477" classname="util" name="Test_some_functions_in_util.R"/>
    <testcase time="0.00399999999999068" classname="util" name="Test_some_functions_in_util.R"/>
    <testcase time="0.00300000000000011" classname="util" name="Test_some_functions_in_util.R"/>
    <testcase time="0.00200000000000955" classname="util" name="Test_some_functions_in_util.R"/>
    <testcase time="0.000999999999990564" classname="util" name="Test_some_functions_in_util.R"/>
    <testcase time="0.00100000000000477" classname="util" name="Test_some_functions_in_util.R"/>
    <testcase time="0.00100000000000477" classname="util" name="Test_some_functions_in_util.R"/>
  </testsuite>
  <testsuite name="format_date" timestamp="2025-01-20T05:42:21Z" hostname="21afc8213551" tests="5" skipped="0" failures="0" errors="0" time="0.262">
    <testcase time="0.162999999999997" classname="format_date" name="Test_format_date"/>
    <testcase time="0.027000000000001" classname="format_date" name="Test_format_date"/>
    <testcase time="0.0219999999999914" classname="format_date" name="Test_format_date"/>
    <testcase time="0.0250000000000057" classname="format_date" name="Test_format_date"/>
    <testcase time="0.0250000000000057" classname="format_date" name="Test_format_date"/>
  </testsuite>
</testsuites>
