<?xml version="1.0" encoding="UTF-8"?>
<testsuites>
  <testsuite name="bad_filters" timestamp="2025-01-20T04:36:07Z" hostname="858347404ad1" tests="1" skipped="0" failures="0" errors="0" time="0.03">
    <testcase time="0.0299999999999998" classname="bad_filters" name="Listing_print_correctly"/>
  </testsuite>
  <testsuite name="data_snapshot" timestamp="2025-01-20T04:36:07Z" hostname="858347404ad1" tests="1" skipped="1" failures="0" errors="0" time="0.078">
    <testcase time="0.0779999999999998" classname="data_snapshot" name="Test_data_snapshot">
      <skipped message="Reason: On CRAN ('test-data_snapshot.R:6:5')"/>
    </testcase>
  </testsuite>
  <testsuite name="decorate" timestamp="2025-01-20T04:36:07Z" hostname="858347404ad1" tests="8" skipped="0" failures="0" errors="0" time="0.871">
    <testcase time="0.136" classname="decorate" name="Test_decoreate.grob_not_to_throw"/>
    <testcase time="0.004" classname="decorate" name="Test_decoreate_not_to_throw"/>
    <testcase time="0.0940000000000003" classname="decorate" name="Test_decoreate_not_to_throw"/>
    <testcase time="0.0909999999999997" classname="decorate" name="Test_print_not_to_throw"/>
    <testcase time="0.0590000000000002" classname="decorate" name="Test_print_not_to_throw"/>
    <testcase time="0.121" classname="decorate" name="Test_print_not_to_throw"/>
    <testcase time="0.00800000000000001" classname="decorate" name="Test_decoreate_throw"/>
    <testcase time="0.358" classname="decorate" name="Test_ph_with_img_not_to_throw"/>
  </testsuite>
  <testsuite name="filter_spec-verbose" timestamp="2025-01-20T04:36:08Z" hostname="858347404ad1" tests="1" skipped="1" failures="0" errors="0" time="0.027">
    <testcase time="0.0269999999999997" classname="filter_spec_verbose" name="Listing_print_correctly">
      <skipped message="Reason: On CRAN ('test-filter_spec-verbose.R:13:3')"/>
    </testcase>
  </testsuite>
  <testsuite name="formats" timestamp="2025-01-20T04:36:08Z" hostname="858347404ad1" tests="6" skipped="0" failures="0" errors="0" time="0.11">
    <testcase time="0.028" classname="formats" name="new_round_function"/>
    <testcase time="0.0590000000000002" classname="formats" name="new_round_function"/>
    <testcase time="0.00599999999999978" classname="formats" name="xx.xx_xx.xx_"/>
    <testcase time="0.00600000000000023" classname="formats" name="xx.xx_xx.x_"/>
    <testcase time="0.00499999999999989" classname="formats" name="_xx_xx_"/>
    <testcase time="0.00600000000000023" classname="formats" name="xx.xx_xx.xx_xx.xx_"/>
  </testsuite>
  <testsuite name="g_mean_slides" timestamp="2025-01-20T04:36:08Z" hostname="858347404ad1" tests="14" skipped="5" failures="0" errors="0" time="0.849">
    <testcase time="0.34" classname="g_mean_slides" name="g_mean_slides_Test_1_Test_graph_creation_of_g_eg_slide_eg_mean_plot_"/>
    <testcase time="0.00099999999999989" classname="g_mean_slides" name="g_mean_slides_Test_1_Test_graph_creation_of_g_eg_slide_eg_mean_plot_">
      <skipped message="Reason: On CI ('test-g_mean_slides.R:20:3')"/>
    </testcase>
    <testcase time="0.016" classname="g_mean_slides" name="g_mean_slides_Test_2_Test_error_of_g_eg_slide_"/>
    <testcase time="0.107" classname="g_mean_slides" name="g_mean_slides_Test_3_Test_graph_creation_of_g_lb_slide_lab_mean_plot_"/>
    <testcase time="0.00100000000000033" classname="g_mean_slides" name="g_mean_slides_Test_3_Test_graph_creation_of_g_lb_slide_lab_mean_plot_">
      <skipped message="Reason: On CI ('test-g_mean_slides.R:37:3')"/>
    </testcase>
    <testcase time="0.116" classname="g_mean_slides" name="g_mean_slides_Test_4_Test_graph_creation_of_g_lb_slide_lab_change_from_baseline_plot_"/>
    <testcase time="0.00100000000000033" classname="g_mean_slides" name="g_mean_slides_Test_4_Test_graph_creation_of_g_lb_slide_lab_change_from_baseline_plot_">
      <skipped message="Reason: On CI ('test-g_mean_slides.R:54:3')"/>
    </testcase>
    <testcase time="0.016" classname="g_mean_slides" name="g_mean_slides_Test_5_Test_error_of_g_lb_slide_"/>
    <testcase time="0.104" classname="g_mean_slides" name="g_mean_slides_Test_6_Test_graph_creation_of_g_vs_slide_vital_sign_mean_plot_"/>
    <testcase time="0.00100000000000033" classname="g_mean_slides" name="g_mean_slides_Test_6_Test_graph_creation_of_g_vs_slide_vital_sign_mean_plot_">
      <skipped message="Reason: On CI ('test-g_mean_slides.R:72:3')"/>
    </testcase>
    <testcase time="0.0159999999999991" classname="g_mean_slides" name="g_mean_slides_Test_7_Test_error_of_g_vs_slide_"/>
    <testcase time="0.113" classname="g_mean_slides" name="g_mean_slides_Test_8_Test_graph_creation_of_g_mean_slide_vital_sign_mean_plot_"/>
    <testcase time="0.00100000000000033" classname="g_mean_slides" name="g_mean_slides_Test_8_Test_graph_creation_of_g_mean_slide_vital_sign_mean_plot_">
      <skipped message="Reason: On CI ('test-g_mean_slides.R:94:3')"/>
    </testcase>
    <testcase time="0.016" classname="g_mean_slides" name="g_mean_slides_Test_9_Test_error_of_general_function_g_mean_slide_"/>
  </testsuite>
  <testsuite name="helper_functions" timestamp="2025-01-20T04:36:09Z" hostname="858347404ad1" tests="2" skipped="1" failures="0" errors="0" time="0.056">
    <testcase time="0.00999999999999979" classname="helper_functions" name="Test_some_functions_in_helper_functions.R"/>
    <testcase time="0.0460000000000003" classname="helper_functions" name="Test_some_functions_in_helper_functions.R">
      <skipped message="Reason: On CRAN ('test-helper_functions.R:3:3')"/>
    </testcase>
  </testsuite>
  <testsuite name="l_ae_slide" timestamp="2025-01-20T04:36:09Z" hostname="858347404ad1" tests="1" skipped="1" failures="0" errors="0" time="8.057">
    <testcase time="8.057" classname="l_ae_slide" name="Test_listing_creation_of_l_ae_slide_Adverse_Events_Listing_">
      <skipped message="Reason: On CRAN ('test-l_ae_slide.R:7:3')"/>
    </testcase>
  </testsuite>
  <testsuite name="log" timestamp="2025-01-20T04:36:17Z" hostname="858347404ad1" tests="2" skipped="0" failures="0" errors="0" time="0.019">
    <testcase time="0.0179999999999989" classname="log" name="Test_some_functions_in_log.R"/>
    <testcase time="0.00100000000000122" classname="log" name="Test_some_functions_in_log.R"/>
  </testsuite>
  <testsuite name="output-table-format" timestamp="2025-01-20T04:36:17Z" hostname="858347404ad1" tests="5" skipped="0" failures="0" errors="0" time="3.235">
    <testcase time="0.875" classname="output_table_format" name="save_an_autoslider_output"/>
    <testcase time="0.554" classname="output_table_format" name="save_an_autoslider_output"/>
    <testcase time="0.574" classname="output_table_format" name="save_an_autoslider_output"/>
    <testcase time="0.622" classname="output_table_format" name="save_an_autoslider_output"/>
    <testcase time="0.610000000000001" classname="output_table_format" name="save_an_autoslider_output"/>
  </testsuite>
  <testsuite name="save_output" timestamp="2025-01-20T04:36:20Z" hostname="858347404ad1" tests="1" skipped="0" failures="0" errors="0" time="0.23">
    <testcase time="0.229999999999999" classname="save_output" name="save_an_output"/>
  </testsuite>
  <testsuite name="slides_preview" timestamp="2025-01-20T04:36:20Z" hostname="858347404ad1" tests="2" skipped="1" failures="0" errors="0" time="0.483">
    <testcase time="0.474" classname="slides_preview" name="Test_slides_preview"/>
    <testcase time="0.00900000000000034" classname="slides_preview" name="Test_slides_preview">
      <skipped message="Reason: On CRAN ('test-slides_preview.R:5:3')"/>
    </testcase>
  </testsuite>
  <testsuite name="srep_outputs" timestamp="2025-01-20T04:36:21Z" hostname="858347404ad1" tests="3" skipped="0" failures="0" errors="0" time="94.076">
    <testcase time="2.111" classname="srep_outputs" name="Listing_print_correctly"/>
    <testcase time="91.788" classname="srep_outputs" name="Listing_print_correctly"/>
    <testcase time="0.176999999999992" classname="srep_outputs" name="Listing_print_correctly"/>
  </testsuite>
  <testsuite name="t_ae_pt_diff_slide" timestamp="2025-01-20T04:37:55Z" hostname="858347404ad1" tests="8" skipped="7" failures="0" errors="0" time="2.379">
    <testcase time="0.228999999999999" classname="t_ae_pt_diff_slide" name="Test_table_creation_of_t_ae_pt_diff_slide_safety_summary_table_">
      <skipped message="Reason: On CRAN ('test-t_ae_pt_diff_slide.R:2:3')"/>
    </testcase>
    <testcase time="1.044" classname="t_ae_pt_diff_slide" name="Test_table_creation_of_t_ae_pt_diff_slide_safety_summary_table_prune_by_total_2">
      <skipped message="Reason: On CRAN ('test-t_ae_pt_diff_slide.R:6:3')"/>
    </testcase>
    <testcase time="0.288000000000011" classname="t_ae_pt_diff_slide" name="Test_table_creation_of_t_ae_pt_slide_safety_summary_table_prune_by_total_2">
      <skipped message="Reason: On CRAN ('test-t_ae_pt_diff_slide.R:11:3')"/>
    </testcase>
    <testcase time="0.198999999999998" classname="t_ae_pt_diff_slide" name="Test_table_creation_of_t_ae_pt_slide_safety_summary_table_prune_by_total_2">
      <skipped message="Reason: On CRAN ('test-t_ae_pt_diff_slide.R:17:3')"/>
    </testcase>
    <testcase time="0.295999999999992" classname="t_ae_pt_diff_slide" name="Test_table_creation_of_t_ae_pt_slide_safety_summary_table_prune_by_total_2">
      <skipped message="Reason: On CRAN ('test-t_ae_pt_diff_slide.R:25:3')"/>
    </testcase>
    <testcase time="0.108000000000004" classname="t_ae_pt_diff_slide" name="Test_table_creation_of_t_ae_pt_diff_slide_safety_summary_table_"/>
    <testcase time="0.144999999999996" classname="t_ae_pt_diff_slide" name="Test_table_creation_of_t_ae_pt_slide_safety_summary_table_prune_by_total_2">
      <skipped message="Reason: On CRAN ('test-t_ae_pt_diff_slide.R:43:3')"/>
    </testcase>
    <testcase time="0.0700000000000074" classname="t_ae_pt_diff_slide" name="Test_table_creation_of_t_ae_pt_diff_slide_with_null_report">
      <skipped message="Reason: On CRAN ('test-t_ae_pt_diff_slide.R:57:3')"/>
    </testcase>
  </testsuite>
  <testsuite name="t_ae_pt_slide" timestamp="2025-01-20T04:37:57Z" hostname="858347404ad1" tests="6" skipped="6" failures="0" errors="0" time="1.661">
    <testcase time="0.203999999999994" classname="t_ae_pt_slide" name="Test_table_creation_of_t_ae_pt_slide_safety_summary_table_">
      <skipped message="Reason: On CRAN ('test-t_ae_pt_slide.R:2:3')"/>
    </testcase>
    <testcase time="0.183000000000007" classname="t_ae_pt_slide" name="Test_table_creation_of_t_ae_pt_slide_safety_summary_table_prune_by_total_28">
      <skipped message="Reason: On CRAN ('test-t_ae_pt_slide.R:6:3')"/>
    </testcase>
    <testcase time="0.182999999999993" classname="t_ae_pt_slide" name="Test_table_creation_of_t_ae_pt_slide_safety_summary_table_prune_by_total_30">
      <skipped message="Reason: On CRAN ('test-t_ae_pt_slide.R:10:3')"/>
    </testcase>
    <testcase time="0.37700000000001" classname="t_ae_pt_slide" name="Test_table_creation_of_t_ae_pt_soc_slide_safety_summary_table_">
      <skipped message="Reason: On CRAN ('test-t_ae_pt_slide.R:15:3')"/>
    </testcase>
    <testcase time="0.36099999999999" classname="t_ae_pt_slide" name="Test_table_creation_of_t_ae_pt_soc_slide_safety_summary_table_prune_by_total_28">
      <skipped message="Reason: On CRAN ('test-t_ae_pt_slide.R:19:3')"/>
    </testcase>
    <testcase time="0.353000000000009" classname="t_ae_pt_slide" name="Test_table_creation_of_t_ae_pt_soc_slide_safety_summary_table_prune_by_total_30">
      <skipped message="Reason: On CRAN ('test-t_ae_pt_slide.R:23:3')"/>
    </testcase>
  </testsuite>
  <testsuite name="t_ae_pt_soc_diff_slide" timestamp="2025-01-20T04:37:59Z" hostname="858347404ad1" tests="5" skipped="4" failures="0" errors="0" time="1.856">
    <testcase time="0.322999999999993" classname="t_ae_pt_soc_diff_slide" name="Test_table_creation_of_t_ae_pt_soc_diff_slide_safety_summary_table_">
      <skipped message="Reason: On CRAN ('test-t_ae_pt_soc_diff_slide.R:2:3')"/>
    </testcase>
    <testcase time="0.308000000000007" classname="t_ae_pt_soc_diff_slide" name="Test_table_creation_of_t_ae_pt_soc_diff_slide_safety_summary_table_prune_by_total_2">
      <skipped message="Reason: On CRAN ('test-t_ae_pt_soc_diff_slide.R:6:3')"/>
    </testcase>
    <testcase time="0.594999999999999" classname="t_ae_pt_soc_diff_slide" name="Test_table_creation_of_t_ae_pt_soc_diff_slide_safety_summary_table_prune_by_total_2">
      <skipped message="Reason: On CRAN ('test-t_ae_pt_soc_diff_slide.R:10:3')"/>
    </testcase>
    <testcase time="0.36999999999999" classname="t_ae_pt_soc_diff_slide" name="Test_table_creation_of_t_ae_pt_soc_diff_slide_safety_summary_table_prune_by_total_2">
      <skipped message="Reason: On CRAN ('test-t_ae_pt_soc_diff_slide.R:16:3')"/>
    </testcase>
    <testcase time="0.260000000000005" classname="t_ae_pt_soc_diff_slide" name="Test_table_creation_of_t_ae_pt_soc_diff_slide_safety_summary_table_"/>
  </testsuite>
  <testsuite name="t_ae_slide" timestamp="2025-01-20T04:38:01Z" hostname="858347404ad1" tests="2" skipped="2" failures="0" errors="0" time="0.798">
    <testcase time="0.739000000000004" classname="t_ae_slide" name="Test_adverse_event_table_creation_of_t_ae_slide_Adverse_Events_for_Patient_">
      <skipped message="Reason: On CRAN ('test-t_ae_slide.R:10:3')"/>
    </testcase>
    <testcase time="0.0589999999999975" classname="t_ae_slide" name="Test_adverse_event_table_creation_of_t_ae_slide_with_null_report">
      <skipped message="Reason: On CRAN ('test-t_ae_slide.R:24:3')"/>
    </testcase>
  </testsuite>
  <testsuite name="t_ae_summary_slide" timestamp="2025-01-20T04:38:02Z" hostname="858347404ad1" tests="3" skipped="3" failures="0" errors="0" time="0.654">
    <testcase time="0.548000000000002" classname="t_ae_summary_slide" name="Test_table_creation_of_t_ae_summ_slide_safety_summary_table_">
      <skipped message="Reason: On CRAN ('test-t_ae_summary_slide.R:2:3')"/>
    </testcase>
    <testcase time="0.0330000000000013" classname="t_ae_summary_slide" name="Test_t_ae_summ_slide_with_expected_Error">
      <skipped message="Reason: On CRAN ('test-t_ae_summary_slide.R:23:3')"/>
    </testcase>
    <testcase time="0.0729999999999933" classname="t_ae_summary_slide" name="Test_t_ae_summ_slide_with_null_report">
      <skipped message="Reason: On CRAN ('test-t_ae_summary_slide.R:35:3')"/>
    </testcase>
  </testsuite>
  <testsuite name="t_aesi_slide" timestamp="2025-01-20T04:38:02Z" hostname="858347404ad1" tests="5" skipped="3" failures="0" errors="0" time="1.333">
    <testcase time="0.439999999999998" classname="t_aesi_slide" name="Test_table_creation_of_t_aesi_slide_AESI_summary_table_with_AETOXGR_grading">
      <skipped message="Reason: On CRAN ('test-t_aesi_slide.R:2:3')"/>
    </testcase>
    <testcase time="0.430000000000007" classname="t_aesi_slide" name="Test_table_creation_of_t_aesi_slide_AESI_summary_table_with_AESEV_grading">
      <skipped message="Reason: On CRAN ('test-t_aesi_slide.R:10:3')"/>
    </testcase>
    <testcase time="0.417000000000002" classname="t_aesi_slide" name="Test_table_creation_of_t_aesi_slide_AESI_summary_table_with_custom_AEGRP_grouping">
      <skipped message="Reason: On CRAN ('test-t_aesi_slide.R:21:3')"/>
    </testcase>
    <testcase time="0.0169999999999959" classname="t_aesi_slide" name="Test_table_creation_of_t_aesi_slide_with_no_aesi_var_given"/>
    <testcase time="0.0289999999999964" classname="t_aesi_slide" name="Test_table_creation_of_t_aesi_slide_with_aesi_var_not_found_in_dataset"/>
  </testsuite>
  <testsuite name="t_dd_slide" timestamp="2025-01-20T04:38:04Z" hostname="858347404ad1" tests="5" skipped="5" failures="0" errors="0" time="0.592">
    <testcase time="0.15100000000001" classname="t_dd_slide" name="Test_table_creation_of_t_dd_slide_death_table_">
      <skipped message="Reason: On CRAN ('test-t_dd_slide.R:2:3')"/>
    </testcase>
    <testcase time="0.0319999999999965" classname="t_dd_slide" name="Test_t_dd_slide_table_with_expected_Error">
      <skipped message="Reason: On CRAN ('test-t_dd_slide.R:6:3')"/>
    </testcase>
    <testcase time="0.046999999999997" classname="t_dd_slide" name="Test_table_creation_of_with_null_report">
      <skipped message="Reason: On CRAN ('test-t_dd_slide.R:10:3')"/>
    </testcase>
    <testcase time="0.201999999999998" classname="t_dd_slide" name="Test_table_creation_of_t_dd_slide_death_table_">
      <skipped message="Reason: On CRAN ('test-t_dd_slide.R:15:3')"/>
    </testcase>
    <testcase time="0.159999999999997" classname="t_dd_slide" name="Test_table_creation_of_t_dd_slide_death_table_">
      <skipped message="Reason: On CRAN ('test-t_dd_slide.R:20:3')"/>
    </testcase>
  </testsuite>
  <testsuite name="t_dm_slide" timestamp="2025-01-20T04:38:04Z" hostname="858347404ad1" tests="1" skipped="1" failures="0" errors="0" time="0.349">
    <testcase time="0.349000000000004" classname="t_dm_slide" name="Test_demographic_table_creation_of_t_dm_slide">
      <skipped message="Reason: On CRAN ('test-t_dm_slide.R:3:3')"/>
    </testcase>
  </testsuite>
  <testsuite name="t_dor_slide" timestamp="2025-01-20T04:38:05Z" hostname="858347404ad1" tests="2" skipped="2" failures="0" errors="0" time="0.301">
    <testcase time="0.152000000000001" classname="t_dor_slide" name="Test_DOR_table_when_time_unit_is_DAYS_">
      <skipped message="Reason: On CRAN ('test-t_dor_slide.R:8:3')"/>
    </testcase>
    <testcase time="0.149000000000001" classname="t_dor_slide" name="Test_DOR_table_when_time_unit_is_YEARS_">
      <skipped message="Reason: On CRAN ('test-t_dor_slide.R:19:3')"/>
    </testcase>
  </testsuite>
  <testsuite name="t_ds_slide" timestamp="2025-01-20T04:38:05Z" hostname="858347404ad1" tests="4" skipped="4" failures="0" errors="0" time="1.191">
    <testcase time="0.286000000000001" classname="t_ds_slide" name="Test_table_creation_of_t_ds_slide">
      <skipped message="Reason: On CRAN ('test-t_ds_slide.R:2:3')"/>
    </testcase>
    <testcase time="0.274999999999991" classname="t_ds_slide" name="Test_table_creation_of_t_ds_slide">
      <skipped message="Reason: On CRAN ('test-t_ds_slide.R:6:3')"/>
    </testcase>
    <testcase time="0.355000000000004" classname="t_ds_slide" name="Test_table_creation_of_t_ds_slide">
      <skipped message="Reason: On CRAN ('test-t_ds_slide.R:10:3')"/>
    </testcase>
    <testcase time="0.275000000000006" classname="t_ds_slide" name="Test_table_creation_of_t_ds_slide">
      <skipped message="Reason: On CRAN ('test-t_ds_slide.R:14:3')"/>
    </testcase>
  </testsuite>
  <testsuite name="util" timestamp="2025-01-20T04:38:06Z" hostname="858347404ad1" tests="18" skipped="0" failures="0" errors="0" time="0.059">
    <testcase time="0.0159999999999911" classname="util" name="Test_some_functions_in_util.R"/>
    <testcase time="0.00100000000000477" classname="util" name="Test_some_functions_in_util.R"/>
    <testcase time="0.00100000000000477" classname="util" name="Test_some_functions_in_util.R"/>
    <testcase time="0.000999999999990564" classname="util" name="Test_some_functions_in_util.R"/>
    <testcase time="0.00200000000000955" classname="util" name="Test_some_functions_in_util.R"/>
    <testcase time="0.000999999999990564" classname="util" name="Test_some_functions_in_util.R"/>
    <testcase time="0.007000000000005" classname="util" name="Test_some_functions_in_util.R"/>
    <testcase time="0.00100000000000477" classname="util" name="Test_some_functions_in_util.R"/>
    <testcase time="0.00699999999999079" classname="util" name="Test_some_functions_in_util.R"/>
    <testcase time="0.00100000000000477" classname="util" name="Test_some_functions_in_util.R"/>
    <testcase time="0.007000000000005" classname="util" name="Test_some_functions_in_util.R"/>
    <testcase time="0.000999999999990564" classname="util" name="Test_some_functions_in_util.R"/>
    <testcase time="0.00400000000000489" classname="util" name="Test_some_functions_in_util.R"/>
    <testcase time="0.00400000000000489" classname="util" name="Test_some_functions_in_util.R"/>
    <testcase time="0.000999999999990564" classname="util" name="Test_some_functions_in_util.R"/>
    <testcase time="0.00100000000000477" classname="util" name="Test_some_functions_in_util.R"/>
    <testcase time="0.00199999999999534" classname="util" name="Test_some_functions_in_util.R"/>
    <testcase time="0.00100000000000477" classname="util" name="Test_some_functions_in_util.R"/>
  </testsuite>
  <testsuite name="format_date" timestamp="2025-01-20T04:38:06Z" hostname="858347404ad1" tests="1" skipped="1" failures="0" errors="0" time="0.131">
    <testcase time="0.131" classname="format_date" name="Test_format_date">
      <skipped message="Reason: On CRAN ('test_format_date.R:3:3')"/>
    </testcase>
  </testsuite>
</testsuites>
