<?xml version="1.0" encoding="UTF-8"?>
<testsuites>
  <testsuite name="bad_filters" timestamp="2025-01-20T06:21:11Z" hostname="f161dec0611b" tests="1" skipped="0" failures="0" errors="0" time="0.029">
    <testcase time="0.0289999999999999" classname="bad_filters" name="Listing_print_correctly"/>
  </testsuite>
  <testsuite name="data_snapshot" timestamp="2025-01-20T06:21:11Z" hostname="f161dec0611b" tests="18" skipped="0" failures="0" errors="0" time="0.833">
    <testcase time="0.105" classname="data_snapshot" name="Test_data_snapshot"/>
    <testcase time="0.0880000000000001" classname="data_snapshot" name="Test_data_snapshot"/>
    <testcase time="0.028" classname="data_snapshot" name="Test_data_snapshot"/>
    <testcase time="0.0550000000000002" classname="data_snapshot" name="Test_data_snapshot"/>
    <testcase time="0.028" classname="data_snapshot" name="Test_data_snapshot"/>
    <testcase time="0.077" classname="data_snapshot" name="Test_data_snapshot"/>
    <testcase time="0.0219999999999998" classname="data_snapshot" name="Test_data_snapshot"/>
    <testcase time="0.0569999999999999" classname="data_snapshot" name="Test_data_snapshot"/>
    <testcase time="0.0230000000000001" classname="data_snapshot" name="Test_data_snapshot"/>
    <testcase time="0.0489999999999999" classname="data_snapshot" name="Test_data_snapshot"/>
    <testcase time="0.024" classname="data_snapshot" name="Test_data_snapshot"/>
    <testcase time="0.0550000000000002" classname="data_snapshot" name="Test_data_snapshot"/>
    <testcase time="0.0339999999999998" classname="data_snapshot" name="Test_data_snapshot"/>
    <testcase time="0.032" classname="data_snapshot" name="Test_data_snapshot"/>
    <testcase time="0.0230000000000001" classname="data_snapshot" name="Test_data_snapshot"/>
    <testcase time="0.0509999999999997" classname="data_snapshot" name="Test_data_snapshot"/>
    <testcase time="0.0230000000000001" classname="data_snapshot" name="Test_data_snapshot"/>
    <testcase time="0.0590000000000002" classname="data_snapshot" name="Test_data_snapshot"/>
  </testsuite>
  <testsuite name="decorate" timestamp="2025-01-20T06:21:12Z" hostname="f161dec0611b" tests="8" skipped="0" failures="0" errors="0" time="0.819">
    <testcase time="0.107" classname="decorate" name="Test_decoreate.grob_not_to_throw"/>
    <testcase time="0.00500000000000034" classname="decorate" name="Test_decoreate_not_to_throw"/>
    <testcase time="0.097" classname="decorate" name="Test_decoreate_not_to_throw"/>
    <testcase time="0.0640000000000001" classname="decorate" name="Test_print_not_to_throw"/>
    <testcase time="0.0589999999999997" classname="decorate" name="Test_print_not_to_throw"/>
    <testcase time="0.122" classname="decorate" name="Test_print_not_to_throw"/>
    <testcase time="0.00800000000000001" classname="decorate" name="Test_decoreate_throw"/>
    <testcase time="0.357" classname="decorate" name="Test_ph_with_img_not_to_throw"/>
  </testsuite>
  <testsuite name="filter_spec-verbose" timestamp="2025-01-20T06:21:13Z" hostname="f161dec0611b" tests="1" skipped="0" failures="0" errors="0" time="0.048">
    <testcase time="0.048" classname="filter_spec_verbose" name="Listing_print_correctly"/>
  </testsuite>
  <testsuite name="formats" timestamp="2025-01-20T06:21:13Z" hostname="f161dec0611b" tests="6" skipped="0" failures="0" errors="0" time="0.089">
    <testcase time="0.0140000000000002" classname="formats" name="new_round_function"/>
    <testcase time="0.0529999999999999" classname="formats" name="new_round_function"/>
    <testcase time="0.00600000000000023" classname="formats" name="xx.xx_xx.xx_"/>
    <testcase time="0.00499999999999989" classname="formats" name="xx.xx_xx.x_"/>
    <testcase time="0.00499999999999989" classname="formats" name="_xx_xx_"/>
    <testcase time="0.00600000000000023" classname="formats" name="xx.xx_xx.xx_xx.xx_"/>
  </testsuite>
  <testsuite name="g_mean_slides" timestamp="2025-01-20T06:21:13Z" hostname="f161dec0611b" tests="14" skipped="5" failures="0" errors="0" time="0.867">
    <testcase time="0.340999999999999" classname="g_mean_slides" name="g_mean_slides_Test_1_Test_graph_creation_of_g_eg_slide_eg_mean_plot_"/>
    <testcase time="0.00100000000000033" classname="g_mean_slides" name="g_mean_slides_Test_1_Test_graph_creation_of_g_eg_slide_eg_mean_plot_">
      <skipped message="Reason: On CI ('test-g_mean_slides.R:20:3')"/>
    </testcase>
    <testcase time="0.0170000000000003" classname="g_mean_slides" name="g_mean_slides_Test_2_Test_error_of_g_eg_slide_"/>
    <testcase time="0.109" classname="g_mean_slides" name="g_mean_slides_Test_3_Test_graph_creation_of_g_lb_slide_lab_mean_plot_"/>
    <testcase time="0.000999999999999446" classname="g_mean_slides" name="g_mean_slides_Test_3_Test_graph_creation_of_g_lb_slide_lab_mean_plot_">
      <skipped message="Reason: On CI ('test-g_mean_slides.R:37:3')"/>
    </testcase>
    <testcase time="0.13" classname="g_mean_slides" name="g_mean_slides_Test_4_Test_graph_creation_of_g_lb_slide_lab_change_from_baseline_plot_"/>
    <testcase time="0.00100000000000033" classname="g_mean_slides" name="g_mean_slides_Test_4_Test_graph_creation_of_g_lb_slide_lab_change_from_baseline_plot_">
      <skipped message="Reason: On CI ('test-g_mean_slides.R:54:3')"/>
    </testcase>
    <testcase time="0.016" classname="g_mean_slides" name="g_mean_slides_Test_5_Test_error_of_g_lb_slide_"/>
    <testcase time="0.0990000000000002" classname="g_mean_slides" name="g_mean_slides_Test_6_Test_graph_creation_of_g_vs_slide_vital_sign_mean_plot_"/>
    <testcase time="0.000999999999999446" classname="g_mean_slides" name="g_mean_slides_Test_6_Test_graph_creation_of_g_vs_slide_vital_sign_mean_plot_">
      <skipped message="Reason: On CI ('test-g_mean_slides.R:72:3')"/>
    </testcase>
    <testcase time="0.016" classname="g_mean_slides" name="g_mean_slides_Test_7_Test_error_of_g_vs_slide_"/>
    <testcase time="0.117" classname="g_mean_slides" name="g_mean_slides_Test_8_Test_graph_creation_of_g_mean_slide_vital_sign_mean_plot_"/>
    <testcase time="0.00100000000000033" classname="g_mean_slides" name="g_mean_slides_Test_8_Test_graph_creation_of_g_mean_slide_vital_sign_mean_plot_">
      <skipped message="Reason: On CI ('test-g_mean_slides.R:94:3')"/>
    </testcase>
    <testcase time="0.0170000000000003" classname="g_mean_slides" name="g_mean_slides_Test_9_Test_error_of_general_function_g_mean_slide_"/>
  </testsuite>
  <testsuite name="helper_functions" timestamp="2025-01-20T06:21:14Z" hostname="f161dec0611b" tests="2" skipped="0" failures="0" errors="0" time="0.063">
    <testcase time="0.00999999999999979" classname="helper_functions" name="Test_some_functions_in_helper_functions.R"/>
    <testcase time="0.0529999999999999" classname="helper_functions" name="Test_some_functions_in_helper_functions.R"/>
  </testsuite>
  <testsuite name="l_ae_slide" timestamp="2025-01-20T06:21:14Z" hostname="f161dec0611b" tests="1" skipped="0" failures="0" errors="0" time="8.079">
    <testcase time="8.079" classname="l_ae_slide" name="Test_listing_creation_of_l_ae_slide_Adverse_Events_Listing_"/>
  </testsuite>
  <testsuite name="log" timestamp="2025-01-20T06:21:22Z" hostname="f161dec0611b" tests="2" skipped="0" failures="0" errors="0" time="0.011">
    <testcase time="0.00999999999999979" classname="log" name="Test_some_functions_in_log.R"/>
    <testcase time="0.000999999999999446" classname="log" name="Test_some_functions_in_log.R"/>
  </testsuite>
  <testsuite name="output-table-format" timestamp="2025-01-20T06:21:22Z" hostname="f161dec0611b" tests="5" skipped="0" failures="0" errors="0" time="3.206">
    <testcase time="0.869" classname="output_table_format" name="save_an_autoslider_output"/>
    <testcase time="0.553000000000001" classname="output_table_format" name="save_an_autoslider_output"/>
    <testcase time="0.568999999999999" classname="output_table_format" name="save_an_autoslider_output"/>
    <testcase time="0.609999999999999" classname="output_table_format" name="save_an_autoslider_output"/>
    <testcase time="0.605" classname="output_table_format" name="save_an_autoslider_output"/>
  </testsuite>
  <testsuite name="save_output" timestamp="2025-01-20T06:21:25Z" hostname="f161dec0611b" tests="1" skipped="0" failures="0" errors="0" time="0.233">
    <testcase time="0.233000000000001" classname="save_output" name="save_an_output"/>
  </testsuite>
  <testsuite name="slides_preview" timestamp="2025-01-20T06:21:25Z" hostname="f161dec0611b" tests="3" skipped="0" failures="0" errors="0" time="0.528">
    <testcase time="0.471" classname="slides_preview" name="Test_slides_preview"/>
    <testcase time="0.0240000000000009" classname="slides_preview" name="Test_slides_preview"/>
    <testcase time="0.0329999999999977" classname="slides_preview" name="Test_slides_preview"/>
  </testsuite>
  <testsuite name="srep_outputs" timestamp="2025-01-20T06:21:26Z" hostname="f161dec0611b" tests="3" skipped="0" failures="0" errors="0" time="93.317">
    <testcase time="2.014" classname="srep_outputs" name="Listing_print_correctly"/>
    <testcase time="91.131" classname="srep_outputs" name="Listing_print_correctly"/>
    <testcase time="0.172000000000011" classname="srep_outputs" name="Listing_print_correctly"/>
  </testsuite>
  <testsuite name="t_ae_pt_diff_slide" timestamp="2025-01-20T06:22:59Z" hostname="f161dec0611b" tests="9" skipped="0" failures="0" errors="0" time="2.644">
    <testcase time="1.11099999999999" classname="t_ae_pt_diff_slide" name="Test_table_creation_of_t_ae_pt_diff_slide_safety_summary_table_"/>
    <testcase time="0.170000000000002" classname="t_ae_pt_diff_slide" name="Test_table_creation_of_t_ae_pt_diff_slide_safety_summary_table_prune_by_total_2"/>
    <testcase time="0.311999999999998" classname="t_ae_pt_diff_slide" name="Test_table_creation_of_t_ae_pt_slide_safety_summary_table_prune_by_total_2"/>
    <testcase time="0.209000000000003" classname="t_ae_pt_diff_slide" name="Test_table_creation_of_t_ae_pt_slide_safety_summary_table_prune_by_total_2"/>
    <testcase time="0.301999999999992" classname="t_ae_pt_diff_slide" name="Test_table_creation_of_t_ae_pt_slide_safety_summary_table_prune_by_total_2"/>
    <testcase time="0.192000000000007" classname="t_ae_pt_diff_slide" name="Test_table_creation_of_t_ae_pt_slide_safety_summary_table_prune_by_total_2"/>
    <testcase time="0.102999999999994" classname="t_ae_pt_diff_slide" name="Test_table_creation_of_t_ae_pt_diff_slide_safety_summary_table_"/>
    <testcase time="0.168999999999997" classname="t_ae_pt_diff_slide" name="Test_table_creation_of_t_ae_pt_slide_safety_summary_table_prune_by_total_2"/>
    <testcase time="0.0760000000000076" classname="t_ae_pt_diff_slide" name="Test_table_creation_of_t_ae_pt_diff_slide_with_null_report"/>
  </testsuite>
  <testsuite name="t_ae_pt_slide" timestamp="2025-01-20T06:23:02Z" hostname="f161dec0611b" tests="6" skipped="0" failures="0" errors="0" time="1.713">
    <testcase time="0.204999999999998" classname="t_ae_pt_slide" name="Test_table_creation_of_t_ae_pt_slide_safety_summary_table_"/>
    <testcase time="0.201000000000008" classname="t_ae_pt_slide" name="Test_table_creation_of_t_ae_pt_slide_safety_summary_table_prune_by_total_28"/>
    <testcase time="0.182999999999993" classname="t_ae_pt_slide" name="Test_table_creation_of_t_ae_pt_slide_safety_summary_table_prune_by_total_30"/>
    <testcase time="0.388999999999996" classname="t_ae_pt_slide" name="Test_table_creation_of_t_ae_pt_soc_slide_safety_summary_table_"/>
    <testcase time="0.376000000000005" classname="t_ae_pt_slide" name="Test_table_creation_of_t_ae_pt_soc_slide_safety_summary_table_prune_by_total_28"/>
    <testcase time="0.358999999999995" classname="t_ae_pt_slide" name="Test_table_creation_of_t_ae_pt_soc_slide_safety_summary_table_prune_by_total_30"/>
  </testsuite>
  <testsuite name="t_ae_pt_soc_diff_slide" timestamp="2025-01-20T06:23:04Z" hostname="f161dec0611b" tests="7" skipped="0" failures="0" errors="0" time="3.016">
    <testcase time="0.349000000000004" classname="t_ae_pt_soc_diff_slide" name="Test_table_creation_of_t_ae_pt_soc_diff_slide_safety_summary_table_"/>
    <testcase time="0.320999999999998" classname="t_ae_pt_soc_diff_slide" name="Test_table_creation_of_t_ae_pt_soc_diff_slide_safety_summary_table_prune_by_total_2"/>
    <testcase time="0.602000000000004" classname="t_ae_pt_soc_diff_slide" name="Test_table_creation_of_t_ae_pt_soc_diff_slide_safety_summary_table_prune_by_total_2"/>
    <testcase time="0.385999999999996" classname="t_ae_pt_soc_diff_slide" name="Test_table_creation_of_t_ae_pt_soc_diff_slide_safety_summary_table_prune_by_total_2"/>
    <testcase time="0.611000000000004" classname="t_ae_pt_soc_diff_slide" name="Test_table_creation_of_t_ae_pt_soc_diff_slide_safety_summary_table_prune_by_total_2"/>
    <testcase time="0.483000000000004" classname="t_ae_pt_soc_diff_slide" name="Test_table_creation_of_t_ae_pt_soc_diff_slide_safety_summary_table_prune_by_total_2"/>
    <testcase time="0.263999999999996" classname="t_ae_pt_soc_diff_slide" name="Test_table_creation_of_t_ae_pt_soc_diff_slide_safety_summary_table_"/>
  </testsuite>
  <testsuite name="t_ae_slide" timestamp="2025-01-20T06:23:07Z" hostname="f161dec0611b" tests="2" skipped="0" failures="0" errors="0" time="0.764">
    <testcase time="0.700000000000003" classname="t_ae_slide" name="Test_adverse_event_table_creation_of_t_ae_slide_Adverse_Events_for_Patient_"/>
    <testcase time="0.063999999999993" classname="t_ae_slide" name="Test_adverse_event_table_creation_of_t_ae_slide_with_null_report"/>
  </testsuite>
  <testsuite name="t_ae_summary_slide" timestamp="2025-01-20T06:23:07Z" hostname="f161dec0611b" tests="4" skipped="0" failures="0" errors="0" time="1.222">
    <testcase time="0.542000000000002" classname="t_ae_summary_slide" name="Test_table_creation_of_t_ae_summ_slide_safety_summary_table_"/>
    <testcase time="0.560000000000002" classname="t_ae_summary_slide" name="Test_table_creation_of_t_ae_summ_slide_safety_summary_table_"/>
    <testcase time="0.0400000000000063" classname="t_ae_summary_slide" name="Test_t_ae_summ_slide_with_expected_Error"/>
    <testcase time="0.0799999999999983" classname="t_ae_summary_slide" name="Test_t_ae_summ_slide_with_null_report"/>
  </testsuite>
  <testsuite name="t_aesi_slide" timestamp="2025-01-20T06:23:09Z" hostname="f161dec0611b" tests="5" skipped="0" failures="0" errors="0" time="1.401">
    <testcase time="0.450999999999993" classname="t_aesi_slide" name="Test_table_creation_of_t_aesi_slide_AESI_summary_table_with_AETOXGR_grading"/>
    <testcase time="0.484999999999999" classname="t_aesi_slide" name="Test_table_creation_of_t_aesi_slide_AESI_summary_table_with_AESEV_grading"/>
    <testcase time="0.427999999999997" classname="t_aesi_slide" name="Test_table_creation_of_t_aesi_slide_AESI_summary_table_with_custom_AEGRP_grouping"/>
    <testcase time="0.00800000000000978" classname="t_aesi_slide" name="Test_table_creation_of_t_aesi_slide_with_no_aesi_var_given"/>
    <testcase time="0.0289999999999964" classname="t_aesi_slide" name="Test_table_creation_of_t_aesi_slide_with_aesi_var_not_found_in_dataset"/>
  </testsuite>
  <testsuite name="t_dd_slide" timestamp="2025-01-20T06:23:10Z" hostname="f161dec0611b" tests="6" skipped="0" failures="0" errors="0" time="0.728">
    <testcase time="0.173000000000002" classname="t_dd_slide" name="Test_table_creation_of_t_dd_slide_death_table_"/>
    <testcase time="0.0369999999999919" classname="t_dd_slide" name="Test_t_dd_slide_table_with_expected_Error"/>
    <testcase time="0.054000000000002" classname="t_dd_slide" name="Test_table_creation_of_with_null_report"/>
    <testcase time="0.219999999999999" classname="t_dd_slide" name="Test_table_creation_of_t_dd_slide_death_table_"/>
    <testcase time="0.161000000000001" classname="t_dd_slide" name="Test_table_creation_of_t_dd_slide_death_table_"/>
    <testcase time="0.0829999999999984" classname="t_dd_slide" name="Test_table_creation_of_t_dd_slide_death_table_"/>
  </testsuite>
  <testsuite name="t_dm_slide" timestamp="2025-01-20T06:23:11Z" hostname="f161dec0611b" tests="5" skipped="0" failures="0" errors="0" time="2.588">
    <testcase time="0.366" classname="t_dm_slide" name="Test_demographic_table_creation_of_t_dm_slide"/>
    <testcase time="0.674999999999997" classname="t_dm_slide" name="Test_demographic_table_creation_of_t_dm_slide"/>
    <testcase time="0.454999999999998" classname="t_dm_slide" name="Test_demographic_table_creation_of_t_dm_slide"/>
    <testcase time="0.416000000000011" classname="t_dm_slide" name="Test_demographic_table_creation_of_t_dm_slide"/>
    <testcase time="0.675999999999988" classname="t_dm_slide" name="Test_demographic_table_creation_of_t_dm_slide"/>
  </testsuite>
  <testsuite name="t_dor_slide" timestamp="2025-01-20T06:23:13Z" hostname="f161dec0611b" tests="2" skipped="0" failures="0" errors="0" time="0.332">
    <testcase time="0.161000000000001" classname="t_dor_slide" name="Test_DOR_table_when_time_unit_is_DAYS_"/>
    <testcase time="0.171000000000006" classname="t_dor_slide" name="Test_DOR_table_when_time_unit_is_YEARS_"/>
  </testsuite>
  <testsuite name="t_ds_slide" timestamp="2025-01-20T06:23:14Z" hostname="f161dec0611b" tests="5" skipped="0" failures="0" errors="0" time="1.403">
    <testcase time="0.280000000000001" classname="t_ds_slide" name="Test_table_creation_of_t_ds_slide"/>
    <testcase time="0.290999999999997" classname="t_ds_slide" name="Test_table_creation_of_t_ds_slide"/>
    <testcase time="0.366" classname="t_ds_slide" name="Test_table_creation_of_t_ds_slide"/>
    <testcase time="0.293999999999997" classname="t_ds_slide" name="Test_table_creation_of_t_ds_slide"/>
    <testcase time="0.172000000000011" classname="t_ds_slide" name="Test_table_creation_of_t_ds_slide"/>
  </testsuite>
  <testsuite name="util" timestamp="2025-01-20T06:23:15Z" hostname="f161dec0611b" tests="18" skipped="0" failures="0" errors="0" time="0.051">
    <testcase time="0.00799999999999557" classname="util" name="Test_some_functions_in_util.R"/>
    <testcase time="0.00199999999999534" classname="util" name="Test_some_functions_in_util.R"/>
    <testcase time="0.00100000000000477" classname="util" name="Test_some_functions_in_util.R"/>
    <testcase time="0.000999999999990564" classname="util" name="Test_some_functions_in_util.R"/>
    <testcase time="0.00100000000000477" classname="util" name="Test_some_functions_in_util.R"/>
    <testcase time="0.00100000000000477" classname="util" name="Test_some_functions_in_util.R"/>
    <testcase time="0.00799999999999557" classname="util" name="Test_some_functions_in_util.R"/>
    <testcase time="0.00100000000000477" classname="util" name="Test_some_functions_in_util.R"/>
    <testcase time="0.00699999999999079" classname="util" name="Test_some_functions_in_util.R"/>
    <testcase time="0.00100000000000477" classname="util" name="Test_some_functions_in_util.R"/>
    <testcase time="0.00600000000000023" classname="util" name="Test_some_functions_in_util.R"/>
    <testcase time="0.00100000000000477" classname="util" name="Test_some_functions_in_util.R"/>
    <testcase time="0.00499999999999545" classname="util" name="Test_some_functions_in_util.R"/>
    <testcase time="0.00300000000000011" classname="util" name="Test_some_functions_in_util.R"/>
    <testcase time="0.00100000000000477" classname="util" name="Test_some_functions_in_util.R"/>
    <testcase time="0.00199999999999534" classname="util" name="Test_some_functions_in_util.R"/>
    <testcase time="0.00100000000000477" classname="util" name="Test_some_functions_in_util.R"/>
    <testcase time="0.000999999999990564" classname="util" name="Test_some_functions_in_util.R"/>
  </testsuite>
  <testsuite name="format_date" timestamp="2025-01-20T06:23:15Z" hostname="f161dec0611b" tests="5" skipped="0" failures="0" errors="0" time="0.26">
    <testcase time="0.161000000000001" classname="format_date" name="Test_format_date"/>
    <testcase time="0.027000000000001" classname="format_date" name="Test_format_date"/>
    <testcase time="0.0220000000000056" classname="format_date" name="Test_format_date"/>
    <testcase time="0.0249999999999915" classname="format_date" name="Test_format_date"/>
    <testcase time="0.0250000000000057" classname="format_date" name="Test_format_date"/>
  </testsuite>
</testsuites>
