<?xml version="1.0" encoding="UTF-8"?>
<testsuites>
  <testsuite name="appendix" timestamp="2025-06-30T08:00:05Z" hostname="8c8ec07d9ec5" tests="10" skipped="0" failures="0" errors="0" time="0.993">
    <testcase time="0.212" classname="appendix" name="initialize_to_page_test_1_when_to_page_is_null"/>
    <testcase time="0.093" classname="appendix" name="initialize_to_page_test_2_given_to_page_value"/>
    <testcase time="0.0829999999999997" classname="appendix" name="initialize_to_page_test_3_if_to_page_is_too_large"/>
    <testcase time="0.297" classname="appendix" name="postprocessing_doc_test_1_save_file_TRUE"/>
    <testcase time="0.00300000000000011" classname="appendix" name="postprocessing_doc_test_1_save_file_TRUE"/>
    <testcase time="0.0489999999999999" classname="appendix" name="postprocessing_doc_test_2_save_file_FALSE"/>
    <testcase time="0.00300000000000011" classname="appendix" name="postprocessing_doc_test_2_save_file_FALSE"/>
    <testcase time="0.077" classname="appendix" name="postprocessing_doc_test_3_doc_o_is_not_a_ppt"/>
    <testcase time="0.0510000000000002" classname="appendix" name="initialize_doc_original_test_1_returns_existing_doc_original"/>
    <testcase time="0.125" classname="appendix" name="initialize_doc_original_test_2_reads_from_file_when_doc_original_is_NULL"/>
  </testsuite>
  <testsuite name="bad_filters" timestamp="2025-06-30T08:00:06Z" hostname="8c8ec07d9ec5" tests="1" skipped="0" failures="0" errors="0" time="0.032">
    <testcase time="0.0319999999999996" classname="bad_filters" name="Listing_print_correctly"/>
  </testsuite>
  <testsuite name="data_snapshot" timestamp="2025-06-30T08:00:06Z" hostname="8c8ec07d9ec5" tests="18" skipped="0" failures="0" errors="0" time="0.84">
    <testcase time="0.0800000000000001" classname="data_snapshot" name="Test_data_snapshot"/>
    <testcase time="0.0920000000000001" classname="data_snapshot" name="Test_data_snapshot"/>
    <testcase time="0.0230000000000001" classname="data_snapshot" name="Test_data_snapshot"/>
    <testcase time="0.0589999999999997" classname="data_snapshot" name="Test_data_snapshot"/>
    <testcase time="0.024" classname="data_snapshot" name="Test_data_snapshot"/>
    <testcase time="0.0590000000000002" classname="data_snapshot" name="Test_data_snapshot"/>
    <testcase time="0.0289999999999999" classname="data_snapshot" name="Test_data_snapshot"/>
    <testcase time="0.0640000000000001" classname="data_snapshot" name="Test_data_snapshot"/>
    <testcase time="0.024" classname="data_snapshot" name="Test_data_snapshot"/>
    <testcase time="0.0570000000000004" classname="data_snapshot" name="Test_data_snapshot"/>
    <testcase time="0.0249999999999995" classname="data_snapshot" name="Test_data_snapshot"/>
    <testcase time="0.0600000000000005" classname="data_snapshot" name="Test_data_snapshot"/>
    <testcase time="0.0349999999999993" classname="data_snapshot" name="Test_data_snapshot"/>
    <testcase time="0.0340000000000007" classname="data_snapshot" name="Test_data_snapshot"/>
    <testcase time="0.0249999999999995" classname="data_snapshot" name="Test_data_snapshot"/>
    <testcase time="0.0579999999999998" classname="data_snapshot" name="Test_data_snapshot"/>
    <testcase time="0.0310000000000006" classname="data_snapshot" name="Test_data_snapshot"/>
    <testcase time="0.0609999999999999" classname="data_snapshot" name="Test_data_snapshot"/>
  </testsuite>
  <testsuite name="decorate" timestamp="2025-06-30T08:00:07Z" hostname="8c8ec07d9ec5" tests="10" skipped="0" failures="0" errors="0" time="0.845">
    <testcase time="0.0969999999999995" classname="decorate" name="Test_decoreate.grob_not_to_throw"/>
    <testcase time="0.147" classname="decorate" name="Test_decoreate.grob_not_to_throw"/>
    <testcase time="0.00499999999999989" classname="decorate" name="Test_decoreate_not_to_throw"/>
    <testcase time="0.0950000000000006" classname="decorate" name="Test_decoreate_not_to_throw"/>
    <testcase time="0.0720000000000001" classname="decorate" name="Test_print_not_to_throw"/>
    <testcase time="0.0619999999999994" classname="decorate" name="Test_print_not_to_throw"/>
    <testcase time="0.128" classname="decorate" name="Test_print_not_to_throw"/>
    <testcase time="0.00800000000000001" classname="decorate" name="Test_decoreate_throw"/>
    <testcase time="0.16" classname="decorate" name="Test_ph_with_img_not_to_throw"/>
    <testcase time="0.0709999999999997" classname="decorate" name="Test_ph_with_img_not_to_throw"/>
  </testsuite>
  <testsuite name="filter_spec-verbose" timestamp="2025-06-30T08:00:07Z" hostname="8c8ec07d9ec5" tests="1" skipped="0" failures="0" errors="0" time="0.045">
    <testcase time="0.0449999999999999" classname="filter_spec_verbose" name="Listing_print_correctly"/>
  </testsuite>
  <testsuite name="formats" timestamp="2025-06-30T08:00:07Z" hostname="8c8ec07d9ec5" tests="6" skipped="0" failures="0" errors="0" time="0.088">
    <testcase time="0.0140000000000002" classname="formats" name="new_round_function"/>
    <testcase time="0.0499999999999998" classname="formats" name="new_round_function"/>
    <testcase time="0.00600000000000023" classname="formats" name="xx.xx_xx.xx_"/>
    <testcase time="0.00599999999999934" classname="formats" name="xx.xx_xx.x_"/>
    <testcase time="0.00600000000000023" classname="formats" name="_xx_xx_"/>
    <testcase time="0.00600000000000023" classname="formats" name="xx.xx_xx.xx_xx.xx_"/>
  </testsuite>
  <testsuite name="g_mean_slides" timestamp="2025-06-30T08:00:08Z" hostname="8c8ec07d9ec5" tests="14" skipped="5" failures="0" errors="0" time="0.769">
    <testcase time="0.17" classname="g_mean_slides" name="g_mean_slides_Test_1_Test_graph_creation_of_g_eg_slide_eg_mean_plot_"/>
    <testcase time="0.00100000000000033" classname="g_mean_slides" name="g_mean_slides_Test_1_Test_graph_creation_of_g_eg_slide_eg_mean_plot_">
      <skipped message="Reason: On CI ('test-g_mean_slides.R:20:3')"/>
    </testcase>
    <testcase time="0.0179999999999998" classname="g_mean_slides" name="g_mean_slides_Test_2_Test_error_of_g_eg_slide_"/>
    <testcase time="0.114" classname="g_mean_slides" name="g_mean_slides_Test_3_Test_graph_creation_of_g_lb_slide_lab_mean_plot_"/>
    <testcase time="0.00100000000000033" classname="g_mean_slides" name="g_mean_slides_Test_3_Test_graph_creation_of_g_lb_slide_lab_mean_plot_">
      <skipped message="Reason: On CI ('test-g_mean_slides.R:37:3')"/>
    </testcase>
    <testcase time="0.141999999999999" classname="g_mean_slides" name="g_mean_slides_Test_4_Test_graph_creation_of_g_lb_slide_lab_change_from_baseline_plot_"/>
    <testcase time="0.00100000000000033" classname="g_mean_slides" name="g_mean_slides_Test_4_Test_graph_creation_of_g_lb_slide_lab_change_from_baseline_plot_">
      <skipped message="Reason: On CI ('test-g_mean_slides.R:54:3')"/>
    </testcase>
    <testcase time="0.0179999999999998" classname="g_mean_slides" name="g_mean_slides_Test_5_Test_error_of_g_lb_slide_"/>
    <testcase time="0.138" classname="g_mean_slides" name="g_mean_slides_Test_6_Test_graph_creation_of_g_vs_slide_vital_sign_mean_plot_"/>
    <testcase time="0.00199999999999978" classname="g_mean_slides" name="g_mean_slides_Test_6_Test_graph_creation_of_g_vs_slide_vital_sign_mean_plot_">
      <skipped message="Reason: On CI ('test-g_mean_slides.R:72:3')"/>
    </testcase>
    <testcase time="0.0170000000000003" classname="g_mean_slides" name="g_mean_slides_Test_7_Test_error_of_g_vs_slide_"/>
    <testcase time="0.128" classname="g_mean_slides" name="g_mean_slides_Test_8_Test_graph_creation_of_g_mean_slide_vital_sign_mean_plot_"/>
    <testcase time="0.000999999999999446" classname="g_mean_slides" name="g_mean_slides_Test_8_Test_graph_creation_of_g_mean_slide_vital_sign_mean_plot_">
      <skipped message="Reason: On CI ('test-g_mean_slides.R:94:3')"/>
    </testcase>
    <testcase time="0.0180000000000007" classname="g_mean_slides" name="g_mean_slides_Test_9_Test_error_of_general_function_g_mean_slide_"/>
  </testsuite>
  <testsuite name="helper_functions" timestamp="2025-06-30T08:00:08Z" hostname="8c8ec07d9ec5" tests="2" skipped="0" failures="0" errors="0" time="0.07">
    <testcase time="0.0110000000000001" classname="helper_functions" name="Test_some_functions_in_helper_functions.R"/>
    <testcase time="0.0589999999999993" classname="helper_functions" name="Test_some_functions_in_helper_functions.R"/>
  </testsuite>
  <testsuite name="l_ae_slide" timestamp="2025-06-30T08:00:08Z" hostname="8c8ec07d9ec5" tests="1" skipped="0" failures="0" errors="0" time="8.508">
    <testcase time="8.508" classname="l_ae_slide" name="Test_listing_creation_of_l_ae_slide_Adverse_Events_Listing_"/>
  </testsuite>
  <testsuite name="log" timestamp="2025-06-30T08:00:17Z" hostname="8c8ec07d9ec5" tests="2" skipped="0" failures="0" errors="0" time="0.012">
    <testcase time="0.00999999999999979" classname="log" name="Test_some_functions_in_log.R"/>
    <testcase time="0.00200000000000067" classname="log" name="Test_some_functions_in_log.R"/>
  </testsuite>
  <testsuite name="output-table-format" timestamp="2025-06-30T08:00:17Z" hostname="8c8ec07d9ec5" tests="10" skipped="0" failures="0" errors="0" time="3.328">
    <testcase time="0.811" classname="output_table_format" name="save_an_autoslider_output"/>
    <testcase time="0.140000000000001" classname="output_table_format" name="save_an_autoslider_output"/>
    <testcase time="0.433000000000002" classname="output_table_format" name="save_an_autoslider_output"/>
    <testcase time="0.138999999999999" classname="output_table_format" name="save_an_autoslider_output"/>
    <testcase time="0.436" classname="output_table_format" name="save_an_autoslider_output"/>
    <testcase time="0.149000000000001" classname="output_table_format" name="save_an_autoslider_output"/>
    <testcase time="0.439" classname="output_table_format" name="save_an_autoslider_output"/>
    <testcase time="0.154999999999998" classname="output_table_format" name="save_an_autoslider_output"/>
    <testcase time="0.449000000000002" classname="output_table_format" name="save_an_autoslider_output"/>
    <testcase time="0.177" classname="output_table_format" name="save_an_autoslider_output"/>
  </testsuite>
  <testsuite name="save_output" timestamp="2025-06-30T08:00:20Z" hostname="8c8ec07d9ec5" tests="7" skipped="0" failures="0" errors="0" time="2.082">
    <testcase time="0.297999999999998" classname="save_output" name="save_an_output"/>
    <testcase time="0.379000000000001" classname="save_output" name="Test_save_output_Save_an_Output_"/>
    <testcase time="0.369" classname="save_output" name="Test_save_output_Save_an_Output_"/>
    <testcase time="0.117000000000001" classname="save_output" name="Test_save_output_Save_an_Output_"/>
    <testcase time="0.352" classname="save_output" name="save_an_output"/>
    <testcase time="0.439999999999998" classname="save_output" name="save_an_output"/>
    <testcase time="0.127000000000002" classname="save_output" name="save_an_output"/>
  </testsuite>
  <testsuite name="slides_preview" timestamp="2025-06-30T08:00:22Z" hostname="8c8ec07d9ec5" tests="3" skipped="0" failures="0" errors="0" time="0.554">
    <testcase time="0.503" classname="slides_preview" name="Test_slides_preview"/>
    <testcase time="0.0259999999999998" classname="slides_preview" name="Test_slides_preview"/>
    <testcase time="0.0249999999999986" classname="slides_preview" name="Test_slides_preview"/>
  </testsuite>
  <testsuite name="srep_outputs" timestamp="2025-06-30T08:00:23Z" hostname="8c8ec07d9ec5" tests="289" skipped="0" failures="0" errors="0" time="100.963">
    <testcase time="2.708" classname="srep_outputs" name="Listing_print_correctly"/>
    <testcase time="8.924" classname="srep_outputs" name="Listing_print_correctly"/>
    <testcase time="0.551000000000002" classname="srep_outputs" name="Listing_print_correctly"/>
    <testcase time="0.512" classname="srep_outputs" name="Listing_print_correctly"/>
    <testcase time="0.579000000000001" classname="srep_outputs" name="Listing_print_correctly"/>
    <testcase time="0.499000000000002" classname="srep_outputs" name="Listing_print_correctly"/>
    <testcase time="0.449999999999996" classname="srep_outputs" name="Listing_print_correctly"/>
    <testcase time="0.362000000000002" classname="srep_outputs" name="Listing_print_correctly"/>
    <testcase time="0.512" classname="srep_outputs" name="Listing_print_correctly"/>
    <testcase time="0.412999999999997" classname="srep_outputs" name="Listing_print_correctly"/>
    <testcase time="0.411000000000001" classname="srep_outputs" name="Listing_print_correctly"/>
    <testcase time="0.124000000000002" classname="srep_outputs" name="Listing_print_correctly"/>
    <testcase time="0.146999999999998" classname="srep_outputs" name="Listing_print_correctly"/>
    <testcase time="31.536" classname="srep_outputs" name="Listing_print_correctly"/>
    <testcase time="0.183999999999997" classname="srep_outputs" name="Listing_print_correctly"/>
    <testcase time="0.183000000000007" classname="srep_outputs" name="Listing_print_correctly"/>
    <testcase time="0.186999999999998" classname="srep_outputs" name="Listing_print_correctly"/>
    <testcase time="0.183999999999997" classname="srep_outputs" name="Listing_print_correctly"/>
    <testcase time="0.188999999999993" classname="srep_outputs" name="Listing_print_correctly"/>
    <testcase time="0.189000000000007" classname="srep_outputs" name="Listing_print_correctly"/>
    <testcase time="0.183999999999997" classname="srep_outputs" name="Listing_print_correctly"/>
    <testcase time="0.174999999999997" classname="srep_outputs" name="Listing_print_correctly"/>
    <testcase time="0.185000000000002" classname="srep_outputs" name="Listing_print_correctly"/>
    <testcase time="0.188000000000002" classname="srep_outputs" name="Listing_print_correctly"/>
    <testcase time="0.186999999999998" classname="srep_outputs" name="Listing_print_correctly"/>
    <testcase time="0.188000000000002" classname="srep_outputs" name="Listing_print_correctly"/>
    <testcase time="0.186999999999998" classname="srep_outputs" name="Listing_print_correctly"/>
    <testcase time="0.189000000000007" classname="srep_outputs" name="Listing_print_correctly"/>
    <testcase time="0.189999999999998" classname="srep_outputs" name="Listing_print_correctly"/>
    <testcase time="0.186999999999998" classname="srep_outputs" name="Listing_print_correctly"/>
    <testcase time="0.189999999999998" classname="srep_outputs" name="Listing_print_correctly"/>
    <testcase time="0.180999999999997" classname="srep_outputs" name="Listing_print_correctly"/>
    <testcase time="0.519000000000005" classname="srep_outputs" name="Listing_print_correctly"/>
    <testcase time="0.180999999999997" classname="srep_outputs" name="Listing_print_correctly"/>
    <testcase time="0.185000000000002" classname="srep_outputs" name="Listing_print_correctly"/>
    <testcase time="0.175999999999988" classname="srep_outputs" name="Listing_print_correctly"/>
    <testcase time="0.182000000000002" classname="srep_outputs" name="Listing_print_correctly"/>
    <testcase time="0.177000000000007" classname="srep_outputs" name="Listing_print_correctly"/>
    <testcase time="0.180999999999997" classname="srep_outputs" name="Listing_print_correctly"/>
    <testcase time="0.173000000000002" classname="srep_outputs" name="Listing_print_correctly"/>
    <testcase time="0.179000000000002" classname="srep_outputs" name="Listing_print_correctly"/>
    <testcase time="0.171999999999997" classname="srep_outputs" name="Listing_print_correctly"/>
    <testcase time="0.185999999999993" classname="srep_outputs" name="Listing_print_correctly"/>
    <testcase time="0.176000000000002" classname="srep_outputs" name="Listing_print_correctly"/>
    <testcase time="0.188000000000002" classname="srep_outputs" name="Listing_print_correctly"/>
    <testcase time="0.176000000000002" classname="srep_outputs" name="Listing_print_correctly"/>
    <testcase time="0.185999999999993" classname="srep_outputs" name="Listing_print_correctly"/>
    <testcase time="0.177000000000007" classname="srep_outputs" name="Listing_print_correctly"/>
    <testcase time="0.180999999999997" classname="srep_outputs" name="Listing_print_correctly"/>
    <testcase time="0.171999999999997" classname="srep_outputs" name="Listing_print_correctly"/>
    <testcase time="0.180000000000007" classname="srep_outputs" name="Listing_print_correctly"/>
    <testcase time="0.167999999999992" classname="srep_outputs" name="Listing_print_correctly"/>
    <testcase time="0.182000000000002" classname="srep_outputs" name="Listing_print_correctly"/>
    <testcase time="0.168000000000006" classname="srep_outputs" name="Listing_print_correctly"/>
    <testcase time="0.182000000000002" classname="srep_outputs" name="Listing_print_correctly"/>
    <testcase time="0.168999999999997" classname="srep_outputs" name="Listing_print_correctly"/>
    <testcase time="0.174999999999997" classname="srep_outputs" name="Listing_print_correctly"/>
    <testcase time="0.171000000000006" classname="srep_outputs" name="Listing_print_correctly"/>
    <testcase time="0.182000000000002" classname="srep_outputs" name="Listing_print_correctly"/>
    <testcase time="0.171000000000006" classname="srep_outputs" name="Listing_print_correctly"/>
    <testcase time="0.182999999999993" classname="srep_outputs" name="Listing_print_correctly"/>
    <testcase time="0.167000000000002" classname="srep_outputs" name="Listing_print_correctly"/>
    <testcase time="0.177000000000007" classname="srep_outputs" name="Listing_print_correctly"/>
    <testcase time="0.168999999999997" classname="srep_outputs" name="Listing_print_correctly"/>
    <testcase time="0.182000000000002" classname="srep_outputs" name="Listing_print_correctly"/>
    <testcase time="0.168999999999997" classname="srep_outputs" name="Listing_print_correctly"/>
    <testcase time="0.180999999999997" classname="srep_outputs" name="Listing_print_correctly"/>
    <testcase time="0.174000000000007" classname="srep_outputs" name="Listing_print_correctly"/>
    <testcase time="0.180999999999997" classname="srep_outputs" name="Listing_print_correctly"/>
    <testcase time="0.170000000000002" classname="srep_outputs" name="Listing_print_correctly"/>
    <testcase time="0.179999999999993" classname="srep_outputs" name="Listing_print_correctly"/>
    <testcase time="0.168999999999997" classname="srep_outputs" name="Listing_print_correctly"/>
    <testcase time="0.179000000000002" classname="srep_outputs" name="Listing_print_correctly"/>
    <testcase time="0.171000000000006" classname="srep_outputs" name="Listing_print_correctly"/>
    <testcase time="0.210999999999999" classname="srep_outputs" name="Listing_print_correctly"/>
    <testcase time="0.168000000000006" classname="srep_outputs" name="Listing_print_correctly"/>
    <testcase time="0.184999999999988" classname="srep_outputs" name="Listing_print_correctly"/>
    <testcase time="0.171000000000006" classname="srep_outputs" name="Listing_print_correctly"/>
    <testcase time="0.176999999999992" classname="srep_outputs" name="Listing_print_correctly"/>
    <testcase time="0.174000000000007" classname="srep_outputs" name="Listing_print_correctly"/>
    <testcase time="0.168999999999997" classname="srep_outputs" name="Listing_print_correctly"/>
    <testcase time="0.185000000000002" classname="srep_outputs" name="Listing_print_correctly"/>
    <testcase time="0.170000000000002" classname="srep_outputs" name="Listing_print_correctly"/>
    <testcase time="0.179999999999993" classname="srep_outputs" name="Listing_print_correctly"/>
    <testcase time="0.173000000000002" classname="srep_outputs" name="Listing_print_correctly"/>
    <testcase time="0.182000000000002" classname="srep_outputs" name="Listing_print_correctly"/>
    <testcase time="0.170999999999992" classname="srep_outputs" name="Listing_print_correctly"/>
    <testcase time="0.182000000000002" classname="srep_outputs" name="Listing_print_correctly"/>
    <testcase time="0.170000000000002" classname="srep_outputs" name="Listing_print_correctly"/>
    <testcase time="0.183000000000007" classname="srep_outputs" name="Listing_print_correctly"/>
    <testcase time="0.170999999999992" classname="srep_outputs" name="Listing_print_correctly"/>
    <testcase time="0.183000000000007" classname="srep_outputs" name="Listing_print_correctly"/>
    <testcase time="0.170000000000002" classname="srep_outputs" name="Listing_print_correctly"/>
    <testcase time="0.177999999999997" classname="srep_outputs" name="Listing_print_correctly"/>
    <testcase time="0.168999999999997" classname="srep_outputs" name="Listing_print_correctly"/>
    <testcase time="0.186999999999998" classname="srep_outputs" name="Listing_print_correctly"/>
    <testcase time="0.174000000000007" classname="srep_outputs" name="Listing_print_correctly"/>
    <testcase time="0.179999999999993" classname="srep_outputs" name="Listing_print_correctly"/>
    <testcase time="0.173000000000002" classname="srep_outputs" name="Listing_print_correctly"/>
    <testcase time="0.183999999999997" classname="srep_outputs" name="Listing_print_correctly"/>
    <testcase time="0.168000000000006" classname="srep_outputs" name="Listing_print_correctly"/>
    <testcase time="0.185999999999993" classname="srep_outputs" name="Listing_print_correctly"/>
    <testcase time="0.174999999999997" classname="srep_outputs" name="Listing_print_correctly"/>
    <testcase time="0.185000000000002" classname="srep_outputs" name="Listing_print_correctly"/>
    <testcase time="0.175000000000011" classname="srep_outputs" name="Listing_print_correctly"/>
    <testcase time="0.183999999999997" classname="srep_outputs" name="Listing_print_correctly"/>
    <testcase time="0.174999999999997" classname="srep_outputs" name="Listing_print_correctly"/>
    <testcase time="0.182999999999993" classname="srep_outputs" name="Listing_print_correctly"/>
    <testcase time="0.178000000000011" classname="srep_outputs" name="Listing_print_correctly"/>
    <testcase time="0.181999999999988" classname="srep_outputs" name="Listing_print_correctly"/>
    <testcase time="0.177000000000007" classname="srep_outputs" name="Listing_print_correctly"/>
    <testcase time="0.183999999999997" classname="srep_outputs" name="Listing_print_correctly"/>
    <testcase time="0.179000000000002" classname="srep_outputs" name="Listing_print_correctly"/>
    <testcase time="0.186999999999998" classname="srep_outputs" name="Listing_print_correctly"/>
    <testcase time="0.174999999999997" classname="srep_outputs" name="Listing_print_correctly"/>
    <testcase time="0.191000000000003" classname="srep_outputs" name="Listing_print_correctly"/>
    <testcase time="0.174000000000007" classname="srep_outputs" name="Listing_print_correctly"/>
    <testcase time="0.197000000000003" classname="srep_outputs" name="Listing_print_correctly"/>
    <testcase time="0.170999999999992" classname="srep_outputs" name="Listing_print_correctly"/>
    <testcase time="0.185000000000002" classname="srep_outputs" name="Listing_print_correctly"/>
    <testcase time="0.173999999999992" classname="srep_outputs" name="Listing_print_correctly"/>
    <testcase time="0.197000000000003" classname="srep_outputs" name="Listing_print_correctly"/>
    <testcase time="0.173999999999992" classname="srep_outputs" name="Listing_print_correctly"/>
    <testcase time="0.190000000000012" classname="srep_outputs" name="Listing_print_correctly"/>
    <testcase time="0.169999999999987" classname="srep_outputs" name="Listing_print_correctly"/>
    <testcase time="0.188000000000002" classname="srep_outputs" name="Listing_print_correctly"/>
    <testcase time="0.175000000000011" classname="srep_outputs" name="Listing_print_correctly"/>
    <testcase time="0.187999999999988" classname="srep_outputs" name="Listing_print_correctly"/>
    <testcase time="0.175000000000011" classname="srep_outputs" name="Listing_print_correctly"/>
    <testcase time="0.190999999999988" classname="srep_outputs" name="Listing_print_correctly"/>
    <testcase time="0.174000000000007" classname="srep_outputs" name="Listing_print_correctly"/>
    <testcase time="0.204999999999998" classname="srep_outputs" name="Listing_print_correctly"/>
    <testcase time="0.176000000000002" classname="srep_outputs" name="Listing_print_correctly"/>
    <testcase time="0.528999999999996" classname="srep_outputs" name="Listing_print_correctly"/>
    <testcase time="0.167000000000002" classname="srep_outputs" name="Listing_print_correctly"/>
    <testcase time="0.182000000000002" classname="srep_outputs" name="Listing_print_correctly"/>
    <testcase time="0.164999999999992" classname="srep_outputs" name="Listing_print_correctly"/>
    <testcase time="0.182000000000002" classname="srep_outputs" name="Listing_print_correctly"/>
    <testcase time="0.164000000000001" classname="srep_outputs" name="Listing_print_correctly"/>
    <testcase time="0.183000000000007" classname="srep_outputs" name="Listing_print_correctly"/>
    <testcase time="0.164999999999992" classname="srep_outputs" name="Listing_print_correctly"/>
    <testcase time="0.179000000000002" classname="srep_outputs" name="Listing_print_correctly"/>
    <testcase time="0.167000000000002" classname="srep_outputs" name="Listing_print_correctly"/>
    <testcase time="0.177000000000007" classname="srep_outputs" name="Listing_print_correctly"/>
    <testcase time="0.164999999999992" classname="srep_outputs" name="Listing_print_correctly"/>
    <testcase time="0.180000000000007" classname="srep_outputs" name="Listing_print_correctly"/>
    <testcase time="0.162999999999997" classname="srep_outputs" name="Listing_print_correctly"/>
    <testcase time="0.180999999999997" classname="srep_outputs" name="Listing_print_correctly"/>
    <testcase time="0.165000000000006" classname="srep_outputs" name="Listing_print_correctly"/>
    <testcase time="0.180999999999997" classname="srep_outputs" name="Listing_print_correctly"/>
    <testcase time="0.165999999999997" classname="srep_outputs" name="Listing_print_correctly"/>
    <testcase time="0.179000000000002" classname="srep_outputs" name="Listing_print_correctly"/>
    <testcase time="0.164000000000001" classname="srep_outputs" name="Listing_print_correctly"/>
    <testcase time="0.180999999999997" classname="srep_outputs" name="Listing_print_correctly"/>
    <testcase time="0.159000000000006" classname="srep_outputs" name="Listing_print_correctly"/>
    <testcase time="0.179999999999993" classname="srep_outputs" name="Listing_print_correctly"/>
    <testcase time="0.164000000000001" classname="srep_outputs" name="Listing_print_correctly"/>
    <testcase time="0.176999999999992" classname="srep_outputs" name="Listing_print_correctly"/>
    <testcase time="0.166000000000011" classname="srep_outputs" name="Listing_print_correctly"/>
    <testcase time="0.179999999999993" classname="srep_outputs" name="Listing_print_correctly"/>
    <testcase time="0.165000000000006" classname="srep_outputs" name="Listing_print_correctly"/>
    <testcase time="0.182000000000002" classname="srep_outputs" name="Listing_print_correctly"/>
    <testcase time="0.161000000000001" classname="srep_outputs" name="Listing_print_correctly"/>
    <testcase time="0.207999999999998" classname="srep_outputs" name="Listing_print_correctly"/>
    <testcase time="0.164000000000001" classname="srep_outputs" name="Listing_print_correctly"/>
    <testcase time="0.180999999999997" classname="srep_outputs" name="Listing_print_correctly"/>
    <testcase time="0.165999999999997" classname="srep_outputs" name="Listing_print_correctly"/>
    <testcase time="0.185999999999993" classname="srep_outputs" name="Listing_print_correctly"/>
    <testcase time="0.167000000000002" classname="srep_outputs" name="Listing_print_correctly"/>
    <testcase time="0.182000000000002" classname="srep_outputs" name="Listing_print_correctly"/>
    <testcase time="0.165999999999997" classname="srep_outputs" name="Listing_print_correctly"/>
    <testcase time="0.181000000000012" classname="srep_outputs" name="Listing_print_correctly"/>
    <testcase time="0.167999999999992" classname="srep_outputs" name="Listing_print_correctly"/>
    <testcase time="0.185000000000002" classname="srep_outputs" name="Listing_print_correctly"/>
    <testcase time="0.167000000000002" classname="srep_outputs" name="Listing_print_correctly"/>
    <testcase time="0.182000000000002" classname="srep_outputs" name="Listing_print_correctly"/>
    <testcase time="0.167000000000002" classname="srep_outputs" name="Listing_print_correctly"/>
    <testcase time="0.182999999999993" classname="srep_outputs" name="Listing_print_correctly"/>
    <testcase time="0.165999999999997" classname="srep_outputs" name="Listing_print_correctly"/>
    <testcase time="0.181000000000012" classname="srep_outputs" name="Listing_print_correctly"/>
    <testcase time="0.165999999999997" classname="srep_outputs" name="Listing_print_correctly"/>
    <testcase time="0.185000000000002" classname="srep_outputs" name="Listing_print_correctly"/>
    <testcase time="0.165999999999997" classname="srep_outputs" name="Listing_print_correctly"/>
    <testcase time="0.189999999999998" classname="srep_outputs" name="Listing_print_correctly"/>
    <testcase time="0.168999999999997" classname="srep_outputs" name="Listing_print_correctly"/>
    <testcase time="0.189000000000007" classname="srep_outputs" name="Listing_print_correctly"/>
    <testcase time="0.165999999999997" classname="srep_outputs" name="Listing_print_correctly"/>
    <testcase time="0.188999999999993" classname="srep_outputs" name="Listing_print_correctly"/>
    <testcase time="0.163000000000011" classname="srep_outputs" name="Listing_print_correctly"/>
    <testcase time="0.185999999999993" classname="srep_outputs" name="Listing_print_correctly"/>
    <testcase time="0.168000000000006" classname="srep_outputs" name="Listing_print_correctly"/>
    <testcase time="0.185999999999993" classname="srep_outputs" name="Listing_print_correctly"/>
    <testcase time="0.165999999999997" classname="srep_outputs" name="Listing_print_correctly"/>
    <testcase time="0.189000000000007" classname="srep_outputs" name="Listing_print_correctly"/>
    <testcase time="0.162999999999997" classname="srep_outputs" name="Listing_print_correctly"/>
    <testcase time="0.183999999999997" classname="srep_outputs" name="Listing_print_correctly"/>
    <testcase time="0.165000000000006" classname="srep_outputs" name="Listing_print_correctly"/>
    <testcase time="0.191000000000003" classname="srep_outputs" name="Listing_print_correctly"/>
    <testcase time="0.164000000000001" classname="srep_outputs" name="Listing_print_correctly"/>
    <testcase time="0.180999999999997" classname="srep_outputs" name="Listing_print_correctly"/>
    <testcase time="0.168999999999997" classname="srep_outputs" name="Listing_print_correctly"/>
    <testcase time="0.189000000000007" classname="srep_outputs" name="Listing_print_correctly"/>
    <testcase time="0.164999999999992" classname="srep_outputs" name="Listing_print_correctly"/>
    <testcase time="0.189000000000007" classname="srep_outputs" name="Listing_print_correctly"/>
    <testcase time="0.167999999999992" classname="srep_outputs" name="Listing_print_correctly"/>
    <testcase time="0.203000000000003" classname="srep_outputs" name="Listing_print_correctly"/>
    <testcase time="0.168999999999997" classname="srep_outputs" name="Listing_print_correctly"/>
    <testcase time="0.189999999999998" classname="srep_outputs" name="Listing_print_correctly"/>
    <testcase time="0.168000000000006" classname="srep_outputs" name="Listing_print_correctly"/>
    <testcase time="0.189999999999998" classname="srep_outputs" name="Listing_print_correctly"/>
    <testcase time="0.167000000000002" classname="srep_outputs" name="Listing_print_correctly"/>
    <testcase time="0.188999999999993" classname="srep_outputs" name="Listing_print_correctly"/>
    <testcase time="0.171000000000006" classname="srep_outputs" name="Listing_print_correctly"/>
    <testcase time="0.188999999999993" classname="srep_outputs" name="Listing_print_correctly"/>
    <testcase time="0.170000000000002" classname="srep_outputs" name="Listing_print_correctly"/>
    <testcase time="0.189999999999998" classname="srep_outputs" name="Listing_print_correctly"/>
    <testcase time="0.168000000000006" classname="srep_outputs" name="Listing_print_correctly"/>
    <testcase time="0.189999999999998" classname="srep_outputs" name="Listing_print_correctly"/>
    <testcase time="0.171000000000006" classname="srep_outputs" name="Listing_print_correctly"/>
    <testcase time="0.189999999999998" classname="srep_outputs" name="Listing_print_correctly"/>
    <testcase time="0.165999999999997" classname="srep_outputs" name="Listing_print_correctly"/>
    <testcase time="0.189000000000007" classname="srep_outputs" name="Listing_print_correctly"/>
    <testcase time="0.165999999999997" classname="srep_outputs" name="Listing_print_correctly"/>
    <testcase time="0.185000000000002" classname="srep_outputs" name="Listing_print_correctly"/>
    <testcase time="0.170999999999992" classname="srep_outputs" name="Listing_print_correctly"/>
    <testcase time="0.188000000000002" classname="srep_outputs" name="Listing_print_correctly"/>
    <testcase time="0.170000000000002" classname="srep_outputs" name="Listing_print_correctly"/>
    <testcase time="0.189999999999998" classname="srep_outputs" name="Listing_print_correctly"/>
    <testcase time="0.168000000000006" classname="srep_outputs" name="Listing_print_correctly"/>
    <testcase time="0.548000000000002" classname="srep_outputs" name="Listing_print_correctly"/>
    <testcase time="0.167999999999992" classname="srep_outputs" name="Listing_print_correctly"/>
    <testcase time="0.185000000000002" classname="srep_outputs" name="Listing_print_correctly"/>
    <testcase time="0.170000000000002" classname="srep_outputs" name="Listing_print_correctly"/>
    <testcase time="0.182999999999993" classname="srep_outputs" name="Listing_print_correctly"/>
    <testcase time="0.167000000000002" classname="srep_outputs" name="Listing_print_correctly"/>
    <testcase time="0.179000000000002" classname="srep_outputs" name="Listing_print_correctly"/>
    <testcase time="0.164000000000001" classname="srep_outputs" name="Listing_print_correctly"/>
    <testcase time="0.182999999999993" classname="srep_outputs" name="Listing_print_correctly"/>
    <testcase time="0.169000000000011" classname="srep_outputs" name="Listing_print_correctly"/>
    <testcase time="0.179000000000002" classname="srep_outputs" name="Listing_print_correctly"/>
    <testcase time="0.165999999999997" classname="srep_outputs" name="Listing_print_correctly"/>
    <testcase time="0.179999999999993" classname="srep_outputs" name="Listing_print_correctly"/>
    <testcase time="0.165000000000006" classname="srep_outputs" name="Listing_print_correctly"/>
    <testcase time="0.177999999999997" classname="srep_outputs" name="Listing_print_correctly"/>
    <testcase time="0.168000000000006" classname="srep_outputs" name="Listing_print_correctly"/>
    <testcase time="0.179999999999993" classname="srep_outputs" name="Listing_print_correctly"/>
    <testcase time="0.170000000000002" classname="srep_outputs" name="Listing_print_correctly"/>
    <testcase time="0.179000000000002" classname="srep_outputs" name="Listing_print_correctly"/>
    <testcase time="0.167999999999992" classname="srep_outputs" name="Listing_print_correctly"/>
    <testcase time="0.190000000000012" classname="srep_outputs" name="Listing_print_correctly"/>
    <testcase time="0.167999999999992" classname="srep_outputs" name="Listing_print_correctly"/>
    <testcase time="0.183000000000007" classname="srep_outputs" name="Listing_print_correctly"/>
    <testcase time="0.168999999999997" classname="srep_outputs" name="Listing_print_correctly"/>
    <testcase time="0.182999999999993" classname="srep_outputs" name="Listing_print_correctly"/>
    <testcase time="0.165000000000006" classname="srep_outputs" name="Listing_print_correctly"/>
    <testcase time="0.185999999999993" classname="srep_outputs" name="Listing_print_correctly"/>
    <testcase time="0.166000000000011" classname="srep_outputs" name="Listing_print_correctly"/>
    <testcase time="0.183999999999997" classname="srep_outputs" name="Listing_print_correctly"/>
    <testcase time="0.167000000000002" classname="srep_outputs" name="Listing_print_correctly"/>
    <testcase time="0.183999999999997" classname="srep_outputs" name="Listing_print_correctly"/>
    <testcase time="0.167999999999992" classname="srep_outputs" name="Listing_print_correctly"/>
    <testcase time="0.180000000000007" classname="srep_outputs" name="Listing_print_correctly"/>
    <testcase time="0.164000000000001" classname="srep_outputs" name="Listing_print_correctly"/>
    <testcase time="0.185999999999993" classname="srep_outputs" name="Listing_print_correctly"/>
    <testcase time="0.161000000000001" classname="srep_outputs" name="Listing_print_correctly"/>
    <testcase time="0.188000000000002" classname="srep_outputs" name="Listing_print_correctly"/>
    <testcase time="0.168000000000006" classname="srep_outputs" name="Listing_print_correctly"/>
    <testcase time="0.191999999999993" classname="srep_outputs" name="Listing_print_correctly"/>
    <testcase time="0.167000000000002" classname="srep_outputs" name="Listing_print_correctly"/>
    <testcase time="0.189999999999998" classname="srep_outputs" name="Listing_print_correctly"/>
    <testcase time="0.167000000000002" classname="srep_outputs" name="Listing_print_correctly"/>
    <testcase time="0.183999999999997" classname="srep_outputs" name="Listing_print_correctly"/>
    <testcase time="0.167000000000002" classname="srep_outputs" name="Listing_print_correctly"/>
    <testcase time="0.188000000000002" classname="srep_outputs" name="Listing_print_correctly"/>
    <testcase time="0.170000000000002" classname="srep_outputs" name="Listing_print_correctly"/>
    <testcase time="0.188000000000002" classname="srep_outputs" name="Listing_print_correctly"/>
    <testcase time="0.168999999999997" classname="srep_outputs" name="Listing_print_correctly"/>
    <testcase time="0.188000000000002" classname="srep_outputs" name="Listing_print_correctly"/>
    <testcase time="0.168999999999997" classname="srep_outputs" name="Listing_print_correctly"/>
    <testcase time="0.188999999999993" classname="srep_outputs" name="Listing_print_correctly"/>
    <testcase time="0.166000000000011" classname="srep_outputs" name="Listing_print_correctly"/>
    <testcase time="0.185999999999993" classname="srep_outputs" name="Listing_print_correctly"/>
    <testcase time="0.168000000000006" classname="srep_outputs" name="Listing_print_correctly"/>
    <testcase time="0.185000000000002" classname="srep_outputs" name="Listing_print_correctly"/>
    <testcase time="0.172999999999988" classname="srep_outputs" name="Listing_print_correctly"/>
    <testcase time="0.153000000000006" classname="srep_outputs" name="Listing_print_correctly"/>
    <testcase time="0.125" classname="srep_outputs" name="Listing_print_correctly"/>
    <testcase time="2.723" classname="srep_outputs" name="Listing_print_correctly"/>
    <testcase time="1.06400000000001" classname="srep_outputs" name="Listing_print_correctly"/>
  </testsuite>
  <testsuite name="t_ae_pt_diff_slide" timestamp="2025-06-30T08:02:04Z" hostname="8c8ec07d9ec5" tests="9" skipped="0" failures="0" errors="0" time="2.047">
    <testcase time="0.183999999999997" classname="t_ae_pt_diff_slide" name="Test_table_creation_of_t_ae_pt_diff_slide_safety_summary_table_"/>
    <testcase time="0.173000000000002" classname="t_ae_pt_diff_slide" name="Test_table_creation_of_t_ae_pt_diff_slide_safety_summary_table_prune_by_total_2"/>
    <testcase time="0.381" classname="t_ae_pt_diff_slide" name="Test_table_creation_of_t_ae_pt_slide_safety_summary_table_prune_by_total_2"/>
    <testcase time="0.219999999999999" classname="t_ae_pt_diff_slide" name="Test_table_creation_of_t_ae_pt_slide_safety_summary_table_prune_by_total_2"/>
    <testcase time="0.345999999999989" classname="t_ae_pt_diff_slide" name="Test_table_creation_of_t_ae_pt_slide_safety_summary_table_prune_by_total_2"/>
    <testcase time="0.218000000000004" classname="t_ae_pt_diff_slide" name="Test_table_creation_of_t_ae_pt_slide_safety_summary_table_prune_by_total_2"/>
    <testcase time="0.109000000000009" classname="t_ae_pt_diff_slide" name="Test_table_creation_of_t_ae_pt_diff_slide_safety_summary_table_"/>
    <testcase time="0.338999999999999" classname="t_ae_pt_diff_slide" name="Test_table_creation_of_t_ae_pt_slide_safety_summary_table_prune_by_total_2"/>
    <testcase time="0.0769999999999982" classname="t_ae_pt_diff_slide" name="Test_table_creation_of_t_ae_pt_diff_slide_with_null_report"/>
  </testsuite>
  <testsuite name="t_ae_pt_slide" timestamp="2025-06-30T08:02:06Z" hostname="8c8ec07d9ec5" tests="6" skipped="0" failures="0" errors="0" time="1.805">
    <testcase time="0.221000000000004" classname="t_ae_pt_slide" name="Test_table_creation_of_t_ae_pt_slide_safety_summary_table_"/>
    <testcase time="0.204999999999998" classname="t_ae_pt_slide" name="Test_table_creation_of_t_ae_pt_slide_safety_summary_table_prune_by_total_28"/>
    <testcase time="0.197999999999993" classname="t_ae_pt_slide" name="Test_table_creation_of_t_ae_pt_slide_safety_summary_table_prune_by_total_30"/>
    <testcase time="0.408000000000001" classname="t_ae_pt_slide" name="Test_table_creation_of_t_ae_pt_soc_slide_safety_summary_table_"/>
    <testcase time="0.394999999999996" classname="t_ae_pt_slide" name="Test_table_creation_of_t_ae_pt_soc_slide_safety_summary_table_prune_by_total_28"/>
    <testcase time="0.378" classname="t_ae_pt_slide" name="Test_table_creation_of_t_ae_pt_soc_slide_safety_summary_table_prune_by_total_30"/>
  </testsuite>
  <testsuite name="t_ae_pt_soc_diff_slide" timestamp="2025-06-30T08:02:08Z" hostname="8c8ec07d9ec5" tests="7" skipped="0" failures="0" errors="0" time="3.246">
    <testcase time="0.364000000000004" classname="t_ae_pt_soc_diff_slide" name="Test_table_creation_of_t_ae_pt_soc_diff_slide_safety_summary_table_"/>
    <testcase time="0.328000000000003" classname="t_ae_pt_soc_diff_slide" name="Test_table_creation_of_t_ae_pt_soc_diff_slide_safety_summary_table_prune_by_total_2"/>
    <testcase time="0.671999999999997" classname="t_ae_pt_soc_diff_slide" name="Test_table_creation_of_t_ae_pt_soc_diff_slide_safety_summary_table_prune_by_total_2"/>
    <testcase time="0.403000000000006" classname="t_ae_pt_soc_diff_slide" name="Test_table_creation_of_t_ae_pt_soc_diff_slide_safety_summary_table_prune_by_total_2"/>
    <testcase time="0.668999999999983" classname="t_ae_pt_soc_diff_slide" name="Test_table_creation_of_t_ae_pt_soc_diff_slide_safety_summary_table_prune_by_total_2"/>
    <testcase time="0.530000000000001" classname="t_ae_pt_soc_diff_slide" name="Test_table_creation_of_t_ae_pt_soc_diff_slide_safety_summary_table_prune_by_total_2"/>
    <testcase time="0.280000000000001" classname="t_ae_pt_soc_diff_slide" name="Test_table_creation_of_t_ae_pt_soc_diff_slide_safety_summary_table_"/>
  </testsuite>
  <testsuite name="t_ae_slide" timestamp="2025-06-30T08:02:11Z" hostname="8c8ec07d9ec5" tests="2" skipped="0" failures="0" errors="0" time="0.776">
    <testcase time="0.707999999999998" classname="t_ae_slide" name="Test_adverse_event_table_creation_of_t_ae_slide_Adverse_Events_for_Patient_"/>
    <testcase time="0.0680000000000121" classname="t_ae_slide" name="Test_adverse_event_table_creation_of_t_ae_slide_with_null_report"/>
  </testsuite>
  <testsuite name="t_ae_summary_slide" timestamp="2025-06-30T08:02:12Z" hostname="8c8ec07d9ec5" tests="4" skipped="0" failures="0" errors="0" time="1.28">
    <testcase time="0.570999999999998" classname="t_ae_summary_slide" name="Test_table_creation_of_t_ae_summ_slide_safety_summary_table_"/>
    <testcase time="0.586000000000013" classname="t_ae_summary_slide" name="Test_table_creation_of_t_ae_summ_slide_safety_summary_table_"/>
    <testcase time="0.0409999999999968" classname="t_ae_summary_slide" name="Test_t_ae_summ_slide_with_expected_Error"/>
    <testcase time="0.0819999999999936" classname="t_ae_summary_slide" name="Test_t_ae_summ_slide_with_null_report"/>
  </testsuite>
  <testsuite name="t_aesi_slide" timestamp="2025-06-30T08:02:13Z" hostname="8c8ec07d9ec5" tests="5" skipped="0" failures="0" errors="0" time="1.468">
    <testcase time="0.495000000000005" classname="t_aesi_slide" name="Test_table_creation_of_t_aesi_slide_AESI_summary_table_with_AETOXGR_grading"/>
    <testcase time="0.471000000000004" classname="t_aesi_slide" name="Test_table_creation_of_t_aesi_slide_AESI_summary_table_with_AESEV_grading"/>
    <testcase time="0.469999999999999" classname="t_aesi_slide" name="Test_table_creation_of_t_aesi_slide_AESI_summary_table_with_custom_AEGRP_grouping"/>
    <testcase time="0.00999999999999091" classname="t_aesi_slide" name="Test_table_creation_of_t_aesi_slide_with_no_aesi_var_given"/>
    <testcase time="0.0219999999999914" classname="t_aesi_slide" name="Test_table_creation_of_t_aesi_slide_with_aesi_var_not_found_in_dataset"/>
  </testsuite>
  <testsuite name="t_dd_slide" timestamp="2025-06-30T08:02:14Z" hostname="8c8ec07d9ec5" tests="6" skipped="0" failures="0" errors="0" time="1.073">
    <testcase time="0.164000000000016" classname="t_dd_slide" name="Test_table_creation_of_t_dd_slide_death_table_"/>
    <testcase time="0.039999999999992" classname="t_dd_slide" name="Test_t_dd_slide_table_with_expected_Error"/>
    <testcase time="0.0579999999999927" classname="t_dd_slide" name="Test_table_creation_of_with_null_report"/>
    <testcase time="0.224999999999994" classname="t_dd_slide" name="Test_table_creation_of_t_dd_slide_death_table_"/>
    <testcase time="0.361000000000018" classname="t_dd_slide" name="Test_table_creation_of_t_dd_slide_death_table_"/>
    <testcase time="0.224999999999994" classname="t_dd_slide" name="Test_table_creation_of_t_dd_slide_death_table_"/>
  </testsuite>
  <testsuite name="t_dm_slide" timestamp="2025-06-30T08:02:15Z" hostname="8c8ec07d9ec5" tests="6" skipped="0" failures="0" errors="0" time="3.557">
    <testcase time="0.390000000000015" classname="t_dm_slide" name="Test_demographic_table_creation_of_t_dm_slide"/>
    <testcase time="0.736999999999995" classname="t_dm_slide" name="Test_demographic_table_creation_of_t_dm_slide"/>
    <testcase time="0.739000000000004" classname="t_dm_slide" name="Test_demographic_table_creation_of_t_dm_slide"/>
    <testcase time="0.482999999999976" classname="t_dm_slide" name="Test_demographic_table_creation_of_t_dm_slide"/>
    <testcase time="0.468000000000018" classname="t_dm_slide" name="Test_demographic_table_creation_of_t_dm_slide"/>
    <testcase time="0.739999999999981" classname="t_dm_slide" name="Test_demographic_table_creation_of_t_dm_slide"/>
  </testsuite>
  <testsuite name="t_dor_slide" timestamp="2025-06-30T08:02:19Z" hostname="8c8ec07d9ec5" tests="2" skipped="0" failures="0" errors="0" time="0.346">
    <testcase time="0.186000000000007" classname="t_dor_slide" name="Test_DOR_table_when_time_unit_is_DAYS_"/>
    <testcase time="0.159999999999997" classname="t_dor_slide" name="Test_DOR_table_when_time_unit_is_YEARS_"/>
  </testsuite>
  <testsuite name="t_ds_slide" timestamp="2025-06-30T08:02:19Z" hostname="8c8ec07d9ec5" tests="5" skipped="0" failures="0" errors="0" time="2.42">
    <testcase time="0.304000000000002" classname="t_ds_slide" name="Test_table_creation_of_t_ds_slide"/>
    <testcase time="0.611999999999995" classname="t_ds_slide" name="Test_table_creation_of_t_ds_slide"/>
    <testcase time="0.387" classname="t_ds_slide" name="Test_table_creation_of_t_ds_slide"/>
    <testcase time="0.66500000000002" classname="t_ds_slide" name="Test_table_creation_of_t_ds_slide"/>
    <testcase time="0.451999999999998" classname="t_ds_slide" name="Test_table_creation_of_t_ds_slide"/>
  </testsuite>
  <testsuite name="template" timestamp="2025-06-30T08:02:22Z" hostname="8c8ec07d9ec5" tests="24" skipped="0" failures="0" errors="0" time="0.228">
    <testcase time="0.0149999999999864" classname="template" name="list_all_templates_test_1_returns_all_available_templates"/>
    <testcase time="0.0340000000000202" classname="template" name="use_template_test_2_saving_when_no_path_is_specified"/>
    <testcase time="0.00699999999997658" classname="template" name="use_template_test_2_saving_when_no_path_is_specified"/>
    <testcase time="0.0310000000000059" classname="template" name="use_template_test_2_saving_when_no_path_is_specified"/>
    <testcase time="0.00600000000000023" classname="template" name="use_template_test_3_create_folder_when_it_does_not_exist"/>
    <testcase time="0.007000000000005" classname="template" name="use_template_test_3_create_folder_when_it_does_not_exist"/>
    <testcase time="0.0029999999999859" classname="template" name="use_template_test_3_create_folder_when_it_does_not_exist"/>
    <testcase time="0.0100000000000193" classname="template" name="use_template_test_4_expected_errors"/>
    <testcase time="0.0109999999999957" classname="template" name="use_template_test_5_all_templates"/>
    <testcase time="0.007000000000005" classname="template" name="use_template_test_5_all_templates"/>
    <testcase time="0.007000000000005" classname="template" name="use_template_test_5_all_templates"/>
    <testcase time="0.00699999999997658" classname="template" name="use_template_test_5_all_templates"/>
    <testcase time="0.007000000000005" classname="template" name="use_template_test_5_all_templates"/>
    <testcase time="0.007000000000005" classname="template" name="use_template_test_5_all_templates"/>
    <testcase time="0.00600000000000023" classname="template" name="use_template_test_5_all_templates"/>
    <testcase time="0.007000000000005" classname="template" name="use_template_test_5_all_templates"/>
    <testcase time="0.007000000000005" classname="template" name="use_template_test_5_all_templates"/>
    <testcase time="0.007000000000005" classname="template" name="use_template_test_5_all_templates"/>
    <testcase time="0.00699999999997658" classname="template" name="use_template_test_5_all_templates"/>
    <testcase time="0.007000000000005" classname="template" name="use_template_test_5_all_templates"/>
    <testcase time="0.007000000000005" classname="template" name="use_template_test_5_all_templates"/>
    <testcase time="0.007000000000005" classname="template" name="use_template_test_5_all_templates"/>
    <testcase time="0.007000000000005" classname="template" name="use_template_test_5_all_templates"/>
    <testcase time="0.00699999999997658" classname="template" name="use_template_test_5_all_templates"/>
  </testsuite>
  <testsuite name="util" timestamp="2025-06-30T08:02:22Z" hostname="8c8ec07d9ec5" tests="18" skipped="0" failures="0" errors="0" time="0.05">
    <testcase time="0.00800000000000978" classname="util" name="Test_some_functions_in_util.R"/>
    <testcase time="0.00100000000000477" classname="util" name="Test_some_functions_in_util.R"/>
    <testcase time="0.00200000000000955" classname="util" name="Test_some_functions_in_util.R"/>
    <testcase time="0.000999999999976353" classname="util" name="Test_some_functions_in_util.R"/>
    <testcase time="0.00100000000000477" classname="util" name="Test_some_functions_in_util.R"/>
    <testcase time="0.00100000000000477" classname="util" name="Test_some_functions_in_util.R"/>
    <testcase time="0.00800000000000978" classname="util" name="Test_some_functions_in_util.R"/>
    <testcase time="0.00100000000000477" classname="util" name="Test_some_functions_in_util.R"/>
    <testcase time="0.00600000000000023" classname="util" name="Test_some_functions_in_util.R"/>
    <testcase time="0.000999999999976353" classname="util" name="Test_some_functions_in_util.R"/>
    <testcase time="0.007000000000005" classname="util" name="Test_some_functions_in_util.R"/>
    <testcase time="0.00100000000000477" classname="util" name="Test_some_functions_in_util.R"/>
    <testcase time="0.00399999999999068" classname="util" name="Test_some_functions_in_util.R"/>
    <testcase time="0.00300000000001432" classname="util" name="Test_some_functions_in_util.R"/>
    <testcase time="0.00200000000000955" classname="util" name="Test_some_functions_in_util.R"/>
    <testcase time="0.000999999999976353" classname="util" name="Test_some_functions_in_util.R"/>
    <testcase time="0.00100000000000477" classname="util" name="Test_some_functions_in_util.R"/>
    <testcase time="0.00100000000000477" classname="util" name="Test_some_functions_in_util.R"/>
  </testsuite>
  <testsuite name="ai" timestamp="2025-06-30T08:02:22Z" hostname="8c8ec07d9ec5" tests="1" skipped="1" failures="0" errors="0" time="0.053">
    <testcase time="0.0529999999999973" classname="ai" name="Listing_print_correctly">
      <skipped message="Reason: On CI ('test_ai.R:4:3')"/>
    </testcase>
  </testsuite>
  <testsuite name="format_date" timestamp="2025-06-30T08:02:22Z" hostname="8c8ec07d9ec5" tests="5" skipped="0" failures="0" errors="0" time="0.254">
    <testcase time="0.15100000000001" classname="format_date" name="Test_format_date"/>
    <testcase time="0.0279999999999916" classname="format_date" name="Test_format_date"/>
    <testcase time="0.0229999999999961" classname="format_date" name="Test_format_date"/>
    <testcase time="0.0260000000000105" classname="format_date" name="Test_format_date"/>
    <testcase time="0.0260000000000105" classname="format_date" name="Test_format_date"/>
  </testsuite>
</testsuites>
