<?xml version="1.0" encoding="UTF-8"?>
<testsuites>
  <testsuite name="appendix" timestamp="2025-07-01T11:24:36Z" hostname="533a0ee438a5" tests="22" skipped="0" failures="0" errors="0" time="1.669">
    <testcase time="0.222" classname="appendix" name="initialize_to_page_test_1_when_to_page_is_null"/>
    <testcase time="0.0979999999999999" classname="appendix" name="initialize_to_page_test_2_given_to_page_value"/>
    <testcase time="0.0880000000000001" classname="appendix" name="initialize_to_page_test_3_if_to_page_is_too_large"/>
    <testcase time="0.322" classname="appendix" name="postprocessing_doc_test_1_save_file_TRUE"/>
    <testcase time="0.00300000000000011" classname="appendix" name="postprocessing_doc_test_1_save_file_TRUE"/>
    <testcase time="0.0489999999999999" classname="appendix" name="postprocessing_doc_test_2_save_file_FALSE"/>
    <testcase time="0.00299999999999967" classname="appendix" name="postprocessing_doc_test_2_save_file_FALSE"/>
    <testcase time="0.0780000000000003" classname="appendix" name="postprocessing_doc_test_3_doc_o_is_not_a_ppt"/>
    <testcase time="0.052" classname="appendix" name="initialize_doc_original_test_1_returns_existing_doc_original"/>
    <testcase time="0.124" classname="appendix" name="initialize_doc_original_test_2_reads_from_file_when_doc_original_is_NULL"/>
    <testcase time="0.128" classname="appendix" name="append_title_slides_test_1_save_file"/>
    <testcase time="0.004" classname="appendix" name="append_title_slides_test_1_save_file"/>
    <testcase time="0.00400000000000045" classname="appendix" name="append_title_slides_test_1_save_file"/>
    <testcase time="0.125" classname="appendix" name="append_section_header_slides_test_1_not_save_file"/>
    <testcase time="0.00399999999999956" classname="appendix" name="append_section_header_slides_test_1_not_save_file"/>
    <testcase time="0.00400000000000045" classname="appendix" name="append_section_header_slides_test_1_not_save_file"/>
    <testcase time="0.178999999999999" classname="appendix" name="append_all_slides_correctly_adds_multiple_slides_based_on_page_list"/>
    <testcase time="0.00300000000000011" classname="appendix" name="append_all_slides_correctly_adds_multiple_slides_based_on_page_list"/>
    <testcase time="0.00300000000000011" classname="appendix" name="append_all_slides_correctly_adds_multiple_slides_based_on_page_list"/>
    <testcase time="0.0519999999999996" classname="appendix" name="append_all_slides_correctly_adds_multiple_slides_based_on_page_list"/>
    <testcase time="0.00400000000000045" classname="appendix" name="append_all_slides_correctly_adds_multiple_slides_based_on_page_list"/>
    <testcase time="0.119999999999999" classname="appendix" name="append_all_slides_test_2_error_if_page_list_exceeds_max_pages_1"/>
  </testsuite>
  <testsuite name="bad_filters" timestamp="2025-07-01T11:24:38Z" hostname="533a0ee438a5" tests="1" skipped="0" failures="0" errors="0" time="0.036">
    <testcase time="0.0360000000000005" classname="bad_filters" name="Listing_print_correctly"/>
  </testsuite>
  <testsuite name="data_snapshot" timestamp="2025-07-01T11:24:38Z" hostname="533a0ee438a5" tests="1" skipped="1" failures="0" errors="0" time="0.067">
    <testcase time="0.0670000000000002" classname="data_snapshot" name="Test_data_snapshot">
      <skipped message="Reason: On CRAN ('test-data_snapshot.R:6:5')"/>
    </testcase>
  </testsuite>
  <testsuite name="decorate" timestamp="2025-07-01T11:24:38Z" hostname="533a0ee438a5" tests="10" skipped="0" failures="0" errors="0" time="0.88">
    <testcase time="0.115" classname="decorate" name="Test_decoreate.grob_not_to_throw"/>
    <testcase time="0.148" classname="decorate" name="Test_decoreate.grob_not_to_throw"/>
    <testcase time="0.00499999999999989" classname="decorate" name="Test_decoreate_not_to_throw"/>
    <testcase time="0.0970000000000004" classname="decorate" name="Test_decoreate_not_to_throw"/>
    <testcase time="0.0679999999999996" classname="decorate" name="Test_print_not_to_throw"/>
    <testcase time="0.0709999999999997" classname="decorate" name="Test_print_not_to_throw"/>
    <testcase time="0.13" classname="decorate" name="Test_print_not_to_throw"/>
    <testcase time="0.00900000000000034" classname="decorate" name="Test_decoreate_throw"/>
    <testcase time="0.162" classname="decorate" name="Test_ph_with_img_not_to_throw"/>
    <testcase time="0.0750000000000002" classname="decorate" name="Test_ph_with_img_not_to_throw"/>
  </testsuite>
  <testsuite name="filter_spec-verbose" timestamp="2025-07-01T11:24:39Z" hostname="533a0ee438a5" tests="1" skipped="1" failures="0" errors="0" time="0.03">
    <testcase time="0.0300000000000002" classname="filter_spec_verbose" name="Listing_print_correctly">
      <skipped message="Reason: On CRAN ('test-filter_spec-verbose.R:13:3')"/>
    </testcase>
  </testsuite>
  <testsuite name="formats" timestamp="2025-07-01T11:24:39Z" hostname="533a0ee438a5" tests="6" skipped="0" failures="0" errors="0" time="0.111">
    <testcase time="0.0379999999999994" classname="formats" name="new_round_function"/>
    <testcase time="0.0490000000000004" classname="formats" name="new_round_function"/>
    <testcase time="0.00600000000000023" classname="formats" name="xx.xx_xx.xx_"/>
    <testcase time="0.00599999999999934" classname="formats" name="xx.xx_xx.x_"/>
    <testcase time="0.00600000000000023" classname="formats" name="_xx_xx_"/>
    <testcase time="0.00600000000000023" classname="formats" name="xx.xx_xx.xx_xx.xx_"/>
  </testsuite>
  <testsuite name="g_mean_slides" timestamp="2025-07-01T11:24:39Z" hostname="533a0ee438a5" tests="14" skipped="5" failures="0" errors="0" time="0.779">
    <testcase time="0.168" classname="g_mean_slides" name="g_mean_slides_Test_1_Test_graph_creation_of_g_eg_slide_eg_mean_plot_"/>
    <testcase time="0.00100000000000033" classname="g_mean_slides" name="g_mean_slides_Test_1_Test_graph_creation_of_g_eg_slide_eg_mean_plot_">
      <skipped message="Reason: On CI ('test-g_mean_slides.R:20:3')"/>
    </testcase>
    <testcase time="0.0170000000000003" classname="g_mean_slides" name="g_mean_slides_Test_2_Test_error_of_g_eg_slide_"/>
    <testcase time="0.122999999999999" classname="g_mean_slides" name="g_mean_slides_Test_3_Test_graph_creation_of_g_lb_slide_lab_mean_plot_"/>
    <testcase time="0.00200000000000067" classname="g_mean_slides" name="g_mean_slides_Test_3_Test_graph_creation_of_g_lb_slide_lab_mean_plot_">
      <skipped message="Reason: On CI ('test-g_mean_slides.R:37:3')"/>
    </testcase>
    <testcase time="0.130999999999999" classname="g_mean_slides" name="g_mean_slides_Test_4_Test_graph_creation_of_g_lb_slide_lab_change_from_baseline_plot_"/>
    <testcase time="0.00100000000000033" classname="g_mean_slides" name="g_mean_slides_Test_4_Test_graph_creation_of_g_lb_slide_lab_change_from_baseline_plot_">
      <skipped message="Reason: On CI ('test-g_mean_slides.R:54:3')"/>
    </testcase>
    <testcase time="0.0179999999999998" classname="g_mean_slides" name="g_mean_slides_Test_5_Test_error_of_g_lb_slide_"/>
    <testcase time="0.112" classname="g_mean_slides" name="g_mean_slides_Test_6_Test_graph_creation_of_g_vs_slide_vital_sign_mean_plot_"/>
    <testcase time="0.00100000000000033" classname="g_mean_slides" name="g_mean_slides_Test_6_Test_graph_creation_of_g_vs_slide_vital_sign_mean_plot_">
      <skipped message="Reason: On CI ('test-g_mean_slides.R:72:3')"/>
    </testcase>
    <testcase time="0.0190000000000001" classname="g_mean_slides" name="g_mean_slides_Test_7_Test_error_of_g_vs_slide_"/>
    <testcase time="0.129" classname="g_mean_slides" name="g_mean_slides_Test_8_Test_graph_creation_of_g_mean_slide_vital_sign_mean_plot_"/>
    <testcase time="0.00100000000000033" classname="g_mean_slides" name="g_mean_slides_Test_8_Test_graph_creation_of_g_mean_slide_vital_sign_mean_plot_">
      <skipped message="Reason: On CI ('test-g_mean_slides.R:94:3')"/>
    </testcase>
    <testcase time="0.056" classname="g_mean_slides" name="g_mean_slides_Test_9_Test_error_of_general_function_g_mean_slide_"/>
  </testsuite>
  <testsuite name="helper_functions" timestamp="2025-07-01T11:24:40Z" hostname="533a0ee438a5" tests="2" skipped="1" failures="0" errors="0" time="0.066">
    <testcase time="0.0119999999999996" classname="helper_functions" name="Test_some_functions_in_helper_functions.R"/>
    <testcase time="0.0540000000000003" classname="helper_functions" name="Test_some_functions_in_helper_functions.R">
      <skipped message="Reason: On CRAN ('test-helper_functions.R:3:3')"/>
    </testcase>
  </testsuite>
  <testsuite name="l_ae_slide" timestamp="2025-07-01T11:24:40Z" hostname="533a0ee438a5" tests="1" skipped="1" failures="0" errors="0" time="8.923">
    <testcase time="8.923" classname="l_ae_slide" name="Test_listing_creation_of_l_ae_slide_Adverse_Events_Listing_">
      <skipped message="Reason: On CRAN ('test-l_ae_slide.R:7:3')"/>
    </testcase>
  </testsuite>
  <testsuite name="log" timestamp="2025-07-01T11:24:49Z" hostname="533a0ee438a5" tests="2" skipped="0" failures="0" errors="0" time="0.021">
    <testcase time="0.0200000000000014" classname="log" name="Test_some_functions_in_log.R"/>
    <testcase time="0.000999999999999446" classname="log" name="Test_some_functions_in_log.R"/>
  </testsuite>
  <testsuite name="output-table-format" timestamp="2025-07-01T11:24:49Z" hostname="533a0ee438a5" tests="10" skipped="0" failures="0" errors="0" time="3.583">
    <testcase time="0.861000000000001" classname="output_table_format" name="save_an_autoslider_output"/>
    <testcase time="0.146999999999998" classname="output_table_format" name="save_an_autoslider_output"/>
    <testcase time="0.456" classname="output_table_format" name="save_an_autoslider_output"/>
    <testcase time="0.148" classname="output_table_format" name="save_an_autoslider_output"/>
    <testcase time="0.506" classname="output_table_format" name="save_an_autoslider_output"/>
    <testcase time="0.154" classname="output_table_format" name="save_an_autoslider_output"/>
    <testcase time="0.479000000000003" classname="output_table_format" name="save_an_autoslider_output"/>
    <testcase time="0.169999999999998" classname="output_table_format" name="save_an_autoslider_output"/>
    <testcase time="0.478999999999999" classname="output_table_format" name="save_an_autoslider_output"/>
    <testcase time="0.183" classname="output_table_format" name="save_an_autoslider_output"/>
  </testsuite>
  <testsuite name="save_output" timestamp="2025-07-01T11:24:53Z" hostname="533a0ee438a5" tests="5" skipped="1" failures="0" errors="0" time="1.607">
    <testcase time="0.252000000000002" classname="save_output" name="save_an_output"/>
    <testcase time="0.384999999999998" classname="save_output" name="Test_save_output_Save_an_Output_">
      <skipped message="Reason: On CRAN ('test-save_output.R:23:3')"/>
    </testcase>
    <testcase time="0.370000000000001" classname="save_output" name="save_an_output"/>
    <testcase time="0.462" classname="save_output" name="save_an_output"/>
    <testcase time="0.138000000000002" classname="save_output" name="save_an_output"/>
  </testsuite>
  <testsuite name="slides_preview" timestamp="2025-07-01T11:24:54Z" hostname="533a0ee438a5" tests="2" skipped="1" failures="0" errors="0" time="0.77">
    <testcase time="0.759999999999998" classname="slides_preview" name="Test_slides_preview"/>
    <testcase time="0.0100000000000016" classname="slides_preview" name="Test_slides_preview">
      <skipped message="Reason: On CRAN ('test-slides_preview.R:5:3')"/>
    </testcase>
  </testsuite>
  <testsuite name="srep_outputs" timestamp="2025-07-01T11:24:55Z" hostname="533a0ee438a5" tests="289" skipped="0" failures="0" errors="0" time="103.632">
    <testcase time="2.803" classname="srep_outputs" name="Listing_print_correctly"/>
    <testcase time="8.82" classname="srep_outputs" name="Listing_print_correctly"/>
    <testcase time="0.573" classname="srep_outputs" name="Listing_print_correctly"/>
    <testcase time="0.525999999999996" classname="srep_outputs" name="Listing_print_correctly"/>
    <testcase time="0.609999999999999" classname="srep_outputs" name="Listing_print_correctly"/>
    <testcase time="0.517000000000003" classname="srep_outputs" name="Listing_print_correctly"/>
    <testcase time="0.484000000000002" classname="srep_outputs" name="Listing_print_correctly"/>
    <testcase time="0.390999999999998" classname="srep_outputs" name="Listing_print_correctly"/>
    <testcase time="0.534999999999997" classname="srep_outputs" name="Listing_print_correctly"/>
    <testcase time="0.422000000000004" classname="srep_outputs" name="Listing_print_correctly"/>
    <testcase time="0.403999999999996" classname="srep_outputs" name="Listing_print_correctly"/>
    <testcase time="0.127000000000002" classname="srep_outputs" name="Listing_print_correctly"/>
    <testcase time="0.140000000000001" classname="srep_outputs" name="Listing_print_correctly"/>
    <testcase time="32.291" classname="srep_outputs" name="Listing_print_correctly"/>
    <testcase time="0.191999999999993" classname="srep_outputs" name="Listing_print_correctly"/>
    <testcase time="0.192000000000007" classname="srep_outputs" name="Listing_print_correctly"/>
    <testcase time="0.219999999999999" classname="srep_outputs" name="Listing_print_correctly"/>
    <testcase time="0.188000000000002" classname="srep_outputs" name="Listing_print_correctly"/>
    <testcase time="0.192999999999998" classname="srep_outputs" name="Listing_print_correctly"/>
    <testcase time="0.180999999999997" classname="srep_outputs" name="Listing_print_correctly"/>
    <testcase time="0.192999999999998" classname="srep_outputs" name="Listing_print_correctly"/>
    <testcase time="0.189000000000007" classname="srep_outputs" name="Listing_print_correctly"/>
    <testcase time="0.189999999999998" classname="srep_outputs" name="Listing_print_correctly"/>
    <testcase time="0.194999999999993" classname="srep_outputs" name="Listing_print_correctly"/>
    <testcase time="0.200000000000003" classname="srep_outputs" name="Listing_print_correctly"/>
    <testcase time="0.209000000000003" classname="srep_outputs" name="Listing_print_correctly"/>
    <testcase time="0.198999999999998" classname="srep_outputs" name="Listing_print_correctly"/>
    <testcase time="0.206999999999994" classname="srep_outputs" name="Listing_print_correctly"/>
    <testcase time="0.206000000000003" classname="srep_outputs" name="Listing_print_correctly"/>
    <testcase time="0.206000000000003" classname="srep_outputs" name="Listing_print_correctly"/>
    <testcase time="0.203000000000003" classname="srep_outputs" name="Listing_print_correctly"/>
    <testcase time="0.203000000000003" classname="srep_outputs" name="Listing_print_correctly"/>
    <testcase time="0.197999999999993" classname="srep_outputs" name="Listing_print_correctly"/>
    <testcase time="0.194000000000003" classname="srep_outputs" name="Listing_print_correctly"/>
    <testcase time="0.203000000000003" classname="srep_outputs" name="Listing_print_correctly"/>
    <testcase time="0.199999999999989" classname="srep_outputs" name="Listing_print_correctly"/>
    <testcase time="0.199000000000012" classname="srep_outputs" name="Listing_print_correctly"/>
    <testcase time="0.194999999999993" classname="srep_outputs" name="Listing_print_correctly"/>
    <testcase time="0.195000000000007" classname="srep_outputs" name="Listing_print_correctly"/>
    <testcase time="0.193999999999988" classname="srep_outputs" name="Listing_print_correctly"/>
    <testcase time="0.185000000000002" classname="srep_outputs" name="Listing_print_correctly"/>
    <testcase time="0.212000000000003" classname="srep_outputs" name="Listing_print_correctly"/>
    <testcase time="0.194000000000003" classname="srep_outputs" name="Listing_print_correctly"/>
    <testcase time="0.198999999999998" classname="srep_outputs" name="Listing_print_correctly"/>
    <testcase time="0.197000000000003" classname="srep_outputs" name="Listing_print_correctly"/>
    <testcase time="0.197999999999993" classname="srep_outputs" name="Listing_print_correctly"/>
    <testcase time="0.195000000000007" classname="srep_outputs" name="Listing_print_correctly"/>
    <testcase time="0.186999999999998" classname="srep_outputs" name="Listing_print_correctly"/>
    <testcase time="0.192999999999998" classname="srep_outputs" name="Listing_print_correctly"/>
    <testcase time="0.200999999999993" classname="srep_outputs" name="Listing_print_correctly"/>
    <testcase time="0.201000000000008" classname="srep_outputs" name="Listing_print_correctly"/>
    <testcase time="0.197999999999993" classname="srep_outputs" name="Listing_print_correctly"/>
    <testcase time="0.200000000000003" classname="srep_outputs" name="Listing_print_correctly"/>
    <testcase time="0.180999999999997" classname="srep_outputs" name="Listing_print_correctly"/>
    <testcase time="0.212999999999994" classname="srep_outputs" name="Listing_print_correctly"/>
    <testcase time="0.210000000000008" classname="srep_outputs" name="Listing_print_correctly"/>
    <testcase time="0.200999999999993" classname="srep_outputs" name="Listing_print_correctly"/>
    <testcase time="0.204999999999998" classname="srep_outputs" name="Listing_print_correctly"/>
    <testcase time="0.203000000000003" classname="srep_outputs" name="Listing_print_correctly"/>
    <testcase time="0.230000000000004" classname="srep_outputs" name="Listing_print_correctly"/>
    <testcase time="0.206000000000003" classname="srep_outputs" name="Listing_print_correctly"/>
    <testcase time="0.185999999999993" classname="srep_outputs" name="Listing_print_correctly"/>
    <testcase time="0.200000000000003" classname="srep_outputs" name="Listing_print_correctly"/>
    <testcase time="0.200000000000003" classname="srep_outputs" name="Listing_print_correctly"/>
    <testcase time="0.203000000000003" classname="srep_outputs" name="Listing_print_correctly"/>
    <testcase time="0.215999999999994" classname="srep_outputs" name="Listing_print_correctly"/>
    <testcase time="0.204999999999998" classname="srep_outputs" name="Listing_print_correctly"/>
    <testcase time="0.204999999999998" classname="srep_outputs" name="Listing_print_correctly"/>
    <testcase time="0.187000000000012" classname="srep_outputs" name="Listing_print_correctly"/>
    <testcase time="0.205999999999989" classname="srep_outputs" name="Listing_print_correctly"/>
    <testcase time="0.204000000000008" classname="srep_outputs" name="Listing_print_correctly"/>
    <testcase time="0.201999999999998" classname="srep_outputs" name="Listing_print_correctly"/>
    <testcase time="0.200999999999993" classname="srep_outputs" name="Listing_print_correctly"/>
    <testcase time="0.206000000000003" classname="srep_outputs" name="Listing_print_correctly"/>
    <testcase time="0.204000000000008" classname="srep_outputs" name="Listing_print_correctly"/>
    <testcase time="0.181999999999988" classname="srep_outputs" name="Listing_print_correctly"/>
    <testcase time="0.200000000000003" classname="srep_outputs" name="Listing_print_correctly"/>
    <testcase time="0.198000000000008" classname="srep_outputs" name="Listing_print_correctly"/>
    <testcase time="0.200000000000003" classname="srep_outputs" name="Listing_print_correctly"/>
    <testcase time="0.201999999999998" classname="srep_outputs" name="Listing_print_correctly"/>
    <testcase time="0.211999999999989" classname="srep_outputs" name="Listing_print_correctly"/>
    <testcase time="0.203000000000003" classname="srep_outputs" name="Listing_print_correctly"/>
    <testcase time="0.200000000000003" classname="srep_outputs" name="Listing_print_correctly"/>
    <testcase time="0.192999999999998" classname="srep_outputs" name="Listing_print_correctly"/>
    <testcase time="0.207999999999998" classname="srep_outputs" name="Listing_print_correctly"/>
    <testcase time="0.204000000000008" classname="srep_outputs" name="Listing_print_correctly"/>
    <testcase time="0.207999999999998" classname="srep_outputs" name="Listing_print_correctly"/>
    <testcase time="0.209999999999994" classname="srep_outputs" name="Listing_print_correctly"/>
    <testcase time="0.204999999999998" classname="srep_outputs" name="Listing_print_correctly"/>
    <testcase time="0.564000000000007" classname="srep_outputs" name="Listing_print_correctly"/>
    <testcase time="0.179999999999993" classname="srep_outputs" name="Listing_print_correctly"/>
    <testcase time="0.190000000000012" classname="srep_outputs" name="Listing_print_correctly"/>
    <testcase time="0.181999999999988" classname="srep_outputs" name="Listing_print_correctly"/>
    <testcase time="0.183000000000007" classname="srep_outputs" name="Listing_print_correctly"/>
    <testcase time="0.179000000000002" classname="srep_outputs" name="Listing_print_correctly"/>
    <testcase time="0.188000000000002" classname="srep_outputs" name="Listing_print_correctly"/>
    <testcase time="0.177999999999997" classname="srep_outputs" name="Listing_print_correctly"/>
    <testcase time="0.180999999999997" classname="srep_outputs" name="Listing_print_correctly"/>
    <testcase time="0.188000000000002" classname="srep_outputs" name="Listing_print_correctly"/>
    <testcase time="0.185000000000002" classname="srep_outputs" name="Listing_print_correctly"/>
    <testcase time="0.179999999999993" classname="srep_outputs" name="Listing_print_correctly"/>
    <testcase time="0.182000000000002" classname="srep_outputs" name="Listing_print_correctly"/>
    <testcase time="0.185000000000002" classname="srep_outputs" name="Listing_print_correctly"/>
    <testcase time="0.183999999999997" classname="srep_outputs" name="Listing_print_correctly"/>
    <testcase time="0.186000000000007" classname="srep_outputs" name="Listing_print_correctly"/>
    <testcase time="0.182999999999993" classname="srep_outputs" name="Listing_print_correctly"/>
    <testcase time="0.183999999999997" classname="srep_outputs" name="Listing_print_correctly"/>
    <testcase time="0.179000000000002" classname="srep_outputs" name="Listing_print_correctly"/>
    <testcase time="0.186999999999998" classname="srep_outputs" name="Listing_print_correctly"/>
    <testcase time="0.191000000000003" classname="srep_outputs" name="Listing_print_correctly"/>
    <testcase time="0.185000000000002" classname="srep_outputs" name="Listing_print_correctly"/>
    <testcase time="0.178999999999988" classname="srep_outputs" name="Listing_print_correctly"/>
    <testcase time="0.184000000000012" classname="srep_outputs" name="Listing_print_correctly"/>
    <testcase time="0.181999999999988" classname="srep_outputs" name="Listing_print_correctly"/>
    <testcase time="0.183000000000007" classname="srep_outputs" name="Listing_print_correctly"/>
    <testcase time="0.177999999999997" classname="srep_outputs" name="Listing_print_correctly"/>
    <testcase time="0.180999999999997" classname="srep_outputs" name="Listing_print_correctly"/>
    <testcase time="0.173000000000002" classname="srep_outputs" name="Listing_print_correctly"/>
    <testcase time="0.182000000000002" classname="srep_outputs" name="Listing_print_correctly"/>
    <testcase time="0.176999999999992" classname="srep_outputs" name="Listing_print_correctly"/>
    <testcase time="0.186000000000007" classname="srep_outputs" name="Listing_print_correctly"/>
    <testcase time="0.182999999999993" classname="srep_outputs" name="Listing_print_correctly"/>
    <testcase time="0.188000000000002" classname="srep_outputs" name="Listing_print_correctly"/>
    <testcase time="0.176000000000002" classname="srep_outputs" name="Listing_print_correctly"/>
    <testcase time="0.179000000000002" classname="srep_outputs" name="Listing_print_correctly"/>
    <testcase time="0.173999999999992" classname="srep_outputs" name="Listing_print_correctly"/>
    <testcase time="0.182000000000002" classname="srep_outputs" name="Listing_print_correctly"/>
    <testcase time="0.174000000000007" classname="srep_outputs" name="Listing_print_correctly"/>
    <testcase time="0.182000000000002" classname="srep_outputs" name="Listing_print_correctly"/>
    <testcase time="0.174999999999997" classname="srep_outputs" name="Listing_print_correctly"/>
    <testcase time="0.182999999999993" classname="srep_outputs" name="Listing_print_correctly"/>
    <testcase time="0.174000000000007" classname="srep_outputs" name="Listing_print_correctly"/>
    <testcase time="0.201999999999998" classname="srep_outputs" name="Listing_print_correctly"/>
    <testcase time="0.176000000000002" classname="srep_outputs" name="Listing_print_correctly"/>
    <testcase time="0.180999999999997" classname="srep_outputs" name="Listing_print_correctly"/>
    <testcase time="0.173000000000002" classname="srep_outputs" name="Listing_print_correctly"/>
    <testcase time="0.182999999999993" classname="srep_outputs" name="Listing_print_correctly"/>
    <testcase time="0.174000000000007" classname="srep_outputs" name="Listing_print_correctly"/>
    <testcase time="0.182999999999993" classname="srep_outputs" name="Listing_print_correctly"/>
    <testcase time="0.194000000000003" classname="srep_outputs" name="Listing_print_correctly"/>
    <testcase time="0.186999999999998" classname="srep_outputs" name="Listing_print_correctly"/>
    <testcase time="0.174999999999997" classname="srep_outputs" name="Listing_print_correctly"/>
    <testcase time="0.186000000000007" classname="srep_outputs" name="Listing_print_correctly"/>
    <testcase time="0.170000000000002" classname="srep_outputs" name="Listing_print_correctly"/>
    <testcase time="0.189999999999998" classname="srep_outputs" name="Listing_print_correctly"/>
    <testcase time="0.173000000000002" classname="srep_outputs" name="Listing_print_correctly"/>
    <testcase time="0.182999999999993" classname="srep_outputs" name="Listing_print_correctly"/>
    <testcase time="0.174000000000007" classname="srep_outputs" name="Listing_print_correctly"/>
    <testcase time="0.185999999999993" classname="srep_outputs" name="Listing_print_correctly"/>
    <testcase time="0.171000000000006" classname="srep_outputs" name="Listing_print_correctly"/>
    <testcase time="0.188000000000002" classname="srep_outputs" name="Listing_print_correctly"/>
    <testcase time="0.173999999999992" classname="srep_outputs" name="Listing_print_correctly"/>
    <testcase time="0.189000000000007" classname="srep_outputs" name="Listing_print_correctly"/>
    <testcase time="0.176000000000002" classname="srep_outputs" name="Listing_print_correctly"/>
    <testcase time="0.180999999999997" classname="srep_outputs" name="Listing_print_correctly"/>
    <testcase time="0.177999999999997" classname="srep_outputs" name="Listing_print_correctly"/>
    <testcase time="0.192999999999998" classname="srep_outputs" name="Listing_print_correctly"/>
    <testcase time="0.176000000000002" classname="srep_outputs" name="Listing_print_correctly"/>
    <testcase time="0.198999999999998" classname="srep_outputs" name="Listing_print_correctly"/>
    <testcase time="0.177000000000007" classname="srep_outputs" name="Listing_print_correctly"/>
    <testcase time="0.190999999999988" classname="srep_outputs" name="Listing_print_correctly"/>
    <testcase time="0.175000000000011" classname="srep_outputs" name="Listing_print_correctly"/>
    <testcase time="0.189999999999998" classname="srep_outputs" name="Listing_print_correctly"/>
    <testcase time="0.179000000000002" classname="srep_outputs" name="Listing_print_correctly"/>
    <testcase time="0.198999999999998" classname="srep_outputs" name="Listing_print_correctly"/>
    <testcase time="0.174999999999997" classname="srep_outputs" name="Listing_print_correctly"/>
    <testcase time="0.197000000000003" classname="srep_outputs" name="Listing_print_correctly"/>
    <testcase time="0.177999999999997" classname="srep_outputs" name="Listing_print_correctly"/>
    <testcase time="0.197999999999993" classname="srep_outputs" name="Listing_print_correctly"/>
    <testcase time="0.176000000000002" classname="srep_outputs" name="Listing_print_correctly"/>
    <testcase time="0.193000000000012" classname="srep_outputs" name="Listing_print_correctly"/>
    <testcase time="0.178999999999988" classname="srep_outputs" name="Listing_print_correctly"/>
    <testcase time="0.193000000000012" classname="srep_outputs" name="Listing_print_correctly"/>
    <testcase time="0.181999999999988" classname="srep_outputs" name="Listing_print_correctly"/>
    <testcase time="0.227000000000004" classname="srep_outputs" name="Listing_print_correctly"/>
    <testcase time="0.180000000000007" classname="srep_outputs" name="Listing_print_correctly"/>
    <testcase time="0.197999999999993" classname="srep_outputs" name="Listing_print_correctly"/>
    <testcase time="0.180000000000007" classname="srep_outputs" name="Listing_print_correctly"/>
    <testcase time="0.192999999999998" classname="srep_outputs" name="Listing_print_correctly"/>
    <testcase time="0.176999999999992" classname="srep_outputs" name="Listing_print_correctly"/>
    <testcase time="0.197000000000003" classname="srep_outputs" name="Listing_print_correctly"/>
    <testcase time="0.180999999999997" classname="srep_outputs" name="Listing_print_correctly"/>
    <testcase time="0.194000000000003" classname="srep_outputs" name="Listing_print_correctly"/>
    <testcase time="0.177999999999997" classname="srep_outputs" name="Listing_print_correctly"/>
    <testcase time="0.195000000000007" classname="srep_outputs" name="Listing_print_correctly"/>
    <testcase time="0.180999999999997" classname="srep_outputs" name="Listing_print_correctly"/>
    <testcase time="0.191000000000003" classname="srep_outputs" name="Listing_print_correctly"/>
    <testcase time="0.179000000000002" classname="srep_outputs" name="Listing_print_correctly"/>
    <testcase time="0.197999999999993" classname="srep_outputs" name="Listing_print_correctly"/>
    <testcase time="0.180000000000007" classname="srep_outputs" name="Listing_print_correctly"/>
    <testcase time="0.195999999999998" classname="srep_outputs" name="Listing_print_correctly"/>
    <testcase time="0.177999999999997" classname="srep_outputs" name="Listing_print_correctly"/>
    <testcase time="0.209999999999994" classname="srep_outputs" name="Listing_print_correctly"/>
    <testcase time="0.181000000000012" classname="srep_outputs" name="Listing_print_correctly"/>
    <testcase time="0.643000000000001" classname="srep_outputs" name="Listing_print_correctly"/>
    <testcase time="0.174999999999997" classname="srep_outputs" name="Listing_print_correctly"/>
    <testcase time="0.192999999999998" classname="srep_outputs" name="Listing_print_correctly"/>
    <testcase time="0.173000000000002" classname="srep_outputs" name="Listing_print_correctly"/>
    <testcase time="0.188000000000002" classname="srep_outputs" name="Listing_print_correctly"/>
    <testcase time="0.168999999999997" classname="srep_outputs" name="Listing_print_correctly"/>
    <testcase time="0.188000000000002" classname="srep_outputs" name="Listing_print_correctly"/>
    <testcase time="0.164000000000001" classname="srep_outputs" name="Listing_print_correctly"/>
    <testcase time="0.174999999999997" classname="srep_outputs" name="Listing_print_correctly"/>
    <testcase time="0.181000000000012" classname="srep_outputs" name="Listing_print_correctly"/>
    <testcase time="0.176999999999992" classname="srep_outputs" name="Listing_print_correctly"/>
    <testcase time="0.180000000000007" classname="srep_outputs" name="Listing_print_correctly"/>
    <testcase time="0.174999999999997" classname="srep_outputs" name="Listing_print_correctly"/>
    <testcase time="0.180999999999997" classname="srep_outputs" name="Listing_print_correctly"/>
    <testcase time="0.174999999999997" classname="srep_outputs" name="Listing_print_correctly"/>
    <testcase time="0.174999999999997" classname="srep_outputs" name="Listing_print_correctly"/>
    <testcase time="0.171000000000006" classname="srep_outputs" name="Listing_print_correctly"/>
    <testcase time="0.177999999999997" classname="srep_outputs" name="Listing_print_correctly"/>
    <testcase time="0.173000000000002" classname="srep_outputs" name="Listing_print_correctly"/>
    <testcase time="0.182000000000002" classname="srep_outputs" name="Listing_print_correctly"/>
    <testcase time="0.173999999999992" classname="srep_outputs" name="Listing_print_correctly"/>
    <testcase time="0.182000000000002" classname="srep_outputs" name="Listing_print_correctly"/>
    <testcase time="0.185000000000002" classname="srep_outputs" name="Listing_print_correctly"/>
    <testcase time="0.182000000000002" classname="srep_outputs" name="Listing_print_correctly"/>
    <testcase time="0.176000000000002" classname="srep_outputs" name="Listing_print_correctly"/>
    <testcase time="0.183999999999997" classname="srep_outputs" name="Listing_print_correctly"/>
    <testcase time="0.176000000000002" classname="srep_outputs" name="Listing_print_correctly"/>
    <testcase time="0.182000000000002" classname="srep_outputs" name="Listing_print_correctly"/>
    <testcase time="0.177999999999997" classname="srep_outputs" name="Listing_print_correctly"/>
    <testcase time="0.198999999999998" classname="srep_outputs" name="Listing_print_correctly"/>
    <testcase time="0.179000000000002" classname="srep_outputs" name="Listing_print_correctly"/>
    <testcase time="0.185000000000002" classname="srep_outputs" name="Listing_print_correctly"/>
    <testcase time="0.176999999999992" classname="srep_outputs" name="Listing_print_correctly"/>
    <testcase time="0.192999999999998" classname="srep_outputs" name="Listing_print_correctly"/>
    <testcase time="0.172000000000011" classname="srep_outputs" name="Listing_print_correctly"/>
    <testcase time="0.187999999999988" classname="srep_outputs" name="Listing_print_correctly"/>
    <testcase time="0.175000000000011" classname="srep_outputs" name="Listing_print_correctly"/>
    <testcase time="0.189999999999998" classname="srep_outputs" name="Listing_print_correctly"/>
    <testcase time="0.173999999999992" classname="srep_outputs" name="Listing_print_correctly"/>
    <testcase time="0.188000000000002" classname="srep_outputs" name="Listing_print_correctly"/>
    <testcase time="0.174000000000007" classname="srep_outputs" name="Listing_print_correctly"/>
    <testcase time="0.186999999999998" classname="srep_outputs" name="Listing_print_correctly"/>
    <testcase time="0.167999999999992" classname="srep_outputs" name="Listing_print_correctly"/>
    <testcase time="0.189000000000007" classname="srep_outputs" name="Listing_print_correctly"/>
    <testcase time="0.176000000000002" classname="srep_outputs" name="Listing_print_correctly"/>
    <testcase time="0.189999999999998" classname="srep_outputs" name="Listing_print_correctly"/>
    <testcase time="0.173999999999992" classname="srep_outputs" name="Listing_print_correctly"/>
    <testcase time="0.192000000000007" classname="srep_outputs" name="Listing_print_correctly"/>
    <testcase time="0.177999999999997" classname="srep_outputs" name="Listing_print_correctly"/>
    <testcase time="0.194000000000003" classname="srep_outputs" name="Listing_print_correctly"/>
    <testcase time="0.180000000000007" classname="srep_outputs" name="Listing_print_correctly"/>
    <testcase time="0.190999999999988" classname="srep_outputs" name="Listing_print_correctly"/>
    <testcase time="0.180000000000007" classname="srep_outputs" name="Listing_print_correctly"/>
    <testcase time="0.185000000000002" classname="srep_outputs" name="Listing_print_correctly"/>
    <testcase time="0.177000000000007" classname="srep_outputs" name="Listing_print_correctly"/>
    <testcase time="0.183999999999997" classname="srep_outputs" name="Listing_print_correctly"/>
    <testcase time="0.177999999999997" classname="srep_outputs" name="Listing_print_correctly"/>
    <testcase time="0.189000000000007" classname="srep_outputs" name="Listing_print_correctly"/>
    <testcase time="0.179999999999993" classname="srep_outputs" name="Listing_print_correctly"/>
    <testcase time="0.189999999999998" classname="srep_outputs" name="Listing_print_correctly"/>
    <testcase time="0.177000000000007" classname="srep_outputs" name="Listing_print_correctly"/>
    <testcase time="0.189999999999998" classname="srep_outputs" name="Listing_print_correctly"/>
    <testcase time="0.177000000000007" classname="srep_outputs" name="Listing_print_correctly"/>
    <testcase time="0.188999999999993" classname="srep_outputs" name="Listing_print_correctly"/>
    <testcase time="0.179000000000002" classname="srep_outputs" name="Listing_print_correctly"/>
    <testcase time="0.186000000000007" classname="srep_outputs" name="Listing_print_correctly"/>
    <testcase time="0.181999999999988" classname="srep_outputs" name="Listing_print_correctly"/>
    <testcase time="0.180000000000007" classname="srep_outputs" name="Listing_print_correctly"/>
    <testcase time="0.176999999999992" classname="srep_outputs" name="Listing_print_correctly"/>
    <testcase time="0.182000000000002" classname="srep_outputs" name="Listing_print_correctly"/>
    <testcase time="0.555000000000007" classname="srep_outputs" name="Listing_print_correctly"/>
    <testcase time="0.167999999999992" classname="srep_outputs" name="Listing_print_correctly"/>
    <testcase time="0.184000000000012" classname="srep_outputs" name="Listing_print_correctly"/>
    <testcase time="0.165999999999997" classname="srep_outputs" name="Listing_print_correctly"/>
    <testcase time="0.183999999999997" classname="srep_outputs" name="Listing_print_correctly"/>
    <testcase time="0.179999999999993" classname="srep_outputs" name="Listing_print_correctly"/>
    <testcase time="0.185000000000002" classname="srep_outputs" name="Listing_print_correctly"/>
    <testcase time="0.165000000000006" classname="srep_outputs" name="Listing_print_correctly"/>
    <testcase time="0.182000000000002" classname="srep_outputs" name="Listing_print_correctly"/>
    <testcase time="0.170999999999992" classname="srep_outputs" name="Listing_print_correctly"/>
    <testcase time="0.183000000000007" classname="srep_outputs" name="Listing_print_correctly"/>
    <testcase time="0.167999999999992" classname="srep_outputs" name="Listing_print_correctly"/>
    <testcase time="0.183000000000007" classname="srep_outputs" name="Listing_print_correctly"/>
    <testcase time="0.165999999999997" classname="srep_outputs" name="Listing_print_correctly"/>
    <testcase time="0.182000000000002" classname="srep_outputs" name="Listing_print_correctly"/>
    <testcase time="0.165999999999997" classname="srep_outputs" name="Listing_print_correctly"/>
    <testcase time="0.176999999999992" classname="srep_outputs" name="Listing_print_correctly"/>
    <testcase time="0.166000000000011" classname="srep_outputs" name="Listing_print_correctly"/>
    <testcase time="0.182999999999993" classname="srep_outputs" name="Listing_print_correctly"/>
    <testcase time="0.162999999999997" classname="srep_outputs" name="Listing_print_correctly"/>
    <testcase time="0.180999999999997" classname="srep_outputs" name="Listing_print_correctly"/>
    <testcase time="0.131" classname="srep_outputs" name="Listing_print_correctly"/>
    <testcase time="0.122" classname="srep_outputs" name="Listing_print_correctly"/>
    <testcase time="2.65900000000001" classname="srep_outputs" name="Listing_print_correctly"/>
    <testcase time="0.195999999999998" classname="srep_outputs" name="Listing_print_correctly"/>
  </testsuite>
  <testsuite name="t_ae_pt_diff_slide" timestamp="2025-07-01T11:26:39Z" hostname="533a0ee438a5" tests="8" skipped="7" failures="0" errors="0" time="2.731">
    <testcase time="0.237000000000009" classname="t_ae_pt_diff_slide" name="Test_table_creation_of_t_ae_pt_diff_slide_safety_summary_table_">
      <skipped message="Reason: On CRAN ('test-t_ae_pt_diff_slide.R:2:3')"/>
    </testcase>
    <testcase time="0.164999999999992" classname="t_ae_pt_diff_slide" name="Test_table_creation_of_t_ae_pt_diff_slide_safety_summary_table_prune_by_total_2">
      <skipped message="Reason: On CRAN ('test-t_ae_pt_diff_slide.R:6:3')"/>
    </testcase>
    <testcase time="1.27500000000001" classname="t_ae_pt_diff_slide" name="Test_table_creation_of_t_ae_pt_slide_safety_summary_table_prune_by_total_2">
      <skipped message="Reason: On CRAN ('test-t_ae_pt_diff_slide.R:11:3')"/>
    </testcase>
    <testcase time="0.210999999999999" classname="t_ae_pt_diff_slide" name="Test_table_creation_of_t_ae_pt_slide_safety_summary_table_prune_by_total_2">
      <skipped message="Reason: On CRAN ('test-t_ae_pt_diff_slide.R:17:3')"/>
    </testcase>
    <testcase time="0.328000000000003" classname="t_ae_pt_diff_slide" name="Test_table_creation_of_t_ae_pt_slide_safety_summary_table_prune_by_total_2">
      <skipped message="Reason: On CRAN ('test-t_ae_pt_diff_slide.R:25:3')"/>
    </testcase>
    <testcase time="0.125" classname="t_ae_pt_diff_slide" name="Test_table_creation_of_t_ae_pt_diff_slide_safety_summary_table_"/>
    <testcase time="0.311999999999998" classname="t_ae_pt_diff_slide" name="Test_table_creation_of_t_ae_pt_slide_safety_summary_table_prune_by_total_2">
      <skipped message="Reason: On CRAN ('test-t_ae_pt_diff_slide.R:43:3')"/>
    </testcase>
    <testcase time="0.078000000000003" classname="t_ae_pt_diff_slide" name="Test_table_creation_of_t_ae_pt_diff_slide_with_null_report">
      <skipped message="Reason: On CRAN ('test-t_ae_pt_diff_slide.R:57:3')"/>
    </testcase>
  </testsuite>
  <testsuite name="t_ae_pt_slide" timestamp="2025-07-01T11:26:41Z" hostname="533a0ee438a5" tests="6" skipped="6" failures="0" errors="0" time="1.772">
    <testcase time="0.206999999999994" classname="t_ae_pt_slide" name="Test_table_creation_of_t_ae_pt_slide_safety_summary_table_">
      <skipped message="Reason: On CRAN ('test-t_ae_pt_slide.R:2:3')"/>
    </testcase>
    <testcase time="0.204999999999998" classname="t_ae_pt_slide" name="Test_table_creation_of_t_ae_pt_slide_safety_summary_table_prune_by_total_28">
      <skipped message="Reason: On CRAN ('test-t_ae_pt_slide.R:6:3')"/>
    </testcase>
    <testcase time="0.181999999999988" classname="t_ae_pt_slide" name="Test_table_creation_of_t_ae_pt_slide_safety_summary_table_prune_by_total_30">
      <skipped message="Reason: On CRAN ('test-t_ae_pt_slide.R:10:3')"/>
    </testcase>
    <testcase time="0.405000000000001" classname="t_ae_pt_slide" name="Test_table_creation_of_t_ae_pt_soc_slide_safety_summary_table_">
      <skipped message="Reason: On CRAN ('test-t_ae_pt_slide.R:15:3')"/>
    </testcase>
    <testcase time="0.390000000000015" classname="t_ae_pt_slide" name="Test_table_creation_of_t_ae_pt_soc_slide_safety_summary_table_prune_by_total_28">
      <skipped message="Reason: On CRAN ('test-t_ae_pt_slide.R:19:3')"/>
    </testcase>
    <testcase time="0.382999999999981" classname="t_ae_pt_slide" name="Test_table_creation_of_t_ae_pt_soc_slide_safety_summary_table_prune_by_total_30">
      <skipped message="Reason: On CRAN ('test-t_ae_pt_slide.R:23:3')"/>
    </testcase>
  </testsuite>
  <testsuite name="t_ae_pt_soc_diff_slide" timestamp="2025-07-01T11:26:43Z" hostname="533a0ee438a5" tests="5" skipped="4" failures="0" errors="0" time="2.128">
    <testcase time="0.40900000000002" classname="t_ae_pt_soc_diff_slide" name="Test_table_creation_of_t_ae_pt_soc_diff_slide_safety_summary_table_">
      <skipped message="Reason: On CRAN ('test-t_ae_pt_soc_diff_slide.R:2:3')"/>
    </testcase>
    <testcase time="0.347999999999985" classname="t_ae_pt_soc_diff_slide" name="Test_table_creation_of_t_ae_pt_soc_diff_slide_safety_summary_table_prune_by_total_2">
      <skipped message="Reason: On CRAN ('test-t_ae_pt_soc_diff_slide.R:6:3')"/>
    </testcase>
    <testcase time="0.673000000000002" classname="t_ae_pt_soc_diff_slide" name="Test_table_creation_of_t_ae_pt_soc_diff_slide_safety_summary_table_prune_by_total_2">
      <skipped message="Reason: On CRAN ('test-t_ae_pt_soc_diff_slide.R:10:3')"/>
    </testcase>
    <testcase time="0.407999999999987" classname="t_ae_pt_soc_diff_slide" name="Test_table_creation_of_t_ae_pt_soc_diff_slide_safety_summary_table_prune_by_total_2">
      <skipped message="Reason: On CRAN ('test-t_ae_pt_soc_diff_slide.R:16:3')"/>
    </testcase>
    <testcase time="0.29000000000002" classname="t_ae_pt_soc_diff_slide" name="Test_table_creation_of_t_ae_pt_soc_diff_slide_safety_summary_table_"/>
  </testsuite>
  <testsuite name="t_ae_slide" timestamp="2025-07-01T11:26:45Z" hostname="533a0ee438a5" tests="2" skipped="2" failures="0" errors="0" time="0.77">
    <testcase time="0.70999999999998" classname="t_ae_slide" name="Test_adverse_event_table_creation_of_t_ae_slide_Adverse_Events_for_Patient_">
      <skipped message="Reason: On CRAN ('test-t_ae_slide.R:10:3')"/>
    </testcase>
    <testcase time="0.0600000000000023" classname="t_ae_slide" name="Test_adverse_event_table_creation_of_t_ae_slide_with_null_report">
      <skipped message="Reason: On CRAN ('test-t_ae_slide.R:24:3')"/>
    </testcase>
  </testsuite>
  <testsuite name="t_ae_summary_slide" timestamp="2025-07-01T11:26:46Z" hostname="533a0ee438a5" tests="3" skipped="3" failures="0" errors="0" time="0.667">
    <testcase time="0.560000000000002" classname="t_ae_summary_slide" name="Test_table_creation_of_t_ae_summ_slide_safety_summary_table_">
      <skipped message="Reason: On CRAN ('test-t_ae_summary_slide.R:2:3')"/>
    </testcase>
    <testcase time="0.0330000000000155" classname="t_ae_summary_slide" name="Test_t_ae_summ_slide_with_expected_Error">
      <skipped message="Reason: On CRAN ('test-t_ae_summary_slide.R:23:3')"/>
    </testcase>
    <testcase time="0.0739999999999839" classname="t_ae_summary_slide" name="Test_t_ae_summ_slide_with_null_report">
      <skipped message="Reason: On CRAN ('test-t_ae_summary_slide.R:35:3')"/>
    </testcase>
  </testsuite>
  <testsuite name="t_aesi_slide" timestamp="2025-07-01T11:26:47Z" hostname="533a0ee438a5" tests="5" skipped="3" failures="0" errors="0" time="1.436">
    <testcase time="0.481999999999999" classname="t_aesi_slide" name="Test_table_creation_of_t_aesi_slide_AESI_summary_table_with_AETOXGR_grading">
      <skipped message="Reason: On CRAN ('test-t_aesi_slide.R:2:3')"/>
    </testcase>
    <testcase time="0.465000000000003" classname="t_aesi_slide" name="Test_table_creation_of_t_aesi_slide_AESI_summary_table_with_AESEV_grading">
      <skipped message="Reason: On CRAN ('test-t_aesi_slide.R:10:3')"/>
    </testcase>
    <testcase time="0.450000000000017" classname="t_aesi_slide" name="Test_table_creation_of_t_aesi_slide_AESI_summary_table_with_custom_AEGRP_grouping">
      <skipped message="Reason: On CRAN ('test-t_aesi_slide.R:21:3')"/>
    </testcase>
    <testcase time="0.0169999999999959" classname="t_aesi_slide" name="Test_table_creation_of_t_aesi_slide_with_no_aesi_var_given"/>
    <testcase time="0.0219999999999914" classname="t_aesi_slide" name="Test_table_creation_of_t_aesi_slide_with_aesi_var_not_found_in_dataset"/>
  </testsuite>
  <testsuite name="t_dd_slide" timestamp="2025-07-01T11:26:48Z" hostname="533a0ee438a5" tests="5" skipped="5" failures="0" errors="0" time="0.786">
    <testcase time="0.146999999999991" classname="t_dd_slide" name="Test_table_creation_of_t_dd_slide_death_table_">
      <skipped message="Reason: On CRAN ('test-t_dd_slide.R:2:3')"/>
    </testcase>
    <testcase time="0.0330000000000155" classname="t_dd_slide" name="Test_t_dd_slide_table_with_expected_Error">
      <skipped message="Reason: On CRAN ('test-t_dd_slide.R:6:3')"/>
    </testcase>
    <testcase time="0.0490000000000066" classname="t_dd_slide" name="Test_table_creation_of_with_null_report">
      <skipped message="Reason: On CRAN ('test-t_dd_slide.R:10:3')"/>
    </testcase>
    <testcase time="0.207999999999998" classname="t_dd_slide" name="Test_table_creation_of_t_dd_slide_death_table_">
      <skipped message="Reason: On CRAN ('test-t_dd_slide.R:15:3')"/>
    </testcase>
    <testcase time="0.34899999999999" classname="t_dd_slide" name="Test_table_creation_of_t_dd_slide_death_table_">
      <skipped message="Reason: On CRAN ('test-t_dd_slide.R:20:3')"/>
    </testcase>
  </testsuite>
  <testsuite name="t_dm_slide" timestamp="2025-07-01T11:26:49Z" hostname="533a0ee438a5" tests="1" skipped="1" failures="0" errors="0" time="0.374">
    <testcase time="0.373999999999995" classname="t_dm_slide" name="Test_demographic_table_creation_of_t_dm_slide">
      <skipped message="Reason: On CRAN ('test-t_dm_slide.R:3:3')"/>
    </testcase>
  </testsuite>
  <testsuite name="t_dor_slide" timestamp="2025-07-01T11:26:49Z" hostname="533a0ee438a5" tests="2" skipped="2" failures="0" errors="0" time="0.315">
    <testcase time="0.161000000000001" classname="t_dor_slide" name="Test_DOR_table_when_time_unit_is_DAYS_">
      <skipped message="Reason: On CRAN ('test-t_dor_slide.R:8:3')"/>
    </testcase>
    <testcase time="0.153999999999996" classname="t_dor_slide" name="Test_DOR_table_when_time_unit_is_YEARS_">
      <skipped message="Reason: On CRAN ('test-t_dor_slide.R:19:3')"/>
    </testcase>
  </testsuite>
  <testsuite name="t_ds_slide" timestamp="2025-07-01T11:26:50Z" hostname="533a0ee438a5" tests="4" skipped="4" failures="0" errors="0" time="1.916">
    <testcase time="0.296999999999997" classname="t_ds_slide" name="Test_table_creation_of_t_ds_slide">
      <skipped message="Reason: On CRAN ('test-t_ds_slide.R:2:3')"/>
    </testcase>
    <testcase time="0.615000000000009" classname="t_ds_slide" name="Test_table_creation_of_t_ds_slide">
      <skipped message="Reason: On CRAN ('test-t_ds_slide.R:6:3')"/>
    </testcase>
    <testcase time="0.369" classname="t_ds_slide" name="Test_table_creation_of_t_ds_slide">
      <skipped message="Reason: On CRAN ('test-t_ds_slide.R:10:3')"/>
    </testcase>
    <testcase time="0.634999999999991" classname="t_ds_slide" name="Test_table_creation_of_t_ds_slide">
      <skipped message="Reason: On CRAN ('test-t_ds_slide.R:14:3')"/>
    </testcase>
  </testsuite>
  <testsuite name="template" timestamp="2025-07-01T11:26:51Z" hostname="533a0ee438a5" tests="22" skipped="1" failures="0" errors="0" time="0.214">
    <testcase time="0.0260000000000105" classname="template" name="list_all_templates_test_1_returns_all_available_templates"/>
    <testcase time="0.0200000000000102" classname="template" name="use_template_test_2_saving_when_no_path_is_specified">
      <skipped message="Reason: On CRAN ('test-template.R:25:3')"/>
    </testcase>
    <testcase time="0.0169999999999959" classname="template" name="use_template_test_3_create_folder_when_it_does_not_exist"/>
    <testcase time="0.00799999999998136" classname="template" name="use_template_test_3_create_folder_when_it_does_not_exist"/>
    <testcase time="0.00300000000001432" classname="template" name="use_template_test_3_create_folder_when_it_does_not_exist"/>
    <testcase time="0.0109999999999957" classname="template" name="use_template_test_4_expected_errors"/>
    <testcase time="0.0130000000000052" classname="template" name="use_template_test_5_all_templates"/>
    <testcase time="0.007000000000005" classname="template" name="use_template_test_5_all_templates"/>
    <testcase time="0.00799999999998136" classname="template" name="use_template_test_5_all_templates"/>
    <testcase time="0.007000000000005" classname="template" name="use_template_test_5_all_templates"/>
    <testcase time="0.00800000000000978" classname="template" name="use_template_test_5_all_templates"/>
    <testcase time="0.007000000000005" classname="template" name="use_template_test_5_all_templates"/>
    <testcase time="0.0149999999999864" classname="template" name="use_template_test_5_all_templates"/>
    <testcase time="0.007000000000005" classname="template" name="use_template_test_5_all_templates"/>
    <testcase time="0.007000000000005" classname="template" name="use_template_test_5_all_templates"/>
    <testcase time="0.007000000000005" classname="template" name="use_template_test_5_all_templates"/>
    <testcase time="0.00799999999998136" classname="template" name="use_template_test_5_all_templates"/>
    <testcase time="0.007000000000005" classname="template" name="use_template_test_5_all_templates"/>
    <testcase time="0.007000000000005" classname="template" name="use_template_test_5_all_templates"/>
    <testcase time="0.007000000000005" classname="template" name="use_template_test_5_all_templates"/>
    <testcase time="0.007000000000005" classname="template" name="use_template_test_5_all_templates"/>
    <testcase time="0.00699999999997658" classname="template" name="use_template_test_5_all_templates"/>
  </testsuite>
  <testsuite name="util" timestamp="2025-07-01T11:26:52Z" hostname="533a0ee438a5" tests="18" skipped="0" failures="0" errors="0" time="0.052">
    <testcase time="0.00800000000000978" classname="util" name="Test_some_functions_in_util.R"/>
    <testcase time="0.00100000000000477" classname="util" name="Test_some_functions_in_util.R"/>
    <testcase time="0.00100000000000477" classname="util" name="Test_some_functions_in_util.R"/>
    <testcase time="0.00199999999998113" classname="util" name="Test_some_functions_in_util.R"/>
    <testcase time="0.00100000000000477" classname="util" name="Test_some_functions_in_util.R"/>
    <testcase time="0.00100000000000477" classname="util" name="Test_some_functions_in_util.R"/>
    <testcase time="0.007000000000005" classname="util" name="Test_some_functions_in_util.R"/>
    <testcase time="0.00100000000000477" classname="util" name="Test_some_functions_in_util.R"/>
    <testcase time="0.007000000000005" classname="util" name="Test_some_functions_in_util.R"/>
    <testcase time="0.000999999999976353" classname="util" name="Test_some_functions_in_util.R"/>
    <testcase time="0.007000000000005" classname="util" name="Test_some_functions_in_util.R"/>
    <testcase time="0.00100000000000477" classname="util" name="Test_some_functions_in_util.R"/>
    <testcase time="0.00499999999999545" classname="util" name="Test_some_functions_in_util.R"/>
    <testcase time="0.00300000000001432" classname="util" name="Test_some_functions_in_util.R"/>
    <testcase time="0.00199999999998113" classname="util" name="Test_some_functions_in_util.R"/>
    <testcase time="0.00100000000000477" classname="util" name="Test_some_functions_in_util.R"/>
    <testcase time="0.00100000000000477" classname="util" name="Test_some_functions_in_util.R"/>
    <testcase time="0.00200000000000955" classname="util" name="Test_some_functions_in_util.R"/>
  </testsuite>
  <testsuite name="ai" timestamp="2025-07-01T11:26:52Z" hostname="533a0ee438a5" tests="1" skipped="1" failures="0" errors="0" time="0.042">
    <testcase time="0.0420000000000016" classname="ai" name="Listing_print_correctly">
      <skipped message="Reason: On CI ('test_ai.R:4:3')"/>
    </testcase>
  </testsuite>
  <testsuite name="format_date" timestamp="2025-07-01T11:26:52Z" hostname="533a0ee438a5" tests="1" skipped="1" failures="0" errors="0" time="0.135">
    <testcase time="0.134999999999991" classname="format_date" name="Test_format_date">
      <skipped message="Reason: On CRAN ('test_format_date.R:3:3')"/>
    </testcase>
  </testsuite>
</testsuites>
