<?xml version="1.0" encoding="UTF-8"?>
<testsuites>
  <testsuite name="data_snapshot" timestamp="2024-12-01T10:22:28Z" hostname="f1406e819585" tests="1" skipped="1" failures="0" errors="0" time="0.058">
    <testcase time="0.0579999999999998" classname="data_snapshot" name="Test_data_snapshot">
      <skipped message="Reason: On CRAN ('test-data_snapshot.R:6:5')"/>
    </testcase>
  </testsuite>
  <testsuite name="decorate" timestamp="2024-12-01T10:22:28Z" hostname="f1406e819585" tests="6" skipped="0" failures="0" errors="0" time="0.459">
    <testcase time="0.0620000000000003" classname="decorate" name="Test_decoreate_not_to_throw"/>
    <testcase time="0.123" classname="decorate" name="Test_decoreate_not_to_throw"/>
    <testcase time="0.0830000000000002" classname="decorate" name="Test_print_not_to_throw"/>
    <testcase time="0.0600000000000001" classname="decorate" name="Test_print_not_to_throw"/>
    <testcase time="0.121" classname="decorate" name="Test_print_not_to_throw"/>
    <testcase time="0.00999999999999979" classname="decorate" name="Test_decoreate_throw"/>
  </testsuite>
  <testsuite name="log" timestamp="2024-12-01T10:22:28Z" hostname="f1406e819585" tests="2" skipped="0" failures="0" errors="0" time="0.018">
    <testcase time="0.0169999999999999" classname="log" name="Test_some_functions_in_log.R"/>
    <testcase time="0.00100000000000033" classname="log" name="Test_some_functions_in_log.R"/>
  </testsuite>
  <testsuite name="save_output" timestamp="2024-12-01T10:22:28Z" hostname="f1406e819585" tests="1" skipped="0" failures="0" errors="0" time="0.295">
    <testcase time="0.295" classname="save_output" name="save_an_output"/>
  </testsuite>
  <testsuite name="srep_outputs" timestamp="2024-12-01T10:22:28Z" hostname="f1406e819585" tests="3" skipped="0" failures="0" errors="0" time="6.62">
    <testcase time="1.288" classname="srep_outputs" name="Listing_print_correctly"/>
    <testcase time="5.22" classname="srep_outputs" name="Listing_print_correctly"/>
    <testcase time="0.112" classname="srep_outputs" name="Listing_print_correctly"/>
  </testsuite>
  <testsuite name="t_ae_pt_diff_slide" timestamp="2024-12-01T10:22:35Z" hostname="f1406e819585" tests="8" skipped="7" failures="0" errors="0" time="1.593">
    <testcase time="0.176" classname="t_ae_pt_diff_slide" name="Test_table_creation_of_t_ae_pt_diff_slide_safety_summary_table_">
      <skipped message="Reason: On CRAN ('test-t_ae_pt_diff_slide.R:2:3')"/>
    </testcase>
    <testcase time="0.234999999999999" classname="t_ae_pt_diff_slide" name="Test_table_creation_of_t_ae_pt_diff_slide_safety_summary_table_prune_by_total_2">
      <skipped message="Reason: On CRAN ('test-t_ae_pt_diff_slide.R:6:3')"/>
    </testcase>
    <testcase time="0.315" classname="t_ae_pt_diff_slide" name="Test_table_creation_of_t_ae_pt_slide_safety_summary_table_prune_by_total_2">
      <skipped message="Reason: On CRAN ('test-t_ae_pt_diff_slide.R:11:3')"/>
    </testcase>
    <testcase time="0.208" classname="t_ae_pt_diff_slide" name="Test_table_creation_of_t_ae_pt_slide_safety_summary_table_prune_by_total_2">
      <skipped message="Reason: On CRAN ('test-t_ae_pt_diff_slide.R:17:3')"/>
    </testcase>
    <testcase time="0.31" classname="t_ae_pt_diff_slide" name="Test_table_creation_of_t_ae_pt_slide_safety_summary_table_prune_by_total_2">
      <skipped message="Reason: On CRAN ('test-t_ae_pt_diff_slide.R:25:3')"/>
    </testcase>
    <testcase time="0.117000000000001" classname="t_ae_pt_diff_slide" name="Test_table_creation_of_t_ae_pt_diff_slide_safety_summary_table_"/>
    <testcase time="0.16" classname="t_ae_pt_diff_slide" name="Test_table_creation_of_t_ae_pt_slide_safety_summary_table_prune_by_total_2">
      <skipped message="Reason: On CRAN ('test-t_ae_pt_diff_slide.R:43:3')"/>
    </testcase>
    <testcase time="0.0719999999999992" classname="t_ae_pt_diff_slide" name="Test_table_creation_of_t_ae_pt_diff_slide_with_null_report">
      <skipped message="Reason: On CRAN ('test-t_ae_pt_diff_slide.R:57:3')"/>
    </testcase>
  </testsuite>
  <testsuite name="t_ae_pt_slide" timestamp="2024-12-01T10:22:37Z" hostname="f1406e819585" tests="6" skipped="6" failures="0" errors="0" time="1.817">
    <testcase time="0.212999999999999" classname="t_ae_pt_slide" name="Test_table_creation_of_t_ae_pt_slide_safety_summary_table_">
      <skipped message="Reason: On CRAN ('test-t_ae_pt_slide.R:2:3')"/>
    </testcase>
    <testcase time="0.196000000000002" classname="t_ae_pt_slide" name="Test_table_creation_of_t_ae_pt_slide_safety_summary_table_prune_by_total_28">
      <skipped message="Reason: On CRAN ('test-t_ae_pt_slide.R:6:3')"/>
    </testcase>
    <testcase time="0.206999999999999" classname="t_ae_pt_slide" name="Test_table_creation_of_t_ae_pt_slide_safety_summary_table_prune_by_total_30">
      <skipped message="Reason: On CRAN ('test-t_ae_pt_slide.R:10:3')"/>
    </testcase>
    <testcase time="0.407999999999999" classname="t_ae_pt_slide" name="Test_table_creation_of_t_ae_pt_soc_slide_safety_summary_table_">
      <skipped message="Reason: On CRAN ('test-t_ae_pt_slide.R:15:3')"/>
    </testcase>
    <testcase time="0.418000000000001" classname="t_ae_pt_slide" name="Test_table_creation_of_t_ae_pt_soc_slide_safety_summary_table_prune_by_total_28">
      <skipped message="Reason: On CRAN ('test-t_ae_pt_slide.R:19:3')"/>
    </testcase>
    <testcase time="0.375" classname="t_ae_pt_slide" name="Test_table_creation_of_t_ae_pt_soc_slide_safety_summary_table_prune_by_total_30">
      <skipped message="Reason: On CRAN ('test-t_ae_pt_slide.R:23:3')"/>
    </testcase>
  </testsuite>
  <testsuite name="t_ae_pt_soc_diff_slide" timestamp="2024-12-01T10:22:38Z" hostname="f1406e819585" tests="5" skipped="4" failures="0" errors="0" time="2.062">
    <testcase time="0.356999999999999" classname="t_ae_pt_soc_diff_slide" name="Test_table_creation_of_t_ae_pt_soc_diff_slide_safety_summary_table_">
      <skipped message="Reason: On CRAN ('test-t_ae_pt_soc_diff_slide.R:2:3')"/>
    </testcase>
    <testcase time="0.337" classname="t_ae_pt_soc_diff_slide" name="Test_table_creation_of_t_ae_pt_soc_diff_slide_safety_summary_table_prune_by_total_2">
      <skipped message="Reason: On CRAN ('test-t_ae_pt_soc_diff_slide.R:6:3')"/>
    </testcase>
    <testcase time="0.652000000000001" classname="t_ae_pt_soc_diff_slide" name="Test_table_creation_of_t_ae_pt_soc_diff_slide_safety_summary_table_prune_by_total_2">
      <skipped message="Reason: On CRAN ('test-t_ae_pt_soc_diff_slide.R:10:3')"/>
    </testcase>
    <testcase time="0.422000000000001" classname="t_ae_pt_soc_diff_slide" name="Test_table_creation_of_t_ae_pt_soc_diff_slide_safety_summary_table_prune_by_total_2">
      <skipped message="Reason: On CRAN ('test-t_ae_pt_soc_diff_slide.R:16:3')"/>
    </testcase>
    <testcase time="0.293999999999999" classname="t_ae_pt_soc_diff_slide" name="Test_table_creation_of_t_ae_pt_soc_diff_slide_safety_summary_table_"/>
  </testsuite>
  <testsuite name="t_ae_slide" timestamp="2024-12-01T10:22:41Z" hostname="f1406e819585" tests="2" skipped="2" failures="0" errors="0" time="0.765">
    <testcase time="0.708" classname="t_ae_slide" name="Test_adverse_event_table_creation_of_t_ae_slide_Adverse_Events_for_Patient_">
      <skipped message="Reason: On CRAN ('test-t_ae_slide.R:10:3')"/>
    </testcase>
    <testcase time="0.0569999999999986" classname="t_ae_slide" name="Test_adverse_event_table_creation_of_t_ae_slide_with_null_report">
      <skipped message="Reason: On CRAN ('test-t_ae_slide.R:24:3')"/>
    </testcase>
  </testsuite>
  <testsuite name="t_ae_summary_slide" timestamp="2024-12-01T10:22:41Z" hostname="f1406e819585" tests="3" skipped="3" failures="0" errors="0" time="0.728">
    <testcase time="0.611000000000001" classname="t_ae_summary_slide" name="Test_table_creation_of_t_ae_summ_slide_safety_summary_table_">
      <skipped message="Reason: On CRAN ('test-t_ae_summary_slide.R:2:3')"/>
    </testcase>
    <testcase time="0.0440000000000005" classname="t_ae_summary_slide" name="Test_t_ae_summ_slide_with_expected_Error">
      <skipped message="Reason: On CRAN ('test-t_ae_summary_slide.R:23:3')"/>
    </testcase>
    <testcase time="0.0730000000000004" classname="t_ae_summary_slide" name="Test_t_ae_summ_slide_with_null_report">
      <skipped message="Reason: On CRAN ('test-t_ae_summary_slide.R:35:3')"/>
    </testcase>
  </testsuite>
  <testsuite name="t_aesi_slide" timestamp="2024-12-01T10:22:42Z" hostname="f1406e819585" tests="5" skipped="3" failures="0" errors="0" time="1.528">
    <testcase time="0.516999999999999" classname="t_aesi_slide" name="Test_table_creation_of_t_aesi_slide_AESI_summary_table_with_AETOXGR_grading">
      <skipped message="Reason: On CRAN ('test-t_aesi_slide.R:2:3')"/>
    </testcase>
    <testcase time="0.478000000000002" classname="t_aesi_slide" name="Test_table_creation_of_t_aesi_slide_AESI_summary_table_with_AESEV_grading">
      <skipped message="Reason: On CRAN ('test-t_aesi_slide.R:10:3')"/>
    </testcase>
    <testcase time="0.483000000000001" classname="t_aesi_slide" name="Test_table_creation_of_t_aesi_slide_AESI_summary_table_with_custom_AEGRP_grouping">
      <skipped message="Reason: On CRAN ('test-t_aesi_slide.R:21:3')"/>
    </testcase>
    <testcase time="0.0189999999999984" classname="t_aesi_slide" name="Test_table_creation_of_t_aesi_slide_with_no_aesi_var_given"/>
    <testcase time="0.0309999999999988" classname="t_aesi_slide" name="Test_table_creation_of_t_aesi_slide_with_aesi_var_not_found_in_dataset"/>
  </testsuite>
  <testsuite name="t_dd_slide" timestamp="2024-12-01T10:22:44Z" hostname="f1406e819585" tests="5" skipped="5" failures="0" errors="0" time="0.652">
    <testcase time="0.162000000000003" classname="t_dd_slide" name="Test_table_creation_of_t_dd_slide_death_table_">
      <skipped message="Reason: On CRAN ('test-t_dd_slide.R:2:3')"/>
    </testcase>
    <testcase time="0.0389999999999979" classname="t_dd_slide" name="Test_t_dd_slide_table_with_expected_Error">
      <skipped message="Reason: On CRAN ('test-t_dd_slide.R:6:3')"/>
    </testcase>
    <testcase time="0.0560000000000009" classname="t_dd_slide" name="Test_table_creation_of_with_null_report">
      <skipped message="Reason: On CRAN ('test-t_dd_slide.R:10:3')"/>
    </testcase>
    <testcase time="0.225999999999999" classname="t_dd_slide" name="Test_table_creation_of_t_dd_slide_death_table_">
      <skipped message="Reason: On CRAN ('test-t_dd_slide.R:15:3')"/>
    </testcase>
    <testcase time="0.169" classname="t_dd_slide" name="Test_table_creation_of_t_dd_slide_death_table_">
      <skipped message="Reason: On CRAN ('test-t_dd_slide.R:20:3')"/>
    </testcase>
  </testsuite>
  <testsuite name="t_dm_slide" timestamp="2024-12-01T10:22:44Z" hostname="f1406e819585" tests="1" skipped="1" failures="0" errors="0" time="0.392">
    <testcase time="0.391999999999999" classname="t_dm_slide" name="Test_demographic_table_creation_of_t_dm_slide">
      <skipped message="Reason: On CRAN ('test-t_dm_slide.R:3:3')"/>
    </testcase>
  </testsuite>
  <testsuite name="t_dor_slide" timestamp="2024-12-01T10:22:45Z" hostname="f1406e819585" tests="2" skipped="2" failures="0" errors="0" time="0.349">
    <testcase time="0.18" classname="t_dor_slide" name="Test_DOR_table_when_time_unit_is_DAYS_">
      <skipped message="Reason: On CRAN ('test-t_dor_slide.R:8:3')"/>
    </testcase>
    <testcase time="0.169" classname="t_dor_slide" name="Test_DOR_table_when_time_unit_is_YEARS_">
      <skipped message="Reason: On CRAN ('test-t_dor_slide.R:19:3')"/>
    </testcase>
  </testsuite>
  <testsuite name="util" timestamp="2024-12-01T10:22:45Z" hostname="f1406e819585" tests="18" skipped="0" failures="0" errors="0" time="0.06">
    <testcase time="0.0160000000000018" classname="util" name="Test_some_functions_in_util.R"/>
    <testcase time="0.00199999999999889" classname="util" name="Test_some_functions_in_util.R"/>
    <testcase time="0.00100000000000122" classname="util" name="Test_some_functions_in_util.R"/>
    <testcase time="0.000999999999997669" classname="util" name="Test_some_functions_in_util.R"/>
    <testcase time="0.00100000000000122" classname="util" name="Test_some_functions_in_util.R"/>
    <testcase time="0.00100000000000122" classname="util" name="Test_some_functions_in_util.R"/>
    <testcase time="0.00799999999999912" classname="util" name="Test_some_functions_in_util.R"/>
    <testcase time="0.00100000000000122" classname="util" name="Test_some_functions_in_util.R"/>
    <testcase time="0.0069999999999979" classname="util" name="Test_some_functions_in_util.R"/>
    <testcase time="0.00100000000000122" classname="util" name="Test_some_functions_in_util.R"/>
    <testcase time="0.0069999999999979" classname="util" name="Test_some_functions_in_util.R"/>
    <testcase time="0.00100000000000122" classname="util" name="Test_some_functions_in_util.R"/>
    <testcase time="0.00400000000000134" classname="util" name="Test_some_functions_in_util.R"/>
    <testcase time="0.00399999999999778" classname="util" name="Test_some_functions_in_util.R"/>
    <testcase time="0.00100000000000122" classname="util" name="Test_some_functions_in_util.R"/>
    <testcase time="0.00100000000000122" classname="util" name="Test_some_functions_in_util.R"/>
    <testcase time="0.000999999999997669" classname="util" name="Test_some_functions_in_util.R"/>
    <testcase time="0.00200000000000244" classname="util" name="Test_some_functions_in_util.R"/>
  </testsuite>
</testsuites>
