<?xml version="1.0" encoding="UTF-8"?>
<testsuites>
  <testsuite name="bad_filters" timestamp="2024-12-30T11:59:41Z" hostname="a91dfb523876" tests="1" skipped="0" failures="0" errors="0" time="0.028">
    <testcase time="0.028" classname="bad_filters" name="Listing_print_correctly"/>
  </testsuite>
  <testsuite name="data_snapshot" timestamp="2024-12-30T11:59:41Z" hostname="a91dfb523876" tests="18" skipped="0" failures="0" errors="0" time="0.814">
    <testcase time="0.1" classname="data_snapshot" name="Test_data_snapshot"/>
    <testcase time="0.0840000000000001" classname="data_snapshot" name="Test_data_snapshot"/>
    <testcase time="0.028" classname="data_snapshot" name="Test_data_snapshot"/>
    <testcase time="0.052" classname="data_snapshot" name="Test_data_snapshot"/>
    <testcase time="0.0270000000000001" classname="data_snapshot" name="Test_data_snapshot"/>
    <testcase time="0.0739999999999998" classname="data_snapshot" name="Test_data_snapshot"/>
    <testcase time="0.0219999999999998" classname="data_snapshot" name="Test_data_snapshot"/>
    <testcase time="0.052" classname="data_snapshot" name="Test_data_snapshot"/>
    <testcase time="0.0230000000000001" classname="data_snapshot" name="Test_data_snapshot"/>
    <testcase time="0.0619999999999998" classname="data_snapshot" name="Test_data_snapshot"/>
    <testcase time="0.0220000000000002" classname="data_snapshot" name="Test_data_snapshot"/>
    <testcase time="0.0499999999999998" classname="data_snapshot" name="Test_data_snapshot"/>
    <testcase time="0.0380000000000003" classname="data_snapshot" name="Test_data_snapshot"/>
    <testcase time="0.0310000000000001" classname="data_snapshot" name="Test_data_snapshot"/>
    <testcase time="0.0229999999999997" classname="data_snapshot" name="Test_data_snapshot"/>
    <testcase time="0.048" classname="data_snapshot" name="Test_data_snapshot"/>
    <testcase time="0.0220000000000002" classname="data_snapshot" name="Test_data_snapshot"/>
    <testcase time="0.056" classname="data_snapshot" name="Test_data_snapshot"/>
  </testsuite>
  <testsuite name="decorate" timestamp="2024-12-30T11:59:41Z" hostname="a91dfb523876" tests="3" skipped="2" failures="0" errors="0" time="0.424">
    <testcase time="0.143" classname="decorate" name="Test_decoreate_not_to_throw">
      <skipped message="Reason: empty test ('test-decorate.R:21:1')"/>
    </testcase>
    <testcase time="0.249" classname="decorate" name="Test_print_not_to_throw">
      <skipped message="Reason: empty test ('test-decorate.R:34:1')"/>
    </testcase>
    <testcase time="0.032" classname="decorate" name="Test_decoreate_throw"/>
  </testsuite>
  <testsuite name="filter_spec-verbose" timestamp="2024-12-30T11:59:42Z" hostname="a91dfb523876" tests="1" skipped="0" failures="0" errors="0" time="0.04">
    <testcase time="0.04" classname="filter_spec_verbose" name="Listing_print_correctly"/>
  </testsuite>
  <testsuite name="formats" timestamp="2024-12-30T11:59:42Z" hostname="a91dfb523876" tests="6" skipped="0" failures="0" errors="0" time="0.088">
    <testcase time="0.0139999999999998" classname="formats" name="new_round_function"/>
    <testcase time="0.0510000000000002" classname="formats" name="new_round_function"/>
    <testcase time="0.00599999999999978" classname="formats" name="xx.xx_xx.xx_"/>
    <testcase time="0.00600000000000023" classname="formats" name="xx.xx_xx.x_"/>
    <testcase time="0.00499999999999989" classname="formats" name="_xx_xx_"/>
    <testcase time="0.00599999999999978" classname="formats" name="xx.xx_xx.xx_xx.xx_"/>
  </testsuite>
  <testsuite name="g_mean_slides" timestamp="2024-12-30T11:59:42Z" hostname="a91dfb523876" tests="14" skipped="5" failures="0" errors="0" time="0.827">
    <testcase time="0.338000000000001" classname="g_mean_slides" name="g_mean_slides_Test_1_Test_graph_creation_of_g_eg_slide_eg_mean_plot_"/>
    <testcase time="0.000999999999999446" classname="g_mean_slides" name="g_mean_slides_Test_1_Test_graph_creation_of_g_eg_slide_eg_mean_plot_">
      <skipped message="Reason: On CI ('test-g_mean_slides.R:21:3')"/>
    </testcase>
    <testcase time="0.016" classname="g_mean_slides" name="g_mean_slides_Test_2_Test_error_of_g_eg_slide_"/>
    <testcase time="0.103000000000001" classname="g_mean_slides" name="g_mean_slides_Test_3_Test_graph_creation_of_g_lb_slide_lab_mean_plot_"/>
    <testcase time="0.000999999999999446" classname="g_mean_slides" name="g_mean_slides_Test_3_Test_graph_creation_of_g_lb_slide_lab_mean_plot_">
      <skipped message="Reason: On CI ('test-g_mean_slides.R:38:3')"/>
    </testcase>
    <testcase time="0.11" classname="g_mean_slides" name="g_mean_slides_Test_4_Test_graph_creation_of_g_lb_slide_lab_change_from_baseline_plot_"/>
    <testcase time="0.000999999999999446" classname="g_mean_slides" name="g_mean_slides_Test_4_Test_graph_creation_of_g_lb_slide_lab_change_from_baseline_plot_">
      <skipped message="Reason: On CI ('test-g_mean_slides.R:55:3')"/>
    </testcase>
    <testcase time="0.016" classname="g_mean_slides" name="g_mean_slides_Test_5_Test_error_of_g_lb_slide_"/>
    <testcase time="0.0890000000000004" classname="g_mean_slides" name="g_mean_slides_Test_6_Test_graph_creation_of_g_vs_slide_vital_sign_mean_plot_"/>
    <testcase time="0.00100000000000033" classname="g_mean_slides" name="g_mean_slides_Test_6_Test_graph_creation_of_g_vs_slide_vital_sign_mean_plot_">
      <skipped message="Reason: On CI ('test-g_mean_slides.R:73:3')"/>
    </testcase>
    <testcase time="0.0169999999999995" classname="g_mean_slides" name="g_mean_slides_Test_7_Test_error_of_g_vs_slide_"/>
    <testcase time="0.117" classname="g_mean_slides" name="g_mean_slides_Test_8_Test_graph_creation_of_g_mean_slide_vital_sign_mean_plot_"/>
    <testcase time="0.00199999999999978" classname="g_mean_slides" name="g_mean_slides_Test_8_Test_graph_creation_of_g_mean_slide_vital_sign_mean_plot_">
      <skipped message="Reason: On CI ('test-g_mean_slides.R:95:3')"/>
    </testcase>
    <testcase time="0.0150000000000006" classname="g_mean_slides" name="g_mean_slides_Test_9_Test_error_of_general_function_g_mean_slide_"/>
  </testsuite>
  <testsuite name="helper_functions" timestamp="2024-12-30T11:59:43Z" hostname="a91dfb523876" tests="1" skipped="0" failures="0" errors="0" time="0.059">
    <testcase time="0.0590000000000002" classname="helper_functions" name="Test_some_functions_in_helper_functions.R"/>
  </testsuite>
  <testsuite name="l_ae_slide" timestamp="2024-12-30T11:59:43Z" hostname="a91dfb523876" tests="1" skipped="0" failures="0" errors="0" time="7.757">
    <testcase time="7.757" classname="l_ae_slide" name="Test_listing_creation_of_l_ae_slide_Adverse_Events_Listing_"/>
  </testsuite>
  <testsuite name="log" timestamp="2024-12-30T11:59:51Z" hostname="a91dfb523876" tests="2" skipped="0" failures="0" errors="0" time="0.012">
    <testcase time="0.00999999999999979" classname="log" name="Test_some_functions_in_log.R"/>
    <testcase time="0.00200000000000067" classname="log" name="Test_some_functions_in_log.R"/>
  </testsuite>
  <testsuite name="output-table-format" timestamp="2024-12-30T11:59:51Z" hostname="a91dfb523876" tests="1" skipped="1" failures="0" errors="0" time="3.27">
    <testcase time="3.27" classname="output_table_format" name="save_an_autoslider_output">
      <skipped message="Reason: empty test ('test-output-table-format.R:1:1')"/>
    </testcase>
  </testsuite>
  <testsuite name="save_output" timestamp="2024-12-30T11:59:54Z" hostname="a91dfb523876" tests="1" skipped="1" failures="0" errors="0" time="0.224">
    <testcase time="0.224" classname="save_output" name="save_an_output">
      <skipped message="Reason: empty test ('test-save_output.R:1:1')"/>
    </testcase>
  </testsuite>
  <testsuite name="slides_preview" timestamp="2024-12-30T11:59:54Z" hostname="a91dfb523876" tests="2" skipped="0" failures="0" errors="0" time="0.52">
    <testcase time="0.495999999999999" classname="slides_preview" name="Test_slides_preview"/>
    <testcase time="0.0240000000000009" classname="slides_preview" name="Test_slides_preview"/>
  </testsuite>
  <testsuite name="srep_outputs" timestamp="2024-12-30T11:59:55Z" hostname="a91dfb523876" tests="2" skipped="0" failures="0" errors="0" time="91.897">
    <testcase time="2.039" classname="srep_outputs" name="Listing_print_correctly"/>
    <testcase time="89.858" classname="srep_outputs" name="Listing_print_correctly"/>
  </testsuite>
  <testsuite name="t_ae_pt_diff_slide" timestamp="2024-12-30T12:01:27Z" hostname="a91dfb523876" tests="9" skipped="0" failures="0" errors="0" time="1.903">
    <testcase time="0.409999999999997" classname="t_ae_pt_diff_slide" name="Test_table_creation_of_t_ae_pt_diff_slide_safety_summary_table_"/>
    <testcase time="0.156999999999996" classname="t_ae_pt_diff_slide" name="Test_table_creation_of_t_ae_pt_diff_slide_safety_summary_table_prune_by_total_2"/>
    <testcase time="0.298000000000002" classname="t_ae_pt_diff_slide" name="Test_table_creation_of_t_ae_pt_slide_safety_summary_table_prune_by_total_2"/>
    <testcase time="0.203000000000003" classname="t_ae_pt_diff_slide" name="Test_table_creation_of_t_ae_pt_slide_safety_summary_table_prune_by_total_2"/>
    <testcase time="0.302999999999997" classname="t_ae_pt_diff_slide" name="Test_table_creation_of_t_ae_pt_slide_safety_summary_table_prune_by_total_2"/>
    <testcase time="0.189000000000007" classname="t_ae_pt_diff_slide" name="Test_table_creation_of_t_ae_pt_slide_safety_summary_table_prune_by_total_2"/>
    <testcase time="0.10799999999999" classname="t_ae_pt_diff_slide" name="Test_table_creation_of_t_ae_pt_diff_slide_safety_summary_table_"/>
    <testcase time="0.158000000000001" classname="t_ae_pt_diff_slide" name="Test_table_creation_of_t_ae_pt_slide_safety_summary_table_prune_by_total_2"/>
    <testcase time="0.0769999999999982" classname="t_ae_pt_diff_slide" name="Test_table_creation_of_t_ae_pt_diff_slide_with_null_report"/>
  </testsuite>
  <testsuite name="t_ae_pt_slide" timestamp="2024-12-30T12:01:28Z" hostname="a91dfb523876" tests="6" skipped="0" failures="0" errors="0" time="1.702">
    <testcase time="0.206000000000003" classname="t_ae_pt_slide" name="Test_table_creation_of_t_ae_pt_slide_safety_summary_table_"/>
    <testcase time="0.200999999999993" classname="t_ae_pt_slide" name="Test_table_creation_of_t_ae_pt_slide_safety_summary_table_prune_by_total_28"/>
    <testcase time="0.182000000000002" classname="t_ae_pt_slide" name="Test_table_creation_of_t_ae_pt_slide_safety_summary_table_prune_by_total_30"/>
    <testcase time="0.382999999999996" classname="t_ae_pt_slide" name="Test_table_creation_of_t_ae_pt_soc_slide_safety_summary_table_"/>
    <testcase time="0.374000000000009" classname="t_ae_pt_slide" name="Test_table_creation_of_t_ae_pt_soc_slide_safety_summary_table_prune_by_total_28"/>
    <testcase time="0.355999999999995" classname="t_ae_pt_slide" name="Test_table_creation_of_t_ae_pt_soc_slide_safety_summary_table_prune_by_total_30"/>
  </testsuite>
  <testsuite name="t_ae_pt_soc_diff_slide" timestamp="2024-12-30T12:01:30Z" hostname="a91dfb523876" tests="7" skipped="0" failures="0" errors="0" time="3.011">
    <testcase time="0.337000000000003" classname="t_ae_pt_soc_diff_slide" name="Test_table_creation_of_t_ae_pt_soc_diff_slide_safety_summary_table_"/>
    <testcase time="0.325999999999993" classname="t_ae_pt_soc_diff_slide" name="Test_table_creation_of_t_ae_pt_soc_diff_slide_safety_summary_table_prune_by_total_2"/>
    <testcase time="0.606000000000009" classname="t_ae_pt_soc_diff_slide" name="Test_table_creation_of_t_ae_pt_soc_diff_slide_safety_summary_table_prune_by_total_2"/>
    <testcase time="0.382999999999996" classname="t_ae_pt_soc_diff_slide" name="Test_table_creation_of_t_ae_pt_soc_diff_slide_safety_summary_table_prune_by_total_2"/>
    <testcase time="0.611999999999995" classname="t_ae_pt_soc_diff_slide" name="Test_table_creation_of_t_ae_pt_soc_diff_slide_safety_summary_table_prune_by_total_2"/>
    <testcase time="0.480000000000004" classname="t_ae_pt_soc_diff_slide" name="Test_table_creation_of_t_ae_pt_soc_diff_slide_safety_summary_table_prune_by_total_2"/>
    <testcase time="0.266999999999996" classname="t_ae_pt_soc_diff_slide" name="Test_table_creation_of_t_ae_pt_soc_diff_slide_safety_summary_table_"/>
  </testsuite>
  <testsuite name="t_ae_slide" timestamp="2024-12-30T12:01:33Z" hostname="a91dfb523876" tests="2" skipped="0" failures="0" errors="0" time="0.713">
    <testcase time="0.647000000000006" classname="t_ae_slide" name="Test_adverse_event_table_creation_of_t_ae_slide_Adverse_Events_for_Patient_"/>
    <testcase time="0.0660000000000025" classname="t_ae_slide" name="Test_adverse_event_table_creation_of_t_ae_slide_with_null_report"/>
  </testsuite>
  <testsuite name="t_ae_summary_slide" timestamp="2024-12-30T12:01:34Z" hostname="a91dfb523876" tests="4" skipped="0" failures="0" errors="0" time="1.285">
    <testcase time="0.585999999999999" classname="t_ae_summary_slide" name="Test_table_creation_of_t_ae_summ_slide_safety_summary_table_"/>
    <testcase time="0.570999999999998" classname="t_ae_summary_slide" name="Test_table_creation_of_t_ae_summ_slide_safety_summary_table_"/>
    <testcase time="0.0400000000000063" classname="t_ae_summary_slide" name="Test_t_ae_summ_slide_with_expected_Error"/>
    <testcase time="0.0879999999999939" classname="t_ae_summary_slide" name="Test_t_ae_summ_slide_with_null_report"/>
  </testsuite>
  <testsuite name="t_aesi_slide" timestamp="2024-12-30T12:01:35Z" hostname="a91dfb523876" tests="5" skipped="0" failures="0" errors="0" time="1.383">
    <testcase time="0.471999999999994" classname="t_aesi_slide" name="Test_table_creation_of_t_aesi_slide_AESI_summary_table_with_AETOXGR_grading"/>
    <testcase time="0.445000000000007" classname="t_aesi_slide" name="Test_table_creation_of_t_aesi_slide_AESI_summary_table_with_AESEV_grading"/>
    <testcase time="0.427999999999997" classname="t_aesi_slide" name="Test_table_creation_of_t_aesi_slide_AESI_summary_table_with_custom_AEGRP_grouping"/>
    <testcase time="0.00900000000000034" classname="t_aesi_slide" name="Test_table_creation_of_t_aesi_slide_with_no_aesi_var_given"/>
    <testcase time="0.0289999999999964" classname="t_aesi_slide" name="Test_table_creation_of_t_aesi_slide_with_aesi_var_not_found_in_dataset"/>
  </testsuite>
  <testsuite name="t_dd_slide" timestamp="2024-12-30T12:01:37Z" hostname="a91dfb523876" tests="6" skipped="0" failures="0" errors="0" time="0.75">
    <testcase time="0.166000000000011" classname="t_dd_slide" name="Test_table_creation_of_t_dd_slide_death_table_"/>
    <testcase time="0.0379999999999967" classname="t_dd_slide" name="Test_t_dd_slide_table_with_expected_Error"/>
    <testcase time="0.054000000000002" classname="t_dd_slide" name="Test_table_creation_of_with_null_report"/>
    <testcase time="0.23599999999999" classname="t_dd_slide" name="Test_table_creation_of_t_dd_slide_death_table_"/>
    <testcase time="0.159000000000006" classname="t_dd_slide" name="Test_table_creation_of_t_dd_slide_death_table_"/>
    <testcase time="0.0969999999999942" classname="t_dd_slide" name="Test_table_creation_of_t_dd_slide_death_table_"/>
  </testsuite>
  <testsuite name="t_dm_slide" timestamp="2024-12-30T12:01:37Z" hostname="a91dfb523876" tests="5" skipped="0" failures="0" errors="0" time="2.573">
    <testcase time="0.364000000000004" classname="t_dm_slide" name="Test_demographic_table_creation_of_t_dm_slide"/>
    <testcase time="0.664000000000001" classname="t_dm_slide" name="Test_demographic_table_creation_of_t_dm_slide"/>
    <testcase time="0.450999999999993" classname="t_dm_slide" name="Test_demographic_table_creation_of_t_dm_slide"/>
    <testcase time="0.421000000000006" classname="t_dm_slide" name="Test_demographic_table_creation_of_t_dm_slide"/>
    <testcase time="0.673000000000002" classname="t_dm_slide" name="Test_demographic_table_creation_of_t_dm_slide"/>
  </testsuite>
  <testsuite name="t_dor_slide" timestamp="2024-12-30T12:01:40Z" hostname="a91dfb523876" tests="2" skipped="0" failures="0" errors="0" time="0.333">
    <testcase time="0.164999999999992" classname="t_dor_slide" name="Test_DOR_table_when_time_unit_is_DAYS_"/>
    <testcase time="0.168000000000006" classname="t_dor_slide" name="Test_DOR_table_when_time_unit_is_YEARS_"/>
  </testsuite>
  <testsuite name="t_ds_slide" timestamp="2024-12-30T12:01:40Z" hostname="a91dfb523876" tests="5" skipped="0" failures="0" errors="0" time="1.429">
    <testcase time="0.289000000000001" classname="t_ds_slide" name="Test_table_creation_of_t_ds_slide"/>
    <testcase time="0.290999999999997" classname="t_ds_slide" name="Test_table_creation_of_t_ds_slide"/>
    <testcase time="0.363" classname="t_ds_slide" name="Test_table_creation_of_t_ds_slide"/>
    <testcase time="0.301000000000002" classname="t_ds_slide" name="Test_table_creation_of_t_ds_slide"/>
    <testcase time="0.184999999999988" classname="t_ds_slide" name="Test_table_creation_of_t_ds_slide"/>
  </testsuite>
  <testsuite name="util" timestamp="2024-12-30T12:01:42Z" hostname="a91dfb523876" tests="6" skipped="0" failures="0" errors="0" time="0.038">
    <testcase time="0.0150000000000006" classname="util" name="Test_some_functions_in_util.R"/>
    <testcase time="0.007000000000005" classname="util" name="Test_some_functions_in_util.R"/>
    <testcase time="0.007000000000005" classname="util" name="Test_some_functions_in_util.R"/>
    <testcase time="0.00399999999999068" classname="util" name="Test_some_functions_in_util.R"/>
    <testcase time="0.00300000000000011" classname="util" name="Test_some_functions_in_util.R"/>
    <testcase time="0.00200000000000955" classname="util" name="Test_some_functions_in_util.R"/>
  </testsuite>
  <testsuite name="format_date" timestamp="2024-12-30T12:01:42Z" hostname="a91dfb523876" tests="5" skipped="0" failures="0" errors="0" time="0.24">
    <testcase time="0.137" classname="format_date" name="Test_format_date"/>
    <testcase time="0.0279999999999916" classname="format_date" name="Test_format_date"/>
    <testcase time="0.0220000000000056" classname="format_date" name="Test_format_date"/>
    <testcase time="0.027000000000001" classname="format_date" name="Test_format_date"/>
    <testcase time="0.0259999999999962" classname="format_date" name="Test_format_date"/>
  </testsuite>
</testsuites>
