<?xml version="1.0" encoding="UTF-8"?>
<testsuites>
  <testsuite name="bad_filters" timestamp="2024-12-30T11:49:07Z" hostname="1b9f67e2fbf4" tests="1" skipped="0" failures="0" errors="0" time="0.028">
    <testcase time="0.028" classname="bad_filters" name="Listing_print_correctly"/>
  </testsuite>
  <testsuite name="data_snapshot" timestamp="2024-12-30T11:49:07Z" hostname="1b9f67e2fbf4" tests="18" skipped="0" failures="0" errors="0" time="0.823">
    <testcase time="0.103" classname="data_snapshot" name="Test_data_snapshot"/>
    <testcase time="0.0870000000000002" classname="data_snapshot" name="Test_data_snapshot"/>
    <testcase time="0.028" classname="data_snapshot" name="Test_data_snapshot"/>
    <testcase time="0.0529999999999999" classname="data_snapshot" name="Test_data_snapshot"/>
    <testcase time="0.0289999999999999" classname="data_snapshot" name="Test_data_snapshot"/>
    <testcase time="0.0790000000000002" classname="data_snapshot" name="Test_data_snapshot"/>
    <testcase time="0.0219999999999998" classname="data_snapshot" name="Test_data_snapshot"/>
    <testcase time="0.056" classname="data_snapshot" name="Test_data_snapshot"/>
    <testcase time="0.0230000000000001" classname="data_snapshot" name="Test_data_snapshot"/>
    <testcase time="0.048" classname="data_snapshot" name="Test_data_snapshot"/>
    <testcase time="0.0229999999999997" classname="data_snapshot" name="Test_data_snapshot"/>
    <testcase time="0.0510000000000002" classname="data_snapshot" name="Test_data_snapshot"/>
    <testcase time="0.0339999999999998" classname="data_snapshot" name="Test_data_snapshot"/>
    <testcase time="0.0329999999999999" classname="data_snapshot" name="Test_data_snapshot"/>
    <testcase time="0.0220000000000002" classname="data_snapshot" name="Test_data_snapshot"/>
    <testcase time="0.0499999999999998" classname="data_snapshot" name="Test_data_snapshot"/>
    <testcase time="0.024" classname="data_snapshot" name="Test_data_snapshot"/>
    <testcase time="0.0580000000000003" classname="data_snapshot" name="Test_data_snapshot"/>
  </testsuite>
  <testsuite name="decorate" timestamp="2024-12-30T11:49:07Z" hostname="1b9f67e2fbf4" tests="3" skipped="2" failures="0" errors="0" time="0.441">
    <testcase time="0.145" classname="decorate" name="Test_decoreate_not_to_throw">
      <skipped message="Reason: empty test ('test-decorate.R:21:1')"/>
    </testcase>
    <testcase time="0.266" classname="decorate" name="Test_print_not_to_throw">
      <skipped message="Reason: empty test ('test-decorate.R:34:1')"/>
    </testcase>
    <testcase time="0.0299999999999998" classname="decorate" name="Test_decoreate_throw"/>
  </testsuite>
  <testsuite name="filter_spec-verbose" timestamp="2024-12-30T11:49:08Z" hostname="1b9f67e2fbf4" tests="1" skipped="0" failures="0" errors="0" time="0.04">
    <testcase time="0.04" classname="filter_spec_verbose" name="Listing_print_correctly"/>
  </testsuite>
  <testsuite name="formats" timestamp="2024-12-30T11:49:08Z" hostname="1b9f67e2fbf4" tests="6" skipped="0" failures="0" errors="0" time="0.089">
    <testcase time="0.0139999999999998" classname="formats" name="new_round_function"/>
    <testcase time="0.052" classname="formats" name="new_round_function"/>
    <testcase time="0.00600000000000023" classname="formats" name="xx.xx_xx.xx_"/>
    <testcase time="0.00599999999999978" classname="formats" name="xx.xx_xx.x_"/>
    <testcase time="0.00500000000000034" classname="formats" name="_xx_xx_"/>
    <testcase time="0.00599999999999978" classname="formats" name="xx.xx_xx.xx_xx.xx_"/>
  </testsuite>
  <testsuite name="g_mean_slides" timestamp="2024-12-30T11:49:08Z" hostname="1b9f67e2fbf4" tests="14" skipped="5" failures="0" errors="0" time="0.852">
    <testcase time="0.348" classname="g_mean_slides" name="g_mean_slides_Test_1_Test_graph_creation_of_g_eg_slide_eg_mean_plot_"/>
    <testcase time="0.000999999999999446" classname="g_mean_slides" name="g_mean_slides_Test_1_Test_graph_creation_of_g_eg_slide_eg_mean_plot_">
      <skipped message="Reason: On CI ('test-g_mean_slides.R:21:3')"/>
    </testcase>
    <testcase time="0.0150000000000006" classname="g_mean_slides" name="g_mean_slides_Test_2_Test_error_of_g_eg_slide_"/>
    <testcase time="0.109" classname="g_mean_slides" name="g_mean_slides_Test_3_Test_graph_creation_of_g_lb_slide_lab_mean_plot_"/>
    <testcase time="0.000999999999999446" classname="g_mean_slides" name="g_mean_slides_Test_3_Test_graph_creation_of_g_lb_slide_lab_mean_plot_">
      <skipped message="Reason: On CI ('test-g_mean_slides.R:38:3')"/>
    </testcase>
    <testcase time="0.113" classname="g_mean_slides" name="g_mean_slides_Test_4_Test_graph_creation_of_g_lb_slide_lab_change_from_baseline_plot_"/>
    <testcase time="0.000999999999999446" classname="g_mean_slides" name="g_mean_slides_Test_4_Test_graph_creation_of_g_lb_slide_lab_change_from_baseline_plot_">
      <skipped message="Reason: On CI ('test-g_mean_slides.R:55:3')"/>
    </testcase>
    <testcase time="0.016" classname="g_mean_slides" name="g_mean_slides_Test_5_Test_error_of_g_lb_slide_"/>
    <testcase time="0.0910000000000002" classname="g_mean_slides" name="g_mean_slides_Test_6_Test_graph_creation_of_g_vs_slide_vital_sign_mean_plot_"/>
    <testcase time="0.00199999999999978" classname="g_mean_slides" name="g_mean_slides_Test_6_Test_graph_creation_of_g_vs_slide_vital_sign_mean_plot_">
      <skipped message="Reason: On CI ('test-g_mean_slides.R:73:3')"/>
    </testcase>
    <testcase time="0.016" classname="g_mean_slides" name="g_mean_slides_Test_7_Test_error_of_g_vs_slide_"/>
    <testcase time="0.122000000000001" classname="g_mean_slides" name="g_mean_slides_Test_8_Test_graph_creation_of_g_mean_slide_vital_sign_mean_plot_"/>
    <testcase time="0.000999999999999446" classname="g_mean_slides" name="g_mean_slides_Test_8_Test_graph_creation_of_g_mean_slide_vital_sign_mean_plot_">
      <skipped message="Reason: On CI ('test-g_mean_slides.R:95:3')"/>
    </testcase>
    <testcase time="0.016" classname="g_mean_slides" name="g_mean_slides_Test_9_Test_error_of_general_function_g_mean_slide_"/>
  </testsuite>
  <testsuite name="helper_functions" timestamp="2024-12-30T11:49:09Z" hostname="1b9f67e2fbf4" tests="1" skipped="0" failures="0" errors="0" time="0.061">
    <testcase time="0.0609999999999999" classname="helper_functions" name="Test_some_functions_in_helper_functions.R"/>
  </testsuite>
  <testsuite name="l_ae_slide" timestamp="2024-12-30T11:49:09Z" hostname="1b9f67e2fbf4" tests="1" skipped="0" failures="0" errors="0" time="7.93">
    <testcase time="7.93" classname="l_ae_slide" name="Test_listing_creation_of_l_ae_slide_Adverse_Events_Listing_"/>
  </testsuite>
  <testsuite name="log" timestamp="2024-12-30T11:49:17Z" hostname="1b9f67e2fbf4" tests="2" skipped="0" failures="0" errors="0" time="0.012">
    <testcase time="0.011000000000001" classname="log" name="Test_some_functions_in_log.R"/>
    <testcase time="0.000999999999999446" classname="log" name="Test_some_functions_in_log.R"/>
  </testsuite>
  <testsuite name="output-table-format" timestamp="2024-12-30T11:49:17Z" hostname="1b9f67e2fbf4" tests="1" skipped="1" failures="0" errors="0" time="3.362">
    <testcase time="3.362" classname="output_table_format" name="save_an_autoslider_output">
      <skipped message="Reason: empty test ('test-output-table-format.R:1:1')"/>
    </testcase>
  </testsuite>
  <testsuite name="save_output" timestamp="2024-12-30T11:49:20Z" hostname="1b9f67e2fbf4" tests="1" skipped="1" failures="0" errors="0" time="0.228">
    <testcase time="0.227999999999998" classname="save_output" name="save_an_output">
      <skipped message="Reason: empty test ('test-save_output.R:1:1')"/>
    </testcase>
  </testsuite>
  <testsuite name="slides_preview" timestamp="2024-12-30T11:49:20Z" hostname="1b9f67e2fbf4" tests="2" skipped="0" failures="1" errors="0" time="0.621">
    <testcase time="0.510999999999999" classname="slides_preview" name="Test_slides_preview"/>
    <testcase time="0.110000000000003" classname="slides_preview" name="Test_slides_preview">
      <failure type="failure" message="Snapshot of code has changed: ('test-slides_preview.R:6:3')">Snapshot of code has changed:
old[1:22] vs new[1:22]
  Code
    ret$body$dataset
  Output
-                                             V1          V2          V3
+                                               V1          V2          V3
-   1                                        Sex                        
+   1                                          Sex                        
-   2                                          F    79 (59%)  82 (61.2%)
+   2                                            F    79 (59%)  82 (61.2%)
-   3                                          M    55 (41%)  52 (38.8%)
+   3                                            M    55 (41%)  52 (38.8%)
-   4                                        Age                        
+   4                                          Age                        
-   5                                     Median       33.00       35.00
+   5                                       Median       33.00       35.00
-   6                                  Min - Max 21.0 - 50.0 21.0 - 62.0
+   6                                    Min - Max 21.0 - 50.0 21.0 - 62.0
-   7                                       Race                        
+   7                                         Race                        
-   8                                      ASIAN  68 (50.7%)    67 (50%)
+   8                                        ASIAN  68 (50.7%)    67 (50%)
-   9                  BLACK OR AFRICAN AMERICAN  31 (23.1%)  28 (20.9%)
+   9                    BLACK OR AFRICAN AMERICAN  31 (23.1%)  28 (20.9%)
-   10                                     WHITE  27 (20.1%)  26 (19.4%)
+   10                                       WHITE  27 (20.1%)  26 (19.4%)
-   11          AMERICAN INDIAN OR ALASKA NATIVE      8 (6%)   11 (8.2%)
+   11            AMERICAN INDIAN OR ALASKA NATIVE      8 (6%)   11 (8.2%)
-   12                                  MULTIPLE           0    1 (0.7%)
+   12                                    MULTIPLE           0    1 (0.7%)
-   13 NATIVE HAWAIIAN OR OTHER PACIFIC ISLANDER           0    1 (0.7%)
+   13   NATIVE HAWAIIAN OR OTHER PACIFIC ISLANDER           0    1 (0.7%)
-   14                                     OTHER           0           0
+   14                                       OTHER           0           0
-   15                                   UNKNOWN           0           0
+   15                                     UNKNOWN           0           0
                V4          V5
    1                         
    2     70 (53%) 231 (57.8%)

* Run `testthat::snapshot_accept('slides_preview')` to accept the change.
* Run `testthat::snapshot_review('slides_preview')` to interactively review the change.</failure>
    </testcase>
  </testsuite>
  <testsuite name="srep_outputs" timestamp="2024-12-30T11:49:21Z" hostname="1b9f67e2fbf4" tests="2" skipped="0" failures="0" errors="0" time="95.154">
    <testcase time="2.165" classname="srep_outputs" name="Listing_print_correctly"/>
    <testcase time="92.989" classname="srep_outputs" name="Listing_print_correctly"/>
  </testsuite>
  <testsuite name="t_ae_pt_diff_slide" timestamp="2024-12-30T11:50:56Z" hostname="1b9f67e2fbf4" tests="9" skipped="0" failures="0" errors="0" time="1.973">
    <testcase time="0.417999999999992" classname="t_ae_pt_diff_slide" name="Test_table_creation_of_t_ae_pt_diff_slide_safety_summary_table_"/>
    <testcase time="0.170000000000002" classname="t_ae_pt_diff_slide" name="Test_table_creation_of_t_ae_pt_diff_slide_safety_summary_table_prune_by_total_2"/>
    <testcase time="0.305999999999997" classname="t_ae_pt_diff_slide" name="Test_table_creation_of_t_ae_pt_slide_safety_summary_table_prune_by_total_2"/>
    <testcase time="0.208000000000013" classname="t_ae_pt_diff_slide" name="Test_table_creation_of_t_ae_pt_slide_safety_summary_table_prune_by_total_2"/>
    <testcase time="0.317999999999998" classname="t_ae_pt_diff_slide" name="Test_table_creation_of_t_ae_pt_slide_safety_summary_table_prune_by_total_2"/>
    <testcase time="0.197000000000003" classname="t_ae_pt_diff_slide" name="Test_table_creation_of_t_ae_pt_slide_safety_summary_table_prune_by_total_2"/>
    <testcase time="0.109000000000009" classname="t_ae_pt_diff_slide" name="Test_table_creation_of_t_ae_pt_diff_slide_safety_summary_table_"/>
    <testcase time="0.168999999999997" classname="t_ae_pt_diff_slide" name="Test_table_creation_of_t_ae_pt_slide_safety_summary_table_prune_by_total_2"/>
    <testcase time="0.078000000000003" classname="t_ae_pt_diff_slide" name="Test_table_creation_of_t_ae_pt_diff_slide_with_null_report"/>
  </testsuite>
  <testsuite name="t_ae_pt_slide" timestamp="2024-12-30T11:50:58Z" hostname="1b9f67e2fbf4" tests="6" skipped="0" failures="0" errors="0" time="1.755">
    <testcase time="0.211999999999989" classname="t_ae_pt_slide" name="Test_table_creation_of_t_ae_pt_slide_safety_summary_table_"/>
    <testcase time="0.204000000000008" classname="t_ae_pt_slide" name="Test_table_creation_of_t_ae_pt_slide_safety_summary_table_prune_by_total_28"/>
    <testcase time="0.191000000000003" classname="t_ae_pt_slide" name="Test_table_creation_of_t_ae_pt_slide_safety_summary_table_prune_by_total_30"/>
    <testcase time="0.394999999999996" classname="t_ae_pt_slide" name="Test_table_creation_of_t_ae_pt_soc_slide_safety_summary_table_"/>
    <testcase time="0.384999999999991" classname="t_ae_pt_slide" name="Test_table_creation_of_t_ae_pt_soc_slide_safety_summary_table_prune_by_total_28"/>
    <testcase time="0.368000000000009" classname="t_ae_pt_slide" name="Test_table_creation_of_t_ae_pt_soc_slide_safety_summary_table_prune_by_total_30"/>
  </testsuite>
  <testsuite name="t_ae_pt_soc_diff_slide" timestamp="2024-12-30T11:51:00Z" hostname="1b9f67e2fbf4" tests="7" skipped="0" failures="0" errors="0" time="3.135">
    <testcase time="0.355999999999995" classname="t_ae_pt_soc_diff_slide" name="Test_table_creation_of_t_ae_pt_soc_diff_slide_safety_summary_table_"/>
    <testcase time="0.322000000000003" classname="t_ae_pt_soc_diff_slide" name="Test_table_creation_of_t_ae_pt_soc_diff_slide_safety_summary_table_prune_by_total_2"/>
    <testcase time="0.638000000000005" classname="t_ae_pt_soc_diff_slide" name="Test_table_creation_of_t_ae_pt_soc_diff_slide_safety_summary_table_prune_by_total_2"/>
    <testcase time="0.402999999999992" classname="t_ae_pt_soc_diff_slide" name="Test_table_creation_of_t_ae_pt_soc_diff_slide_safety_summary_table_prune_by_total_2"/>
    <testcase time="0.641000000000005" classname="t_ae_pt_soc_diff_slide" name="Test_table_creation_of_t_ae_pt_soc_diff_slide_safety_summary_table_prune_by_total_2"/>
    <testcase time="0.507000000000005" classname="t_ae_pt_soc_diff_slide" name="Test_table_creation_of_t_ae_pt_soc_diff_slide_safety_summary_table_prune_by_total_2"/>
    <testcase time="0.267999999999986" classname="t_ae_pt_soc_diff_slide" name="Test_table_creation_of_t_ae_pt_soc_diff_slide_safety_summary_table_"/>
  </testsuite>
  <testsuite name="t_ae_slide" timestamp="2024-12-30T11:51:03Z" hostname="1b9f67e2fbf4" tests="2" skipped="0" failures="0" errors="0" time="0.759">
    <testcase time="0.693000000000012" classname="t_ae_slide" name="Test_adverse_event_table_creation_of_t_ae_slide_Adverse_Events_for_Patient_"/>
    <testcase time="0.0659999999999883" classname="t_ae_slide" name="Test_adverse_event_table_creation_of_t_ae_slide_with_null_report"/>
  </testsuite>
  <testsuite name="t_ae_summary_slide" timestamp="2024-12-30T11:51:04Z" hostname="1b9f67e2fbf4" tests="4" skipped="0" failures="0" errors="0" time="1.878">
    <testcase time="0.604000000000013" classname="t_ae_summary_slide" name="Test_table_creation_of_t_ae_summ_slide_safety_summary_table_"/>
    <testcase time="0.594999999999999" classname="t_ae_summary_slide" name="Test_table_creation_of_t_ae_summ_slide_safety_summary_table_"/>
    <testcase time="0.039999999999992" classname="t_ae_summary_slide" name="Test_t_ae_summ_slide_with_expected_Error"/>
    <testcase time="0.638999999999996" classname="t_ae_summary_slide" name="Test_t_ae_summ_slide_with_null_report"/>
  </testsuite>
  <testsuite name="t_aesi_slide" timestamp="2024-12-30T11:51:06Z" hostname="1b9f67e2fbf4" tests="5" skipped="0" failures="0" errors="0" time="1.396">
    <testcase time="0.483000000000004" classname="t_aesi_slide" name="Test_table_creation_of_t_aesi_slide_AESI_summary_table_with_AETOXGR_grading"/>
    <testcase time="0.441999999999993" classname="t_aesi_slide" name="Test_table_creation_of_t_aesi_slide_AESI_summary_table_with_AESEV_grading"/>
    <testcase time="0.433000000000007" classname="t_aesi_slide" name="Test_table_creation_of_t_aesi_slide_AESI_summary_table_with_custom_AEGRP_grouping"/>
    <testcase time="0.00799999999999557" classname="t_aesi_slide" name="Test_table_creation_of_t_aesi_slide_with_no_aesi_var_given"/>
    <testcase time="0.0300000000000011" classname="t_aesi_slide" name="Test_table_creation_of_t_aesi_slide_with_aesi_var_not_found_in_dataset"/>
  </testsuite>
  <testsuite name="t_dd_slide" timestamp="2024-12-30T11:51:07Z" hostname="1b9f67e2fbf4" tests="6" skipped="0" failures="0" errors="0" time="0.725">
    <testcase time="0.167000000000002" classname="t_dd_slide" name="Test_table_creation_of_t_dd_slide_death_table_"/>
    <testcase time="0.0379999999999967" classname="t_dd_slide" name="Test_t_dd_slide_table_with_expected_Error"/>
    <testcase time="0.0570000000000022" classname="t_dd_slide" name="Test_table_creation_of_with_null_report"/>
    <testcase time="0.212000000000003" classname="t_dd_slide" name="Test_table_creation_of_t_dd_slide_death_table_"/>
    <testcase time="0.161999999999992" classname="t_dd_slide" name="Test_table_creation_of_t_dd_slide_death_table_"/>
    <testcase time="0.0889999999999986" classname="t_dd_slide" name="Test_table_creation_of_t_dd_slide_death_table_"/>
  </testsuite>
  <testsuite name="t_dm_slide" timestamp="2024-12-30T11:51:08Z" hostname="1b9f67e2fbf4" tests="5" skipped="0" failures="0" errors="0" time="2.505">
    <testcase time="0.355000000000004" classname="t_dm_slide" name="Test_demographic_table_creation_of_t_dm_slide"/>
    <testcase time="0.650000000000006" classname="t_dm_slide" name="Test_demographic_table_creation_of_t_dm_slide"/>
    <testcase time="0.448999999999998" classname="t_dm_slide" name="Test_demographic_table_creation_of_t_dm_slide"/>
    <testcase time="0.399000000000001" classname="t_dm_slide" name="Test_demographic_table_creation_of_t_dm_slide"/>
    <testcase time="0.652000000000001" classname="t_dm_slide" name="Test_demographic_table_creation_of_t_dm_slide"/>
  </testsuite>
  <testsuite name="t_dor_slide" timestamp="2024-12-30T11:51:10Z" hostname="1b9f67e2fbf4" tests="2" skipped="0" failures="0" errors="0" time="0.337">
    <testcase time="0.170000000000002" classname="t_dor_slide" name="Test_DOR_table_when_time_unit_is_DAYS_"/>
    <testcase time="0.167000000000002" classname="t_dor_slide" name="Test_DOR_table_when_time_unit_is_YEARS_"/>
  </testsuite>
  <testsuite name="t_ds_slide" timestamp="2024-12-30T11:51:11Z" hostname="1b9f67e2fbf4" tests="5" skipped="0" failures="0" errors="0" time="1.409">
    <testcase time="0.283999999999992" classname="t_ds_slide" name="Test_table_creation_of_t_ds_slide"/>
    <testcase time="0.284999999999997" classname="t_ds_slide" name="Test_table_creation_of_t_ds_slide"/>
    <testcase time="0.365000000000009" classname="t_ds_slide" name="Test_table_creation_of_t_ds_slide"/>
    <testcase time="0.302999999999997" classname="t_ds_slide" name="Test_table_creation_of_t_ds_slide"/>
    <testcase time="0.172000000000011" classname="t_ds_slide" name="Test_table_creation_of_t_ds_slide"/>
  </testsuite>
  <testsuite name="util" timestamp="2024-12-30T11:51:12Z" hostname="1b9f67e2fbf4" tests="6" skipped="0" failures="0" errors="0" time="0.048">
    <testcase time="0.0159999999999911" classname="util" name="Test_some_functions_in_util.R"/>
    <testcase time="0.00800000000000978" classname="util" name="Test_some_functions_in_util.R"/>
    <testcase time="0.00699999999997658" classname="util" name="Test_some_functions_in_util.R"/>
    <testcase time="0.0040000000000191" classname="util" name="Test_some_functions_in_util.R"/>
    <testcase time="0.00999999999999091" classname="util" name="Test_some_functions_in_util.R"/>
    <testcase time="0.00300000000001432" classname="util" name="Test_some_functions_in_util.R"/>
  </testsuite>
  <testsuite name="format_date" timestamp="2024-12-30T11:51:12Z" hostname="1b9f67e2fbf4" tests="5" skipped="0" failures="0" errors="0" time="0.247">
    <testcase time="0.143999999999977" classname="format_date" name="Test_format_date"/>
    <testcase time="0.02800000000002" classname="format_date" name="Test_format_date"/>
    <testcase time="0.0229999999999961" classname="format_date" name="Test_format_date"/>
    <testcase time="0.025999999999982" classname="format_date" name="Test_format_date"/>
    <testcase time="0.0260000000000105" classname="format_date" name="Test_format_date"/>
  </testsuite>
</testsuites>
