<?xml version="1.0" encoding="UTF-8"?>
<testsuites>
  <testsuite name="appendix" timestamp="2025-09-17T06:30:02Z" hostname="04741984f0b8" tests="22" skipped="0" failures="0" errors="0" time="1.562">
    <testcase time="0.24" classname="appendix" name="initialize_to_page_test_1_when_to_page_is_null"/>
    <testcase time="0.113" classname="appendix" name="initialize_to_page_test_2_given_to_page_value"/>
    <testcase time="0.077" classname="appendix" name="initialize_to_page_test_3_if_to_page_is_too_large"/>
    <testcase time="0.125" classname="appendix" name="postprocessing_doc_test_1_save_file_TRUE"/>
    <testcase time="0.00300000000000011" classname="appendix" name="postprocessing_doc_test_1_save_file_TRUE"/>
    <testcase time="0.0539999999999998" classname="appendix" name="postprocessing_doc_test_2_save_file_FALSE"/>
    <testcase time="0.00300000000000011" classname="appendix" name="postprocessing_doc_test_2_save_file_FALSE"/>
    <testcase time="0.0790000000000002" classname="appendix" name="postprocessing_doc_test_3_doc_o_is_not_a_ppt"/>
    <testcase time="0.0619999999999998" classname="appendix" name="initialize_doc_original_test_1_returns_existing_doc_original"/>
    <testcase time="0.124" classname="appendix" name="initialize_doc_original_test_2_reads_from_file_when_doc_original_is_NULL"/>
    <testcase time="0.142" classname="appendix" name="append_title_slides_test_1_save_file"/>
    <testcase time="0.00299999999999923" classname="appendix" name="append_title_slides_test_1_save_file"/>
    <testcase time="0.00400000000000045" classname="appendix" name="append_title_slides_test_1_save_file"/>
    <testcase time="0.13" classname="appendix" name="append_section_header_slides_test_1_not_save_file"/>
    <testcase time="0.00400000000000045" classname="appendix" name="append_section_header_slides_test_1_not_save_file"/>
    <testcase time="0.00299999999999923" classname="appendix" name="append_section_header_slides_test_1_not_save_file"/>
    <testcase time="0.203" classname="appendix" name="append_all_slides_correctly_adds_multiple_slides_based_on_page_list"/>
    <testcase time="0.00300000000000011" classname="appendix" name="append_all_slides_correctly_adds_multiple_slides_based_on_page_list"/>
    <testcase time="0.00300000000000011" classname="appendix" name="append_all_slides_correctly_adds_multiple_slides_based_on_page_list"/>
    <testcase time="0.0529999999999999" classname="appendix" name="append_all_slides_correctly_adds_multiple_slides_based_on_page_list"/>
    <testcase time="0.00399999999999956" classname="appendix" name="append_all_slides_correctly_adds_multiple_slides_based_on_page_list"/>
    <testcase time="0.130000000000001" classname="appendix" name="append_all_slides_test_2_error_if_page_list_exceeds_max_pages_1"/>
  </testsuite>
  <testsuite name="assert" timestamp="2025-09-17T06:30:04Z" hostname="04741984f0b8" tests="17" skipped="0" failures="0" errors="0" time="0.093">
    <testcase time="0.0209999999999999" classname="assert" name="assert_is_character_scalar_works_correctly"/>
    <testcase time="0.00499999999999989" classname="assert" name="assert_is_character_scalar_works_correctly"/>
    <testcase time="0.00499999999999989" classname="assert" name="assert_is_character_scalar_works_correctly"/>
    <testcase time="0.00399999999999956" classname="assert" name="assert_is_character_scalar_works_correctly"/>
    <testcase time="0.00500000000000078" classname="assert" name="assert_is_character_scalar_works_correctly"/>
    <testcase time="0.00399999999999956" classname="assert" name="assert_is_character_scalar_works_correctly"/>
    <testcase time="0.00499999999999989" classname="assert" name="assert_exists_in_spec_or_calling_env_is_robustly_testable"/>
    <testcase time="0.00199999999999978" classname="assert" name="assert_exists_in_spec_or_calling_env_is_robustly_testable"/>
    <testcase time="0.00499999999999989" classname="assert" name="assert_exists_in_spec_or_calling_env_is_robustly_testable"/>
    <testcase time="0.00500000000000078" classname="assert" name="assert_is_valid_filter_result_passes_with_valid_inputs"/>
    <testcase time="0.00199999999999978" classname="assert" name="assert_is_valid_filter_result_passes_with_valid_inputs"/>
    <testcase time="0.00800000000000001" classname="assert" name="assert_is_valid_filter_result_fails_with_invalid_inputs"/>
    <testcase time="0.00399999999999956" classname="assert" name="assert_is_valid_filter_result_fails_with_invalid_inputs"/>
    <testcase time="0.00499999999999989" classname="assert" name="assert_is_valid_filter_result_fails_with_invalid_inputs"/>
    <testcase time="0.00400000000000045" classname="assert" name="assert_is_valid_filter_result_fails_with_invalid_inputs"/>
    <testcase time="0.00499999999999989" classname="assert" name="assert_is_valid_filter_result_fails_with_invalid_inputs"/>
    <testcase time="0.00400000000000045" classname="assert" name="assert_is_valid_filter_result_fails_with_invalid_inputs"/>
  </testsuite>
  <testsuite name="bad_filters" timestamp="2025-09-17T06:30:04Z" hostname="04741984f0b8" tests="1" skipped="0" failures="0" errors="0" time="0.04">
    <testcase time="0.04" classname="bad_filters" name="Listing_print_correctly"/>
  </testsuite>
  <testsuite name="data_snapshot" timestamp="2025-09-17T06:30:04Z" hostname="04741984f0b8" tests="1" skipped="1" failures="0" errors="0" time="0.009">
    <testcase time="0.00899999999999945" classname="data_snapshot" name="Test_data_snapshot">
      <skipped message="Reason: On CRAN ('test-data_snapshot.R:2:3')"/>
    </testcase>
  </testsuite>
  <testsuite name="decorate" timestamp="2025-09-17T06:30:04Z" hostname="04741984f0b8" tests="10" skipped="0" failures="0" errors="0" time="1.565">
    <testcase time="0.197" classname="decorate" name="Test_decoreate.grob_not_to_throw"/>
    <testcase time="0.259" classname="decorate" name="Test_decoreate.grob_not_to_throw"/>
    <testcase time="0.00499999999999989" classname="decorate" name="Test_decoreate_not_to_throw"/>
    <testcase time="0.391" classname="decorate" name="Test_decoreate_not_to_throw"/>
    <testcase time="0.123" classname="decorate" name="Test_print_not_to_throw"/>
    <testcase time="0.122" classname="decorate" name="Test_print_not_to_throw"/>
    <testcase time="0.19" classname="decorate" name="Test_print_not_to_throw"/>
    <testcase time="0.00800000000000001" classname="decorate" name="Test_decoreate_throw"/>
    <testcase time="0.206" classname="decorate" name="Test_ph_with_img_not_to_throw"/>
    <testcase time="0.0640000000000001" classname="decorate" name="Test_ph_with_img_not_to_throw"/>
  </testsuite>
  <testsuite name="filter_spec-verbose" timestamp="2025-09-17T06:30:06Z" hostname="04741984f0b8" tests="1" skipped="1" failures="0" errors="0" time="0.042">
    <testcase time="0.0420000000000007" classname="filter_spec_verbose" name="Listing_print_correctly">
      <skipped message="Reason: On CRAN ('test-filter_spec-verbose.R:13:3')"/>
    </testcase>
  </testsuite>
  <testsuite name="formats" timestamp="2025-09-17T06:30:06Z" hostname="04741984f0b8" tests="6" skipped="0" failures="0" errors="0" time="0.108">
    <testcase time="0.0309999999999997" classname="formats" name="new_round_function"/>
    <testcase time="0.0519999999999996" classname="formats" name="new_round_function"/>
    <testcase time="0.00700000000000056" classname="formats" name="xx.xx_xx.xx_"/>
    <testcase time="0.00599999999999934" classname="formats" name="xx.xx_xx.x_"/>
    <testcase time="0.00600000000000023" classname="formats" name="_xx_xx_"/>
    <testcase time="0.00600000000000023" classname="formats" name="xx.xx_xx.xx_xx.xx_"/>
  </testsuite>
  <testsuite name="ft_format" timestamp="2025-09-17T06:30:07Z" hostname="04741984f0b8" tests="2" skipped="0" failures="0" errors="0" time="1.739">
    <testcase time="1.734" classname="ft_format" name="demographic_table_formatting"/>
    <testcase time="0.00500000000000078" classname="ft_format" name="demographic_table_formatting"/>
  </testsuite>
  <testsuite name="func_wrapper" timestamp="2025-09-17T06:30:08Z" hostname="04741984f0b8" tests="5" skipped="0" failures="0" errors="0" time="0.644">
    <testcase time="0.449999999999999" classname="func_wrapper" name="legacy_with_datasets_and_spec"/>
    <testcase time="0.137" classname="func_wrapper" name="legacy_with_datasets_but_no_spec"/>
    <testcase time="0.0190000000000001" classname="func_wrapper" name="modern_with_named_datasets_and_spec"/>
    <testcase time="0.0190000000000001" classname="func_wrapper" name="modern_with_named_datasets_but_no_spec"/>
    <testcase time="0.0190000000000001" classname="func_wrapper" name="modern_with_named_spec_but_no_datasets"/>
  </testsuite>
  <testsuite name="g_mean_slides" timestamp="2025-09-17T06:30:08Z" hostname="04741984f0b8" tests="14" skipped="5" failures="0" errors="0" time="0.823">
    <testcase time="0.162999999999998" classname="g_mean_slides" name="g_mean_slides_Test_1_Test_graph_creation_of_g_eg_slide_eg_mean_plot_"/>
    <testcase time="0.00100000000000122" classname="g_mean_slides" name="g_mean_slides_Test_1_Test_graph_creation_of_g_eg_slide_eg_mean_plot_">
      <skipped message="Reason: On CI ('test-g_mean_slides.R:20:3')"/>
    </testcase>
    <testcase time="0.0190000000000001" classname="g_mean_slides" name="g_mean_slides_Test_2_Test_error_of_g_eg_slide_"/>
    <testcase time="0.138999999999999" classname="g_mean_slides" name="g_mean_slides_Test_3_Test_graph_creation_of_g_lb_slide_lab_mean_plot_"/>
    <testcase time="0.00200000000000067" classname="g_mean_slides" name="g_mean_slides_Test_3_Test_graph_creation_of_g_lb_slide_lab_mean_plot_">
      <skipped message="Reason: On CI ('test-g_mean_slides.R:37:3')"/>
    </testcase>
    <testcase time="0.151" classname="g_mean_slides" name="g_mean_slides_Test_4_Test_graph_creation_of_g_lb_slide_lab_change_from_baseline_plot_"/>
    <testcase time="0.00199999999999889" classname="g_mean_slides" name="g_mean_slides_Test_4_Test_graph_creation_of_g_lb_slide_lab_change_from_baseline_plot_">
      <skipped message="Reason: On CI ('test-g_mean_slides.R:54:3')"/>
    </testcase>
    <testcase time="0.0180000000000007" classname="g_mean_slides" name="g_mean_slides_Test_5_Test_error_of_g_lb_slide_"/>
    <testcase time="0.154" classname="g_mean_slides" name="g_mean_slides_Test_6_Test_graph_creation_of_g_vs_slide_vital_sign_mean_plot_"/>
    <testcase time="0.000999999999999446" classname="g_mean_slides" name="g_mean_slides_Test_6_Test_graph_creation_of_g_vs_slide_vital_sign_mean_plot_">
      <skipped message="Reason: On CI ('test-g_mean_slides.R:72:3')"/>
    </testcase>
    <testcase time="0.0190000000000001" classname="g_mean_slides" name="g_mean_slides_Test_7_Test_error_of_g_vs_slide_"/>
    <testcase time="0.134" classname="g_mean_slides" name="g_mean_slides_Test_8_Test_graph_creation_of_g_mean_slide_vital_sign_mean_plot_"/>
    <testcase time="0.00200000000000067" classname="g_mean_slides" name="g_mean_slides_Test_8_Test_graph_creation_of_g_mean_slide_vital_sign_mean_plot_">
      <skipped message="Reason: On CI ('test-g_mean_slides.R:94:3')"/>
    </testcase>
    <testcase time="0.0179999999999989" classname="g_mean_slides" name="g_mean_slides_Test_9_Test_error_of_general_function_g_mean_slide_"/>
  </testsuite>
  <testsuite name="helper_functions" timestamp="2025-09-17T06:30:09Z" hostname="04741984f0b8" tests="2" skipped="1" failures="0" errors="0" time="0.078">
    <testcase time="0.0120000000000005" classname="helper_functions" name="Test_some_functions_in_helper_functions.R"/>
    <testcase time="0.0660000000000007" classname="helper_functions" name="Test_some_functions_in_helper_functions.R">
      <skipped message="Reason: On CRAN ('test-helper_functions.R:3:3')"/>
    </testcase>
  </testsuite>
  <testsuite name="l_ae_slide" timestamp="2025-09-17T06:30:09Z" hostname="04741984f0b8" tests="1" skipped="1" failures="0" errors="0" time="8.599">
    <testcase time="8.599" classname="l_ae_slide" name="Test_listing_creation_of_l_ae_slide_Adverse_Events_Listing_">
      <skipped message="Reason: On CRAN ('test-l_ae_slide.R:7:3')"/>
    </testcase>
  </testsuite>
  <testsuite name="log" timestamp="2025-09-17T06:30:18Z" hostname="04741984f0b8" tests="2" skipped="0" failures="0" errors="0" time="0.021">
    <testcase time="0.0200000000000031" classname="log" name="Test_some_functions_in_log.R"/>
    <testcase time="0.000999999999997669" classname="log" name="Test_some_functions_in_log.R"/>
  </testsuite>
  <testsuite name="output-table-format" timestamp="2025-09-17T06:30:18Z" hostname="04741984f0b8" tests="5" skipped="0" failures="0" errors="0" time="3.437">
    <testcase time="0.848000000000003" classname="output_table_format" name="save_an_autoslider_output"/>
    <testcase time="0.617999999999999" classname="output_table_format" name="save_an_autoslider_output"/>
    <testcase time="0.634" classname="output_table_format" name="save_an_autoslider_output"/>
    <testcase time="0.654" classname="output_table_format" name="save_an_autoslider_output"/>
    <testcase time="0.683" classname="output_table_format" name="save_an_autoslider_output"/>
  </testsuite>
  <testsuite name="save_output" timestamp="2025-09-17T06:30:21Z" hostname="04741984f0b8" tests="4" skipped="1" failures="0" errors="0" time="1.435">
    <testcase time="0.213000000000001" classname="save_output" name="save_an_output"/>
    <testcase time="0.346999999999998" classname="save_output" name="Test_save_output_Save_an_Output_">
      <skipped message="Reason: On CRAN ('test-save_output.R:23:3')"/>
    </testcase>
    <testcase time="0.287000000000003" classname="save_output" name="save_an_output"/>
    <testcase time="0.587999999999997" classname="save_output" name="save_an_output"/>
  </testsuite>
  <testsuite name="slides_preview" timestamp="2025-09-17T06:30:23Z" hostname="04741984f0b8" tests="2" skipped="1" failures="0" errors="0" time="0.599">
    <testcase time="0.589000000000002" classname="slides_preview" name="Test_slides_preview"/>
    <testcase time="0.00999999999999801" classname="slides_preview" name="Test_slides_preview">
      <skipped message="Reason: On CRAN ('test-slides_preview.R:5:3')"/>
    </testcase>
  </testsuite>
  <testsuite name="srep_outputs" timestamp="2025-09-17T06:30:23Z" hostname="04741984f0b8" tests="1" skipped="1" failures="0" errors="0" time="0.019">
    <testcase time="0.0190000000000019" classname="srep_outputs" name="Listing_print_correctly">
      <skipped message="Reason: On CRAN ('test-srep_outputs.R:4:3')"/>
    </testcase>
  </testsuite>
  <testsuite name="t_ae_pt_diff_slide" timestamp="2025-09-17T06:30:23Z" hostname="04741984f0b8" tests="8" skipped="7" failures="0" errors="0" time="1.875">
    <testcase time="0.186999999999998" classname="t_ae_pt_diff_slide" name="Test_table_creation_of_t_ae_pt_diff_slide_safety_summary_table_">
      <skipped message="Reason: On CRAN ('test-t_ae_pt_diff_slide.R:2:3')"/>
    </testcase>
    <testcase time="0.185000000000002" classname="t_ae_pt_diff_slide" name="Test_table_creation_of_t_ae_pt_diff_slide_safety_summary_table_prune_by_total_2">
      <skipped message="Reason: On CRAN ('test-t_ae_pt_diff_slide.R:6:3')"/>
    </testcase>
    <testcase time="0.358999999999998" classname="t_ae_pt_diff_slide" name="Test_table_creation_of_t_ae_pt_slide_safety_summary_table_prune_by_total_2">
      <skipped message="Reason: On CRAN ('test-t_ae_pt_diff_slide.R:11:3')"/>
    </testcase>
    <testcase time="0.231999999999999" classname="t_ae_pt_diff_slide" name="Test_table_creation_of_t_ae_pt_slide_safety_summary_table_prune_by_total_2">
      <skipped message="Reason: On CRAN ('test-t_ae_pt_diff_slide.R:17:3')"/>
    </testcase>
    <testcase time="0.366000000000003" classname="t_ae_pt_diff_slide" name="Test_table_creation_of_t_ae_pt_slide_safety_summary_table_prune_by_total_2">
      <skipped message="Reason: On CRAN ('test-t_ae_pt_diff_slide.R:25:3')"/>
    </testcase>
    <testcase time="0.132999999999999" classname="t_ae_pt_diff_slide" name="Test_table_creation_of_t_ae_pt_diff_slide_safety_summary_table_"/>
    <testcase time="0.34" classname="t_ae_pt_diff_slide" name="Test_table_creation_of_t_ae_pt_slide_safety_summary_table_prune_by_total_2">
      <skipped message="Reason: On CRAN ('test-t_ae_pt_diff_slide.R:43:3')"/>
    </testcase>
    <testcase time="0.0730000000000004" classname="t_ae_pt_diff_slide" name="Test_table_creation_of_t_ae_pt_diff_slide_with_null_report">
      <skipped message="Reason: On CRAN ('test-t_ae_pt_diff_slide.R:57:3')"/>
    </testcase>
  </testsuite>
  <testsuite name="t_ae_pt_slide" timestamp="2025-09-17T06:30:25Z" hostname="04741984f0b8" tests="6" skipped="6" failures="0" errors="0" time="1.881">
    <testcase time="0.227" classname="t_ae_pt_slide" name="Test_table_creation_of_t_ae_pt_slide_safety_summary_table_">
      <skipped message="Reason: On CRAN ('test-t_ae_pt_slide.R:2:3')"/>
    </testcase>
    <testcase time="0.215" classname="t_ae_pt_slide" name="Test_table_creation_of_t_ae_pt_slide_safety_summary_table_prune_by_total_28">
      <skipped message="Reason: On CRAN ('test-t_ae_pt_slide.R:6:3')"/>
    </testcase>
    <testcase time="0.192" classname="t_ae_pt_slide" name="Test_table_creation_of_t_ae_pt_slide_safety_summary_table_prune_by_total_30">
      <skipped message="Reason: On CRAN ('test-t_ae_pt_slide.R:10:3')"/>
    </testcase>
    <testcase time="0.437999999999999" classname="t_ae_pt_slide" name="Test_table_creation_of_t_ae_pt_soc_slide_safety_summary_table_">
      <skipped message="Reason: On CRAN ('test-t_ae_pt_slide.R:15:3')"/>
    </testcase>
    <testcase time="0.404" classname="t_ae_pt_slide" name="Test_table_creation_of_t_ae_pt_soc_slide_safety_summary_table_prune_by_total_28">
      <skipped message="Reason: On CRAN ('test-t_ae_pt_slide.R:19:3')"/>
    </testcase>
    <testcase time="0.405000000000001" classname="t_ae_pt_slide" name="Test_table_creation_of_t_ae_pt_soc_slide_safety_summary_table_prune_by_total_30">
      <skipped message="Reason: On CRAN ('test-t_ae_pt_slide.R:23:3')"/>
    </testcase>
  </testsuite>
  <testsuite name="t_ae_pt_soc_diff_slide" timestamp="2025-09-17T06:30:27Z" hostname="04741984f0b8" tests="5" skipped="4" failures="0" errors="0" time="2.424">
    <testcase time="0.373999999999999" classname="t_ae_pt_soc_diff_slide" name="Test_table_creation_of_t_ae_pt_soc_diff_slide_safety_summary_table_">
      <skipped message="Reason: On CRAN ('test-t_ae_pt_soc_diff_slide.R:2:3')"/>
    </testcase>
    <testcase time="0.347999999999999" classname="t_ae_pt_soc_diff_slide" name="Test_table_creation_of_t_ae_pt_soc_diff_slide_safety_summary_table_prune_by_total_2">
      <skipped message="Reason: On CRAN ('test-t_ae_pt_soc_diff_slide.R:6:3')"/>
    </testcase>
    <testcase time="0.711000000000002" classname="t_ae_pt_soc_diff_slide" name="Test_table_creation_of_t_ae_pt_soc_diff_slide_safety_summary_table_prune_by_total_2">
      <skipped message="Reason: On CRAN ('test-t_ae_pt_soc_diff_slide.R:10:3')"/>
    </testcase>
    <testcase time="0.696999999999999" classname="t_ae_pt_soc_diff_slide" name="Test_table_creation_of_t_ae_pt_soc_diff_slide_safety_summary_table_prune_by_total_2">
      <skipped message="Reason: On CRAN ('test-t_ae_pt_soc_diff_slide.R:16:3')"/>
    </testcase>
    <testcase time="0.294" classname="t_ae_pt_soc_diff_slide" name="Test_table_creation_of_t_ae_pt_soc_diff_slide_safety_summary_table_"/>
  </testsuite>
  <testsuite name="t_ae_slide" timestamp="2025-09-17T06:30:29Z" hostname="04741984f0b8" tests="2" skipped="2" failures="0" errors="0" time="0.772">
    <testcase time="0.702999999999999" classname="t_ae_slide" name="Test_adverse_event_table_creation_of_t_ae_slide_Adverse_Events_for_Patient_">
      <skipped message="Reason: On CRAN ('test-t_ae_slide.R:10:3')"/>
    </testcase>
    <testcase time="0.0689999999999991" classname="t_ae_slide" name="Test_adverse_event_table_creation_of_t_ae_slide_with_null_report">
      <skipped message="Reason: On CRAN ('test-t_ae_slide.R:24:3')"/>
    </testcase>
  </testsuite>
  <testsuite name="t_ae_summary_slide" timestamp="2025-09-17T06:30:30Z" hostname="04741984f0b8" tests="3" skipped="3" failures="0" errors="0" time="0.696">
    <testcase time="0.586000000000002" classname="t_ae_summary_slide" name="Test_table_creation_of_t_ae_summ_slide_safety_summary_table_">
      <skipped message="Reason: On CRAN ('test-t_ae_summary_slide.R:2:3')"/>
    </testcase>
    <testcase time="0.0350000000000001" classname="t_ae_summary_slide" name="Test_t_ae_summ_slide_with_expected_Error">
      <skipped message="Reason: On CRAN ('test-t_ae_summary_slide.R:23:3')"/>
    </testcase>
    <testcase time="0.0749999999999993" classname="t_ae_summary_slide" name="Test_t_ae_summ_slide_with_null_report">
      <skipped message="Reason: On CRAN ('test-t_ae_summary_slide.R:35:3')"/>
    </testcase>
  </testsuite>
  <testsuite name="t_aesi_slide" timestamp="2025-09-17T06:30:31Z" hostname="04741984f0b8" tests="5" skipped="3" failures="0" errors="0" time="1.459">
    <testcase time="0.484999999999999" classname="t_aesi_slide" name="Test_table_creation_of_t_aesi_slide_AESI_summary_table_with_AETOXGR_grading">
      <skipped message="Reason: On CRAN ('test-t_aesi_slide.R:2:3')"/>
    </testcase>
    <testcase time="0.466999999999999" classname="t_aesi_slide" name="Test_table_creation_of_t_aesi_slide_AESI_summary_table_with_AESEV_grading">
      <skipped message="Reason: On CRAN ('test-t_aesi_slide.R:10:3')"/>
    </testcase>
    <testcase time="0.454999999999998" classname="t_aesi_slide" name="Test_table_creation_of_t_aesi_slide_AESI_summary_table_with_custom_AEGRP_grouping">
      <skipped message="Reason: On CRAN ('test-t_aesi_slide.R:21:3')"/>
    </testcase>
    <testcase time="0.017000000000003" classname="t_aesi_slide" name="Test_table_creation_of_t_aesi_slide_with_no_aesi_var_given"/>
    <testcase time="0.0349999999999966" classname="t_aesi_slide" name="Test_table_creation_of_t_aesi_slide_with_aesi_var_not_found_in_dataset"/>
  </testsuite>
  <testsuite name="t_dd_slide" timestamp="2025-09-17T06:30:32Z" hostname="04741984f0b8" tests="5" skipped="5" failures="0" errors="0" time="0.814">
    <testcase time="0.151000000000003" classname="t_dd_slide" name="Test_table_creation_of_t_dd_slide_death_table_">
      <skipped message="Reason: On CRAN ('test-t_dd_slide.R:2:3')"/>
    </testcase>
    <testcase time="0.0339999999999989" classname="t_dd_slide" name="Test_t_dd_slide_table_with_expected_Error">
      <skipped message="Reason: On CRAN ('test-t_dd_slide.R:6:3')"/>
    </testcase>
    <testcase time="0.0510000000000019" classname="t_dd_slide" name="Test_table_creation_of_with_null_report">
      <skipped message="Reason: On CRAN ('test-t_dd_slide.R:10:3')"/>
    </testcase>
    <testcase time="0.219000000000001" classname="t_dd_slide" name="Test_table_creation_of_t_dd_slide_death_table_">
      <skipped message="Reason: On CRAN ('test-t_dd_slide.R:15:3')"/>
    </testcase>
    <testcase time="0.358999999999995" classname="t_dd_slide" name="Test_table_creation_of_t_dd_slide_death_table_">
      <skipped message="Reason: On CRAN ('test-t_dd_slide.R:20:3')"/>
    </testcase>
  </testsuite>
  <testsuite name="t_dm_slide" timestamp="2025-09-17T06:30:33Z" hostname="04741984f0b8" tests="1" skipped="1" failures="0" errors="0" time="0.38">
    <testcase time="0.380000000000003" classname="t_dm_slide" name="Test_demographic_table_creation_of_t_dm_slide">
      <skipped message="Reason: On CRAN ('test-t_dm_slide.R:3:3')"/>
    </testcase>
  </testsuite>
  <testsuite name="t_dor_slide" timestamp="2025-09-17T06:30:34Z" hostname="04741984f0b8" tests="2" skipped="2" failures="0" errors="0" time="0.334">
    <testcase time="0.176000000000002" classname="t_dor_slide" name="Test_DOR_table_when_time_unit_is_DAYS_">
      <skipped message="Reason: On CRAN ('test-t_dor_slide.R:8:3')"/>
    </testcase>
    <testcase time="0.158000000000001" classname="t_dor_slide" name="Test_DOR_table_when_time_unit_is_YEARS_">
      <skipped message="Reason: On CRAN ('test-t_dor_slide.R:19:3')"/>
    </testcase>
  </testsuite>
  <testsuite name="t_ds_slide" timestamp="2025-09-17T06:30:34Z" hostname="04741984f0b8" tests="4" skipped="4" failures="0" errors="0" time="1.982">
    <testcase time="0.299999999999997" classname="t_ds_slide" name="Test_table_creation_of_t_ds_slide">
      <skipped message="Reason: On CRAN ('test-t_ds_slide.R:2:3')"/>
    </testcase>
    <testcase time="0.654000000000003" classname="t_ds_slide" name="Test_table_creation_of_t_ds_slide">
      <skipped message="Reason: On CRAN ('test-t_ds_slide.R:6:3')"/>
    </testcase>
    <testcase time="0.390000000000001" classname="t_ds_slide" name="Test_table_creation_of_t_ds_slide">
      <skipped message="Reason: On CRAN ('test-t_ds_slide.R:10:3')"/>
    </testcase>
    <testcase time="0.637999999999998" classname="t_ds_slide" name="Test_table_creation_of_t_ds_slide">
      <skipped message="Reason: On CRAN ('test-t_ds_slide.R:14:3')"/>
    </testcase>
  </testsuite>
  <testsuite name="template" timestamp="2025-09-17T06:30:36Z" hostname="04741984f0b8" tests="42" skipped="1" failures="0" errors="0" time="0.345">
    <testcase time="0.0189999999999984" classname="template" name="list_all_templates_test_1_returns_all_available_templates"/>
    <testcase time="0.0069999999999979" classname="template" name="use_template_test_2_saving_when_no_path_is_specified"/>
    <testcase time="0.0160000000000053" classname="template" name="use_template_test_2_saving_when_no_path_is_specified">
      <skipped message="Reason: On CRAN ('test-template.R:21:3')"/>
    </testcase>
    <testcase time="0.0159999999999982" classname="template" name="use_template_test_3_create_folder_when_it_does_not_exist"/>
    <testcase time="0.00799999999999557" classname="template" name="use_template_test_3_create_folder_when_it_does_not_exist"/>
    <testcase time="0.00300000000000011" classname="template" name="use_template_test_3_create_folder_when_it_does_not_exist"/>
    <testcase time="0.0110000000000028" classname="template" name="use_template_test_4_expected_errors"/>
    <testcase time="0.0069999999999979" classname="template" name="use_template_test_4_expected_errors"/>
    <testcase time="0.0110000000000028" classname="template" name="use_template_test_5_when_template_is_contained_in_autoslideR"/>
    <testcase time="0.0110000000000028" classname="template" name="use_template_test_6_invalid_template"/>
    <testcase time="0.0119999999999933" classname="template" name="use_template_test_7_all_templates"/>
    <testcase time="0.007000000000005" classname="template" name="use_template_test_7_all_templates"/>
    <testcase time="0.00799999999999557" classname="template" name="use_template_test_7_all_templates"/>
    <testcase time="0.007000000000005" classname="template" name="use_template_test_7_all_templates"/>
    <testcase time="0.0069999999999979" classname="template" name="use_template_test_7_all_templates"/>
    <testcase time="0.00800000000000267" classname="template" name="use_template_test_7_all_templates"/>
    <testcase time="0.0069999999999979" classname="template" name="use_template_test_7_all_templates"/>
    <testcase time="0.007000000000005" classname="template" name="use_template_test_7_all_templates"/>
    <testcase time="0.0069999999999979" classname="template" name="use_template_test_7_all_templates"/>
    <testcase time="0.0069999999999979" classname="template" name="use_template_test_7_all_templates"/>
    <testcase time="0.0069999999999979" classname="template" name="use_template_test_7_all_templates"/>
    <testcase time="0.007000000000005" classname="template" name="use_template_test_7_all_templates"/>
    <testcase time="0.0069999999999979" classname="template" name="use_template_test_7_all_templates"/>
    <testcase time="0.0069999999999979" classname="template" name="use_template_test_7_all_templates"/>
    <testcase time="0.007000000000005" classname="template" name="use_template_test_7_all_templates"/>
    <testcase time="0.0069999999999979" classname="template" name="use_template_test_7_all_templates"/>
    <testcase time="0.0109999999999957" classname="template" name="use_template_test_5_all_templates"/>
    <testcase time="0.007000000000005" classname="template" name="use_template_test_5_all_templates"/>
    <testcase time="0.0069999999999979" classname="template" name="use_template_test_5_all_templates"/>
    <testcase time="0.00600000000000023" classname="template" name="use_template_test_5_all_templates"/>
    <testcase time="0.00600000000000023" classname="template" name="use_template_test_5_all_templates"/>
    <testcase time="0.007000000000005" classname="template" name="use_template_test_5_all_templates"/>
    <testcase time="0.0069999999999979" classname="template" name="use_template_test_5_all_templates"/>
    <testcase time="0.0069999999999979" classname="template" name="use_template_test_5_all_templates"/>
    <testcase time="0.007000000000005" classname="template" name="use_template_test_5_all_templates"/>
    <testcase time="0.0069999999999979" classname="template" name="use_template_test_5_all_templates"/>
    <testcase time="0.0069999999999979" classname="template" name="use_template_test_5_all_templates"/>
    <testcase time="0.0069999999999979" classname="template" name="use_template_test_5_all_templates"/>
    <testcase time="0.00800000000000267" classname="template" name="use_template_test_5_all_templates"/>
    <testcase time="0.00900000000000034" classname="template" name="use_template_test_5_all_templates"/>
    <testcase time="0.0069999999999979" classname="template" name="use_template_test_5_all_templates"/>
    <testcase time="0.007000000000005" classname="template" name="use_template_test_5_all_templates"/>
  </testsuite>
  <testsuite name="util" timestamp="2025-09-17T06:30:36Z" hostname="04741984f0b8" tests="64" skipped="0" failures="0" errors="0" time="0.254">
    <testcase time="0.00900000000000034" classname="util" name="Test_some_functions_in_util.R"/>
    <testcase time="0.000999999999997669" classname="util" name="Test_some_functions_in_util.R"/>
    <testcase time="0.00200000000000244" classname="util" name="Test_some_functions_in_util.R"/>
    <testcase time="0.000999999999997669" classname="util" name="Test_some_functions_in_util.R"/>
    <testcase time="0.000999999999997669" classname="util" name="Test_some_functions_in_util.R"/>
    <testcase time="0.00200000000000244" classname="util" name="Test_some_functions_in_util.R"/>
    <testcase time="0.0069999999999979" classname="util" name="Test_some_functions_in_util.R"/>
    <testcase time="0.000999999999997669" classname="util" name="Test_some_functions_in_util.R"/>
    <testcase time="0.007000000000005" classname="util" name="Test_some_functions_in_util.R"/>
    <testcase time="0.000999999999997669" classname="util" name="Test_some_functions_in_util.R"/>
    <testcase time="0.0140000000000029" classname="util" name="Test_some_functions_in_util.R"/>
    <testcase time="0.00199999999999534" classname="util" name="Test_some_functions_in_util.R"/>
    <testcase time="0.00600000000000023" classname="util" name="Test_some_functions_in_util.R"/>
    <testcase time="0.00400000000000489" classname="util" name="Test_some_functions_in_util.R"/>
    <testcase time="0.000999999999997669" classname="util" name="Test_some_functions_in_util.R"/>
    <testcase time="0.00200000000000244" classname="util" name="Test_some_functions_in_util.R"/>
    <testcase time="0.000999999999997669" classname="util" name="Test_some_functions_in_util.R"/>
    <testcase time="0.000999999999997669" classname="util" name="Test_some_functions_in_util.R"/>
    <testcase time="0.00400000000000489" classname="util" name="validate_paper_size_works_correctly"/>
    <testcase time="0.000999999999997669" classname="util" name="validate_paper_size_works_correctly"/>
    <testcase time="0.00100000000000477" classname="util" name="validate_paper_size_works_correctly"/>
    <testcase time="0.00600000000000023" classname="util" name="validate_paper_size_works_correctly"/>
    <testcase time="0.00599999999999312" classname="util" name="validate_paper_size_works_correctly"/>
    <testcase time="0.00500000000000256" classname="util" name="validate_paper_size_works_correctly"/>
    <testcase time="0.00600000000000023" classname="util" name="validate_paper_size_works_correctly"/>
    <testcase time="0.00999999999999801" classname="util" name="Legacy_warning_functions_work_as_expected"/>
    <testcase time="0.00200000000000244" classname="util" name="Legacy_warning_functions_work_as_expected"/>
    <testcase time="0.00600000000000023" classname="util" name="Legacy_warning_functions_work_as_expected"/>
    <testcase time="0.00200000000000244" classname="util" name="Legacy_warning_functions_work_as_expected"/>
    <testcase time="0.00499999999999545" classname="util" name="Legacy_warning_functions_work_as_expected"/>
    <testcase time="0.007000000000005" classname="util" name="vbar2newline_correctly_replaces_vertical_bars"/>
    <testcase time="0.00300000000000011" classname="util" name="vbar2newline_correctly_replaces_vertical_bars"/>
    <testcase time="0.00300000000000011" classname="util" name="vbar2newline_correctly_replaces_vertical_bars"/>
    <testcase time="0.00300000000000011" classname="util" name="vbar2newline_correctly_replaces_vertical_bars"/>
    <testcase time="0.00300000000000011" classname="util" name="vbar2newline_correctly_replaces_vertical_bars"/>
    <testcase time="0.00599999999999312" classname="util" name="munge_spaces_correctly_replaces_various_whitespace"/>
    <testcase time="0.00400000000000489" classname="util" name="munge_spaces_correctly_replaces_various_whitespace"/>
    <testcase time="0.00300000000000011" classname="util" name="munge_spaces_correctly_replaces_various_whitespace"/>
    <testcase time="0.00300000000000011" classname="util" name="munge_spaces_correctly_replaces_various_whitespace"/>
    <testcase time="0.00300000000000011" classname="util" name="munge_spaces_correctly_replaces_various_whitespace"/>
    <testcase time="0.00600000000000023" classname="util" name="split_chunk_correctly_splits_text_into_words"/>
    <testcase time="0.00300000000000011" classname="util" name="split_chunk_correctly_splits_text_into_words"/>
    <testcase time="0.00300000000000011" classname="util" name="split_chunk_correctly_splits_text_into_words"/>
    <testcase time="0.00300000000000011" classname="util" name="split_chunk_correctly_splits_text_into_words"/>
    <testcase time="0.00300000000000011" classname="util" name="split_chunk_correctly_splits_text_into_words"/>
    <testcase time="0.0069999999999979" classname="util" name="wrap_chunk_wraps_text_correctly"/>
    <testcase time="0.00300000000000011" classname="util" name="wrap_chunk_wraps_text_correctly"/>
    <testcase time="0.00300000000000011" classname="util" name="wrap_chunk_wraps_text_correctly"/>
    <testcase time="0.00300000000000011" classname="util" name="wrap_chunk_wraps_text_correctly"/>
    <testcase time="0.00300000000000011" classname="util" name="wrap_chunk_wraps_text_correctly"/>
    <testcase time="0.00300000000000011" classname="util" name="wrap_chunk_wraps_text_correctly"/>
    <testcase time="0.00800000000000267" classname="util" name="git_footnote_returns_repo"/>
    <testcase time="0.00599999999999312" classname="util" name="create_new_reporting_event"/>
    <testcase time="0.00300000000000011" classname="util" name="create_new_reporting_event"/>
    <testcase time="0.007000000000005" classname="util" name="create_output_name"/>
    <testcase time="0.00300000000000011" classname="util" name="create_output_name"/>
    <testcase time="0.00300000000000011" classname="util" name="create_output_name"/>
    <testcase time="0.00300000000000011" classname="util" name="create_output_name"/>
    <testcase time="0.0069999999999979" classname="util" name="text_wrap_cut_works_correctly"/>
    <testcase time="0.00300000000000011" classname="util" name="text_wrap_cut_works_correctly"/>
    <testcase time="0.00300000000000011" classname="util" name="text_wrap_cut_works_correctly"/>
    <testcase time="0.00300000000000011" classname="util" name="text_wrap_cut_works_correctly"/>
    <testcase time="0.0069999999999979" classname="util" name="text_wrap_cut_keepreturn_respects_existing_newlines"/>
    <testcase time="0.00300000000000011" classname="util" name="text_wrap_cut_keepreturn_respects_existing_newlines"/>
  </testsuite>
  <testsuite name="ai" timestamp="2025-09-17T06:30:37Z" hostname="04741984f0b8" tests="2" skipped="2" failures="0" errors="0" time="0.05">
    <testcase time="0.0330000000000013" classname="ai" name="Listing_print_correctly">
      <skipped message="Reason: Sys.which(&quot;ollama&quot;) == &quot;&quot; is TRUE ('test_ai.R:4:3')"/>
    </testcase>
    <testcase time="0.017000000000003" classname="ai" name="using_ollama">
      <skipped message="Reason: Sys.which(&quot;ollama&quot;) == &quot;&quot; is TRUE ('test_ai.R:60:3')"/>
    </testcase>
  </testsuite>
  <testsuite name="format_date" timestamp="2025-09-17T06:30:37Z" hostname="04741984f0b8" tests="1" skipped="1" failures="0" errors="0" time="0.149">
    <testcase time="0.149000000000001" classname="format_date" name="Test_format_date">
      <skipped message="Reason: On CRAN ('test_format_date.R:3:3')"/>
    </testcase>
  </testsuite>
</testsuites>
