<?xml version="1.0" encoding="UTF-8"?>
<testsuites>
  <testsuite name="appendix" timestamp="2025-09-11T08:34:02Z" hostname="f1769d47d366" tests="22" skipped="0" failures="0" errors="0" time="1.505">
    <testcase time="0.235" classname="appendix" name="initialize_to_page_test_1_when_to_page_is_null"/>
    <testcase time="0.11" classname="appendix" name="initialize_to_page_test_2_given_to_page_value"/>
    <testcase time="0.0749999999999997" classname="appendix" name="initialize_to_page_test_3_if_to_page_is_too_large"/>
    <testcase time="0.12" classname="appendix" name="postprocessing_doc_test_1_save_file_TRUE"/>
    <testcase time="0.00300000000000011" classname="appendix" name="postprocessing_doc_test_1_save_file_TRUE"/>
    <testcase time="0.0510000000000002" classname="appendix" name="postprocessing_doc_test_2_save_file_FALSE"/>
    <testcase time="0.00299999999999967" classname="appendix" name="postprocessing_doc_test_2_save_file_FALSE"/>
    <testcase time="0.0760000000000001" classname="appendix" name="postprocessing_doc_test_3_doc_o_is_not_a_ppt"/>
    <testcase time="0.0590000000000002" classname="appendix" name="initialize_doc_original_test_1_returns_existing_doc_original"/>
    <testcase time="0.126" classname="appendix" name="initialize_doc_original_test_2_reads_from_file_when_doc_original_is_NULL"/>
    <testcase time="0.13" classname="appendix" name="append_title_slides_test_1_save_file"/>
    <testcase time="0.00299999999999967" classname="appendix" name="append_title_slides_test_1_save_file"/>
    <testcase time="0.004" classname="appendix" name="append_title_slides_test_1_save_file"/>
    <testcase time="0.125" classname="appendix" name="append_section_header_slides_test_1_not_save_file"/>
    <testcase time="0.00300000000000011" classname="appendix" name="append_section_header_slides_test_1_not_save_file"/>
    <testcase time="0.00399999999999956" classname="appendix" name="append_section_header_slides_test_1_not_save_file"/>
    <testcase time="0.194" classname="appendix" name="append_all_slides_correctly_adds_multiple_slides_based_on_page_list"/>
    <testcase time="0.00300000000000011" classname="appendix" name="append_all_slides_correctly_adds_multiple_slides_based_on_page_list"/>
    <testcase time="0.00300000000000011" classname="appendix" name="append_all_slides_correctly_adds_multiple_slides_based_on_page_list"/>
    <testcase time="0.0510000000000002" classname="appendix" name="append_all_slides_correctly_adds_multiple_slides_based_on_page_list"/>
    <testcase time="0.00399999999999956" classname="appendix" name="append_all_slides_correctly_adds_multiple_slides_based_on_page_list"/>
    <testcase time="0.123" classname="appendix" name="append_all_slides_test_2_error_if_page_list_exceeds_max_pages_1"/>
  </testsuite>
  <testsuite name="assert" timestamp="2025-09-11T08:34:03Z" hostname="f1769d47d366" tests="17" skipped="0" failures="0" errors="0" time="0.086">
    <testcase time="0.0190000000000001" classname="assert" name="assert_is_character_scalar_works_correctly"/>
    <testcase time="0.00399999999999956" classname="assert" name="assert_is_character_scalar_works_correctly"/>
    <testcase time="0.00400000000000045" classname="assert" name="assert_is_character_scalar_works_correctly"/>
    <testcase time="0.00499999999999989" classname="assert" name="assert_is_character_scalar_works_correctly"/>
    <testcase time="0.00399999999999956" classname="assert" name="assert_is_character_scalar_works_correctly"/>
    <testcase time="0.00400000000000045" classname="assert" name="assert_is_character_scalar_works_correctly"/>
    <testcase time="0.00499999999999989" classname="assert" name="assert_exists_in_spec_or_calling_env_is_robustly_testable"/>
    <testcase time="0.00199999999999978" classname="assert" name="assert_exists_in_spec_or_calling_env_is_robustly_testable"/>
    <testcase time="0.00400000000000045" classname="assert" name="assert_exists_in_spec_or_calling_env_is_robustly_testable"/>
    <testcase time="0.00499999999999989" classname="assert" name="assert_is_valid_filter_result_passes_with_valid_inputs"/>
    <testcase time="0.00100000000000033" classname="assert" name="assert_is_valid_filter_result_passes_with_valid_inputs"/>
    <testcase time="0.00799999999999912" classname="assert" name="assert_is_valid_filter_result_fails_with_invalid_inputs"/>
    <testcase time="0.00400000000000045" classname="assert" name="assert_is_valid_filter_result_fails_with_invalid_inputs"/>
    <testcase time="0.00399999999999956" classname="assert" name="assert_is_valid_filter_result_fails_with_invalid_inputs"/>
    <testcase time="0.00500000000000078" classname="assert" name="assert_is_valid_filter_result_fails_with_invalid_inputs"/>
    <testcase time="0.00399999999999956" classname="assert" name="assert_is_valid_filter_result_fails_with_invalid_inputs"/>
    <testcase time="0.00400000000000045" classname="assert" name="assert_is_valid_filter_result_fails_with_invalid_inputs"/>
  </testsuite>
  <testsuite name="bad_filters" timestamp="2025-09-11T08:34:03Z" hostname="f1769d47d366" tests="1" skipped="0" failures="0" errors="0" time="0.036">
    <testcase time="0.0359999999999996" classname="bad_filters" name="Listing_print_correctly"/>
  </testsuite>
  <testsuite name="data_snapshot" timestamp="2025-09-11T08:34:03Z" hostname="f1769d47d366" tests="18" skipped="0" failures="0" errors="0" time="0.838">
    <testcase time="0.0759999999999996" classname="data_snapshot" name="Test_data_snapshot"/>
    <testcase time="0.0840000000000005" classname="data_snapshot" name="Test_data_snapshot"/>
    <testcase time="0.024" classname="data_snapshot" name="Test_data_snapshot"/>
    <testcase time="0.0640000000000001" classname="data_snapshot" name="Test_data_snapshot"/>
    <testcase time="0.0229999999999997" classname="data_snapshot" name="Test_data_snapshot"/>
    <testcase time="0.0620000000000003" classname="data_snapshot" name="Test_data_snapshot"/>
    <testcase time="0.0229999999999997" classname="data_snapshot" name="Test_data_snapshot"/>
    <testcase time="0.0620000000000003" classname="data_snapshot" name="Test_data_snapshot"/>
    <testcase time="0.0270000000000001" classname="data_snapshot" name="Test_data_snapshot"/>
    <testcase time="0.0539999999999994" classname="data_snapshot" name="Test_data_snapshot"/>
    <testcase time="0.0230000000000006" classname="data_snapshot" name="Test_data_snapshot"/>
    <testcase time="0.056" classname="data_snapshot" name="Test_data_snapshot"/>
    <testcase time="0.0339999999999998" classname="data_snapshot" name="Test_data_snapshot"/>
    <testcase time="0.032" classname="data_snapshot" name="Test_data_snapshot"/>
    <testcase time="0.0229999999999997" classname="data_snapshot" name="Test_data_snapshot"/>
    <testcase time="0.0600000000000005" classname="data_snapshot" name="Test_data_snapshot"/>
    <testcase time="0.0229999999999997" classname="data_snapshot" name="Test_data_snapshot"/>
    <testcase time="0.0880000000000001" classname="data_snapshot" name="Test_data_snapshot"/>
  </testsuite>
  <testsuite name="decorate" timestamp="2025-09-11T08:34:04Z" hostname="f1769d47d366" tests="10" skipped="0" failures="0" errors="0" time="1.395">
    <testcase time="0.147" classname="decorate" name="Test_decoreate.grob_not_to_throw"/>
    <testcase time="0.398" classname="decorate" name="Test_decoreate.grob_not_to_throw"/>
    <testcase time="0.00499999999999989" classname="decorate" name="Test_decoreate_not_to_throw"/>
    <testcase time="0.184" classname="decorate" name="Test_decoreate_not_to_throw"/>
    <testcase time="0.118" classname="decorate" name="Test_print_not_to_throw"/>
    <testcase time="0.0919999999999996" classname="decorate" name="Test_print_not_to_throw"/>
    <testcase time="0.183" classname="decorate" name="Test_print_not_to_throw"/>
    <testcase time="0.00800000000000001" classname="decorate" name="Test_decoreate_throw"/>
    <testcase time="0.198" classname="decorate" name="Test_ph_with_img_not_to_throw"/>
    <testcase time="0.0620000000000003" classname="decorate" name="Test_ph_with_img_not_to_throw"/>
  </testsuite>
  <testsuite name="filter_spec-verbose" timestamp="2025-09-11T08:34:06Z" hostname="f1769d47d366" tests="1" skipped="0" failures="0" errors="0" time="0.044">
    <testcase time="0.0440000000000005" classname="filter_spec_verbose" name="Listing_print_correctly"/>
  </testsuite>
  <testsuite name="formats" timestamp="2025-09-11T08:34:06Z" hostname="f1769d47d366" tests="6" skipped="0" failures="0" errors="0" time="0.09">
    <testcase time="0.0129999999999999" classname="formats" name="new_round_function"/>
    <testcase time="0.0519999999999996" classname="formats" name="new_round_function"/>
    <testcase time="0.00600000000000023" classname="formats" name="xx.xx_xx.xx_"/>
    <testcase time="0.00699999999999967" classname="formats" name="xx.xx_xx.x_"/>
    <testcase time="0.00600000000000023" classname="formats" name="_xx_xx_"/>
    <testcase time="0.00600000000000023" classname="formats" name="xx.xx_xx.xx_xx.xx_"/>
  </testsuite>
  <testsuite name="ft_format" timestamp="2025-09-11T08:34:07Z" hostname="f1769d47d366" tests="2" skipped="0" failures="0" errors="0" time="1.65">
    <testcase time="1.644" classname="ft_format" name="demographic_table_formatting"/>
    <testcase time="0.00600000000000023" classname="ft_format" name="demographic_table_formatting"/>
  </testsuite>
  <testsuite name="func_wrapper" timestamp="2025-09-11T08:34:07Z" hostname="f1769d47d366" tests="5" skipped="0" failures="0" errors="0" time="0.647">
    <testcase time="0.426" classname="func_wrapper" name="legacy_with_datasets_and_spec"/>
    <testcase time="0.168000000000001" classname="func_wrapper" name="legacy_with_datasets_but_no_spec"/>
    <testcase time="0.0179999999999989" classname="func_wrapper" name="modern_with_named_datasets_and_spec"/>
    <testcase time="0.0180000000000007" classname="func_wrapper" name="modern_with_named_datasets_but_no_spec"/>
    <testcase time="0.0169999999999995" classname="func_wrapper" name="modern_with_named_spec_but_no_datasets"/>
  </testsuite>
  <testsuite name="g_mean_slides" timestamp="2025-09-11T08:34:08Z" hostname="f1769d47d366" tests="14" skipped="5" failures="0" errors="0" time="0.755">
    <testcase time="0.153" classname="g_mean_slides" name="g_mean_slides_Test_1_Test_graph_creation_of_g_eg_slide_eg_mean_plot_"/>
    <testcase time="0.000999999999999446" classname="g_mean_slides" name="g_mean_slides_Test_1_Test_graph_creation_of_g_eg_slide_eg_mean_plot_">
      <skipped message="Reason: On CI ('test-g_mean_slides.R:20:3')"/>
    </testcase>
    <testcase time="0.0180000000000007" classname="g_mean_slides" name="g_mean_slides_Test_2_Test_error_of_g_eg_slide_"/>
    <testcase time="0.122" classname="g_mean_slides" name="g_mean_slides_Test_3_Test_graph_creation_of_g_lb_slide_lab_mean_plot_"/>
    <testcase time="0.00199999999999889" classname="g_mean_slides" name="g_mean_slides_Test_3_Test_graph_creation_of_g_lb_slide_lab_mean_plot_">
      <skipped message="Reason: On CI ('test-g_mean_slides.R:37:3')"/>
    </testcase>
    <testcase time="0.152000000000001" classname="g_mean_slides" name="g_mean_slides_Test_4_Test_graph_creation_of_g_lb_slide_lab_change_from_baseline_plot_"/>
    <testcase time="0.000999999999999446" classname="g_mean_slides" name="g_mean_slides_Test_4_Test_graph_creation_of_g_lb_slide_lab_change_from_baseline_plot_">
      <skipped message="Reason: On CI ('test-g_mean_slides.R:54:3')"/>
    </testcase>
    <testcase time="0.0169999999999995" classname="g_mean_slides" name="g_mean_slides_Test_5_Test_error_of_g_lb_slide_"/>
    <testcase time="0.119000000000002" classname="g_mean_slides" name="g_mean_slides_Test_6_Test_graph_creation_of_g_vs_slide_vital_sign_mean_plot_"/>
    <testcase time="0.000999999999999446" classname="g_mean_slides" name="g_mean_slides_Test_6_Test_graph_creation_of_g_vs_slide_vital_sign_mean_plot_">
      <skipped message="Reason: On CI ('test-g_mean_slides.R:72:3')"/>
    </testcase>
    <testcase time="0.0169999999999995" classname="g_mean_slides" name="g_mean_slides_Test_7_Test_error_of_g_vs_slide_"/>
    <testcase time="0.134" classname="g_mean_slides" name="g_mean_slides_Test_8_Test_graph_creation_of_g_mean_slide_vital_sign_mean_plot_"/>
    <testcase time="0.000999999999999446" classname="g_mean_slides" name="g_mean_slides_Test_8_Test_graph_creation_of_g_mean_slide_vital_sign_mean_plot_">
      <skipped message="Reason: On CI ('test-g_mean_slides.R:94:3')"/>
    </testcase>
    <testcase time="0.0170000000000012" classname="g_mean_slides" name="g_mean_slides_Test_9_Test_error_of_general_function_g_mean_slide_"/>
  </testsuite>
  <testsuite name="helper_functions" timestamp="2025-09-11T08:34:09Z" hostname="f1769d47d366" tests="2" skipped="0" failures="0" errors="0" time="0.07">
    <testcase time="0.0119999999999987" classname="helper_functions" name="Test_some_functions_in_helper_functions.R"/>
    <testcase time="0.0579999999999998" classname="helper_functions" name="Test_some_functions_in_helper_functions.R"/>
  </testsuite>
  <testsuite name="l_ae_slide" timestamp="2025-09-11T08:34:09Z" hostname="f1769d47d366" tests="1" skipped="0" failures="0" errors="0" time="7.982">
    <testcase time="7.982" classname="l_ae_slide" name="Test_listing_creation_of_l_ae_slide_Adverse_Events_Listing_"/>
  </testsuite>
  <testsuite name="log" timestamp="2025-09-11T08:34:17Z" hostname="f1769d47d366" tests="2" skipped="0" failures="0" errors="0" time="0.012">
    <testcase time="0.0109999999999992" classname="log" name="Test_some_functions_in_log.R"/>
    <testcase time="0.00100000000000122" classname="log" name="Test_some_functions_in_log.R"/>
  </testsuite>
  <testsuite name="output-table-format" timestamp="2025-09-11T08:34:17Z" hostname="f1769d47d366" tests="5" skipped="0" failures="0" errors="0" time="3.327">
    <testcase time="0.789999999999999" classname="output_table_format" name="save_an_autoslider_output"/>
    <testcase time="0.594999999999999" classname="output_table_format" name="save_an_autoslider_output"/>
    <testcase time="0.646000000000001" classname="output_table_format" name="save_an_autoslider_output"/>
    <testcase time="0.643000000000001" classname="output_table_format" name="save_an_autoslider_output"/>
    <testcase time="0.652999999999999" classname="output_table_format" name="save_an_autoslider_output"/>
  </testsuite>
  <testsuite name="save_output" timestamp="2025-09-11T08:34:20Z" hostname="f1769d47d366" tests="5" skipped="0" failures="0" errors="0" time="1.905">
    <testcase time="0.221" classname="save_output" name="save_an_output"/>
    <testcase time="0.345000000000002" classname="save_output" name="Test_save_output_Save_an_Output_"/>
    <testcase time="0.489999999999998" classname="save_output" name="Test_save_output_Save_an_Output_"/>
    <testcase time="0.271000000000001" classname="save_output" name="save_an_output"/>
    <testcase time="0.577999999999999" classname="save_output" name="save_an_output"/>
  </testsuite>
  <testsuite name="slides_preview" timestamp="2025-09-11T08:34:22Z" hostname="f1769d47d366" tests="3" skipped="0" failures="0" errors="0" time="0.533">
    <testcase time="0.483000000000001" classname="slides_preview" name="Test_slides_preview"/>
    <testcase time="0.0249999999999986" classname="slides_preview" name="Test_slides_preview"/>
    <testcase time="0.0250000000000021" classname="slides_preview" name="Test_slides_preview"/>
  </testsuite>
  <testsuite name="srep_outputs" timestamp="2025-09-11T08:34:23Z" hostname="f1769d47d366" tests="3" skipped="0" failures="0" errors="0" time="108.324">
    <testcase time="2.89" classname="srep_outputs" name="Listing_print_correctly"/>
    <testcase time="104.366" classname="srep_outputs" name="Listing_print_correctly"/>
    <testcase time="1.06799999999998" classname="srep_outputs" name="Listing_print_correctly"/>
  </testsuite>
  <testsuite name="t_ae_pt_diff_slide" timestamp="2025-09-11T08:36:11Z" hostname="f1769d47d366" tests="9" skipped="0" failures="0" errors="0" time="2.005">
    <testcase time="0.186000000000007" classname="t_ae_pt_diff_slide" name="Test_table_creation_of_t_ae_pt_diff_slide_safety_summary_table_"/>
    <testcase time="0.170999999999992" classname="t_ae_pt_diff_slide" name="Test_table_creation_of_t_ae_pt_diff_slide_safety_summary_table_prune_by_total_2"/>
    <testcase time="0.344999999999999" classname="t_ae_pt_diff_slide" name="Test_table_creation_of_t_ae_pt_slide_safety_summary_table_prune_by_total_2"/>
    <testcase time="0.210000000000008" classname="t_ae_pt_diff_slide" name="Test_table_creation_of_t_ae_pt_slide_safety_summary_table_prune_by_total_2"/>
    <testcase time="0.342999999999989" classname="t_ae_pt_diff_slide" name="Test_table_creation_of_t_ae_pt_slide_safety_summary_table_prune_by_total_2"/>
    <testcase time="0.223000000000013" classname="t_ae_pt_diff_slide" name="Test_table_creation_of_t_ae_pt_slide_safety_summary_table_prune_by_total_2"/>
    <testcase time="0.10899999999998" classname="t_ae_pt_diff_slide" name="Test_table_creation_of_t_ae_pt_diff_slide_safety_summary_table_"/>
    <testcase time="0.342000000000013" classname="t_ae_pt_diff_slide" name="Test_table_creation_of_t_ae_pt_slide_safety_summary_table_prune_by_total_2"/>
    <testcase time="0.0759999999999934" classname="t_ae_pt_diff_slide" name="Test_table_creation_of_t_ae_pt_diff_slide_with_null_report"/>
  </testsuite>
  <testsuite name="t_ae_pt_slide" timestamp="2025-09-11T08:36:13Z" hostname="f1769d47d366" tests="6" skipped="0" failures="0" errors="0" time="1.795">
    <testcase time="0.215000000000003" classname="t_ae_pt_slide" name="Test_table_creation_of_t_ae_pt_slide_safety_summary_table_"/>
    <testcase time="0.212000000000018" classname="t_ae_pt_slide" name="Test_table_creation_of_t_ae_pt_slide_safety_summary_table_prune_by_total_28"/>
    <testcase time="0.191999999999979" classname="t_ae_pt_slide" name="Test_table_creation_of_t_ae_pt_slide_safety_summary_table_prune_by_total_30"/>
    <testcase time="0.421999999999997" classname="t_ae_pt_slide" name="Test_table_creation_of_t_ae_pt_soc_slide_safety_summary_table_"/>
    <testcase time="0.393000000000001" classname="t_ae_pt_slide" name="Test_table_creation_of_t_ae_pt_soc_slide_safety_summary_table_prune_by_total_28"/>
    <testcase time="0.361000000000018" classname="t_ae_pt_slide" name="Test_table_creation_of_t_ae_pt_soc_slide_safety_summary_table_prune_by_total_30"/>
  </testsuite>
  <testsuite name="t_ae_pt_soc_diff_slide" timestamp="2025-09-11T08:36:15Z" hostname="f1769d47d366" tests="7" skipped="0" failures="0" errors="0" time="3.183">
    <testcase time="0.35499999999999" classname="t_ae_pt_soc_diff_slide" name="Test_table_creation_of_t_ae_pt_soc_diff_slide_safety_summary_table_"/>
    <testcase time="0.331999999999994" classname="t_ae_pt_soc_diff_slide" name="Test_table_creation_of_t_ae_pt_soc_diff_slide_safety_summary_table_prune_by_total_2"/>
    <testcase time="0.650000000000006" classname="t_ae_pt_soc_diff_slide" name="Test_table_creation_of_t_ae_pt_soc_diff_slide_safety_summary_table_prune_by_total_2"/>
    <testcase time="0.396999999999991" classname="t_ae_pt_soc_diff_slide" name="Test_table_creation_of_t_ae_pt_soc_diff_slide_safety_summary_table_prune_by_total_2"/>
    <testcase time="0.662000000000006" classname="t_ae_pt_soc_diff_slide" name="Test_table_creation_of_t_ae_pt_soc_diff_slide_safety_summary_table_prune_by_total_2"/>
    <testcase time="0.52000000000001" classname="t_ae_pt_soc_diff_slide" name="Test_table_creation_of_t_ae_pt_soc_diff_slide_safety_summary_table_prune_by_total_2"/>
    <testcase time="0.266999999999996" classname="t_ae_pt_soc_diff_slide" name="Test_table_creation_of_t_ae_pt_soc_diff_slide_safety_summary_table_"/>
  </testsuite>
  <testsuite name="t_ae_slide" timestamp="2025-09-11T08:36:18Z" hostname="f1769d47d366" tests="2" skipped="0" failures="0" errors="0" time="0.742">
    <testcase time="0.676999999999992" classname="t_ae_slide" name="Test_adverse_event_table_creation_of_t_ae_slide_Adverse_Events_for_Patient_"/>
    <testcase time="0.0649999999999977" classname="t_ae_slide" name="Test_adverse_event_table_creation_of_t_ae_slide_with_null_report"/>
  </testsuite>
  <testsuite name="t_ae_summary_slide" timestamp="2025-09-11T08:36:19Z" hostname="f1769d47d366" tests="4" skipped="0" failures="0" errors="0" time="1.238">
    <testcase time="0.557000000000016" classname="t_ae_summary_slide" name="Test_table_creation_of_t_ae_summ_slide_safety_summary_table_"/>
    <testcase time="0.549999999999983" classname="t_ae_summary_slide" name="Test_table_creation_of_t_ae_summ_slide_safety_summary_table_"/>
    <testcase time="0.0409999999999968" classname="t_ae_summary_slide" name="Test_t_ae_summ_slide_with_expected_Error"/>
    <testcase time="0.0900000000000034" classname="t_ae_summary_slide" name="Test_t_ae_summ_slide_with_null_report"/>
  </testsuite>
  <testsuite name="t_aesi_slide" timestamp="2025-09-11T08:36:20Z" hostname="f1769d47d366" tests="5" skipped="0" failures="0" errors="0" time="1.412">
    <testcase time="0.474999999999994" classname="t_aesi_slide" name="Test_table_creation_of_t_aesi_slide_AESI_summary_table_with_AETOXGR_grading"/>
    <testcase time="0.459000000000003" classname="t_aesi_slide" name="Test_table_creation_of_t_aesi_slide_AESI_summary_table_with_AESEV_grading"/>
    <testcase time="0.449000000000012" classname="t_aesi_slide" name="Test_table_creation_of_t_aesi_slide_AESI_summary_table_with_custom_AEGRP_grouping"/>
    <testcase time="0.00799999999998136" classname="t_aesi_slide" name="Test_table_creation_of_t_aesi_slide_with_no_aesi_var_given"/>
    <testcase time="0.021000000000015" classname="t_aesi_slide" name="Test_table_creation_of_t_aesi_slide_with_aesi_var_not_found_in_dataset"/>
  </testsuite>
  <testsuite name="t_dd_slide" timestamp="2025-09-11T08:36:21Z" hostname="f1769d47d366" tests="6" skipped="0" failures="0" errors="0" time="1.051">
    <testcase time="0.163999999999987" classname="t_dd_slide" name="Test_table_creation_of_t_dd_slide_death_table_"/>
    <testcase time="0.0390000000000157" classname="t_dd_slide" name="Test_t_dd_slide_table_with_expected_Error"/>
    <testcase time="0.0550000000000068" classname="t_dd_slide" name="Test_table_creation_of_with_null_report"/>
    <testcase time="0.220999999999975" classname="t_dd_slide" name="Test_table_creation_of_t_dd_slide_death_table_"/>
    <testcase time="0.345000000000027" classname="t_dd_slide" name="Test_table_creation_of_t_dd_slide_death_table_"/>
    <testcase time="0.227000000000004" classname="t_dd_slide" name="Test_table_creation_of_t_dd_slide_death_table_"/>
  </testsuite>
  <testsuite name="t_dm_slide" timestamp="2025-09-11T08:36:22Z" hostname="f1769d47d366" tests="6" skipped="0" failures="0" errors="0" time="3.547">
    <testcase time="0.379000000000019" classname="t_dm_slide" name="Test_demographic_table_creation_of_t_dm_slide"/>
    <testcase time="0.717999999999989" classname="t_dm_slide" name="Test_demographic_table_creation_of_t_dm_slide"/>
    <testcase time="0.778999999999996" classname="t_dm_slide" name="Test_demographic_table_creation_of_t_dm_slide"/>
    <testcase time="0.479000000000013" classname="t_dm_slide" name="Test_demographic_table_creation_of_t_dm_slide"/>
    <testcase time="0.455999999999989" classname="t_dm_slide" name="Test_demographic_table_creation_of_t_dm_slide"/>
    <testcase time="0.73599999999999" classname="t_dm_slide" name="Test_demographic_table_creation_of_t_dm_slide"/>
  </testsuite>
  <testsuite name="t_dor_slide" timestamp="2025-09-11T08:36:26Z" hostname="f1769d47d366" tests="2" skipped="0" failures="0" errors="0" time="0.335">
    <testcase time="0.173000000000002" classname="t_dor_slide" name="Test_DOR_table_when_time_unit_is_DAYS_"/>
    <testcase time="0.162000000000006" classname="t_dor_slide" name="Test_DOR_table_when_time_unit_is_YEARS_"/>
  </testsuite>
  <testsuite name="t_ds_slide" timestamp="2025-09-11T08:36:26Z" hostname="f1769d47d366" tests="5" skipped="0" failures="0" errors="0" time="2.321">
    <testcase time="0.301999999999992" classname="t_ds_slide" name="Test_table_creation_of_t_ds_slide"/>
    <testcase time="0.603000000000009" classname="t_ds_slide" name="Test_table_creation_of_t_ds_slide"/>
    <testcase time="0.375" classname="t_ds_slide" name="Test_table_creation_of_t_ds_slide"/>
    <testcase time="0.603000000000009" classname="t_ds_slide" name="Test_table_creation_of_t_ds_slide"/>
    <testcase time="0.437999999999988" classname="t_ds_slide" name="Test_table_creation_of_t_ds_slide"/>
  </testsuite>
  <testsuite name="template" timestamp="2025-09-11T08:36:28Z" hostname="f1769d47d366" tests="44" skipped="0" failures="0" errors="0" time="0.385">
    <testcase time="0.0109999999999957" classname="template" name="list_all_templates_test_1_returns_all_available_templates"/>
    <testcase time="0.007000000000005" classname="template" name="use_template_test_2_saving_when_no_path_is_specified"/>
    <testcase time="0.0320000000000107" classname="template" name="use_template_test_2_saving_when_no_path_is_specified"/>
    <testcase time="0.007000000000005" classname="template" name="use_template_test_2_saving_when_no_path_is_specified"/>
    <testcase time="0.0409999999999968" classname="template" name="use_template_test_2_saving_when_no_path_is_specified"/>
    <testcase time="0.00699999999997658" classname="template" name="use_template_test_3_create_folder_when_it_does_not_exist"/>
    <testcase time="0.007000000000005" classname="template" name="use_template_test_3_create_folder_when_it_does_not_exist"/>
    <testcase time="0.00300000000001432" classname="template" name="use_template_test_3_create_folder_when_it_does_not_exist"/>
    <testcase time="0.00999999999999091" classname="template" name="use_template_test_4_expected_errors"/>
    <testcase time="0.007000000000005" classname="template" name="use_template_test_4_expected_errors"/>
    <testcase time="0.0109999999999957" classname="template" name="use_template_test_5_when_template_is_contained_in_autoslideR"/>
    <testcase time="0.00999999999999091" classname="template" name="use_template_test_6_invalid_template"/>
    <testcase time="0.0110000000000241" classname="template" name="use_template_test_7_all_templates"/>
    <testcase time="0.00600000000000023" classname="template" name="use_template_test_7_all_templates"/>
    <testcase time="0.00699999999997658" classname="template" name="use_template_test_7_all_templates"/>
    <testcase time="0.007000000000005" classname="template" name="use_template_test_7_all_templates"/>
    <testcase time="0.007000000000005" classname="template" name="use_template_test_7_all_templates"/>
    <testcase time="0.007000000000005" classname="template" name="use_template_test_7_all_templates"/>
    <testcase time="0.007000000000005" classname="template" name="use_template_test_7_all_templates"/>
    <testcase time="0.007000000000005" classname="template" name="use_template_test_7_all_templates"/>
    <testcase time="0.00699999999997658" classname="template" name="use_template_test_7_all_templates"/>
    <testcase time="0.007000000000005" classname="template" name="use_template_test_7_all_templates"/>
    <testcase time="0.007000000000005" classname="template" name="use_template_test_7_all_templates"/>
    <testcase time="0.00800000000000978" classname="template" name="use_template_test_7_all_templates"/>
    <testcase time="0.00699999999997658" classname="template" name="use_template_test_7_all_templates"/>
    <testcase time="0.007000000000005" classname="template" name="use_template_test_7_all_templates"/>
    <testcase time="0.007000000000005" classname="template" name="use_template_test_7_all_templates"/>
    <testcase time="0.007000000000005" classname="template" name="use_template_test_7_all_templates"/>
    <testcase time="0.0109999999999957" classname="template" name="use_template_test_5_all_templates"/>
    <testcase time="0.007000000000005" classname="template" name="use_template_test_5_all_templates"/>
    <testcase time="0.007000000000005" classname="template" name="use_template_test_5_all_templates"/>
    <testcase time="0.00600000000000023" classname="template" name="use_template_test_5_all_templates"/>
    <testcase time="0.007000000000005" classname="template" name="use_template_test_5_all_templates"/>
    <testcase time="0.00699999999997658" classname="template" name="use_template_test_5_all_templates"/>
    <testcase time="0.007000000000005" classname="template" name="use_template_test_5_all_templates"/>
    <testcase time="0.007000000000005" classname="template" name="use_template_test_5_all_templates"/>
    <testcase time="0.007000000000005" classname="template" name="use_template_test_5_all_templates"/>
    <testcase time="0.007000000000005" classname="template" name="use_template_test_5_all_templates"/>
    <testcase time="0.00699999999997658" classname="template" name="use_template_test_5_all_templates"/>
    <testcase time="0.00800000000000978" classname="template" name="use_template_test_5_all_templates"/>
    <testcase time="0.007000000000005" classname="template" name="use_template_test_5_all_templates"/>
    <testcase time="0.007000000000005" classname="template" name="use_template_test_5_all_templates"/>
    <testcase time="0.007000000000005" classname="template" name="use_template_test_5_all_templates"/>
    <testcase time="0.00699999999997658" classname="template" name="use_template_test_5_all_templates"/>
  </testsuite>
  <testsuite name="util" timestamp="2025-09-11T08:36:29Z" hostname="f1769d47d366" tests="64" skipped="0" failures="0" errors="0" time="0.236">
    <testcase time="0.00800000000000978" classname="util" name="Test_some_functions_in_util.R"/>
    <testcase time="0.00200000000000955" classname="util" name="Test_some_functions_in_util.R"/>
    <testcase time="0.00100000000000477" classname="util" name="Test_some_functions_in_util.R"/>
    <testcase time="0.000999999999976353" classname="util" name="Test_some_functions_in_util.R"/>
    <testcase time="0.00100000000000477" classname="util" name="Test_some_functions_in_util.R"/>
    <testcase time="0.00200000000000955" classname="util" name="Test_some_functions_in_util.R"/>
    <testcase time="0.007000000000005" classname="util" name="Test_some_functions_in_util.R"/>
    <testcase time="0.00100000000000477" classname="util" name="Test_some_functions_in_util.R"/>
    <testcase time="0.00699999999997658" classname="util" name="Test_some_functions_in_util.R"/>
    <testcase time="0.00100000000000477" classname="util" name="Test_some_functions_in_util.R"/>
    <testcase time="0.00600000000000023" classname="util" name="Test_some_functions_in_util.R"/>
    <testcase time="0.00100000000000477" classname="util" name="Test_some_functions_in_util.R"/>
    <testcase time="0.00499999999999545" classname="util" name="Test_some_functions_in_util.R"/>
    <testcase time="0.00300000000001432" classname="util" name="Test_some_functions_in_util.R"/>
    <testcase time="0.00100000000000477" classname="util" name="Test_some_functions_in_util.R"/>
    <testcase time="0.00199999999998113" classname="util" name="Test_some_functions_in_util.R"/>
    <testcase time="0.00100000000000477" classname="util" name="Test_some_functions_in_util.R"/>
    <testcase time="0.00100000000000477" classname="util" name="Test_some_functions_in_util.R"/>
    <testcase time="0.00399999999999068" classname="util" name="validate_paper_size_works_correctly"/>
    <testcase time="0.00100000000000477" classname="util" name="validate_paper_size_works_correctly"/>
    <testcase time="0.00200000000000955" classname="util" name="validate_paper_size_works_correctly"/>
    <testcase time="0.00499999999999545" classname="util" name="validate_paper_size_works_correctly"/>
    <testcase time="0.00499999999999545" classname="util" name="validate_paper_size_works_correctly"/>
    <testcase time="0.00600000000000023" classname="util" name="validate_paper_size_works_correctly"/>
    <testcase time="0.00499999999999545" classname="util" name="validate_paper_size_works_correctly"/>
    <testcase time="0.00800000000000978" classname="util" name="Legacy_warning_functions_work_as_expected"/>
    <testcase time="0.00199999999998113" classname="util" name="Legacy_warning_functions_work_as_expected"/>
    <testcase time="0.00600000000000023" classname="util" name="Legacy_warning_functions_work_as_expected"/>
    <testcase time="0.00100000000000477" classname="util" name="Legacy_warning_functions_work_as_expected"/>
    <testcase time="0.00600000000000023" classname="util" name="Legacy_warning_functions_work_as_expected"/>
    <testcase time="0.00600000000000023" classname="util" name="vbar2newline_correctly_replaces_vertical_bars"/>
    <testcase time="0.00300000000001432" classname="util" name="vbar2newline_correctly_replaces_vertical_bars"/>
    <testcase time="0.00199999999998113" classname="util" name="vbar2newline_correctly_replaces_vertical_bars"/>
    <testcase time="0.00300000000001432" classname="util" name="vbar2newline_correctly_replaces_vertical_bars"/>
    <testcase time="0.0029999999999859" classname="util" name="vbar2newline_correctly_replaces_vertical_bars"/>
    <testcase time="0.007000000000005" classname="util" name="munge_spaces_correctly_replaces_various_whitespace"/>
    <testcase time="0.00300000000001432" classname="util" name="munge_spaces_correctly_replaces_various_whitespace"/>
    <testcase time="0.0029999999999859" classname="util" name="munge_spaces_correctly_replaces_various_whitespace"/>
    <testcase time="0.00300000000001432" classname="util" name="munge_spaces_correctly_replaces_various_whitespace"/>
    <testcase time="0.0029999999999859" classname="util" name="munge_spaces_correctly_replaces_various_whitespace"/>
    <testcase time="0.00600000000000023" classname="util" name="split_chunk_correctly_splits_text_into_words"/>
    <testcase time="0.00300000000001432" classname="util" name="split_chunk_correctly_splits_text_into_words"/>
    <testcase time="0.0029999999999859" classname="util" name="split_chunk_correctly_splits_text_into_words"/>
    <testcase time="0.00300000000001432" classname="util" name="split_chunk_correctly_splits_text_into_words"/>
    <testcase time="0.0029999999999859" classname="util" name="split_chunk_correctly_splits_text_into_words"/>
    <testcase time="0.00600000000000023" classname="util" name="wrap_chunk_wraps_text_correctly"/>
    <testcase time="0.00300000000001432" classname="util" name="wrap_chunk_wraps_text_correctly"/>
    <testcase time="0.0029999999999859" classname="util" name="wrap_chunk_wraps_text_correctly"/>
    <testcase time="0.00300000000001432" classname="util" name="wrap_chunk_wraps_text_correctly"/>
    <testcase time="0.0029999999999859" classname="util" name="wrap_chunk_wraps_text_correctly"/>
    <testcase time="0.00300000000001432" classname="util" name="wrap_chunk_wraps_text_correctly"/>
    <testcase time="0.00799999999998136" classname="util" name="git_footnote_returns_repo"/>
    <testcase time="0.00600000000000023" classname="util" name="create_new_reporting_event"/>
    <testcase time="0.00300000000001432" classname="util" name="create_new_reporting_event"/>
    <testcase time="0.007000000000005" classname="util" name="create_output_name"/>
    <testcase time="0.0029999999999859" classname="util" name="create_output_name"/>
    <testcase time="0.00300000000001432" classname="util" name="create_output_name"/>
    <testcase time="0.0029999999999859" classname="util" name="create_output_name"/>
    <testcase time="0.00600000000000023" classname="util" name="text_wrap_cut_works_correctly"/>
    <testcase time="0.00399999999999068" classname="util" name="text_wrap_cut_works_correctly"/>
    <testcase time="0.00300000000001432" classname="util" name="text_wrap_cut_works_correctly"/>
    <testcase time="0.0029999999999859" classname="util" name="text_wrap_cut_works_correctly"/>
    <testcase time="0.007000000000005" classname="util" name="text_wrap_cut_keepreturn_respects_existing_newlines"/>
    <testcase time="0.00300000000001432" classname="util" name="text_wrap_cut_keepreturn_respects_existing_newlines"/>
  </testsuite>
  <testsuite name="ai" timestamp="2025-09-11T08:36:29Z" hostname="f1769d47d366" tests="2" skipped="2" failures="0" errors="0" time="0.048">
    <testcase time="0.0319999999999823" classname="ai" name="Listing_print_correctly">
      <skipped message="Reason: Sys.which(&quot;ollama&quot;) == &quot;&quot; is TRUE ('test_ai.R:4:3')"/>
    </testcase>
    <testcase time="0.0160000000000196" classname="ai" name="using_ollama">
      <skipped message="Reason: Sys.which(&quot;ollama&quot;) == &quot;&quot; is TRUE ('test_ai.R:60:3')"/>
    </testcase>
  </testsuite>
  <testsuite name="format_date" timestamp="2025-09-11T08:36:29Z" hostname="f1769d47d366" tests="5" skipped="0" failures="0" errors="0" time="0.264">
    <testcase time="0.162000000000006" classname="format_date" name="Test_format_date"/>
    <testcase time="0.0270000000000152" classname="format_date" name="Test_format_date"/>
    <testcase time="0.0229999999999961" classname="format_date" name="Test_format_date"/>
    <testcase time="0.0260000000000105" classname="format_date" name="Test_format_date"/>
    <testcase time="0.025999999999982" classname="format_date" name="Test_format_date"/>
  </testsuite>
</testsuites>
