<?xml version="1.0" encoding="UTF-8"?>
<testsuites>
  <testsuite name="bad_filters" timestamp="2024-12-27T10:22:16Z" hostname="5615cf94d5f5" tests="1" skipped="0" failures="0" errors="0" time="0.031">
    <testcase time="0.0310000000000001" classname="bad_filters" name="Listing_print_correctly"/>
  </testsuite>
  <testsuite name="data_snapshot" timestamp="2024-12-27T10:22:16Z" hostname="5615cf94d5f5" tests="18" skipped="0" failures="0" errors="0" time="0.831">
    <testcase time="0.105" classname="data_snapshot" name="Test_data_snapshot"/>
    <testcase time="0.0879999999999996" classname="data_snapshot" name="Test_data_snapshot"/>
    <testcase time="0.028" classname="data_snapshot" name="Test_data_snapshot"/>
    <testcase time="0.0530000000000004" classname="data_snapshot" name="Test_data_snapshot"/>
    <testcase time="0.0279999999999996" classname="data_snapshot" name="Test_data_snapshot"/>
    <testcase time="0.0760000000000001" classname="data_snapshot" name="Test_data_snapshot"/>
    <testcase time="0.0230000000000001" classname="data_snapshot" name="Test_data_snapshot"/>
    <testcase time="0.0550000000000002" classname="data_snapshot" name="Test_data_snapshot"/>
    <testcase time="0.0229999999999997" classname="data_snapshot" name="Test_data_snapshot"/>
    <testcase time="0.0500000000000003" classname="data_snapshot" name="Test_data_snapshot"/>
    <testcase time="0.0229999999999997" classname="data_snapshot" name="Test_data_snapshot"/>
    <testcase time="0.0540000000000003" classname="data_snapshot" name="Test_data_snapshot"/>
    <testcase time="0.0339999999999998" classname="data_snapshot" name="Test_data_snapshot"/>
    <testcase time="0.0340000000000003" classname="data_snapshot" name="Test_data_snapshot"/>
    <testcase time="0.0229999999999997" classname="data_snapshot" name="Test_data_snapshot"/>
    <testcase time="0.052" classname="data_snapshot" name="Test_data_snapshot"/>
    <testcase time="0.0230000000000001" classname="data_snapshot" name="Test_data_snapshot"/>
    <testcase time="0.0590000000000002" classname="data_snapshot" name="Test_data_snapshot"/>
  </testsuite>
  <testsuite name="decorate" timestamp="2024-12-27T10:22:17Z" hostname="5615cf94d5f5" tests="3" skipped="2" failures="0" errors="0" time="0.447">
    <testcase time="0.15" classname="decorate" name="Test_decoreate_not_to_throw">
      <skipped message="Reason: empty test ('test-decorate.R:21:1')"/>
    </testcase>
    <testcase time="0.267" classname="decorate" name="Test_print_not_to_throw">
      <skipped message="Reason: empty test ('test-decorate.R:34:1')"/>
    </testcase>
    <testcase time="0.0300000000000002" classname="decorate" name="Test_decoreate_throw"/>
  </testsuite>
  <testsuite name="filter_spec-verbose" timestamp="2024-12-27T10:22:18Z" hostname="5615cf94d5f5" tests="1" skipped="0" failures="0" errors="0" time="0.043">
    <testcase time="0.0429999999999997" classname="filter_spec_verbose" name="Listing_print_correctly"/>
  </testsuite>
  <testsuite name="formats" timestamp="2024-12-27T10:22:18Z" hostname="5615cf94d5f5" tests="6" skipped="0" failures="0" errors="0" time="0.091">
    <testcase time="0.0140000000000002" classname="formats" name="new_round_function"/>
    <testcase time="0.0529999999999999" classname="formats" name="new_round_function"/>
    <testcase time="0.00700000000000012" classname="formats" name="xx.xx_xx.xx_"/>
    <testcase time="0.00599999999999978" classname="formats" name="xx.xx_xx.x_"/>
    <testcase time="0.00499999999999989" classname="formats" name="_xx_xx_"/>
    <testcase time="0.00600000000000023" classname="formats" name="xx.xx_xx.xx_xx.xx_"/>
  </testsuite>
  <testsuite name="g_mean_slides" timestamp="2024-12-27T10:22:18Z" hostname="5615cf94d5f5" tests="14" skipped="5" failures="0" errors="0" time="0.858">
    <testcase time="0.35" classname="g_mean_slides" name="g_mean_slides_Test_1_Test_graph_creation_of_g_eg_slide_eg_mean_plot_"/>
    <testcase time="0.00100000000000033" classname="g_mean_slides" name="g_mean_slides_Test_1_Test_graph_creation_of_g_eg_slide_eg_mean_plot_">
      <skipped message="Reason: On CI ('test-g_mean_slides.R:21:3')"/>
    </testcase>
    <testcase time="0.016" classname="g_mean_slides" name="g_mean_slides_Test_2_Test_error_of_g_eg_slide_"/>
    <testcase time="0.107" classname="g_mean_slides" name="g_mean_slides_Test_3_Test_graph_creation_of_g_lb_slide_lab_mean_plot_"/>
    <testcase time="0.000999999999999446" classname="g_mean_slides" name="g_mean_slides_Test_3_Test_graph_creation_of_g_lb_slide_lab_mean_plot_">
      <skipped message="Reason: On CI ('test-g_mean_slides.R:38:3')"/>
    </testcase>
    <testcase time="0.115" classname="g_mean_slides" name="g_mean_slides_Test_4_Test_graph_creation_of_g_lb_slide_lab_change_from_baseline_plot_"/>
    <testcase time="0.00100000000000033" classname="g_mean_slides" name="g_mean_slides_Test_4_Test_graph_creation_of_g_lb_slide_lab_change_from_baseline_plot_">
      <skipped message="Reason: On CI ('test-g_mean_slides.R:55:3')"/>
    </testcase>
    <testcase time="0.0169999999999995" classname="g_mean_slides" name="g_mean_slides_Test_5_Test_error_of_g_lb_slide_"/>
    <testcase time="0.0920000000000005" classname="g_mean_slides" name="g_mean_slides_Test_6_Test_graph_creation_of_g_vs_slide_vital_sign_mean_plot_"/>
    <testcase time="0.00199999999999978" classname="g_mean_slides" name="g_mean_slides_Test_6_Test_graph_creation_of_g_vs_slide_vital_sign_mean_plot_">
      <skipped message="Reason: On CI ('test-g_mean_slides.R:73:3')"/>
    </testcase>
    <testcase time="0.016" classname="g_mean_slides" name="g_mean_slides_Test_7_Test_error_of_g_vs_slide_"/>
    <testcase time="0.122" classname="g_mean_slides" name="g_mean_slides_Test_8_Test_graph_creation_of_g_mean_slide_vital_sign_mean_plot_"/>
    <testcase time="0.00199999999999978" classname="g_mean_slides" name="g_mean_slides_Test_8_Test_graph_creation_of_g_mean_slide_vital_sign_mean_plot_">
      <skipped message="Reason: On CI ('test-g_mean_slides.R:95:3')"/>
    </testcase>
    <testcase time="0.016" classname="g_mean_slides" name="g_mean_slides_Test_9_Test_error_of_general_function_g_mean_slide_"/>
  </testsuite>
  <testsuite name="helper_functions" timestamp="2024-12-27T10:22:19Z" hostname="5615cf94d5f5" tests="1" skipped="0" failures="0" errors="0" time="0.062">
    <testcase time="0.0620000000000003" classname="helper_functions" name="Test_some_functions_in_helper_functions.R"/>
  </testsuite>
  <testsuite name="l_ae_slide" timestamp="2024-12-27T10:22:19Z" hostname="5615cf94d5f5" tests="1" skipped="0" failures="0" errors="0" time="8.091">
    <testcase time="8.091" classname="l_ae_slide" name="Test_listing_creation_of_l_ae_slide_Adverse_Events_Listing_"/>
  </testsuite>
  <testsuite name="log" timestamp="2024-12-27T10:22:27Z" hostname="5615cf94d5f5" tests="2" skipped="0" failures="0" errors="0" time="0.013">
    <testcase time="0.0120000000000005" classname="log" name="Test_some_functions_in_log.R"/>
    <testcase time="0.000999999999999446" classname="log" name="Test_some_functions_in_log.R"/>
  </testsuite>
  <testsuite name="output-table-format" timestamp="2024-12-27T10:22:27Z" hostname="5615cf94d5f5" tests="1" skipped="1" failures="0" errors="0" time="3.457">
    <testcase time="3.457" classname="output_table_format" name="save_an_autoslider_output">
      <skipped message="Reason: empty test ('test-output-table-format.R:1:1')"/>
    </testcase>
  </testsuite>
  <testsuite name="save_output" timestamp="2024-12-27T10:22:30Z" hostname="5615cf94d5f5" tests="1" skipped="1" failures="0" errors="0" time="0.236">
    <testcase time="0.236000000000001" classname="save_output" name="save_an_output">
      <skipped message="Reason: empty test ('test-save_output.R:1:1')"/>
    </testcase>
  </testsuite>
  <testsuite name="slides_preview" timestamp="2024-12-27T10:22:31Z" hostname="5615cf94d5f5" tests="2" skipped="0" failures="0" errors="0" time="0.553">
    <testcase time="0.526999999999997" classname="slides_preview" name="Test_slides_preview"/>
    <testcase time="0.0259999999999998" classname="slides_preview" name="Test_slides_preview"/>
  </testsuite>
  <testsuite name="srep_outputs" timestamp="2024-12-27T10:22:31Z" hostname="5615cf94d5f5" tests="2" skipped="0" failures="0" errors="0" time="96.267">
    <testcase time="2.151" classname="srep_outputs" name="Listing_print_correctly"/>
    <testcase time="94.116" classname="srep_outputs" name="Listing_print_correctly"/>
  </testsuite>
  <testsuite name="t_ae_pt_diff_slide" timestamp="2024-12-27T10:24:08Z" hostname="5615cf94d5f5" tests="9" skipped="0" failures="0" errors="0" time="3.04">
    <testcase time="0.427999999999997" classname="t_ae_pt_diff_slide" name="Test_table_creation_of_t_ae_pt_diff_slide_safety_summary_table_"/>
    <testcase time="0.209999999999994" classname="t_ae_pt_diff_slide" name="Test_table_creation_of_t_ae_pt_diff_slide_safety_summary_table_prune_by_total_2"/>
    <testcase time="1.24900000000001" classname="t_ae_pt_diff_slide" name="Test_table_creation_of_t_ae_pt_slide_safety_summary_table_prune_by_total_2"/>
    <testcase time="0.220999999999989" classname="t_ae_pt_diff_slide" name="Test_table_creation_of_t_ae_pt_slide_safety_summary_table_prune_by_total_2"/>
    <testcase time="0.338999999999999" classname="t_ae_pt_diff_slide" name="Test_table_creation_of_t_ae_pt_slide_safety_summary_table_prune_by_total_2"/>
    <testcase time="0.207999999999998" classname="t_ae_pt_diff_slide" name="Test_table_creation_of_t_ae_pt_slide_safety_summary_table_prune_by_total_2"/>
    <testcase time="0.118000000000009" classname="t_ae_pt_diff_slide" name="Test_table_creation_of_t_ae_pt_diff_slide_safety_summary_table_"/>
    <testcase time="0.180999999999997" classname="t_ae_pt_diff_slide" name="Test_table_creation_of_t_ae_pt_slide_safety_summary_table_prune_by_total_2"/>
    <testcase time="0.0859999999999985" classname="t_ae_pt_diff_slide" name="Test_table_creation_of_t_ae_pt_diff_slide_with_null_report"/>
  </testsuite>
  <testsuite name="t_ae_pt_slide" timestamp="2024-12-27T10:24:10Z" hostname="5615cf94d5f5" tests="6" skipped="0" failures="0" errors="0" time="1.816">
    <testcase time="0.224000000000004" classname="t_ae_pt_slide" name="Test_table_creation_of_t_ae_pt_slide_safety_summary_table_"/>
    <testcase time="0.203000000000003" classname="t_ae_pt_slide" name="Test_table_creation_of_t_ae_pt_slide_safety_summary_table_prune_by_total_28"/>
    <testcase time="0.199999999999989" classname="t_ae_pt_slide" name="Test_table_creation_of_t_ae_pt_slide_safety_summary_table_prune_by_total_30"/>
    <testcase time="0.412000000000006" classname="t_ae_pt_slide" name="Test_table_creation_of_t_ae_pt_soc_slide_safety_summary_table_"/>
    <testcase time="0.400999999999996" classname="t_ae_pt_slide" name="Test_table_creation_of_t_ae_pt_soc_slide_safety_summary_table_prune_by_total_28"/>
    <testcase time="0.376000000000005" classname="t_ae_pt_slide" name="Test_table_creation_of_t_ae_pt_soc_slide_safety_summary_table_prune_by_total_30"/>
  </testsuite>
  <testsuite name="t_ae_pt_soc_diff_slide" timestamp="2024-12-27T10:24:12Z" hostname="5615cf94d5f5" tests="7" skipped="0" failures="0" errors="0" time="3.291">
    <testcase time="0.369" classname="t_ae_pt_soc_diff_slide" name="Test_table_creation_of_t_ae_pt_soc_diff_slide_safety_summary_table_"/>
    <testcase time="0.35499999999999" classname="t_ae_pt_soc_diff_slide" name="Test_table_creation_of_t_ae_pt_soc_diff_slide_safety_summary_table_prune_by_total_2"/>
    <testcase time="0.668000000000006" classname="t_ae_pt_soc_diff_slide" name="Test_table_creation_of_t_ae_pt_soc_diff_slide_safety_summary_table_prune_by_total_2"/>
    <testcase time="0.417999999999992" classname="t_ae_pt_soc_diff_slide" name="Test_table_creation_of_t_ae_pt_soc_diff_slide_safety_summary_table_prune_by_total_2"/>
    <testcase time="0.664000000000001" classname="t_ae_pt_soc_diff_slide" name="Test_table_creation_of_t_ae_pt_soc_diff_slide_safety_summary_table_prune_by_total_2"/>
    <testcase time="0.52300000000001" classname="t_ae_pt_soc_diff_slide" name="Test_table_creation_of_t_ae_pt_soc_diff_slide_safety_summary_table_prune_by_total_2"/>
    <testcase time="0.293999999999997" classname="t_ae_pt_soc_diff_slide" name="Test_table_creation_of_t_ae_pt_soc_diff_slide_safety_summary_table_"/>
  </testsuite>
  <testsuite name="t_ae_slide" timestamp="2024-12-27T10:24:16Z" hostname="5615cf94d5f5" tests="2" skipped="0" failures="0" errors="0" time="0.775">
    <testcase time="0.706999999999994" classname="t_ae_slide" name="Test_adverse_event_table_creation_of_t_ae_slide_Adverse_Events_for_Patient_"/>
    <testcase time="0.0679999999999978" classname="t_ae_slide" name="Test_adverse_event_table_creation_of_t_ae_slide_with_null_report"/>
  </testsuite>
  <testsuite name="t_ae_summary_slide" timestamp="2024-12-27T10:24:16Z" hostname="5615cf94d5f5" tests="4" skipped="0" failures="0" errors="0" time="1.343">
    <testcase time="0.605000000000004" classname="t_ae_summary_slide" name="Test_table_creation_of_t_ae_summ_slide_safety_summary_table_"/>
    <testcase time="0.609000000000009" classname="t_ae_summary_slide" name="Test_table_creation_of_t_ae_summ_slide_safety_summary_table_"/>
    <testcase time="0.0429999999999922" classname="t_ae_summary_slide" name="Test_t_ae_summ_slide_with_expected_Error"/>
    <testcase time="0.0859999999999985" classname="t_ae_summary_slide" name="Test_t_ae_summ_slide_with_null_report"/>
  </testsuite>
  <testsuite name="t_aesi_slide" timestamp="2024-12-27T10:24:18Z" hostname="5615cf94d5f5" tests="5" skipped="0" failures="0" errors="0" time="1.455">
    <testcase time="0.492000000000004" classname="t_aesi_slide" name="Test_table_creation_of_t_aesi_slide_AESI_summary_table_with_AETOXGR_grading"/>
    <testcase time="0.453000000000003" classname="t_aesi_slide" name="Test_table_creation_of_t_aesi_slide_AESI_summary_table_with_AESEV_grading"/>
    <testcase time="0.469999999999999" classname="t_aesi_slide" name="Test_table_creation_of_t_aesi_slide_AESI_summary_table_with_custom_AEGRP_grouping"/>
    <testcase time="0.00900000000000034" classname="t_aesi_slide" name="Test_table_creation_of_t_aesi_slide_with_no_aesi_var_given"/>
    <testcase time="0.0309999999999917" classname="t_aesi_slide" name="Test_table_creation_of_t_aesi_slide_with_aesi_var_not_found_in_dataset"/>
  </testsuite>
  <testsuite name="t_dd_slide" timestamp="2024-12-27T10:24:19Z" hostname="5615cf94d5f5" tests="6" skipped="0" failures="0" errors="0" time="0.743">
    <testcase time="0.166000000000011" classname="t_dd_slide" name="Test_table_creation_of_t_dd_slide_death_table_"/>
    <testcase time="0.0409999999999968" classname="t_dd_slide" name="Test_t_dd_slide_table_with_expected_Error"/>
    <testcase time="0.0579999999999927" classname="t_dd_slide" name="Test_table_creation_of_with_null_report"/>
    <testcase time="0.219000000000008" classname="t_dd_slide" name="Test_table_creation_of_t_dd_slide_death_table_"/>
    <testcase time="0.170999999999992" classname="t_dd_slide" name="Test_table_creation_of_t_dd_slide_death_table_"/>
    <testcase time="0.0880000000000081" classname="t_dd_slide" name="Test_table_creation_of_t_dd_slide_death_table_"/>
  </testsuite>
  <testsuite name="t_dm_slide" timestamp="2024-12-27T10:24:20Z" hostname="5615cf94d5f5" tests="5" skipped="0" failures="0" errors="0" time="2.617">
    <testcase time="0.372" classname="t_dm_slide" name="Test_demographic_table_creation_of_t_dm_slide"/>
    <testcase time="0.686999999999998" classname="t_dm_slide" name="Test_demographic_table_creation_of_t_dm_slide"/>
    <testcase time="0.459999999999994" classname="t_dm_slide" name="Test_demographic_table_creation_of_t_dm_slide"/>
    <testcase time="0.427000000000007" classname="t_dm_slide" name="Test_demographic_table_creation_of_t_dm_slide"/>
    <testcase time="0.671000000000006" classname="t_dm_slide" name="Test_demographic_table_creation_of_t_dm_slide"/>
  </testsuite>
  <testsuite name="t_dor_slide" timestamp="2024-12-27T10:24:23Z" hostname="5615cf94d5f5" tests="2" skipped="0" failures="0" errors="0" time="0.386">
    <testcase time="0.170999999999992" classname="t_dor_slide" name="Test_DOR_table_when_time_unit_is_DAYS_"/>
    <testcase time="0.215000000000003" classname="t_dor_slide" name="Test_DOR_table_when_time_unit_is_YEARS_"/>
  </testsuite>
  <testsuite name="t_ds_slide" timestamp="2024-12-27T10:24:23Z" hostname="5615cf94d5f5" tests="5" skipped="0" failures="0" errors="0" time="1.418">
    <testcase time="0.292000000000002" classname="t_ds_slide" name="Test_table_creation_of_t_ds_slide"/>
    <testcase time="0.288999999999987" classname="t_ds_slide" name="Test_table_creation_of_t_ds_slide"/>
    <testcase time="0.370000000000005" classname="t_ds_slide" name="Test_table_creation_of_t_ds_slide"/>
    <testcase time="0.294999999999987" classname="t_ds_slide" name="Test_table_creation_of_t_ds_slide"/>
    <testcase time="0.172000000000025" classname="t_ds_slide" name="Test_table_creation_of_t_ds_slide"/>
  </testsuite>
  <testsuite name="util" timestamp="2024-12-27T10:24:24Z" hostname="5615cf94d5f5" tests="6" skipped="0" failures="0" errors="0" time="0.04">
    <testcase time="0.0159999999999911" classname="util" name="Test_some_functions_in_util.R"/>
    <testcase time="0.007000000000005" classname="util" name="Test_some_functions_in_util.R"/>
    <testcase time="0.007000000000005" classname="util" name="Test_some_functions_in_util.R"/>
    <testcase time="0.00499999999999545" classname="util" name="Test_some_functions_in_util.R"/>
    <testcase time="0.0029999999999859" classname="util" name="Test_some_functions_in_util.R"/>
    <testcase time="0.00200000000000955" classname="util" name="Test_some_functions_in_util.R"/>
  </testsuite>
  <testsuite name="format_date" timestamp="2024-12-27T10:24:24Z" hostname="5615cf94d5f5" tests="5" skipped="0" failures="0" errors="0" time="0.265">
    <testcase time="0.157999999999987" classname="format_date" name="Test_format_date"/>
    <testcase time="0.0300000000000011" classname="format_date" name="Test_format_date"/>
    <testcase time="0.0240000000000009" classname="format_date" name="Test_format_date"/>
    <testcase time="0.0270000000000152" classname="format_date" name="Test_format_date"/>
    <testcase time="0.025999999999982" classname="format_date" name="Test_format_date"/>
  </testsuite>
</testsuites>
