<?xml version="1.0" encoding="UTF-8"?>
<testsuites>
  <testsuite name="data_snapshot" timestamp="2024-11-14T09:21:24Z" hostname="3997207bc612" tests="18" skipped="0" failures="0" errors="0" time="0.931">
    <testcase time="0.0910000000000002" classname="data_snapshot" name="Test_data_snapshot"/>
    <testcase time="0.104" classname="data_snapshot" name="Test_data_snapshot"/>
    <testcase time="0.0310000000000001" classname="data_snapshot" name="Test_data_snapshot"/>
    <testcase time="0.0780000000000003" classname="data_snapshot" name="Test_data_snapshot"/>
    <testcase time="0.0249999999999999" classname="data_snapshot" name="Test_data_snapshot"/>
    <testcase time="0.0640000000000001" classname="data_snapshot" name="Test_data_snapshot"/>
    <testcase time="0.0259999999999998" classname="data_snapshot" name="Test_data_snapshot"/>
    <testcase time="0.0739999999999998" classname="data_snapshot" name="Test_data_snapshot"/>
    <testcase time="0.0250000000000004" classname="data_snapshot" name="Test_data_snapshot"/>
    <testcase time="0.0619999999999998" classname="data_snapshot" name="Test_data_snapshot"/>
    <testcase time="0.0259999999999998" classname="data_snapshot" name="Test_data_snapshot"/>
    <testcase time="0.0610000000000004" classname="data_snapshot" name="Test_data_snapshot"/>
    <testcase time="0.0439999999999996" classname="data_snapshot" name="Test_data_snapshot"/>
    <testcase time="0.036" classname="data_snapshot" name="Test_data_snapshot"/>
    <testcase time="0.0260000000000002" classname="data_snapshot" name="Test_data_snapshot"/>
    <testcase time="0.0609999999999999" classname="data_snapshot" name="Test_data_snapshot"/>
    <testcase time="0.0250000000000004" classname="data_snapshot" name="Test_data_snapshot"/>
    <testcase time="0.0720000000000001" classname="data_snapshot" name="Test_data_snapshot"/>
  </testsuite>
  <testsuite name="decorate" timestamp="2024-11-14T09:21:25Z" hostname="3997207bc612" tests="6" skipped="0" failures="0" errors="0" time="0.463">
    <testcase time="0.0289999999999999" classname="decorate" name="Test_decoreate_not_to_throw"/>
    <testcase time="0.156" classname="decorate" name="Test_decoreate_not_to_throw"/>
    <testcase time="0.077" classname="decorate" name="Test_print_not_to_throw"/>
    <testcase time="0.0629999999999997" classname="decorate" name="Test_print_not_to_throw"/>
    <testcase time="0.128" classname="decorate" name="Test_print_not_to_throw"/>
    <testcase time="0.00999999999999979" classname="decorate" name="Test_decoreate_throw"/>
  </testsuite>
  <testsuite name="log" timestamp="2024-11-14T09:21:25Z" hostname="3997207bc612" tests="2" skipped="0" failures="0" errors="0" time="0.019">
    <testcase time="0.0180000000000007" classname="log" name="Test_some_functions_in_log.R"/>
    <testcase time="0.000999999999999446" classname="log" name="Test_some_functions_in_log.R"/>
  </testsuite>
  <testsuite name="save_output" timestamp="2024-11-14T09:21:25Z" hostname="3997207bc612" tests="1" skipped="0" failures="0" errors="0" time="0.365">
    <testcase time="0.365" classname="save_output" name="save_an_output"/>
  </testsuite>
  <testsuite name="t_dd_slide" timestamp="2024-11-14T09:21:26Z" hostname="3997207bc612" tests="6" skipped="0" failures="0" errors="0" time="0.94">
    <testcase time="0.257" classname="t_dd_slide" name="Test_table_creation_of_t_dd_slide_death_table_"/>
    <testcase time="0.0420000000000007" classname="t_dd_slide" name="Test_t_dd_slide_table_with_expected_Error"/>
    <testcase time="0.138" classname="t_dd_slide" name="Test_table_creation_of_with_null_report"/>
    <testcase time="0.224" classname="t_dd_slide" name="Test_table_creation_of_t_dd_slide_death_table_"/>
    <testcase time="0.182" classname="t_dd_slide" name="Test_table_creation_of_t_dd_slide_death_table_"/>
    <testcase time="0.0969999999999995" classname="t_dd_slide" name="Test_table_creation_of_t_dd_slide_death_table_"/>
  </testsuite>
  <testsuite name="t_dm_slide" timestamp="2024-11-14T09:21:27Z" hostname="3997207bc612" tests="5" skipped="0" failures="0" errors="0" time="1.842">
    <testcase time="0.482" classname="t_dm_slide" name="Test_demographic_table_creation_of_t_dm_slide"/>
    <testcase time="0.384" classname="t_dm_slide" name="Test_demographic_table_creation_of_t_dm_slide"/>
    <testcase time="0.39" classname="t_dm_slide" name="Test_demographic_table_creation_of_t_dm_slide"/>
    <testcase time="0.197" classname="t_dm_slide" name="Test_demographic_table_creation_of_t_dm_slide"/>
    <testcase time="0.389" classname="t_dm_slide" name="Test_demographic_table_creation_of_t_dm_slide"/>
  </testsuite>
  <testsuite name="t_dor_slide" timestamp="2024-11-14T09:21:28Z" hostname="3997207bc612" tests="2" skipped="0" failures="0" errors="0" time="0.381">
    <testcase time="0.197" classname="t_dor_slide" name="Test_DOR_table_when_time_unit_is_DAYS_"/>
    <testcase time="0.183999999999999" classname="t_dor_slide" name="Test_DOR_table_when_time_unit_is_YEARS_"/>
  </testsuite>
  <testsuite name="util" timestamp="2024-11-14T09:21:29Z" hostname="3997207bc612" tests="18" skipped="0" failures="0" errors="0" time="0.066">
    <testcase time="0.0080000000000009" classname="util" name="Test_some_functions_in_util.R"/>
    <testcase time="0.000999999999999446" classname="util" name="Test_some_functions_in_util.R"/>
    <testcase time="0.00200000000000067" classname="util" name="Test_some_functions_in_util.R"/>
    <testcase time="0.000999999999999446" classname="util" name="Test_some_functions_in_util.R"/>
    <testcase time="0.000999999999999446" classname="util" name="Test_some_functions_in_util.R"/>
    <testcase time="0.00100000000000122" classname="util" name="Test_some_functions_in_util.R"/>
    <testcase time="0.00899999999999856" classname="util" name="Test_some_functions_in_util.R"/>
    <testcase time="0.00100000000000122" classname="util" name="Test_some_functions_in_util.R"/>
    <testcase time="0.00799999999999912" classname="util" name="Test_some_functions_in_util.R"/>
    <testcase time="0.0080000000000009" classname="util" name="Test_some_functions_in_util.R"/>
    <testcase time="0.00900000000000034" classname="util" name="Test_some_functions_in_util.R"/>
    <testcase time="0.000999999999999446" classname="util" name="Test_some_functions_in_util.R"/>
    <testcase time="0.00500000000000078" classname="util" name="Test_some_functions_in_util.R"/>
    <testcase time="0.00499999999999901" classname="util" name="Test_some_functions_in_util.R"/>
    <testcase time="0.00100000000000122" classname="util" name="Test_some_functions_in_util.R"/>
    <testcase time="0.00199999999999889" classname="util" name="Test_some_functions_in_util.R"/>
    <testcase time="0.00100000000000122" classname="util" name="Test_some_functions_in_util.R"/>
    <testcase time="0.00199999999999889" classname="util" name="Test_some_functions_in_util.R"/>
  </testsuite>
</testsuites>
