<?xml version="1.0" encoding="UTF-8"?>
<testsuites>
  <testsuite name="data_snapshot" timestamp="2024-11-14T08:13:41Z" hostname="c1084eae6f5b" tests="18" skipped="0" failures="0" errors="0" time="0.844">
    <testcase time="0.0869999999999997" classname="data_snapshot" name="Test_data_snapshot"/>
    <testcase time="0.097" classname="data_snapshot" name="Test_data_snapshot"/>
    <testcase time="0.0290000000000004" classname="data_snapshot" name="Test_data_snapshot"/>
    <testcase time="0.0709999999999997" classname="data_snapshot" name="Test_data_snapshot"/>
    <testcase time="0.0220000000000002" classname="data_snapshot" name="Test_data_snapshot"/>
    <testcase time="0.0579999999999998" classname="data_snapshot" name="Test_data_snapshot"/>
    <testcase time="0.0220000000000002" classname="data_snapshot" name="Test_data_snapshot"/>
    <testcase time="0.0669999999999997" classname="data_snapshot" name="Test_data_snapshot"/>
    <testcase time="0.0230000000000001" classname="data_snapshot" name="Test_data_snapshot"/>
    <testcase time="0.0540000000000003" classname="data_snapshot" name="Test_data_snapshot"/>
    <testcase time="0.0229999999999997" classname="data_snapshot" name="Test_data_snapshot"/>
    <testcase time="0.052" classname="data_snapshot" name="Test_data_snapshot"/>
    <testcase time="0.0390000000000001" classname="data_snapshot" name="Test_data_snapshot"/>
    <testcase time="0.032" classname="data_snapshot" name="Test_data_snapshot"/>
    <testcase time="0.0219999999999998" classname="data_snapshot" name="Test_data_snapshot"/>
    <testcase time="0.056" classname="data_snapshot" name="Test_data_snapshot"/>
    <testcase time="0.0230000000000001" classname="data_snapshot" name="Test_data_snapshot"/>
    <testcase time="0.0669999999999997" classname="data_snapshot" name="Test_data_snapshot"/>
  </testsuite>
  <testsuite name="decorate" timestamp="2024-11-14T08:13:41Z" hostname="c1084eae6f5b" tests="6" skipped="0" failures="0" errors="0" time="0.445">
    <testcase time="0.0260000000000002" classname="decorate" name="Test_decoreate_not_to_throw"/>
    <testcase time="0.158" classname="decorate" name="Test_decoreate_not_to_throw"/>
    <testcase time="0.0720000000000001" classname="decorate" name="Test_print_not_to_throw"/>
    <testcase time="0.0590000000000002" classname="decorate" name="Test_print_not_to_throw"/>
    <testcase time="0.12" classname="decorate" name="Test_print_not_to_throw"/>
    <testcase time="0.00999999999999979" classname="decorate" name="Test_decoreate_throw"/>
  </testsuite>
  <testsuite name="log" timestamp="2024-11-14T08:13:42Z" hostname="c1084eae6f5b" tests="2" skipped="0" failures="0" errors="0" time="0.018">
    <testcase time="0.016" classname="log" name="Test_some_functions_in_log.R"/>
    <testcase time="0.00199999999999978" classname="log" name="Test_some_functions_in_log.R"/>
  </testsuite>
  <testsuite name="save_output" timestamp="2024-11-14T08:13:42Z" hostname="c1084eae6f5b" tests="1" skipped="0" failures="0" errors="0" time="0.356">
    <testcase time="0.356" classname="save_output" name="save_an_output"/>
  </testsuite>
  <testsuite name="t_dd_slide" timestamp="2024-11-14T08:13:42Z" hostname="c1084eae6f5b" tests="6" skipped="0" failures="0" errors="0" time="0.88">
    <testcase time="0.252000000000001" classname="t_dd_slide" name="Test_table_creation_of_t_dd_slide_death_table_"/>
    <testcase time="0.0389999999999997" classname="t_dd_slide" name="Test_t_dd_slide_table_with_expected_Error"/>
    <testcase time="0.133" classname="t_dd_slide" name="Test_table_creation_of_with_null_report"/>
    <testcase time="0.211" classname="t_dd_slide" name="Test_table_creation_of_t_dd_slide_death_table_"/>
    <testcase time="0.162999999999999" classname="t_dd_slide" name="Test_table_creation_of_t_dd_slide_death_table_"/>
    <testcase time="0.0819999999999999" classname="t_dd_slide" name="Test_table_creation_of_t_dd_slide_death_table_"/>
  </testsuite>
  <testsuite name="t_dm_slide" timestamp="2024-11-14T08:13:43Z" hostname="c1084eae6f5b" tests="5" skipped="0" failures="0" errors="0" time="1.667">
    <testcase time="0.428000000000001" classname="t_dm_slide" name="Test_demographic_table_creation_of_t_dm_slide"/>
    <testcase time="0.348999999999999" classname="t_dm_slide" name="Test_demographic_table_creation_of_t_dm_slide"/>
    <testcase time="0.359" classname="t_dm_slide" name="Test_demographic_table_creation_of_t_dm_slide"/>
    <testcase time="0.177" classname="t_dm_slide" name="Test_demographic_table_creation_of_t_dm_slide"/>
    <testcase time="0.354" classname="t_dm_slide" name="Test_demographic_table_creation_of_t_dm_slide"/>
  </testsuite>
  <testsuite name="t_dor_slide" timestamp="2024-11-14T08:13:45Z" hostname="c1084eae6f5b" tests="2" skipped="0" failures="0" errors="0" time="0.338">
    <testcase time="0.176" classname="t_dor_slide" name="Test_DOR_table_when_time_unit_is_DAYS_"/>
    <testcase time="0.162" classname="t_dor_slide" name="Test_DOR_table_when_time_unit_is_YEARS_"/>
  </testsuite>
  <testsuite name="util" timestamp="2024-11-14T08:13:45Z" hostname="c1084eae6f5b" tests="18" skipped="0" failures="0" errors="0" time="0.058">
    <testcase time="0.00699999999999967" classname="util" name="Test_some_functions_in_util.R"/>
    <testcase time="0.00199999999999978" classname="util" name="Test_some_functions_in_util.R"/>
    <testcase time="0.00100000000000033" classname="util" name="Test_some_functions_in_util.R"/>
    <testcase time="0.000999999999999446" classname="util" name="Test_some_functions_in_util.R"/>
    <testcase time="0.00100000000000033" classname="util" name="Test_some_functions_in_util.R"/>
    <testcase time="0.00100000000000033" classname="util" name="Test_some_functions_in_util.R"/>
    <testcase time="0.00800000000000001" classname="util" name="Test_some_functions_in_util.R"/>
    <testcase time="0.000999999999999446" classname="util" name="Test_some_functions_in_util.R"/>
    <testcase time="0.0129999999999999" classname="util" name="Test_some_functions_in_util.R"/>
    <testcase time="0.00100000000000033" classname="util" name="Test_some_functions_in_util.R"/>
    <testcase time="0.00800000000000001" classname="util" name="Test_some_functions_in_util.R"/>
    <testcase time="0.00100000000000033" classname="util" name="Test_some_functions_in_util.R"/>
    <testcase time="0.00499999999999989" classname="util" name="Test_some_functions_in_util.R"/>
    <testcase time="0.00300000000000011" classname="util" name="Test_some_functions_in_util.R"/>
    <testcase time="0.000999999999999446" classname="util" name="Test_some_functions_in_util.R"/>
    <testcase time="0.00200000000000067" classname="util" name="Test_some_functions_in_util.R"/>
    <testcase time="0.000999999999999446" classname="util" name="Test_some_functions_in_util.R"/>
    <testcase time="0.00100000000000033" classname="util" name="Test_some_functions_in_util.R"/>
  </testsuite>
</testsuites>
