<?xml version="1.0" encoding="UTF-8"?>
<testsuites>
  <testsuite name="data_snapshot" timestamp="2024-11-14T09:09:14Z" hostname="ac2cbdd150e1" tests="18" skipped="0" failures="0" errors="0" time="0.835">
    <testcase time="0.0859999999999999" classname="data_snapshot" name="Test_data_snapshot"/>
    <testcase time="0.097" classname="data_snapshot" name="Test_data_snapshot"/>
    <testcase time="0.028" classname="data_snapshot" name="Test_data_snapshot"/>
    <testcase time="0.0699999999999998" classname="data_snapshot" name="Test_data_snapshot"/>
    <testcase time="0.0220000000000002" classname="data_snapshot" name="Test_data_snapshot"/>
    <testcase time="0.0579999999999998" classname="data_snapshot" name="Test_data_snapshot"/>
    <testcase time="0.0230000000000001" classname="data_snapshot" name="Test_data_snapshot"/>
    <testcase time="0.0669999999999997" classname="data_snapshot" name="Test_data_snapshot"/>
    <testcase time="0.0220000000000002" classname="data_snapshot" name="Test_data_snapshot"/>
    <testcase time="0.0539999999999998" classname="data_snapshot" name="Test_data_snapshot"/>
    <testcase time="0.0230000000000001" classname="data_snapshot" name="Test_data_snapshot"/>
    <testcase time="0.0510000000000002" classname="data_snapshot" name="Test_data_snapshot"/>
    <testcase time="0.0389999999999997" classname="data_snapshot" name="Test_data_snapshot"/>
    <testcase time="0.0319999999999996" classname="data_snapshot" name="Test_data_snapshot"/>
    <testcase time="0.0220000000000002" classname="data_snapshot" name="Test_data_snapshot"/>
    <testcase time="0.0550000000000002" classname="data_snapshot" name="Test_data_snapshot"/>
    <testcase time="0.0229999999999997" classname="data_snapshot" name="Test_data_snapshot"/>
    <testcase time="0.0630000000000002" classname="data_snapshot" name="Test_data_snapshot"/>
  </testsuite>
  <testsuite name="decorate" timestamp="2024-11-14T09:09:15Z" hostname="ac2cbdd150e1" tests="6" skipped="0" failures="0" errors="0" time="0.411">
    <testcase time="0.0270000000000001" classname="decorate" name="Test_decoreate_not_to_throw"/>
    <testcase time="0.128" classname="decorate" name="Test_decoreate_not_to_throw"/>
    <testcase time="0.0710000000000002" classname="decorate" name="Test_print_not_to_throw"/>
    <testcase time="0.0579999999999998" classname="decorate" name="Test_print_not_to_throw"/>
    <testcase time="0.118" classname="decorate" name="Test_print_not_to_throw"/>
    <testcase time="0.00899999999999945" classname="decorate" name="Test_decoreate_throw"/>
  </testsuite>
  <testsuite name="log" timestamp="2024-11-14T09:09:15Z" hostname="ac2cbdd150e1" tests="2" skipped="0" failures="0" errors="0" time="0.018">
    <testcase time="0.016" classname="log" name="Test_some_functions_in_log.R"/>
    <testcase time="0.00200000000000067" classname="log" name="Test_some_functions_in_log.R"/>
  </testsuite>
  <testsuite name="save_output" timestamp="2024-11-14T09:09:15Z" hostname="ac2cbdd150e1" tests="1" skipped="0" failures="0" errors="0" time="0.35">
    <testcase time="0.35" classname="save_output" name="save_an_output"/>
  </testsuite>
  <testsuite name="t_dd_slide" timestamp="2024-11-14T09:09:16Z" hostname="ac2cbdd150e1" tests="6" skipped="0" failures="0" errors="0" time="0.878">
    <testcase time="0.245" classname="t_dd_slide" name="Test_table_creation_of_t_dd_slide_death_table_"/>
    <testcase time="0.04" classname="t_dd_slide" name="Test_t_dd_slide_table_with_expected_Error"/>
    <testcase time="0.132" classname="t_dd_slide" name="Test_table_creation_of_with_null_report"/>
    <testcase time="0.214" classname="t_dd_slide" name="Test_table_creation_of_t_dd_slide_death_table_"/>
    <testcase time="0.164" classname="t_dd_slide" name="Test_table_creation_of_t_dd_slide_death_table_"/>
    <testcase time="0.0830000000000002" classname="t_dd_slide" name="Test_table_creation_of_t_dd_slide_death_table_"/>
  </testsuite>
  <testsuite name="t_dm_slide" timestamp="2024-11-14T09:09:17Z" hostname="ac2cbdd150e1" tests="5" skipped="0" failures="0" errors="0" time="1.673">
    <testcase time="0.428" classname="t_dm_slide" name="Test_demographic_table_creation_of_t_dm_slide"/>
    <testcase time="0.35" classname="t_dm_slide" name="Test_demographic_table_creation_of_t_dm_slide"/>
    <testcase time="0.362" classname="t_dm_slide" name="Test_demographic_table_creation_of_t_dm_slide"/>
    <testcase time="0.179" classname="t_dm_slide" name="Test_demographic_table_creation_of_t_dm_slide"/>
    <testcase time="0.354" classname="t_dm_slide" name="Test_demographic_table_creation_of_t_dm_slide"/>
  </testsuite>
  <testsuite name="t_dor_slide" timestamp="2024-11-14T09:09:18Z" hostname="ac2cbdd150e1" tests="2" skipped="0" failures="0" errors="0" time="0.343">
    <testcase time="0.178" classname="t_dor_slide" name="Test_DOR_table_when_time_unit_is_DAYS_"/>
    <testcase time="0.165" classname="t_dor_slide" name="Test_DOR_table_when_time_unit_is_YEARS_"/>
  </testsuite>
  <testsuite name="util" timestamp="2024-11-14T09:09:19Z" hostname="ac2cbdd150e1" tests="18" skipped="0" failures="0" errors="0" time="0.057">
    <testcase time="0.00699999999999967" classname="util" name="Test_some_functions_in_util.R"/>
    <testcase time="0.00200000000000067" classname="util" name="Test_some_functions_in_util.R"/>
    <testcase time="0.000999999999999446" classname="util" name="Test_some_functions_in_util.R"/>
    <testcase time="0.00100000000000033" classname="util" name="Test_some_functions_in_util.R"/>
    <testcase time="0.000999999999999446" classname="util" name="Test_some_functions_in_util.R"/>
    <testcase time="0.00100000000000033" classname="util" name="Test_some_functions_in_util.R"/>
    <testcase time="0.00800000000000001" classname="util" name="Test_some_functions_in_util.R"/>
    <testcase time="0.00100000000000033" classname="util" name="Test_some_functions_in_util.R"/>
    <testcase time="0.0129999999999999" classname="util" name="Test_some_functions_in_util.R"/>
    <testcase time="0.000999999999999446" classname="util" name="Test_some_functions_in_util.R"/>
    <testcase time="0.00699999999999967" classname="util" name="Test_some_functions_in_util.R"/>
    <testcase time="0.00100000000000033" classname="util" name="Test_some_functions_in_util.R"/>
    <testcase time="0.00499999999999989" classname="util" name="Test_some_functions_in_util.R"/>
    <testcase time="0.00300000000000011" classname="util" name="Test_some_functions_in_util.R"/>
    <testcase time="0.00199999999999978" classname="util" name="Test_some_functions_in_util.R"/>
    <testcase time="0.00100000000000033" classname="util" name="Test_some_functions_in_util.R"/>
    <testcase time="0.00100000000000033" classname="util" name="Test_some_functions_in_util.R"/>
    <testcase time="0.000999999999999446" classname="util" name="Test_some_functions_in_util.R"/>
  </testsuite>
</testsuites>
