<?xml version="1.0" encoding="UTF-8"?>
<testsuites>
  <testsuite name="bad_filters" timestamp="2025-06-16T05:26:27Z" hostname="0b4e2d72cd4d" tests="2" skipped="0" failures="0" errors="0" time="0.045">
    <testcase time="0.0270000000000001" classname="bad_filters" name="Listing_print_correctly"/>
    <testcase time="0.0179999999999998" classname="bad_filters" name="Listing_print_correctly"/>
  </testsuite>
  <testsuite name="data_snapshot" timestamp="2025-06-16T05:26:27Z" hostname="0b4e2d72cd4d" tests="18" skipped="0" failures="0" errors="0" time="1.046">
    <testcase time="0.0980000000000003" classname="data_snapshot" name="Test_data_snapshot"/>
    <testcase time="0.093" classname="data_snapshot" name="Test_data_snapshot"/>
    <testcase time="0.0230000000000001" classname="data_snapshot" name="Test_data_snapshot"/>
    <testcase time="0.0649999999999999" classname="data_snapshot" name="Test_data_snapshot"/>
    <testcase time="0.0309999999999997" classname="data_snapshot" name="Test_data_snapshot"/>
    <testcase time="0.252" classname="data_snapshot" name="Test_data_snapshot"/>
    <testcase time="0.024" classname="data_snapshot" name="Test_data_snapshot"/>
    <testcase time="0.0619999999999998" classname="data_snapshot" name="Test_data_snapshot"/>
    <testcase time="0.0249999999999999" classname="data_snapshot" name="Test_data_snapshot"/>
    <testcase time="0.056" classname="data_snapshot" name="Test_data_snapshot"/>
    <testcase time="0.024" classname="data_snapshot" name="Test_data_snapshot"/>
    <testcase time="0.0569999999999999" classname="data_snapshot" name="Test_data_snapshot"/>
    <testcase time="0.0349999999999997" classname="data_snapshot" name="Test_data_snapshot"/>
    <testcase time="0.0330000000000004" classname="data_snapshot" name="Test_data_snapshot"/>
    <testcase time="0.0239999999999996" classname="data_snapshot" name="Test_data_snapshot"/>
    <testcase time="0.056" classname="data_snapshot" name="Test_data_snapshot"/>
    <testcase time="0.0230000000000001" classname="data_snapshot" name="Test_data_snapshot"/>
    <testcase time="0.0649999999999999" classname="data_snapshot" name="Test_data_snapshot"/>
  </testsuite>
  <testsuite name="decorate" timestamp="2025-06-16T05:26:28Z" hostname="0b4e2d72cd4d" tests="10" skipped="0" failures="0" errors="0" time="0.992">
    <testcase time="0.104" classname="decorate" name="Test_decoreate.grob_not_to_throw"/>
    <testcase time="0.141" classname="decorate" name="Test_decoreate.grob_not_to_throw"/>
    <testcase time="0.00499999999999989" classname="decorate" name="Test_decoreate_not_to_throw"/>
    <testcase time="0.0950000000000002" classname="decorate" name="Test_decoreate_not_to_throw"/>
    <testcase time="0.0729999999999995" classname="decorate" name="Test_print_not_to_throw"/>
    <testcase time="0.0640000000000001" classname="decorate" name="Test_print_not_to_throw"/>
    <testcase time="0.133" classname="decorate" name="Test_print_not_to_throw"/>
    <testcase time="0.00800000000000001" classname="decorate" name="Test_decoreate_throw"/>
    <testcase time="0.294" classname="decorate" name="Test_ph_with_img_not_to_throw"/>
    <testcase time="0.0750000000000002" classname="decorate" name="Test_ph_with_img_not_to_throw"/>
  </testsuite>
  <testsuite name="filter_spec-verbose" timestamp="2025-06-16T05:26:29Z" hostname="0b4e2d72cd4d" tests="2" skipped="0" failures="0" errors="1" time="0.016">
    <testcase time="0.0119999999999996" classname="filter_spec_verbose" name="Listing_print_correctly"/>
    <testcase time="0.00400000000000045" classname="filter_spec_verbose" name="Listing_print_correctly">
      <error type="error" message="Error in `file(file, &quot;rt&quot;, encoding = fileEncoding)`: cannot open the connection ('test-filter_spec-verbose.R:6:3')">Error in `file(file, "rt", encoding = fileEncoding)`: cannot open the connection
Backtrace:
    x
 1. \-filters::load_filters(...) at test-filter_spec-verbose.R:6:3
 2.   \-yaml::read_yaml(yaml_file)
 3.     \-base::file(file, "rt", encoding = fileEncoding)</error>
    </testcase>
  </testsuite>
  <testsuite name="formats" timestamp="2025-06-16T05:26:29Z" hostname="0b4e2d72cd4d" tests="6" skipped="0" failures="0" errors="0" time="0.11">
    <testcase time="0.0299999999999994" classname="formats" name="new_round_function"/>
    <testcase time="0.0570000000000004" classname="formats" name="new_round_function"/>
    <testcase time="0.00600000000000023" classname="formats" name="xx.xx_xx.xx_"/>
    <testcase time="0.00499999999999989" classname="formats" name="xx.xx_xx.x_"/>
    <testcase time="0.00600000000000023" classname="formats" name="_xx_xx_"/>
    <testcase time="0.00599999999999934" classname="formats" name="xx.xx_xx.xx_xx.xx_"/>
  </testsuite>
  <testsuite name="g_mean_slides" timestamp="2025-06-16T05:26:29Z" hostname="0b4e2d72cd4d" tests="14" skipped="5" failures="0" errors="0" time="0.769">
    <testcase time="0.164000000000001" classname="g_mean_slides" name="g_mean_slides_Test_1_Test_graph_creation_of_g_eg_slide_eg_mean_plot_"/>
    <testcase time="0.000999999999999446" classname="g_mean_slides" name="g_mean_slides_Test_1_Test_graph_creation_of_g_eg_slide_eg_mean_plot_">
      <skipped message="Reason: On CI ('test-g_mean_slides.R:20:3')"/>
    </testcase>
    <testcase time="0.024" classname="g_mean_slides" name="g_mean_slides_Test_2_Test_error_of_g_eg_slide_"/>
    <testcase time="0.12" classname="g_mean_slides" name="g_mean_slides_Test_3_Test_graph_creation_of_g_lb_slide_lab_mean_plot_"/>
    <testcase time="0.00199999999999978" classname="g_mean_slides" name="g_mean_slides_Test_3_Test_graph_creation_of_g_lb_slide_lab_mean_plot_">
      <skipped message="Reason: On CI ('test-g_mean_slides.R:37:3')"/>
    </testcase>
    <testcase time="0.135000000000001" classname="g_mean_slides" name="g_mean_slides_Test_4_Test_graph_creation_of_g_lb_slide_lab_change_from_baseline_plot_"/>
    <testcase time="0.000999999999999446" classname="g_mean_slides" name="g_mean_slides_Test_4_Test_graph_creation_of_g_lb_slide_lab_change_from_baseline_plot_">
      <skipped message="Reason: On CI ('test-g_mean_slides.R:54:3')"/>
    </testcase>
    <testcase time="0.0179999999999998" classname="g_mean_slides" name="g_mean_slides_Test_5_Test_error_of_g_lb_slide_"/>
    <testcase time="0.104" classname="g_mean_slides" name="g_mean_slides_Test_6_Test_graph_creation_of_g_vs_slide_vital_sign_mean_plot_"/>
    <testcase time="0.00200000000000067" classname="g_mean_slides" name="g_mean_slides_Test_6_Test_graph_creation_of_g_vs_slide_vital_sign_mean_plot_">
      <skipped message="Reason: On CI ('test-g_mean_slides.R:72:3')"/>
    </testcase>
    <testcase time="0.0169999999999995" classname="g_mean_slides" name="g_mean_slides_Test_7_Test_error_of_g_vs_slide_"/>
    <testcase time="0.162" classname="g_mean_slides" name="g_mean_slides_Test_8_Test_graph_creation_of_g_mean_slide_vital_sign_mean_plot_"/>
    <testcase time="0.00100000000000033" classname="g_mean_slides" name="g_mean_slides_Test_8_Test_graph_creation_of_g_mean_slide_vital_sign_mean_plot_">
      <skipped message="Reason: On CI ('test-g_mean_slides.R:94:3')"/>
    </testcase>
    <testcase time="0.0179999999999998" classname="g_mean_slides" name="g_mean_slides_Test_9_Test_error_of_general_function_g_mean_slide_"/>
  </testsuite>
  <testsuite name="helper_functions" timestamp="2025-06-16T05:26:30Z" hostname="0b4e2d72cd4d" tests="2" skipped="0" failures="0" errors="0" time="0.069">
    <testcase time="0.0120000000000005" classname="helper_functions" name="Test_some_functions_in_helper_functions.R"/>
    <testcase time="0.0569999999999995" classname="helper_functions" name="Test_some_functions_in_helper_functions.R"/>
  </testsuite>
  <testsuite name="l_ae_slide" timestamp="2025-06-16T05:26:30Z" hostname="0b4e2d72cd4d" tests="1" skipped="0" failures="0" errors="0" time="8.393">
    <testcase time="8.393" classname="l_ae_slide" name="Test_listing_creation_of_l_ae_slide_Adverse_Events_Listing_"/>
  </testsuite>
  <testsuite name="log" timestamp="2025-06-16T05:26:38Z" hostname="0b4e2d72cd4d" tests="2" skipped="0" failures="0" errors="0" time="0.012">
    <testcase time="0.011000000000001" classname="log" name="Test_some_functions_in_log.R"/>
    <testcase time="0.000999999999999446" classname="log" name="Test_some_functions_in_log.R"/>
  </testsuite>
  <testsuite name="output-table-format" timestamp="2025-06-16T05:26:38Z" hostname="0b4e2d72cd4d" tests="10" skipped="0" failures="0" errors="0" time="3.391">
    <testcase time="0.798" classname="output_table_format" name="save_an_autoslider_output"/>
    <testcase time="0.141" classname="output_table_format" name="save_an_autoslider_output"/>
    <testcase time="0.465" classname="output_table_format" name="save_an_autoslider_output"/>
    <testcase time="0.138" classname="output_table_format" name="save_an_autoslider_output"/>
    <testcase time="0.452" classname="output_table_format" name="save_an_autoslider_output"/>
    <testcase time="0.152000000000001" classname="output_table_format" name="save_an_autoslider_output"/>
    <testcase time="0.449999999999999" classname="output_table_format" name="save_an_autoslider_output"/>
    <testcase time="0.163" classname="output_table_format" name="save_an_autoslider_output"/>
    <testcase time="0.454999999999998" classname="output_table_format" name="save_an_autoslider_output"/>
    <testcase time="0.177" classname="output_table_format" name="save_an_autoslider_output"/>
  </testsuite>
  <testsuite name="save_output" timestamp="2025-06-16T05:26:42Z" hostname="0b4e2d72cd4d" tests="7" skipped="0" failures="0" errors="0" time="2.202">
    <testcase time="0.232000000000003" classname="save_output" name="save_an_output"/>
    <testcase time="0.379999999999999" classname="save_output" name="Test_save_output_Save_an_Output_"/>
    <testcase time="0.358000000000001" classname="save_output" name="Test_save_output_Save_an_Output_"/>
    <testcase time="0.364999999999998" classname="save_output" name="Test_save_output_Save_an_Output_"/>
    <testcase time="0.334" classname="save_output" name="save_an_output"/>
    <testcase time="0.417000000000002" classname="save_output" name="save_an_output"/>
    <testcase time="0.116" classname="save_output" name="save_an_output"/>
  </testsuite>
  <testsuite name="slides_preview" timestamp="2025-06-16T05:26:44Z" hostname="0b4e2d72cd4d" tests="3" skipped="0" failures="0" errors="0" time="0.517">
    <testcase time="0.469000000000001" classname="slides_preview" name="Test_slides_preview"/>
    <testcase time="0.0239999999999974" classname="slides_preview" name="Test_slides_preview"/>
    <testcase time="0.0240000000000009" classname="slides_preview" name="Test_slides_preview"/>
  </testsuite>
  <testsuite name="srep_outputs" timestamp="2025-06-16T05:26:44Z" hostname="0b4e2d72cd4d" tests="2" skipped="0" failures="0" errors="1" time="0.015">
    <testcase time="0.0109999999999992" classname="srep_outputs" name="Listing_print_correctly"/>
    <testcase time="0.00400000000000134" classname="srep_outputs" name="Listing_print_correctly">
      <error type="error" message="Error in `file(file, &quot;rt&quot;, encoding = fileEncoding)`: cannot open the connection ('test-srep_outputs.R:5:3')">Error in `file(file, "rt", encoding = fileEncoding)`: cannot open the connection
Backtrace:
    x
 1. \-filters::load_filters(...) at test-srep_outputs.R:5:3
 2.   \-yaml::read_yaml(yaml_file)
 3.     \-base::file(file, "rt", encoding = fileEncoding)</error>
    </testcase>
  </testsuite>
  <testsuite name="t_ae_pt_diff_slide" timestamp="2025-06-16T05:26:44Z" hostname="0b4e2d72cd4d" tests="9" skipped="0" failures="0" errors="0" time="2.048">
    <testcase time="0.202999999999999" classname="t_ae_pt_diff_slide" name="Test_table_creation_of_t_ae_pt_diff_slide_safety_summary_table_"/>
    <testcase time="0.167999999999999" classname="t_ae_pt_diff_slide" name="Test_table_creation_of_t_ae_pt_diff_slide_safety_summary_table_prune_by_total_2"/>
    <testcase time="0.342000000000002" classname="t_ae_pt_diff_slide" name="Test_table_creation_of_t_ae_pt_slide_safety_summary_table_prune_by_total_2"/>
    <testcase time="0.216999999999999" classname="t_ae_pt_diff_slide" name="Test_table_creation_of_t_ae_pt_slide_safety_summary_table_prune_by_total_2"/>
    <testcase time="0.343" classname="t_ae_pt_diff_slide" name="Test_table_creation_of_t_ae_pt_slide_safety_summary_table_prune_by_total_2"/>
    <testcase time="0.219000000000001" classname="t_ae_pt_diff_slide" name="Test_table_creation_of_t_ae_pt_slide_safety_summary_table_prune_by_total_2"/>
    <testcase time="0.122999999999998" classname="t_ae_pt_diff_slide" name="Test_table_creation_of_t_ae_pt_diff_slide_safety_summary_table_"/>
    <testcase time="0.345000000000002" classname="t_ae_pt_diff_slide" name="Test_table_creation_of_t_ae_pt_slide_safety_summary_table_prune_by_total_2"/>
    <testcase time="0.0879999999999974" classname="t_ae_pt_diff_slide" name="Test_table_creation_of_t_ae_pt_diff_slide_with_null_report"/>
  </testsuite>
  <testsuite name="t_ae_pt_slide" timestamp="2025-06-16T05:26:46Z" hostname="0b4e2d72cd4d" tests="6" skipped="0" failures="0" errors="0" time="1.874">
    <testcase time="0.223000000000003" classname="t_ae_pt_slide" name="Test_table_creation_of_t_ae_pt_slide_safety_summary_table_"/>
    <testcase time="0.221" classname="t_ae_pt_slide" name="Test_table_creation_of_t_ae_pt_slide_safety_summary_table_prune_by_total_28"/>
    <testcase time="0.201999999999998" classname="t_ae_pt_slide" name="Test_table_creation_of_t_ae_pt_slide_safety_summary_table_prune_by_total_30"/>
    <testcase time="0.428000000000001" classname="t_ae_pt_slide" name="Test_table_creation_of_t_ae_pt_soc_slide_safety_summary_table_"/>
    <testcase time="0.411000000000001" classname="t_ae_pt_slide" name="Test_table_creation_of_t_ae_pt_soc_slide_safety_summary_table_prune_by_total_28"/>
    <testcase time="0.388999999999999" classname="t_ae_pt_slide" name="Test_table_creation_of_t_ae_pt_soc_slide_safety_summary_table_prune_by_total_30"/>
  </testsuite>
  <testsuite name="t_ae_pt_soc_diff_slide" timestamp="2025-06-16T05:26:48Z" hostname="0b4e2d72cd4d" tests="7" skipped="0" failures="0" errors="0" time="3.47">
    <testcase time="0.379999999999999" classname="t_ae_pt_soc_diff_slide" name="Test_table_creation_of_t_ae_pt_soc_diff_slide_safety_summary_table_"/>
    <testcase time="0.344000000000001" classname="t_ae_pt_soc_diff_slide" name="Test_table_creation_of_t_ae_pt_soc_diff_slide_safety_summary_table_prune_by_total_2"/>
    <testcase time="0.718" classname="t_ae_pt_soc_diff_slide" name="Test_table_creation_of_t_ae_pt_soc_diff_slide_safety_summary_table_prune_by_total_2"/>
    <testcase time="0.439" classname="t_ae_pt_soc_diff_slide" name="Test_table_creation_of_t_ae_pt_soc_diff_slide_safety_summary_table_prune_by_total_2"/>
    <testcase time="0.721999999999998" classname="t_ae_pt_soc_diff_slide" name="Test_table_creation_of_t_ae_pt_soc_diff_slide_safety_summary_table_prune_by_total_2"/>
    <testcase time="0.571000000000002" classname="t_ae_pt_soc_diff_slide" name="Test_table_creation_of_t_ae_pt_soc_diff_slide_safety_summary_table_prune_by_total_2"/>
    <testcase time="0.295999999999999" classname="t_ae_pt_soc_diff_slide" name="Test_table_creation_of_t_ae_pt_soc_diff_slide_safety_summary_table_"/>
  </testsuite>
  <testsuite name="t_ae_slide" timestamp="2025-06-16T05:26:52Z" hostname="0b4e2d72cd4d" tests="2" skipped="0" failures="0" errors="0" time="0.854">
    <testcase time="0.773" classname="t_ae_slide" name="Test_adverse_event_table_creation_of_t_ae_slide_Adverse_Events_for_Patient_"/>
    <testcase time="0.0809999999999995" classname="t_ae_slide" name="Test_adverse_event_table_creation_of_t_ae_slide_with_null_report"/>
  </testsuite>
  <testsuite name="t_ae_summary_slide" timestamp="2025-06-16T05:26:53Z" hostname="0b4e2d72cd4d" tests="4" skipped="0" failures="0" errors="0" time="1.416">
    <testcase time="0.66" classname="t_ae_summary_slide" name="Test_table_creation_of_t_ae_summ_slide_safety_summary_table_"/>
    <testcase time="0.615000000000002" classname="t_ae_summary_slide" name="Test_table_creation_of_t_ae_summ_slide_safety_summary_table_"/>
    <testcase time="0.041999999999998" classname="t_ae_summary_slide" name="Test_t_ae_summ_slide_with_expected_Error"/>
    <testcase time="0.0990000000000002" classname="t_ae_summary_slide" name="Test_t_ae_summ_slide_with_null_report"/>
  </testsuite>
  <testsuite name="t_aesi_slide" timestamp="2025-06-16T05:26:54Z" hostname="0b4e2d72cd4d" tests="5" skipped="0" failures="0" errors="0" time="1.616">
    <testcase time="0.540000000000003" classname="t_aesi_slide" name="Test_table_creation_of_t_aesi_slide_AESI_summary_table_with_AETOXGR_grading"/>
    <testcase time="0.516999999999999" classname="t_aesi_slide" name="Test_table_creation_of_t_aesi_slide_AESI_summary_table_with_AESEV_grading"/>
    <testcase time="0.520999999999997" classname="t_aesi_slide" name="Test_table_creation_of_t_aesi_slide_AESI_summary_table_with_custom_AEGRP_grouping"/>
    <testcase time="0.00799999999999912" classname="t_aesi_slide" name="Test_table_creation_of_t_aesi_slide_with_no_aesi_var_given"/>
    <testcase time="0.0300000000000011" classname="t_aesi_slide" name="Test_table_creation_of_t_aesi_slide_with_aesi_var_not_found_in_dataset"/>
  </testsuite>
  <testsuite name="t_dd_slide" timestamp="2025-06-16T05:26:56Z" hostname="0b4e2d72cd4d" tests="6" skipped="0" failures="0" errors="0" time="1.206">
    <testcase time="0.204000000000001" classname="t_dd_slide" name="Test_table_creation_of_t_dd_slide_death_table_"/>
    <testcase time="0.041999999999998" classname="t_dd_slide" name="Test_t_dd_slide_table_with_expected_Error"/>
    <testcase time="0.0600000000000023" classname="t_dd_slide" name="Test_table_creation_of_with_null_report"/>
    <testcase time="0.251999999999999" classname="t_dd_slide" name="Test_table_creation_of_t_dd_slide_death_table_"/>
    <testcase time="0.398000000000003" classname="t_dd_slide" name="Test_table_creation_of_t_dd_slide_death_table_"/>
    <testcase time="0.25" classname="t_dd_slide" name="Test_table_creation_of_t_dd_slide_death_table_"/>
  </testsuite>
  <testsuite name="t_dm_slide" timestamp="2025-06-16T05:26:57Z" hostname="0b4e2d72cd4d" tests="6" skipped="0" failures="0" errors="0" time="3.987">
    <testcase time="0.425999999999995" classname="t_dm_slide" name="Test_demographic_table_creation_of_t_dm_slide"/>
    <testcase time="0.821000000000005" classname="t_dm_slide" name="Test_demographic_table_creation_of_t_dm_slide"/>
    <testcase time="0.826000000000001" classname="t_dm_slide" name="Test_demographic_table_creation_of_t_dm_slide"/>
    <testcase time="0.544999999999995" classname="t_dm_slide" name="Test_demographic_table_creation_of_t_dm_slide"/>
    <testcase time="0.523000000000003" classname="t_dm_slide" name="Test_demographic_table_creation_of_t_dm_slide"/>
    <testcase time="0.845999999999997" classname="t_dm_slide" name="Test_demographic_table_creation_of_t_dm_slide"/>
  </testsuite>
  <testsuite name="t_dor_slide" timestamp="2025-06-16T05:27:01Z" hostname="0b4e2d72cd4d" tests="2" skipped="0" failures="0" errors="0" time="0.388">
    <testcase time="0.202000000000005" classname="t_dor_slide" name="Test_DOR_table_when_time_unit_is_DAYS_"/>
    <testcase time="0.186" classname="t_dor_slide" name="Test_DOR_table_when_time_unit_is_YEARS_"/>
  </testsuite>
  <testsuite name="t_ds_slide" timestamp="2025-06-16T05:27:01Z" hostname="0b4e2d72cd4d" tests="5" skipped="0" failures="0" errors="0" time="2.669">
    <testcase time="0.338999999999999" classname="t_ds_slide" name="Test_table_creation_of_t_ds_slide"/>
    <testcase time="0.876999999999995" classname="t_ds_slide" name="Test_table_creation_of_t_ds_slide"/>
    <testcase time="0.385000000000005" classname="t_ds_slide" name="Test_table_creation_of_t_ds_slide"/>
    <testcase time="0.623999999999995" classname="t_ds_slide" name="Test_table_creation_of_t_ds_slide"/>
    <testcase time="0.444000000000003" classname="t_ds_slide" name="Test_table_creation_of_t_ds_slide"/>
  </testsuite>
  <testsuite name="util" timestamp="2025-06-16T05:27:04Z" hostname="0b4e2d72cd4d" tests="18" skipped="0" failures="0" errors="0" time="0.052">
    <testcase time="0.00800000000000267" classname="util" name="Test_some_functions_in_util.R"/>
    <testcase time="0.00199999999999534" classname="util" name="Test_some_functions_in_util.R"/>
    <testcase time="0.00100000000000477" classname="util" name="Test_some_functions_in_util.R"/>
    <testcase time="0.000999999999997669" classname="util" name="Test_some_functions_in_util.R"/>
    <testcase time="0.00200000000000244" classname="util" name="Test_some_functions_in_util.R"/>
    <testcase time="0.000999999999997669" classname="util" name="Test_some_functions_in_util.R"/>
    <testcase time="0.0069999999999979" classname="util" name="Test_some_functions_in_util.R"/>
    <testcase time="0.00100000000000477" classname="util" name="Test_some_functions_in_util.R"/>
    <testcase time="0.0069999999999979" classname="util" name="Test_some_functions_in_util.R"/>
    <testcase time="0.000999999999997669" classname="util" name="Test_some_functions_in_util.R"/>
    <testcase time="0.007000000000005" classname="util" name="Test_some_functions_in_util.R"/>
    <testcase time="0.000999999999997669" classname="util" name="Test_some_functions_in_util.R"/>
    <testcase time="0.00499999999999545" classname="util" name="Test_some_functions_in_util.R"/>
    <testcase time="0.00300000000000011" classname="util" name="Test_some_functions_in_util.R"/>
    <testcase time="0.00100000000000477" classname="util" name="Test_some_functions_in_util.R"/>
    <testcase time="0.00199999999999534" classname="util" name="Test_some_functions_in_util.R"/>
    <testcase time="0.00100000000000477" classname="util" name="Test_some_functions_in_util.R"/>
    <testcase time="0.000999999999997669" classname="util" name="Test_some_functions_in_util.R"/>
  </testsuite>
  <testsuite name="ai" timestamp="2025-06-16T05:27:04Z" hostname="0b4e2d72cd4d" tests="1" skipped="1" failures="0" errors="0" time="0.049">
    <testcase time="0.0489999999999995" classname="ai" name="Listing_print_correctly">
      <skipped message="Reason: On CI ('test_ai.R:4:3')"/>
    </testcase>
  </testsuite>
  <testsuite name="format_date" timestamp="2025-06-16T05:27:04Z" hostname="0b4e2d72cd4d" tests="5" skipped="0" failures="0" errors="0" time="0.26">
    <testcase time="0.152999999999999" classname="format_date" name="Test_format_date"/>
    <testcase time="0.0290000000000035" classname="format_date" name="Test_format_date"/>
    <testcase time="0.0229999999999961" classname="format_date" name="Test_format_date"/>
    <testcase time="0.0280000000000058" classname="format_date" name="Test_format_date"/>
    <testcase time="0.0269999999999939" classname="format_date" name="Test_format_date"/>
  </testsuite>
</testsuites>
