<?xml version="1.0" encoding="UTF-8"?>
<testsuites>
  <testsuite name="appendix" timestamp="2025-07-18T09:42:58Z" hostname="83b8fb884029" tests="22" skipped="0" failures="0" errors="0" time="1.646">
    <testcase time="0.212" classname="appendix" name="initialize_to_page_test_1_when_to_page_is_null"/>
    <testcase time="0.093" classname="appendix" name="initialize_to_page_test_2_given_to_page_value"/>
    <testcase time="0.085" classname="appendix" name="initialize_to_page_test_3_if_to_page_is_too_large"/>
    <testcase time="0.313" classname="appendix" name="postprocessing_doc_test_1_save_file_TRUE"/>
    <testcase time="0.00300000000000011" classname="appendix" name="postprocessing_doc_test_1_save_file_TRUE"/>
    <testcase time="0.0509999999999997" classname="appendix" name="postprocessing_doc_test_2_save_file_FALSE"/>
    <testcase time="0.00300000000000011" classname="appendix" name="postprocessing_doc_test_2_save_file_FALSE"/>
    <testcase time="0.0780000000000003" classname="appendix" name="postprocessing_doc_test_3_doc_o_is_not_a_ppt"/>
    <testcase time="0.0519999999999996" classname="appendix" name="initialize_doc_original_test_1_returns_existing_doc_original"/>
    <testcase time="0.125" classname="appendix" name="initialize_doc_original_test_2_reads_from_file_when_doc_original_is_NULL"/>
    <testcase time="0.128" classname="appendix" name="append_title_slides_test_1_save_file"/>
    <testcase time="0.00300000000000011" classname="appendix" name="append_title_slides_test_1_save_file"/>
    <testcase time="0.00299999999999967" classname="appendix" name="append_title_slides_test_1_save_file"/>
    <testcase time="0.125" classname="appendix" name="append_section_header_slides_test_1_not_save_file"/>
    <testcase time="0.00400000000000045" classname="appendix" name="append_section_header_slides_test_1_not_save_file"/>
    <testcase time="0.00399999999999956" classname="appendix" name="append_section_header_slides_test_1_not_save_file"/>
    <testcase time="0.179" classname="appendix" name="append_all_slides_correctly_adds_multiple_slides_based_on_page_list"/>
    <testcase time="0.00300000000000011" classname="appendix" name="append_all_slides_correctly_adds_multiple_slides_based_on_page_list"/>
    <testcase time="0.00300000000000011" classname="appendix" name="append_all_slides_correctly_adds_multiple_slides_based_on_page_list"/>
    <testcase time="0.0529999999999999" classname="appendix" name="append_all_slides_correctly_adds_multiple_slides_based_on_page_list"/>
    <testcase time="0.00399999999999956" classname="appendix" name="append_all_slides_correctly_adds_multiple_slides_based_on_page_list"/>
    <testcase time="0.122" classname="appendix" name="append_all_slides_test_2_error_if_page_list_exceeds_max_pages_1"/>
  </testsuite>
  <testsuite name="assert" timestamp="2025-07-18T09:43:00Z" hostname="83b8fb884029" tests="17" skipped="0" failures="0" errors="0" time="0.096">
    <testcase time="0.016" classname="assert" name="assert_is_character_scalar_works_correctly"/>
    <testcase time="0.00400000000000045" classname="assert" name="assert_is_character_scalar_works_correctly"/>
    <testcase time="0.00399999999999956" classname="assert" name="assert_is_character_scalar_works_correctly"/>
    <testcase time="0.00499999999999989" classname="assert" name="assert_is_character_scalar_works_correctly"/>
    <testcase time="0.00400000000000045" classname="assert" name="assert_is_character_scalar_works_correctly"/>
    <testcase time="0.00499999999999989" classname="assert" name="assert_is_character_scalar_works_correctly"/>
    <testcase time="0.00499999999999989" classname="assert" name="assert_exists_in_spec_or_calling_env_is_robustly_testable"/>
    <testcase time="0.00199999999999978" classname="assert" name="assert_exists_in_spec_or_calling_env_is_robustly_testable"/>
    <testcase time="0.00499999999999989" classname="assert" name="assert_exists_in_spec_or_calling_env_is_robustly_testable"/>
    <testcase time="0.00499999999999989" classname="assert" name="assert_is_valid_filter_result_passes_with_valid_inputs"/>
    <testcase time="0.00100000000000033" classname="assert" name="assert_is_valid_filter_result_passes_with_valid_inputs"/>
    <testcase time="0.00900000000000034" classname="assert" name="assert_is_valid_filter_result_fails_with_invalid_inputs"/>
    <testcase time="0.00399999999999956" classname="assert" name="assert_is_valid_filter_result_fails_with_invalid_inputs"/>
    <testcase time="0.00499999999999989" classname="assert" name="assert_is_valid_filter_result_fails_with_invalid_inputs"/>
    <testcase time="0.00400000000000045" classname="assert" name="assert_is_valid_filter_result_fails_with_invalid_inputs"/>
    <testcase time="0.00499999999999989" classname="assert" name="assert_is_valid_filter_result_fails_with_invalid_inputs"/>
    <testcase time="0.0129999999999999" classname="assert" name="assert_is_valid_filter_result_fails_with_invalid_inputs"/>
  </testsuite>
  <testsuite name="bad_filters" timestamp="2025-07-18T09:43:00Z" hostname="83b8fb884029" tests="1" skipped="0" failures="0" errors="0" time="0.044">
    <testcase time="0.0439999999999996" classname="bad_filters" name="Listing_print_correctly"/>
  </testsuite>
  <testsuite name="data_snapshot" timestamp="2025-07-18T09:43:00Z" hostname="83b8fb884029" tests="18" skipped="0" failures="0" errors="0" time="0.893">
    <testcase time="0.0760000000000005" classname="data_snapshot" name="Test_data_snapshot"/>
    <testcase time="0.0899999999999999" classname="data_snapshot" name="Test_data_snapshot"/>
    <testcase time="0.0259999999999998" classname="data_snapshot" name="Test_data_snapshot"/>
    <testcase time="0.0720000000000001" classname="data_snapshot" name="Test_data_snapshot"/>
    <testcase time="0.0250000000000004" classname="data_snapshot" name="Test_data_snapshot"/>
    <testcase time="0.0640000000000001" classname="data_snapshot" name="Test_data_snapshot"/>
    <testcase time="0.0249999999999995" classname="data_snapshot" name="Test_data_snapshot"/>
    <testcase time="0.0820000000000007" classname="data_snapshot" name="Test_data_snapshot"/>
    <testcase time="0.0259999999999998" classname="data_snapshot" name="Test_data_snapshot"/>
    <testcase time="0.0579999999999998" classname="data_snapshot" name="Test_data_snapshot"/>
    <testcase time="0.0259999999999998" classname="data_snapshot" name="Test_data_snapshot"/>
    <testcase time="0.0590000000000002" classname="data_snapshot" name="Test_data_snapshot"/>
    <testcase time="0.0380000000000003" classname="data_snapshot" name="Test_data_snapshot"/>
    <testcase time="0.0430000000000001" classname="data_snapshot" name="Test_data_snapshot"/>
    <testcase time="0.0259999999999998" classname="data_snapshot" name="Test_data_snapshot"/>
    <testcase time="0.0609999999999999" classname="data_snapshot" name="Test_data_snapshot"/>
    <testcase time="0.0259999999999998" classname="data_snapshot" name="Test_data_snapshot"/>
    <testcase time="0.0700000000000003" classname="data_snapshot" name="Test_data_snapshot"/>
  </testsuite>
  <testsuite name="decorate" timestamp="2025-07-18T09:43:01Z" hostname="83b8fb884029" tests="10" skipped="0" failures="0" errors="0" time="0.874">
    <testcase time="0.103" classname="decorate" name="Test_decoreate.grob_not_to_throw"/>
    <testcase time="0.146999999999999" classname="decorate" name="Test_decoreate.grob_not_to_throw"/>
    <testcase time="0.00600000000000023" classname="decorate" name="Test_decoreate_not_to_throw"/>
    <testcase time="0.101" classname="decorate" name="Test_decoreate_not_to_throw"/>
    <testcase time="0.0709999999999997" classname="decorate" name="Test_print_not_to_throw"/>
    <testcase time="0.0710000000000006" classname="decorate" name="Test_print_not_to_throw"/>
    <testcase time="0.135" classname="decorate" name="Test_print_not_to_throw"/>
    <testcase time="0.00800000000000001" classname="decorate" name="Test_decoreate_throw"/>
    <testcase time="0.159" classname="decorate" name="Test_ph_with_img_not_to_throw"/>
    <testcase time="0.0730000000000004" classname="decorate" name="Test_ph_with_img_not_to_throw"/>
  </testsuite>
  <testsuite name="filter_spec-verbose" timestamp="2025-07-18T09:43:02Z" hostname="83b8fb884029" tests="1" skipped="0" failures="0" errors="0" time="0.052">
    <testcase time="0.0519999999999996" classname="filter_spec_verbose" name="Listing_print_correctly"/>
  </testsuite>
  <testsuite name="formats" timestamp="2025-07-18T09:43:02Z" hostname="83b8fb884029" tests="6" skipped="0" failures="0" errors="0" time="0.087">
    <testcase time="0.0140000000000002" classname="formats" name="new_round_function"/>
    <testcase time="0.0490000000000004" classname="formats" name="new_round_function"/>
    <testcase time="0.00599999999999934" classname="formats" name="xx.xx_xx.xx_"/>
    <testcase time="0.00600000000000023" classname="formats" name="xx.xx_xx.x_"/>
    <testcase time="0.00600000000000023" classname="formats" name="_xx_xx_"/>
    <testcase time="0.00599999999999934" classname="formats" name="xx.xx_xx.xx_xx.xx_"/>
  </testsuite>
  <testsuite name="ft_format" timestamp="2025-07-18T09:43:03Z" hostname="83b8fb884029" tests="2" skipped="0" failures="0" errors="0" time="1.779">
    <testcase time="1.774" classname="ft_format" name="demographic_table_formatting"/>
    <testcase time="0.00500000000000078" classname="ft_format" name="demographic_table_formatting"/>
  </testsuite>
  <testsuite name="func_wrapper" timestamp="2025-07-18T09:43:04Z" hostname="83b8fb884029" tests="5" skipped="0" failures="0" errors="0" time="0.655">
    <testcase time="0.453999999999999" classname="func_wrapper" name="legacy_with_datasets_and_spec"/>
    <testcase time="0.147" classname="func_wrapper" name="legacy_with_datasets_but_no_spec"/>
    <testcase time="0.0190000000000001" classname="func_wrapper" name="modern_with_named_datasets_and_spec"/>
    <testcase time="0.0180000000000007" classname="func_wrapper" name="modern_with_named_datasets_but_no_spec"/>
    <testcase time="0.0169999999999995" classname="func_wrapper" name="modern_with_named_spec_but_no_datasets"/>
  </testsuite>
  <testsuite name="g_mean_slides" timestamp="2025-07-18T09:43:04Z" hostname="83b8fb884029" tests="14" skipped="5" failures="0" errors="0" time="0.981">
    <testcase time="0.171000000000001" classname="g_mean_slides" name="g_mean_slides_Test_1_Test_graph_creation_of_g_eg_slide_eg_mean_plot_"/>
    <testcase time="0.000999999999999446" classname="g_mean_slides" name="g_mean_slides_Test_1_Test_graph_creation_of_g_eg_slide_eg_mean_plot_">
      <skipped message="Reason: On CI ('test-g_mean_slides.R:20:3')"/>
    </testcase>
    <testcase time="0.0190000000000001" classname="g_mean_slides" name="g_mean_slides_Test_2_Test_error_of_g_eg_slide_"/>
    <testcase time="0.126999999999999" classname="g_mean_slides" name="g_mean_slides_Test_3_Test_graph_creation_of_g_lb_slide_lab_mean_plot_"/>
    <testcase time="0.00100000000000122" classname="g_mean_slides" name="g_mean_slides_Test_3_Test_graph_creation_of_g_lb_slide_lab_mean_plot_">
      <skipped message="Reason: On CI ('test-g_mean_slides.R:37:3')"/>
    </testcase>
    <testcase time="0.148" classname="g_mean_slides" name="g_mean_slides_Test_4_Test_graph_creation_of_g_lb_slide_lab_change_from_baseline_plot_"/>
    <testcase time="0.000999999999999446" classname="g_mean_slides" name="g_mean_slides_Test_4_Test_graph_creation_of_g_lb_slide_lab_change_from_baseline_plot_">
      <skipped message="Reason: On CI ('test-g_mean_slides.R:54:3')"/>
    </testcase>
    <testcase time="0.0170000000000012" classname="g_mean_slides" name="g_mean_slides_Test_5_Test_error_of_g_lb_slide_"/>
    <testcase time="0.120999999999999" classname="g_mean_slides" name="g_mean_slides_Test_6_Test_graph_creation_of_g_vs_slide_vital_sign_mean_plot_"/>
    <testcase time="0.00100000000000122" classname="g_mean_slides" name="g_mean_slides_Test_6_Test_graph_creation_of_g_vs_slide_vital_sign_mean_plot_">
      <skipped message="Reason: On CI ('test-g_mean_slides.R:72:3')"/>
    </testcase>
    <testcase time="0.0169999999999995" classname="g_mean_slides" name="g_mean_slides_Test_7_Test_error_of_g_vs_slide_"/>
    <testcase time="0.339" classname="g_mean_slides" name="g_mean_slides_Test_8_Test_graph_creation_of_g_mean_slide_vital_sign_mean_plot_"/>
    <testcase time="0.000999999999999446" classname="g_mean_slides" name="g_mean_slides_Test_8_Test_graph_creation_of_g_mean_slide_vital_sign_mean_plot_">
      <skipped message="Reason: On CI ('test-g_mean_slides.R:94:3')"/>
    </testcase>
    <testcase time="0.0170000000000012" classname="g_mean_slides" name="g_mean_slides_Test_9_Test_error_of_general_function_g_mean_slide_"/>
  </testsuite>
  <testsuite name="helper_functions" timestamp="2025-07-18T09:43:05Z" hostname="83b8fb884029" tests="2" skipped="0" failures="0" errors="0" time="0.069">
    <testcase time="0.0109999999999992" classname="helper_functions" name="Test_some_functions_in_helper_functions.R"/>
    <testcase time="0.0579999999999998" classname="helper_functions" name="Test_some_functions_in_helper_functions.R"/>
  </testsuite>
  <testsuite name="l_ae_slide" timestamp="2025-07-18T09:43:05Z" hostname="83b8fb884029" tests="1" skipped="0" failures="0" errors="0" time="8.074">
    <testcase time="8.074" classname="l_ae_slide" name="Test_listing_creation_of_l_ae_slide_Adverse_Events_Listing_"/>
  </testsuite>
  <testsuite name="log" timestamp="2025-07-18T09:43:13Z" hostname="83b8fb884029" tests="2" skipped="0" failures="0" errors="0" time="0.013">
    <testcase time="0.0109999999999992" classname="log" name="Test_some_functions_in_log.R"/>
    <testcase time="0.00199999999999889" classname="log" name="Test_some_functions_in_log.R"/>
  </testsuite>
  <testsuite name="output-table-format" timestamp="2025-07-18T09:43:13Z" hostname="83b8fb884029" tests="10" skipped="0" failures="0" errors="0" time="3.299">
    <testcase time="0.663" classname="output_table_format" name="save_an_autoslider_output"/>
    <testcase time="0.144000000000002" classname="output_table_format" name="save_an_autoslider_output"/>
    <testcase time="0.450999999999997" classname="output_table_format" name="save_an_autoslider_output"/>
    <testcase time="0.137" classname="output_table_format" name="save_an_autoslider_output"/>
    <testcase time="0.457000000000001" classname="output_table_format" name="save_an_autoslider_output"/>
    <testcase time="0.148" classname="output_table_format" name="save_an_autoslider_output"/>
    <testcase time="0.495000000000001" classname="output_table_format" name="save_an_autoslider_output"/>
    <testcase time="0.169" classname="output_table_format" name="save_an_autoslider_output"/>
    <testcase time="0.462" classname="output_table_format" name="save_an_autoslider_output"/>
    <testcase time="0.172999999999998" classname="output_table_format" name="save_an_autoslider_output"/>
  </testsuite>
  <testsuite name="save_output" timestamp="2025-07-18T09:43:17Z" hostname="83b8fb884029" tests="7" skipped="0" failures="0" errors="0" time="1.988">
    <testcase time="0.221" classname="save_output" name="save_an_output"/>
    <testcase time="0.379000000000001" classname="save_output" name="Test_save_output_Save_an_Output_"/>
    <testcase time="0.372" classname="save_output" name="Test_save_output_Save_an_Output_"/>
    <testcase time="0.123999999999999" classname="save_output" name="Test_save_output_Save_an_Output_"/>
    <testcase time="0.294" classname="save_output" name="save_an_output"/>
    <testcase time="0.461000000000002" classname="save_output" name="save_an_output"/>
    <testcase time="0.136999999999997" classname="save_output" name="save_an_output"/>
  </testsuite>
  <testsuite name="slides_preview" timestamp="2025-07-18T09:43:19Z" hostname="83b8fb884029" tests="3" skipped="0" failures="0" errors="0" time="0.829">
    <testcase time="0.775000000000002" classname="slides_preview" name="Test_slides_preview"/>
    <testcase time="0.027000000000001" classname="slides_preview" name="Test_slides_preview"/>
    <testcase time="0.0269999999999975" classname="slides_preview" name="Test_slides_preview"/>
  </testsuite>
  <testsuite name="srep_outputs" timestamp="2025-07-18T09:43:20Z" hostname="83b8fb884029" tests="13" skipped="0" failures="0" errors="1" time="16.388">
    <testcase time="2.815" classname="srep_outputs" name="Listing_print_correctly"/>
    <testcase time="8.828" classname="srep_outputs" name="Listing_print_correctly"/>
    <testcase time="0.582999999999998" classname="srep_outputs" name="Listing_print_correctly"/>
    <testcase time="0.541000000000004" classname="srep_outputs" name="Listing_print_correctly"/>
    <testcase time="0.616" classname="srep_outputs" name="Listing_print_correctly"/>
    <testcase time="0.528999999999996" classname="srep_outputs" name="Listing_print_correctly"/>
    <testcase time="0.493000000000002" classname="srep_outputs" name="Listing_print_correctly"/>
    <testcase time="0.395000000000003" classname="srep_outputs" name="Listing_print_correctly"/>
    <testcase time="0.579000000000001" classname="srep_outputs" name="Listing_print_correctly"/>
    <testcase time="0.439999999999998" classname="srep_outputs" name="Listing_print_correctly"/>
    <testcase time="0.420999999999999" classname="srep_outputs" name="Listing_print_correctly"/>
    <testcase time="0.128" classname="srep_outputs" name="Listing_print_correctly"/>
    <testcase time="0.019999999999996" classname="srep_outputs" name="Listing_print_correctly">
      <error type="error" message="Error in `UseMethod(&quot;grid.draw&quot;)`: no applicable method for 'grid.draw' applied to an object of class &quot;decoratedGrob&quot; ('test-srep_outputs.R:40:5')">Error in `UseMethod("grid.draw")`: no applicable method for 'grid.draw' applied to an object of class "decoratedGrob"
Backtrace:
     x
  1. +-testthat::expect_output(...) at test-srep_outputs.R:39:3
  2. | \-testthat:::quasi_capture(...)
  3. |   +-testthat (local) .capture(...)
  4. |   | \-testthat::capture_output_lines(code, print, width = width)
  5. |   |   \-testthat:::eval_with_output(code, print = print, width = width)
  6. |   |     +-withr::with_output_sink(path, withVisible(code))
  7. |   |     | \-base::force(code)
  8. |   |     \-base::withVisible(code)
  9. |   \-rlang::eval_bare(quo_get_expr(.quo), quo_get_env(.quo))
 10. +-outputs %&gt;% ... at test-srep_outputs.R:40:5
 11. \-autoslider.core::generate_slides(...)
 12.   \-autoslider.core:::figure_to_slide(...)
 13.     \-autoslider.core::ph_with_img(...)
 14.       \-grid::grid.draw(figure)</error>
    </testcase>
  </testsuite>
  <testsuite name="t_ae_pt_diff_slide" timestamp="2025-07-18T09:43:36Z" hostname="83b8fb884029" tests="9" skipped="0" failures="0" errors="0" time="2.272">
    <testcase time="0.258000000000003" classname="t_ae_pt_diff_slide" name="Test_table_creation_of_t_ae_pt_diff_slide_safety_summary_table_"/>
    <testcase time="0.194000000000003" classname="t_ae_pt_diff_slide" name="Test_table_creation_of_t_ae_pt_diff_slide_safety_summary_table_prune_by_total_2"/>
    <testcase time="0.369999999999997" classname="t_ae_pt_diff_slide" name="Test_table_creation_of_t_ae_pt_slide_safety_summary_table_prune_by_total_2"/>
    <testcase time="0.230000000000004" classname="t_ae_pt_diff_slide" name="Test_table_creation_of_t_ae_pt_slide_safety_summary_table_prune_by_total_2"/>
    <testcase time="0.369" classname="t_ae_pt_diff_slide" name="Test_table_creation_of_t_ae_pt_slide_safety_summary_table_prune_by_total_2"/>
    <testcase time="0.245999999999995" classname="t_ae_pt_diff_slide" name="Test_table_creation_of_t_ae_pt_slide_safety_summary_table_prune_by_total_2"/>
    <testcase time="0.126000000000005" classname="t_ae_pt_diff_slide" name="Test_table_creation_of_t_ae_pt_diff_slide_safety_summary_table_"/>
    <testcase time="0.391999999999996" classname="t_ae_pt_diff_slide" name="Test_table_creation_of_t_ae_pt_slide_safety_summary_table_prune_by_total_2"/>
    <testcase time="0.0870000000000033" classname="t_ae_pt_diff_slide" name="Test_table_creation_of_t_ae_pt_diff_slide_with_null_report"/>
  </testsuite>
  <testsuite name="t_ae_pt_slide" timestamp="2025-07-18T09:43:38Z" hostname="83b8fb884029" tests="6" skipped="0" failures="0" errors="0" time="2.063">
    <testcase time="0.244999999999997" classname="t_ae_pt_slide" name="Test_table_creation_of_t_ae_pt_slide_safety_summary_table_"/>
    <testcase time="0.232999999999997" classname="t_ae_pt_slide" name="Test_table_creation_of_t_ae_pt_slide_safety_summary_table_prune_by_total_28"/>
    <testcase time="0.215000000000003" classname="t_ae_pt_slide" name="Test_table_creation_of_t_ae_pt_slide_safety_summary_table_prune_by_total_30"/>
    <testcase time="0.470999999999997" classname="t_ae_pt_slide" name="Test_table_creation_of_t_ae_pt_soc_slide_safety_summary_table_"/>
    <testcase time="0.451000000000001" classname="t_ae_pt_slide" name="Test_table_creation_of_t_ae_pt_soc_slide_safety_summary_table_prune_by_total_28"/>
    <testcase time="0.448" classname="t_ae_pt_slide" name="Test_table_creation_of_t_ae_pt_soc_slide_safety_summary_table_prune_by_total_30"/>
  </testsuite>
  <testsuite name="t_ae_pt_soc_diff_slide" timestamp="2025-07-18T09:43:40Z" hostname="83b8fb884029" tests="7" skipped="0" failures="0" errors="0" time="3.959">
    <testcase time="0.414000000000001" classname="t_ae_pt_soc_diff_slide" name="Test_table_creation_of_t_ae_pt_soc_diff_slide_safety_summary_table_"/>
    <testcase time="0.663000000000004" classname="t_ae_pt_soc_diff_slide" name="Test_table_creation_of_t_ae_pt_soc_diff_slide_safety_summary_table_prune_by_total_2"/>
    <testcase time="0.751999999999995" classname="t_ae_pt_soc_diff_slide" name="Test_table_creation_of_t_ae_pt_soc_diff_slide_safety_summary_table_prune_by_total_2"/>
    <testcase time="0.462000000000003" classname="t_ae_pt_soc_diff_slide" name="Test_table_creation_of_t_ae_pt_soc_diff_slide_safety_summary_table_prune_by_total_2"/>
    <testcase time="0.757999999999996" classname="t_ae_pt_soc_diff_slide" name="Test_table_creation_of_t_ae_pt_soc_diff_slide_safety_summary_table_prune_by_total_2"/>
    <testcase time="0.592000000000006" classname="t_ae_pt_soc_diff_slide" name="Test_table_creation_of_t_ae_pt_soc_diff_slide_safety_summary_table_prune_by_total_2"/>
    <testcase time="0.317999999999998" classname="t_ae_pt_soc_diff_slide" name="Test_table_creation_of_t_ae_pt_soc_diff_slide_safety_summary_table_"/>
  </testsuite>
  <testsuite name="t_ae_slide" timestamp="2025-07-18T09:43:44Z" hostname="83b8fb884029" tests="2" skipped="0" failures="0" errors="0" time="0.842">
    <testcase time="0.768000000000001" classname="t_ae_slide" name="Test_adverse_event_table_creation_of_t_ae_slide_Adverse_Events_for_Patient_"/>
    <testcase time="0.0739999999999981" classname="t_ae_slide" name="Test_adverse_event_table_creation_of_t_ae_slide_with_null_report"/>
  </testsuite>
  <testsuite name="t_ae_summary_slide" timestamp="2025-07-18T09:43:45Z" hostname="83b8fb884029" tests="4" skipped="0" failures="0" errors="0" time="1.338">
    <testcase time="0.628" classname="t_ae_summary_slide" name="Test_table_creation_of_t_ae_summ_slide_safety_summary_table_"/>
    <testcase time="0.579999999999998" classname="t_ae_summary_slide" name="Test_table_creation_of_t_ae_summ_slide_safety_summary_table_"/>
    <testcase time="0.0420000000000016" classname="t_ae_summary_slide" name="Test_t_ae_summ_slide_with_expected_Error"/>
    <testcase time="0.088000000000001" classname="t_ae_summary_slide" name="Test_t_ae_summ_slide_with_null_report"/>
  </testsuite>
  <testsuite name="t_aesi_slide" timestamp="2025-07-18T09:43:46Z" hostname="83b8fb884029" tests="5" skipped="0" failures="0" errors="0" time="1.577">
    <testcase time="0.512" classname="t_aesi_slide" name="Test_table_creation_of_t_aesi_slide_AESI_summary_table_with_AETOXGR_grading"/>
    <testcase time="0.530000000000001" classname="t_aesi_slide" name="Test_table_creation_of_t_aesi_slide_AESI_summary_table_with_AESEV_grading"/>
    <testcase time="0.5" classname="t_aesi_slide" name="Test_table_creation_of_t_aesi_slide_AESI_summary_table_with_custom_AEGRP_grouping"/>
    <testcase time="0.00900000000000034" classname="t_aesi_slide" name="Test_table_creation_of_t_aesi_slide_with_no_aesi_var_given"/>
    <testcase time="0.0259999999999962" classname="t_aesi_slide" name="Test_table_creation_of_t_aesi_slide_with_aesi_var_not_found_in_dataset"/>
  </testsuite>
  <testsuite name="t_dd_slide" timestamp="2025-07-18T09:43:48Z" hostname="83b8fb884029" tests="6" skipped="0" failures="0" errors="0" time="1.18">
    <testcase time="0.181000000000004" classname="t_dd_slide" name="Test_table_creation_of_t_dd_slide_death_table_"/>
    <testcase time="0.0449999999999946" classname="t_dd_slide" name="Test_t_dd_slide_table_with_expected_Error"/>
    <testcase time="0.0720000000000027" classname="t_dd_slide" name="Test_table_creation_of_with_null_report"/>
    <testcase time="0.238" classname="t_dd_slide" name="Test_table_creation_of_t_dd_slide_death_table_"/>
    <testcase time="0.390999999999998" classname="t_dd_slide" name="Test_table_creation_of_t_dd_slide_death_table_"/>
    <testcase time="0.253" classname="t_dd_slide" name="Test_table_creation_of_t_dd_slide_death_table_"/>
  </testsuite>
  <testsuite name="t_dm_slide" timestamp="2025-07-18T09:43:49Z" hostname="83b8fb884029" tests="6" skipped="0" failures="0" errors="0" time="3.823">
    <testcase time="0.413000000000004" classname="t_dm_slide" name="Test_demographic_table_creation_of_t_dm_slide"/>
    <testcase time="0.789000000000001" classname="t_dm_slide" name="Test_demographic_table_creation_of_t_dm_slide"/>
    <testcase time="0.786000000000001" classname="t_dm_slide" name="Test_demographic_table_creation_of_t_dm_slide"/>
    <testcase time="0.515999999999998" classname="t_dm_slide" name="Test_demographic_table_creation_of_t_dm_slide"/>
    <testcase time="0.506" classname="t_dm_slide" name="Test_demographic_table_creation_of_t_dm_slide"/>
    <testcase time="0.813000000000002" classname="t_dm_slide" name="Test_demographic_table_creation_of_t_dm_slide"/>
  </testsuite>
  <testsuite name="t_dor_slide" timestamp="2025-07-18T09:43:53Z" hostname="83b8fb884029" tests="2" skipped="0" failures="0" errors="0" time="0.383">
    <testcase time="0.189" classname="t_dor_slide" name="Test_DOR_table_when_time_unit_is_DAYS_"/>
    <testcase time="0.193999999999996" classname="t_dor_slide" name="Test_DOR_table_when_time_unit_is_YEARS_"/>
  </testsuite>
  <testsuite name="t_ds_slide" timestamp="2025-07-18T09:43:53Z" hostname="83b8fb884029" tests="5" skipped="0" failures="0" errors="0" time="2.684">
    <testcase time="0.337000000000003" classname="t_ds_slide" name="Test_table_creation_of_t_ds_slide"/>
    <testcase time="0.686" classname="t_ds_slide" name="Test_table_creation_of_t_ds_slide"/>
    <testcase time="0.448999999999998" classname="t_ds_slide" name="Test_table_creation_of_t_ds_slide"/>
    <testcase time="0.698999999999998" classname="t_ds_slide" name="Test_table_creation_of_t_ds_slide"/>
    <testcase time="0.513000000000005" classname="t_ds_slide" name="Test_table_creation_of_t_ds_slide"/>
  </testsuite>
  <testsuite name="template" timestamp="2025-07-18T09:43:56Z" hostname="83b8fb884029" tests="43" skipped="0" failures="0" errors="0" time="0.451">
    <testcase time="0.0159999999999982" classname="template" name="list_all_templates_test_1_returns_all_available_templates"/>
    <testcase time="0.0390000000000015" classname="template" name="use_template_test_2_saving_when_no_path_is_specified"/>
    <testcase time="0.00799999999999557" classname="template" name="use_template_test_2_saving_when_no_path_is_specified"/>
    <testcase time="0.036999999999999" classname="template" name="use_template_test_2_saving_when_no_path_is_specified"/>
    <testcase time="0.007000000000005" classname="template" name="use_template_test_3_create_folder_when_it_does_not_exist"/>
    <testcase time="0.00799999999999557" classname="template" name="use_template_test_3_create_folder_when_it_does_not_exist"/>
    <testcase time="0.00400000000000489" classname="template" name="use_template_test_3_create_folder_when_it_does_not_exist"/>
    <testcase time="0.0120000000000005" classname="template" name="use_template_test_4_expected_errors"/>
    <testcase time="0.00899999999999324" classname="template" name="use_template_test_4_expected_errors"/>
    <testcase time="0.0120000000000005" classname="template" name="use_template_test_5_when_template_is_contained_in_autoslideR"/>
    <testcase time="0.0130000000000052" classname="template" name="use_template_test_6_invalid_template"/>
    <testcase time="0.0129999999999981" classname="template" name="use_template_test_7_all_templates"/>
    <testcase time="0.00800000000000267" classname="template" name="use_template_test_7_all_templates"/>
    <testcase time="0.00799999999999557" classname="template" name="use_template_test_7_all_templates"/>
    <testcase time="0.00800000000000267" classname="template" name="use_template_test_7_all_templates"/>
    <testcase time="0.00900000000000034" classname="template" name="use_template_test_7_all_templates"/>
    <testcase time="0.00799999999999557" classname="template" name="use_template_test_7_all_templates"/>
    <testcase time="0.00800000000000267" classname="template" name="use_template_test_7_all_templates"/>
    <testcase time="0.00800000000000267" classname="template" name="use_template_test_7_all_templates"/>
    <testcase time="0.0069999999999979" classname="template" name="use_template_test_7_all_templates"/>
    <testcase time="0.00800000000000267" classname="template" name="use_template_test_7_all_templates"/>
    <testcase time="0.00899999999999324" classname="template" name="use_template_test_7_all_templates"/>
    <testcase time="0.00800000000000267" classname="template" name="use_template_test_7_all_templates"/>
    <testcase time="0.017000000000003" classname="template" name="use_template_test_7_all_templates"/>
    <testcase time="0.00999999999999801" classname="template" name="use_template_test_7_all_templates"/>
    <testcase time="0.0100000000000051" classname="template" name="use_template_test_7_all_templates"/>
    <testcase time="0.00999999999999801" classname="template" name="use_template_test_7_all_templates"/>
    <testcase time="0.0129999999999981" classname="template" name="use_template_test_5_all_templates"/>
    <testcase time="0.00800000000000267" classname="template" name="use_template_test_5_all_templates"/>
    <testcase time="0.00900000000000034" classname="template" name="use_template_test_5_all_templates"/>
    <testcase time="0.0069999999999979" classname="template" name="use_template_test_5_all_templates"/>
    <testcase time="0.00800000000000267" classname="template" name="use_template_test_5_all_templates"/>
    <testcase time="0.00900000000000034" classname="template" name="use_template_test_5_all_templates"/>
    <testcase time="0.00799999999999557" classname="template" name="use_template_test_5_all_templates"/>
    <testcase time="0.00800000000000267" classname="template" name="use_template_test_5_all_templates"/>
    <testcase time="0.00799999999999557" classname="template" name="use_template_test_5_all_templates"/>
    <testcase time="0.00800000000000267" classname="template" name="use_template_test_5_all_templates"/>
    <testcase time="0.00900000000000034" classname="template" name="use_template_test_5_all_templates"/>
    <testcase time="0.00800000000000267" classname="template" name="use_template_test_5_all_templates"/>
    <testcase time="0.00799999999999557" classname="template" name="use_template_test_5_all_templates"/>
    <testcase time="0.00900000000000034" classname="template" name="use_template_test_5_all_templates"/>
    <testcase time="0.00800000000000267" classname="template" name="use_template_test_5_all_templates"/>
    <testcase time="0.00900000000000034" classname="template" name="use_template_test_5_all_templates"/>
  </testsuite>
  <testsuite name="util" timestamp="2025-07-18T09:43:57Z" hostname="83b8fb884029" tests="65" skipped="0" failures="0" errors="0" time="0.305">
    <testcase time="0.00999999999999801" classname="util" name="Test_some_functions_in_util.R"/>
    <testcase time="0.00200000000000244" classname="util" name="Test_some_functions_in_util.R"/>
    <testcase time="0.000999999999997669" classname="util" name="Test_some_functions_in_util.R"/>
    <testcase time="0.00200000000000244" classname="util" name="Test_some_functions_in_util.R"/>
    <testcase time="0.000999999999997669" classname="util" name="Test_some_functions_in_util.R"/>
    <testcase time="0.00200000000000244" classname="util" name="Test_some_functions_in_util.R"/>
    <testcase time="0.00799999999999557" classname="util" name="Test_some_functions_in_util.R"/>
    <testcase time="0.00200000000000244" classname="util" name="Test_some_functions_in_util.R"/>
    <testcase time="0.0069999999999979" classname="util" name="Test_some_functions_in_util.R"/>
    <testcase time="0.00200000000000244" classname="util" name="Test_some_functions_in_util.R"/>
    <testcase time="0.00800000000000267" classname="util" name="Test_some_functions_in_util.R"/>
    <testcase time="0.00199999999999534" classname="util" name="Test_some_functions_in_util.R"/>
    <testcase time="0.00500000000000256" classname="util" name="Test_some_functions_in_util.R"/>
    <testcase time="0.00399999999999778" classname="util" name="Test_some_functions_in_util.R"/>
    <testcase time="0.000999999999997669" classname="util" name="Test_some_functions_in_util.R"/>
    <testcase time="0.00200000000000244" classname="util" name="Test_some_functions_in_util.R"/>
    <testcase time="0.00200000000000244" classname="util" name="Test_some_functions_in_util.R"/>
    <testcase time="0.000999999999997669" classname="util" name="Test_some_functions_in_util.R"/>
    <testcase time="0.00399999999999778" classname="util" name="validate_paper_size_works_correctly"/>
    <testcase time="0.00200000000000244" classname="util" name="validate_paper_size_works_correctly"/>
    <testcase time="0.00200000000000244" classname="util" name="validate_paper_size_works_correctly"/>
    <testcase time="0.00600000000000023" classname="util" name="validate_paper_size_works_correctly"/>
    <testcase time="0.00499999999999545" classname="util" name="validate_paper_size_works_correctly"/>
    <testcase time="0.00600000000000023" classname="util" name="validate_paper_size_works_correctly"/>
    <testcase time="0.00600000000000023" classname="util" name="validate_paper_size_works_correctly"/>
    <testcase time="0.0100000000000051" classname="util" name="Legacy_warning_functions_work_as_expected"/>
    <testcase time="0.00300000000000011" classname="util" name="Legacy_warning_functions_work_as_expected"/>
    <testcase time="0.00600000000000023" classname="util" name="Legacy_warning_functions_work_as_expected"/>
    <testcase time="0.00199999999999534" classname="util" name="Legacy_warning_functions_work_as_expected"/>
    <testcase time="0.0069999999999979" classname="util" name="Legacy_warning_functions_work_as_expected"/>
    <testcase time="0.007000000000005" classname="util" name="vbar2newline_correctly_replaces_vertical_bars"/>
    <testcase time="0.00300000000000011" classname="util" name="vbar2newline_correctly_replaces_vertical_bars"/>
    <testcase time="0.00399999999999778" classname="util" name="vbar2newline_correctly_replaces_vertical_bars"/>
    <testcase time="0.00300000000000011" classname="util" name="vbar2newline_correctly_replaces_vertical_bars"/>
    <testcase time="0.00300000000000011" classname="util" name="vbar2newline_correctly_replaces_vertical_bars"/>
    <testcase time="0.00800000000000267" classname="util" name="munge_spaces_correctly_replaces_various_whitespace"/>
    <testcase time="0.00300000000000011" classname="util" name="munge_spaces_correctly_replaces_various_whitespace"/>
    <testcase time="0.00399999999999778" classname="util" name="munge_spaces_correctly_replaces_various_whitespace"/>
    <testcase time="0.00300000000000011" classname="util" name="munge_spaces_correctly_replaces_various_whitespace"/>
    <testcase time="0.00300000000000011" classname="util" name="munge_spaces_correctly_replaces_various_whitespace"/>
    <testcase time="0.00600000000000023" classname="util" name="split_chunk_correctly_splits_text_into_words"/>
    <testcase time="0.00400000000000489" classname="util" name="split_chunk_correctly_splits_text_into_words"/>
    <testcase time="0.00300000000000011" classname="util" name="split_chunk_correctly_splits_text_into_words"/>
    <testcase time="0.00399999999999778" classname="util" name="split_chunk_correctly_splits_text_into_words"/>
    <testcase time="0.00300000000000011" classname="util" name="split_chunk_correctly_splits_text_into_words"/>
    <testcase time="0.00799999999999557" classname="util" name="wrap_chunk_wraps_text_correctly"/>
    <testcase time="0.00300000000000011" classname="util" name="wrap_chunk_wraps_text_correctly"/>
    <testcase time="0.00400000000000489" classname="util" name="wrap_chunk_wraps_text_correctly"/>
    <testcase time="0.00300000000000011" classname="util" name="wrap_chunk_wraps_text_correctly"/>
    <testcase time="0.00399999999999778" classname="util" name="wrap_chunk_wraps_text_correctly"/>
    <testcase time="0.00300000000000011" classname="util" name="wrap_chunk_wraps_text_correctly"/>
    <testcase time="0.00900000000000034" classname="util" name="git_footnote_returns_repo"/>
    <testcase time="0.0120000000000005" classname="util" name="on_master_branch"/>
    <testcase time="0.00800000000000267" classname="util" name="create_new_reporting_event"/>
    <testcase time="0.00300000000000011" classname="util" name="create_new_reporting_event"/>
    <testcase time="0.0069999999999979" classname="util" name="create_output_name"/>
    <testcase time="0.00399999999999778" classname="util" name="create_output_name"/>
    <testcase time="0.00399999999999778" classname="util" name="create_output_name"/>
    <testcase time="0.00300000000000011" classname="util" name="create_output_name"/>
    <testcase time="0.00800000000000267" classname="util" name="text_wrap_cut_works_correctly"/>
    <testcase time="0.0140000000000029" classname="util" name="text_wrap_cut_works_correctly"/>
    <testcase time="0.00499999999999545" classname="util" name="text_wrap_cut_works_correctly"/>
    <testcase time="0.00499999999999545" classname="util" name="text_wrap_cut_works_correctly"/>
    <testcase time="0.0100000000000051" classname="util" name="text_wrap_cut_keepreturn_respects_existing_newlines"/>
    <testcase time="0.00599999999999312" classname="util" name="text_wrap_cut_keepreturn_respects_existing_newlines"/>
  </testsuite>
  <testsuite name="ai" timestamp="2025-07-18T09:43:57Z" hostname="83b8fb884029" tests="2" skipped="2" failures="0" errors="0" time="0.068">
    <testcase time="0.0500000000000043" classname="ai" name="Listing_print_correctly">
      <skipped message="Reason: On CI ('test_ai.R:4:3')"/>
    </testcase>
    <testcase time="0.0180000000000007" classname="ai" name="using_ollama">
      <skipped message="Reason: On CI ('test_ai.R:59:3')"/>
    </testcase>
  </testsuite>
  <testsuite name="format_date" timestamp="2025-07-18T09:43:57Z" hostname="83b8fb884029" tests="5" skipped="0" failures="0" errors="0" time="0.308">
    <testcase time="0.164999999999999" classname="format_date" name="Test_format_date"/>
    <testcase time="0.0330000000000013" classname="format_date" name="Test_format_date"/>
    <testcase time="0.027000000000001" classname="format_date" name="Test_format_date"/>
    <testcase time="0.0529999999999973" classname="format_date" name="Test_format_date"/>
    <testcase time="0.0300000000000011" classname="format_date" name="Test_format_date"/>
  </testsuite>
</testsuites>
