<?xml version="1.0" encoding="UTF-8"?>
<testsuites>
  <testsuite name="appendix" timestamp="2025-07-25T01:51:43Z" hostname="e60132c2c033" tests="22" skipped="0" failures="0" errors="0" time="1.648">
    <testcase time="0.222" classname="appendix" name="initialize_to_page_test_1_when_to_page_is_null"/>
    <testcase time="0.0979999999999999" classname="appendix" name="initialize_to_page_test_2_given_to_page_value"/>
    <testcase time="0.0869999999999997" classname="appendix" name="initialize_to_page_test_3_if_to_page_is_too_large"/>
    <testcase time="0.315" classname="appendix" name="postprocessing_doc_test_1_save_file_TRUE"/>
    <testcase time="0.00299999999999967" classname="appendix" name="postprocessing_doc_test_1_save_file_TRUE"/>
    <testcase time="0.0490000000000004" classname="appendix" name="postprocessing_doc_test_2_save_file_FALSE"/>
    <testcase time="0.00299999999999967" classname="appendix" name="postprocessing_doc_test_2_save_file_FALSE"/>
    <testcase time="0.0760000000000001" classname="appendix" name="postprocessing_doc_test_3_doc_o_is_not_a_ppt"/>
    <testcase time="0.0510000000000002" classname="appendix" name="initialize_doc_original_test_1_returns_existing_doc_original"/>
    <testcase time="0.122" classname="appendix" name="initialize_doc_original_test_2_reads_from_file_when_doc_original_is_NULL"/>
    <testcase time="0.124" classname="appendix" name="append_title_slides_test_1_save_file"/>
    <testcase time="0.00300000000000011" classname="appendix" name="append_title_slides_test_1_save_file"/>
    <testcase time="0.004" classname="appendix" name="append_title_slides_test_1_save_file"/>
    <testcase time="0.125999999999999" classname="appendix" name="append_section_header_slides_test_1_not_save_file"/>
    <testcase time="0.00400000000000045" classname="appendix" name="append_section_header_slides_test_1_not_save_file"/>
    <testcase time="0.00300000000000011" classname="appendix" name="append_section_header_slides_test_1_not_save_file"/>
    <testcase time="0.177" classname="appendix" name="append_all_slides_correctly_adds_multiple_slides_based_on_page_list"/>
    <testcase time="0.00600000000000023" classname="appendix" name="append_all_slides_correctly_adds_multiple_slides_based_on_page_list"/>
    <testcase time="0.00300000000000011" classname="appendix" name="append_all_slides_correctly_adds_multiple_slides_based_on_page_list"/>
    <testcase time="0.0510000000000002" classname="appendix" name="append_all_slides_correctly_adds_multiple_slides_based_on_page_list"/>
    <testcase time="0.00399999999999956" classname="appendix" name="append_all_slides_correctly_adds_multiple_slides_based_on_page_list"/>
    <testcase time="0.117" classname="appendix" name="append_all_slides_test_2_error_if_page_list_exceeds_max_pages_1"/>
  </testsuite>
  <testsuite name="assert" timestamp="2025-07-25T01:51:45Z" hostname="e60132c2c033" tests="17" skipped="0" failures="0" errors="0" time="0.089">
    <testcase time="0.0140000000000002" classname="assert" name="assert_is_character_scalar_works_correctly"/>
    <testcase time="0.00499999999999989" classname="assert" name="assert_is_character_scalar_works_correctly"/>
    <testcase time="0.00400000000000045" classname="assert" name="assert_is_character_scalar_works_correctly"/>
    <testcase time="0.00499999999999989" classname="assert" name="assert_is_character_scalar_works_correctly"/>
    <testcase time="0.00399999999999956" classname="assert" name="assert_is_character_scalar_works_correctly"/>
    <testcase time="0.00400000000000045" classname="assert" name="assert_is_character_scalar_works_correctly"/>
    <testcase time="0.00499999999999989" classname="assert" name="assert_exists_in_spec_or_calling_env_is_robustly_testable"/>
    <testcase time="0.00199999999999978" classname="assert" name="assert_exists_in_spec_or_calling_env_is_robustly_testable"/>
    <testcase time="0.00399999999999956" classname="assert" name="assert_exists_in_spec_or_calling_env_is_robustly_testable"/>
    <testcase time="0.00500000000000078" classname="assert" name="assert_is_valid_filter_result_passes_with_valid_inputs"/>
    <testcase time="0.00199999999999978" classname="assert" name="assert_is_valid_filter_result_passes_with_valid_inputs"/>
    <testcase time="0.00699999999999967" classname="assert" name="assert_is_valid_filter_result_fails_with_invalid_inputs"/>
    <testcase time="0.00400000000000045" classname="assert" name="assert_is_valid_filter_result_fails_with_invalid_inputs"/>
    <testcase time="0.00399999999999956" classname="assert" name="assert_is_valid_filter_result_fails_with_invalid_inputs"/>
    <testcase time="0.00499999999999989" classname="assert" name="assert_is_valid_filter_result_fails_with_invalid_inputs"/>
    <testcase time="0.00400000000000045" classname="assert" name="assert_is_valid_filter_result_fails_with_invalid_inputs"/>
    <testcase time="0.0110000000000001" classname="assert" name="assert_is_valid_filter_result_fails_with_invalid_inputs"/>
  </testsuite>
  <testsuite name="bad_filters" timestamp="2025-07-25T01:51:45Z" hostname="e60132c2c033" tests="1" skipped="0" failures="0" errors="0" time="0.036">
    <testcase time="0.0359999999999996" classname="bad_filters" name="Listing_print_correctly"/>
  </testsuite>
  <testsuite name="data_snapshot" timestamp="2025-07-25T01:51:45Z" hostname="e60132c2c033" tests="18" skipped="0" failures="0" errors="0" time="0.872">
    <testcase time="0.0730000000000004" classname="data_snapshot" name="Test_data_snapshot"/>
    <testcase time="0.0869999999999997" classname="data_snapshot" name="Test_data_snapshot"/>
    <testcase time="0.0259999999999998" classname="data_snapshot" name="Test_data_snapshot"/>
    <testcase time="0.0700000000000003" classname="data_snapshot" name="Test_data_snapshot"/>
    <testcase time="0.0250000000000004" classname="data_snapshot" name="Test_data_snapshot"/>
    <testcase time="0.0609999999999999" classname="data_snapshot" name="Test_data_snapshot"/>
    <testcase time="0.0249999999999995" classname="data_snapshot" name="Test_data_snapshot"/>
    <testcase time="0.0720000000000001" classname="data_snapshot" name="Test_data_snapshot"/>
    <testcase time="0.0250000000000004" classname="data_snapshot" name="Test_data_snapshot"/>
    <testcase time="0.0590000000000002" classname="data_snapshot" name="Test_data_snapshot"/>
    <testcase time="0.0249999999999995" classname="data_snapshot" name="Test_data_snapshot"/>
    <testcase time="0.0540000000000003" classname="data_snapshot" name="Test_data_snapshot"/>
    <testcase time="0.0369999999999999" classname="data_snapshot" name="Test_data_snapshot"/>
    <testcase time="0.0380000000000003" classname="data_snapshot" name="Test_data_snapshot"/>
    <testcase time="0.0250000000000004" classname="data_snapshot" name="Test_data_snapshot"/>
    <testcase time="0.0709999999999997" classname="data_snapshot" name="Test_data_snapshot"/>
    <testcase time="0.024" classname="data_snapshot" name="Test_data_snapshot"/>
    <testcase time="0.0750000000000002" classname="data_snapshot" name="Test_data_snapshot"/>
  </testsuite>
  <testsuite name="decorate" timestamp="2025-07-25T01:51:46Z" hostname="e60132c2c033" tests="10" skipped="0" failures="0" errors="0" time="0.868">
    <testcase time="0.101" classname="decorate" name="Test_decoreate.grob_not_to_throw"/>
    <testcase time="0.152" classname="decorate" name="Test_decoreate.grob_not_to_throw"/>
    <testcase time="0.00600000000000023" classname="decorate" name="Test_decoreate_not_to_throw"/>
    <testcase time="0.0989999999999993" classname="decorate" name="Test_decoreate_not_to_throw"/>
    <testcase time="0.069" classname="decorate" name="Test_print_not_to_throw"/>
    <testcase time="0.0700000000000003" classname="decorate" name="Test_print_not_to_throw"/>
    <testcase time="0.14" classname="decorate" name="Test_print_not_to_throw"/>
    <testcase time="0.00800000000000001" classname="decorate" name="Test_decoreate_throw"/>
    <testcase time="0.162000000000001" classname="decorate" name="Test_ph_with_img_not_to_throw"/>
    <testcase time="0.0609999999999999" classname="decorate" name="Test_ph_with_img_not_to_throw"/>
  </testsuite>
  <testsuite name="filter_spec-verbose" timestamp="2025-07-25T01:51:47Z" hostname="e60132c2c033" tests="1" skipped="0" failures="0" errors="0" time="0.053">
    <testcase time="0.0529999999999999" classname="filter_spec_verbose" name="Listing_print_correctly"/>
  </testsuite>
  <testsuite name="formats" timestamp="2025-07-25T01:51:47Z" hostname="e60132c2c033" tests="6" skipped="0" failures="0" errors="0" time="0.089">
    <testcase time="0.0149999999999997" classname="formats" name="new_round_function"/>
    <testcase time="0.0499999999999998" classname="formats" name="new_round_function"/>
    <testcase time="0.00700000000000056" classname="formats" name="xx.xx_xx.xx_"/>
    <testcase time="0.00599999999999934" classname="formats" name="xx.xx_xx.x_"/>
    <testcase time="0.00499999999999989" classname="formats" name="_xx_xx_"/>
    <testcase time="0.00600000000000023" classname="formats" name="xx.xx_xx.xx_xx.xx_"/>
  </testsuite>
  <testsuite name="ft_format" timestamp="2025-07-25T01:51:48Z" hostname="e60132c2c033" tests="2" skipped="0" failures="0" errors="0" time="1.815">
    <testcase time="1.81" classname="ft_format" name="demographic_table_formatting"/>
    <testcase time="0.00500000000000078" classname="ft_format" name="demographic_table_formatting"/>
  </testsuite>
  <testsuite name="func_wrapper" timestamp="2025-07-25T01:51:49Z" hostname="e60132c2c033" tests="5" skipped="0" failures="0" errors="0" time="0.696">
    <testcase time="0.484999999999999" classname="func_wrapper" name="legacy_with_datasets_and_spec"/>
    <testcase time="0.147" classname="func_wrapper" name="legacy_with_datasets_but_no_spec"/>
    <testcase time="0.0190000000000001" classname="func_wrapper" name="modern_with_named_datasets_and_spec"/>
    <testcase time="0.0269999999999992" classname="func_wrapper" name="modern_with_named_datasets_but_no_spec"/>
    <testcase time="0.0180000000000007" classname="func_wrapper" name="modern_with_named_spec_but_no_datasets"/>
  </testsuite>
  <testsuite name="g_mean_slides" timestamp="2025-07-25T01:51:49Z" hostname="e60132c2c033" tests="14" skipped="5" failures="0" errors="0" time="1.037">
    <testcase time="0.173999999999999" classname="g_mean_slides" name="g_mean_slides_Test_1_Test_graph_creation_of_g_eg_slide_eg_mean_plot_"/>
    <testcase time="0.00200000000000067" classname="g_mean_slides" name="g_mean_slides_Test_1_Test_graph_creation_of_g_eg_slide_eg_mean_plot_">
      <skipped message="Reason: On CI ('test-g_mean_slides.R:20:3')"/>
    </testcase>
    <testcase time="0.0180000000000007" classname="g_mean_slides" name="g_mean_slides_Test_2_Test_error_of_g_eg_slide_"/>
    <testcase time="0.129" classname="g_mean_slides" name="g_mean_slides_Test_3_Test_graph_creation_of_g_lb_slide_lab_mean_plot_"/>
    <testcase time="0.000999999999999446" classname="g_mean_slides" name="g_mean_slides_Test_3_Test_graph_creation_of_g_lb_slide_lab_mean_plot_">
      <skipped message="Reason: On CI ('test-g_mean_slides.R:37:3')"/>
    </testcase>
    <testcase time="0.154" classname="g_mean_slides" name="g_mean_slides_Test_4_Test_graph_creation_of_g_lb_slide_lab_change_from_baseline_plot_"/>
    <testcase time="0.00100000000000122" classname="g_mean_slides" name="g_mean_slides_Test_4_Test_graph_creation_of_g_lb_slide_lab_change_from_baseline_plot_">
      <skipped message="Reason: On CI ('test-g_mean_slides.R:54:3')"/>
    </testcase>
    <testcase time="0.0179999999999989" classname="g_mean_slides" name="g_mean_slides_Test_5_Test_error_of_g_lb_slide_"/>
    <testcase time="0.125" classname="g_mean_slides" name="g_mean_slides_Test_6_Test_graph_creation_of_g_vs_slide_vital_sign_mean_plot_"/>
    <testcase time="0.00100000000000122" classname="g_mean_slides" name="g_mean_slides_Test_6_Test_graph_creation_of_g_vs_slide_vital_sign_mean_plot_">
      <skipped message="Reason: On CI ('test-g_mean_slides.R:72:3')"/>
    </testcase>
    <testcase time="0.0190000000000001" classname="g_mean_slides" name="g_mean_slides_Test_7_Test_error_of_g_vs_slide_"/>
    <testcase time="0.373999999999999" classname="g_mean_slides" name="g_mean_slides_Test_8_Test_graph_creation_of_g_mean_slide_vital_sign_mean_plot_"/>
    <testcase time="0.00200000000000067" classname="g_mean_slides" name="g_mean_slides_Test_8_Test_graph_creation_of_g_mean_slide_vital_sign_mean_plot_">
      <skipped message="Reason: On CI ('test-g_mean_slides.R:94:3')"/>
    </testcase>
    <testcase time="0.0190000000000001" classname="g_mean_slides" name="g_mean_slides_Test_9_Test_error_of_general_function_g_mean_slide_"/>
  </testsuite>
  <testsuite name="helper_functions" timestamp="2025-07-25T01:51:50Z" hostname="e60132c2c033" tests="2" skipped="0" failures="0" errors="0" time="0.076">
    <testcase time="0.0120000000000005" classname="helper_functions" name="Test_some_functions_in_helper_functions.R"/>
    <testcase time="0.0640000000000001" classname="helper_functions" name="Test_some_functions_in_helper_functions.R"/>
  </testsuite>
  <testsuite name="l_ae_slide" timestamp="2025-07-25T01:51:51Z" hostname="e60132c2c033" tests="1" skipped="0" failures="0" errors="0" time="8.018">
    <testcase time="8.018" classname="l_ae_slide" name="Test_listing_creation_of_l_ae_slide_Adverse_Events_Listing_"/>
  </testsuite>
  <testsuite name="log" timestamp="2025-07-25T01:51:59Z" hostname="e60132c2c033" tests="2" skipped="0" failures="0" errors="0" time="0.012">
    <testcase time="0.0109999999999992" classname="log" name="Test_some_functions_in_log.R"/>
    <testcase time="0.00100000000000122" classname="log" name="Test_some_functions_in_log.R"/>
  </testsuite>
  <testsuite name="output-table-format" timestamp="2025-07-25T01:51:59Z" hostname="e60132c2c033" tests="10" skipped="0" failures="0" errors="0" time="3.275">
    <testcase time="0.661999999999999" classname="output_table_format" name="save_an_autoslider_output"/>
    <testcase time="0.141999999999999" classname="output_table_format" name="save_an_autoslider_output"/>
    <testcase time="0.463999999999999" classname="output_table_format" name="save_an_autoslider_output"/>
    <testcase time="0.135000000000002" classname="output_table_format" name="save_an_autoslider_output"/>
    <testcase time="0.442" classname="output_table_format" name="save_an_autoslider_output"/>
    <testcase time="0.16" classname="output_table_format" name="save_an_autoslider_output"/>
    <testcase time="0.477" classname="output_table_format" name="save_an_autoslider_output"/>
    <testcase time="0.166999999999998" classname="output_table_format" name="save_an_autoslider_output"/>
    <testcase time="0.457000000000001" classname="output_table_format" name="save_an_autoslider_output"/>
    <testcase time="0.169" classname="output_table_format" name="save_an_autoslider_output"/>
  </testsuite>
  <testsuite name="save_output" timestamp="2025-07-25T01:52:02Z" hostname="e60132c2c033" tests="7" skipped="0" failures="0" errors="0" time="1.891">
    <testcase time="0.212" classname="save_output" name="save_an_output"/>
    <testcase time="0.364000000000001" classname="save_output" name="Test_save_output_Save_an_Output_"/>
    <testcase time="0.361999999999998" classname="save_output" name="Test_save_output_Save_an_Output_"/>
    <testcase time="0.116" classname="save_output" name="Test_save_output_Save_an_Output_"/>
    <testcase time="0.280000000000001" classname="save_output" name="save_an_output"/>
    <testcase time="0.431999999999999" classname="save_output" name="save_an_output"/>
    <testcase time="0.125" classname="save_output" name="save_an_output"/>
  </testsuite>
  <testsuite name="slides_preview" timestamp="2025-07-25T01:52:04Z" hostname="e60132c2c033" tests="3" skipped="0" failures="0" errors="0" time="0.776">
    <testcase time="0.723000000000003" classname="slides_preview" name="Test_slides_preview"/>
    <testcase time="0.0299999999999976" classname="slides_preview" name="Test_slides_preview"/>
    <testcase time="0.0230000000000032" classname="slides_preview" name="Test_slides_preview"/>
  </testsuite>
  <testsuite name="srep_outputs" timestamp="2025-07-25T01:52:04Z" hostname="e60132c2c033" tests="289" skipped="0" failures="0" errors="0" time="98.928">
    <testcase time="2.576" classname="srep_outputs" name="Listing_print_correctly"/>
    <testcase time="8.615" classname="srep_outputs" name="Listing_print_correctly"/>
    <testcase time="0.577000000000005" classname="srep_outputs" name="Listing_print_correctly"/>
    <testcase time="0.500999999999998" classname="srep_outputs" name="Listing_print_correctly"/>
    <testcase time="0.576000000000001" classname="srep_outputs" name="Listing_print_correctly"/>
    <testcase time="0.487000000000002" classname="srep_outputs" name="Listing_print_correctly"/>
    <testcase time="0.448999999999998" classname="srep_outputs" name="Listing_print_correctly"/>
    <testcase time="0.363" classname="srep_outputs" name="Listing_print_correctly"/>
    <testcase time="0.555999999999997" classname="srep_outputs" name="Listing_print_correctly"/>
    <testcase time="0.429000000000002" classname="srep_outputs" name="Listing_print_correctly"/>
    <testcase time="0.411000000000001" classname="srep_outputs" name="Listing_print_correctly"/>
    <testcase time="0.119999999999997" classname="srep_outputs" name="Listing_print_correctly"/>
    <testcase time="0.135000000000005" classname="srep_outputs" name="Listing_print_correctly"/>
    <testcase time="31.074" classname="srep_outputs" name="Listing_print_correctly"/>
    <testcase time="0.176999999999992" classname="srep_outputs" name="Listing_print_correctly"/>
    <testcase time="0.176000000000002" classname="srep_outputs" name="Listing_print_correctly"/>
    <testcase time="0.179000000000002" classname="srep_outputs" name="Listing_print_correctly"/>
    <testcase time="0.188000000000002" classname="srep_outputs" name="Listing_print_correctly"/>
    <testcase time="0.179999999999993" classname="srep_outputs" name="Listing_print_correctly"/>
    <testcase time="0.179000000000002" classname="srep_outputs" name="Listing_print_correctly"/>
    <testcase time="0.168000000000006" classname="srep_outputs" name="Listing_print_correctly"/>
    <testcase time="0.178999999999988" classname="srep_outputs" name="Listing_print_correctly"/>
    <testcase time="0.177000000000007" classname="srep_outputs" name="Listing_print_correctly"/>
    <testcase time="0.180000000000007" classname="srep_outputs" name="Listing_print_correctly"/>
    <testcase time="0.180999999999997" classname="srep_outputs" name="Listing_print_correctly"/>
    <testcase time="0.180999999999997" classname="srep_outputs" name="Listing_print_correctly"/>
    <testcase time="0.179999999999993" classname="srep_outputs" name="Listing_print_correctly"/>
    <testcase time="0.179000000000002" classname="srep_outputs" name="Listing_print_correctly"/>
    <testcase time="0.197000000000003" classname="srep_outputs" name="Listing_print_correctly"/>
    <testcase time="0.186999999999998" classname="srep_outputs" name="Listing_print_correctly"/>
    <testcase time="0.200999999999993" classname="srep_outputs" name="Listing_print_correctly"/>
    <testcase time="0.219000000000008" classname="srep_outputs" name="Listing_print_correctly"/>
    <testcase time="0.195999999999998" classname="srep_outputs" name="Listing_print_correctly"/>
    <testcase time="0.194000000000003" classname="srep_outputs" name="Listing_print_correctly"/>
    <testcase time="0.189999999999998" classname="srep_outputs" name="Listing_print_correctly"/>
    <testcase time="0.194000000000003" classname="srep_outputs" name="Listing_print_correctly"/>
    <testcase time="0.192999999999998" classname="srep_outputs" name="Listing_print_correctly"/>
    <testcase time="0.185999999999993" classname="srep_outputs" name="Listing_print_correctly"/>
    <testcase time="0.180000000000007" classname="srep_outputs" name="Listing_print_correctly"/>
    <testcase time="0.182999999999993" classname="srep_outputs" name="Listing_print_correctly"/>
    <testcase time="0.193000000000012" classname="srep_outputs" name="Listing_print_correctly"/>
    <testcase time="0.180999999999997" classname="srep_outputs" name="Listing_print_correctly"/>
    <testcase time="0.183000000000007" classname="srep_outputs" name="Listing_print_correctly"/>
    <testcase time="0.185000000000002" classname="srep_outputs" name="Listing_print_correctly"/>
    <testcase time="0.188000000000002" classname="srep_outputs" name="Listing_print_correctly"/>
    <testcase time="0.185999999999993" classname="srep_outputs" name="Listing_print_correctly"/>
    <testcase time="0.177000000000007" classname="srep_outputs" name="Listing_print_correctly"/>
    <testcase time="0.185999999999993" classname="srep_outputs" name="Listing_print_correctly"/>
    <testcase time="0.180999999999997" classname="srep_outputs" name="Listing_print_correctly"/>
    <testcase time="0.184000000000012" classname="srep_outputs" name="Listing_print_correctly"/>
    <testcase time="0.181999999999988" classname="srep_outputs" name="Listing_print_correctly"/>
    <testcase time="0.184000000000012" classname="srep_outputs" name="Listing_print_correctly"/>
    <testcase time="0.186999999999998" classname="srep_outputs" name="Listing_print_correctly"/>
    <testcase time="0.183999999999997" classname="srep_outputs" name="Listing_print_correctly"/>
    <testcase time="0.200999999999993" classname="srep_outputs" name="Listing_print_correctly"/>
    <testcase time="0.181000000000012" classname="srep_outputs" name="Listing_print_correctly"/>
    <testcase time="0.184999999999988" classname="srep_outputs" name="Listing_print_correctly"/>
    <testcase time="0.195000000000007" classname="srep_outputs" name="Listing_print_correctly"/>
    <testcase time="0.200000000000003" classname="srep_outputs" name="Listing_print_correctly"/>
    <testcase time="0.205999999999989" classname="srep_outputs" name="Listing_print_correctly"/>
    <testcase time="0.197000000000003" classname="srep_outputs" name="Listing_print_correctly"/>
    <testcase time="0.177000000000007" classname="srep_outputs" name="Listing_print_correctly"/>
    <testcase time="0.191999999999993" classname="srep_outputs" name="Listing_print_correctly"/>
    <testcase time="0.192999999999998" classname="srep_outputs" name="Listing_print_correctly"/>
    <testcase time="0.193000000000012" classname="srep_outputs" name="Listing_print_correctly"/>
    <testcase time="0.187999999999988" classname="srep_outputs" name="Listing_print_correctly"/>
    <testcase time="0.193000000000012" classname="srep_outputs" name="Listing_print_correctly"/>
    <testcase time="0.199999999999989" classname="srep_outputs" name="Listing_print_correctly"/>
    <testcase time="0.193000000000012" classname="srep_outputs" name="Listing_print_correctly"/>
    <testcase time="0.193999999999988" classname="srep_outputs" name="Listing_print_correctly"/>
    <testcase time="0.188000000000002" classname="srep_outputs" name="Listing_print_correctly"/>
    <testcase time="0.189000000000007" classname="srep_outputs" name="Listing_print_correctly"/>
    <testcase time="0.187999999999988" classname="srep_outputs" name="Listing_print_correctly"/>
    <testcase time="0.190000000000012" classname="srep_outputs" name="Listing_print_correctly"/>
    <testcase time="0.191999999999993" classname="srep_outputs" name="Listing_print_correctly"/>
    <testcase time="0.183000000000007" classname="srep_outputs" name="Listing_print_correctly"/>
    <testcase time="0.510999999999996" classname="srep_outputs" name="Listing_print_correctly"/>
    <testcase time="0.168000000000006" classname="srep_outputs" name="Listing_print_correctly"/>
    <testcase time="0.179999999999993" classname="srep_outputs" name="Listing_print_correctly"/>
    <testcase time="0.168000000000006" classname="srep_outputs" name="Listing_print_correctly"/>
    <testcase time="0.167999999999992" classname="srep_outputs" name="Listing_print_correctly"/>
    <testcase time="0.174000000000007" classname="srep_outputs" name="Listing_print_correctly"/>
    <testcase time="0.170999999999992" classname="srep_outputs" name="Listing_print_correctly"/>
    <testcase time="0.174000000000007" classname="srep_outputs" name="Listing_print_correctly"/>
    <testcase time="0.171999999999997" classname="srep_outputs" name="Listing_print_correctly"/>
    <testcase time="0.174999999999997" classname="srep_outputs" name="Listing_print_correctly"/>
    <testcase time="0.170000000000002" classname="srep_outputs" name="Listing_print_correctly"/>
    <testcase time="0.176000000000002" classname="srep_outputs" name="Listing_print_correctly"/>
    <testcase time="0.167000000000002" classname="srep_outputs" name="Listing_print_correctly"/>
    <testcase time="0.177999999999997" classname="srep_outputs" name="Listing_print_correctly"/>
    <testcase time="0.171000000000006" classname="srep_outputs" name="Listing_print_correctly"/>
    <testcase time="0.178999999999988" classname="srep_outputs" name="Listing_print_correctly"/>
    <testcase time="0.169000000000011" classname="srep_outputs" name="Listing_print_correctly"/>
    <testcase time="0.176999999999992" classname="srep_outputs" name="Listing_print_correctly"/>
    <testcase time="0.168000000000006" classname="srep_outputs" name="Listing_print_correctly"/>
    <testcase time="0.179000000000002" classname="srep_outputs" name="Listing_print_correctly"/>
    <testcase time="0.167999999999992" classname="srep_outputs" name="Listing_print_correctly"/>
    <testcase time="0.170000000000002" classname="srep_outputs" name="Listing_print_correctly"/>
    <testcase time="0.176000000000002" classname="srep_outputs" name="Listing_print_correctly"/>
    <testcase time="0.173000000000002" classname="srep_outputs" name="Listing_print_correctly"/>
    <testcase time="0.168999999999997" classname="srep_outputs" name="Listing_print_correctly"/>
    <testcase time="0.173000000000002" classname="srep_outputs" name="Listing_print_correctly"/>
    <testcase time="0.174999999999997" classname="srep_outputs" name="Listing_print_correctly"/>
    <testcase time="0.173000000000002" classname="srep_outputs" name="Listing_print_correctly"/>
    <testcase time="0.176000000000002" classname="srep_outputs" name="Listing_print_correctly"/>
    <testcase time="0.170999999999992" classname="srep_outputs" name="Listing_print_correctly"/>
    <testcase time="0.180000000000007" classname="srep_outputs" name="Listing_print_correctly"/>
    <testcase time="0.168999999999997" classname="srep_outputs" name="Listing_print_correctly"/>
    <testcase time="0.179000000000002" classname="srep_outputs" name="Listing_print_correctly"/>
    <testcase time="0.170999999999992" classname="srep_outputs" name="Listing_print_correctly"/>
    <testcase time="0.178000000000011" classname="srep_outputs" name="Listing_print_correctly"/>
    <testcase time="0.169999999999987" classname="srep_outputs" name="Listing_print_correctly"/>
    <testcase time="0.178000000000011" classname="srep_outputs" name="Listing_print_correctly"/>
    <testcase time="0.170999999999992" classname="srep_outputs" name="Listing_print_correctly"/>
    <testcase time="0.176000000000002" classname="srep_outputs" name="Listing_print_correctly"/>
    <testcase time="0.170000000000002" classname="srep_outputs" name="Listing_print_correctly"/>
    <testcase time="0.179000000000002" classname="srep_outputs" name="Listing_print_correctly"/>
    <testcase time="0.165999999999997" classname="srep_outputs" name="Listing_print_correctly"/>
    <testcase time="0.171999999999997" classname="srep_outputs" name="Listing_print_correctly"/>
    <testcase time="0.168000000000006" classname="srep_outputs" name="Listing_print_correctly"/>
    <testcase time="0.210999999999999" classname="srep_outputs" name="Listing_print_correctly"/>
    <testcase time="0.170999999999992" classname="srep_outputs" name="Listing_print_correctly"/>
    <testcase time="0.173000000000002" classname="srep_outputs" name="Listing_print_correctly"/>
    <testcase time="0.182000000000002" classname="srep_outputs" name="Listing_print_correctly"/>
    <testcase time="0.165999999999997" classname="srep_outputs" name="Listing_print_correctly"/>
    <testcase time="0.180000000000007" classname="srep_outputs" name="Listing_print_correctly"/>
    <testcase time="0.170999999999992" classname="srep_outputs" name="Listing_print_correctly"/>
    <testcase time="0.179000000000002" classname="srep_outputs" name="Listing_print_correctly"/>
    <testcase time="0.170000000000002" classname="srep_outputs" name="Listing_print_correctly"/>
    <testcase time="0.180000000000007" classname="srep_outputs" name="Listing_print_correctly"/>
    <testcase time="0.170000000000002" classname="srep_outputs" name="Listing_print_correctly"/>
    <testcase time="0.176999999999992" classname="srep_outputs" name="Listing_print_correctly"/>
    <testcase time="0.171000000000006" classname="srep_outputs" name="Listing_print_correctly"/>
    <testcase time="0.179999999999993" classname="srep_outputs" name="Listing_print_correctly"/>
    <testcase time="0.168999999999997" classname="srep_outputs" name="Listing_print_correctly"/>
    <testcase time="0.179000000000002" classname="srep_outputs" name="Listing_print_correctly"/>
    <testcase time="0.167000000000002" classname="srep_outputs" name="Listing_print_correctly"/>
    <testcase time="0.180000000000007" classname="srep_outputs" name="Listing_print_correctly"/>
    <testcase time="0.167000000000002" classname="srep_outputs" name="Listing_print_correctly"/>
    <testcase time="0.176999999999992" classname="srep_outputs" name="Listing_print_correctly"/>
    <testcase time="0.168000000000006" classname="srep_outputs" name="Listing_print_correctly"/>
    <testcase time="0.178999999999988" classname="srep_outputs" name="Listing_print_correctly"/>
    <testcase time="0.170000000000002" classname="srep_outputs" name="Listing_print_correctly"/>
    <testcase time="0.174000000000007" classname="srep_outputs" name="Listing_print_correctly"/>
    <testcase time="0.170000000000002" classname="srep_outputs" name="Listing_print_correctly"/>
    <testcase time="0.171999999999997" classname="srep_outputs" name="Listing_print_correctly"/>
    <testcase time="0.177999999999997" classname="srep_outputs" name="Listing_print_correctly"/>
    <testcase time="0.197000000000003" classname="srep_outputs" name="Listing_print_correctly"/>
    <testcase time="0.183000000000007" classname="srep_outputs" name="Listing_print_correctly"/>
    <testcase time="0.174999999999997" classname="srep_outputs" name="Listing_print_correctly"/>
    <testcase time="0.177999999999997" classname="srep_outputs" name="Listing_print_correctly"/>
    <testcase time="0.173000000000002" classname="srep_outputs" name="Listing_print_correctly"/>
    <testcase time="0.177999999999997" classname="srep_outputs" name="Listing_print_correctly"/>
    <testcase time="0.174000000000007" classname="srep_outputs" name="Listing_print_correctly"/>
    <testcase time="0.174999999999997" classname="srep_outputs" name="Listing_print_correctly"/>
    <testcase time="0.171999999999997" classname="srep_outputs" name="Listing_print_correctly"/>
    <testcase time="0.179000000000002" classname="srep_outputs" name="Listing_print_correctly"/>
    <testcase time="0.171999999999997" classname="srep_outputs" name="Listing_print_correctly"/>
    <testcase time="0.180999999999997" classname="srep_outputs" name="Listing_print_correctly"/>
    <testcase time="0.171000000000006" classname="srep_outputs" name="Listing_print_correctly"/>
    <testcase time="0.180999999999997" classname="srep_outputs" name="Listing_print_correctly"/>
    <testcase time="0.170999999999992" classname="srep_outputs" name="Listing_print_correctly"/>
    <testcase time="0.178000000000011" classname="srep_outputs" name="Listing_print_correctly"/>
    <testcase time="0.173000000000002" classname="srep_outputs" name="Listing_print_correctly"/>
    <testcase time="0.202999999999989" classname="srep_outputs" name="Listing_print_correctly"/>
    <testcase time="0.168000000000006" classname="srep_outputs" name="Listing_print_correctly"/>
    <testcase time="0.195999999999998" classname="srep_outputs" name="Listing_print_correctly"/>
    <testcase time="0.171999999999997" classname="srep_outputs" name="Listing_print_correctly"/>
    <testcase time="0.188000000000002" classname="srep_outputs" name="Listing_print_correctly"/>
    <testcase time="0.168999999999997" classname="srep_outputs" name="Listing_print_correctly"/>
    <testcase time="0.182000000000002" classname="srep_outputs" name="Listing_print_correctly"/>
    <testcase time="0.170000000000002" classname="srep_outputs" name="Listing_print_correctly"/>
    <testcase time="0.182999999999993" classname="srep_outputs" name="Listing_print_correctly"/>
    <testcase time="0.171000000000006" classname="srep_outputs" name="Listing_print_correctly"/>
    <testcase time="0.183999999999997" classname="srep_outputs" name="Listing_print_correctly"/>
    <testcase time="0.170000000000002" classname="srep_outputs" name="Listing_print_correctly"/>
    <testcase time="0.531999999999996" classname="srep_outputs" name="Listing_print_correctly"/>
    <testcase time="0.174000000000007" classname="srep_outputs" name="Listing_print_correctly"/>
    <testcase time="0.170000000000002" classname="srep_outputs" name="Listing_print_correctly"/>
    <testcase time="0.170999999999992" classname="srep_outputs" name="Listing_print_correctly"/>
    <testcase time="0.168000000000006" classname="srep_outputs" name="Listing_print_correctly"/>
    <testcase time="0.173000000000002" classname="srep_outputs" name="Listing_print_correctly"/>
    <testcase time="0.167000000000002" classname="srep_outputs" name="Listing_print_correctly"/>
    <testcase time="0.175999999999988" classname="srep_outputs" name="Listing_print_correctly"/>
    <testcase time="0.166000000000011" classname="srep_outputs" name="Listing_print_correctly"/>
    <testcase time="0.176000000000002" classname="srep_outputs" name="Listing_print_correctly"/>
    <testcase time="0.163999999999987" classname="srep_outputs" name="Listing_print_correctly"/>
    <testcase time="0.175000000000011" classname="srep_outputs" name="Listing_print_correctly"/>
    <testcase time="0.161999999999992" classname="srep_outputs" name="Listing_print_correctly"/>
    <testcase time="0.176000000000002" classname="srep_outputs" name="Listing_print_correctly"/>
    <testcase time="0.164000000000001" classname="srep_outputs" name="Listing_print_correctly"/>
    <testcase time="0.173000000000002" classname="srep_outputs" name="Listing_print_correctly"/>
    <testcase time="0.162999999999997" classname="srep_outputs" name="Listing_print_correctly"/>
    <testcase time="0.174999999999997" classname="srep_outputs" name="Listing_print_correctly"/>
    <testcase time="0.159000000000006" classname="srep_outputs" name="Listing_print_correctly"/>
    <testcase time="0.174999999999997" classname="srep_outputs" name="Listing_print_correctly"/>
    <testcase time="0.164000000000001" classname="srep_outputs" name="Listing_print_correctly"/>
    <testcase time="0.176000000000002" classname="srep_outputs" name="Listing_print_correctly"/>
    <testcase time="0.161999999999992" classname="srep_outputs" name="Listing_print_correctly"/>
    <testcase time="0.168000000000006" classname="srep_outputs" name="Listing_print_correctly"/>
    <testcase time="0.164000000000001" classname="srep_outputs" name="Listing_print_correctly"/>
    <testcase time="0.173000000000002" classname="srep_outputs" name="Listing_print_correctly"/>
    <testcase time="0.162999999999997" classname="srep_outputs" name="Listing_print_correctly"/>
    <testcase time="0.176000000000002" classname="srep_outputs" name="Listing_print_correctly"/>
    <testcase time="0.164000000000001" classname="srep_outputs" name="Listing_print_correctly"/>
    <testcase time="0.179999999999993" classname="srep_outputs" name="Listing_print_correctly"/>
    <testcase time="0.164000000000001" classname="srep_outputs" name="Listing_print_correctly"/>
    <testcase time="0.183999999999997" classname="srep_outputs" name="Listing_print_correctly"/>
    <testcase time="0.166000000000011" classname="srep_outputs" name="Listing_print_correctly"/>
    <testcase time="0.168999999999997" classname="srep_outputs" name="Listing_print_correctly"/>
    <testcase time="0.168999999999997" classname="srep_outputs" name="Listing_print_correctly"/>
    <testcase time="0.170000000000002" classname="srep_outputs" name="Listing_print_correctly"/>
    <testcase time="0.170999999999992" classname="srep_outputs" name="Listing_print_correctly"/>
    <testcase time="0.173000000000002" classname="srep_outputs" name="Listing_print_correctly"/>
    <testcase time="0.192000000000007" classname="srep_outputs" name="Listing_print_correctly"/>
    <testcase time="0.164999999999992" classname="srep_outputs" name="Listing_print_correctly"/>
    <testcase time="0.177000000000007" classname="srep_outputs" name="Listing_print_correctly"/>
    <testcase time="0.164999999999992" classname="srep_outputs" name="Listing_print_correctly"/>
    <testcase time="0.179000000000002" classname="srep_outputs" name="Listing_print_correctly"/>
    <testcase time="0.165999999999997" classname="srep_outputs" name="Listing_print_correctly"/>
    <testcase time="0.196000000000012" classname="srep_outputs" name="Listing_print_correctly"/>
    <testcase time="0.187999999999988" classname="srep_outputs" name="Listing_print_correctly"/>
    <testcase time="0.182000000000002" classname="srep_outputs" name="Listing_print_correctly"/>
    <testcase time="0.159000000000006" classname="srep_outputs" name="Listing_print_correctly"/>
    <testcase time="0.182000000000002" classname="srep_outputs" name="Listing_print_correctly"/>
    <testcase time="0.161999999999992" classname="srep_outputs" name="Listing_print_correctly"/>
    <testcase time="0.182000000000002" classname="srep_outputs" name="Listing_print_correctly"/>
    <testcase time="0.165000000000006" classname="srep_outputs" name="Listing_print_correctly"/>
    <testcase time="0.177999999999997" classname="srep_outputs" name="Listing_print_correctly"/>
    <testcase time="0.162999999999997" classname="srep_outputs" name="Listing_print_correctly"/>
    <testcase time="0.180000000000007" classname="srep_outputs" name="Listing_print_correctly"/>
    <testcase time="0.164000000000001" classname="srep_outputs" name="Listing_print_correctly"/>
    <testcase time="0.179999999999993" classname="srep_outputs" name="Listing_print_correctly"/>
    <testcase time="0.165000000000006" classname="srep_outputs" name="Listing_print_correctly"/>
    <testcase time="0.178999999999988" classname="srep_outputs" name="Listing_print_correctly"/>
    <testcase time="0.161000000000001" classname="srep_outputs" name="Listing_print_correctly"/>
    <testcase time="0.180000000000007" classname="srep_outputs" name="Listing_print_correctly"/>
    <testcase time="0.164999999999992" classname="srep_outputs" name="Listing_print_correctly"/>
    <testcase time="0.190000000000012" classname="srep_outputs" name="Listing_print_correctly"/>
    <testcase time="0.171999999999997" classname="srep_outputs" name="Listing_print_correctly"/>
    <testcase time="0.183999999999997" classname="srep_outputs" name="Listing_print_correctly"/>
    <testcase time="0.168000000000006" classname="srep_outputs" name="Listing_print_correctly"/>
    <testcase time="0.183999999999997" classname="srep_outputs" name="Listing_print_correctly"/>
    <testcase time="0.161000000000001" classname="srep_outputs" name="Listing_print_correctly"/>
    <testcase time="0.185999999999993" classname="srep_outputs" name="Listing_print_correctly"/>
    <testcase time="0.165000000000006" classname="srep_outputs" name="Listing_print_correctly"/>
    <testcase time="0.185999999999993" classname="srep_outputs" name="Listing_print_correctly"/>
    <testcase time="0.162000000000006" classname="srep_outputs" name="Listing_print_correctly"/>
    <testcase time="0.183999999999997" classname="srep_outputs" name="Listing_print_correctly"/>
    <testcase time="0.159999999999997" classname="srep_outputs" name="Listing_print_correctly"/>
    <testcase time="0.183000000000007" classname="srep_outputs" name="Listing_print_correctly"/>
    <testcase time="0.161999999999992" classname="srep_outputs" name="Listing_print_correctly"/>
    <testcase time="0.185000000000002" classname="srep_outputs" name="Listing_print_correctly"/>
    <testcase time="0.165999999999997" classname="srep_outputs" name="Listing_print_correctly"/>
    <testcase time="0.191000000000003" classname="srep_outputs" name="Listing_print_correctly"/>
    <testcase time="0.167000000000002" classname="srep_outputs" name="Listing_print_correctly"/>
    <testcase time="0.536000000000001" classname="srep_outputs" name="Listing_print_correctly"/>
    <testcase time="0.165999999999997" classname="srep_outputs" name="Listing_print_correctly"/>
    <testcase time="0.177999999999997" classname="srep_outputs" name="Listing_print_correctly"/>
    <testcase time="0.165999999999997" classname="srep_outputs" name="Listing_print_correctly"/>
    <testcase time="0.177000000000007" classname="srep_outputs" name="Listing_print_correctly"/>
    <testcase time="0.161000000000001" classname="srep_outputs" name="Listing_print_correctly"/>
    <testcase time="0.170999999999992" classname="srep_outputs" name="Listing_print_correctly"/>
    <testcase time="0.165000000000006" classname="srep_outputs" name="Listing_print_correctly"/>
    <testcase time="0.162999999999997" classname="srep_outputs" name="Listing_print_correctly"/>
    <testcase time="0.171999999999997" classname="srep_outputs" name="Listing_print_correctly"/>
    <testcase time="0.168000000000006" classname="srep_outputs" name="Listing_print_correctly"/>
    <testcase time="0.173999999999992" classname="srep_outputs" name="Listing_print_correctly"/>
    <testcase time="0.169000000000011" classname="srep_outputs" name="Listing_print_correctly"/>
    <testcase time="0.172999999999988" classname="srep_outputs" name="Listing_print_correctly"/>
    <testcase time="0.166000000000011" classname="srep_outputs" name="Listing_print_correctly"/>
    <testcase time="0.170000000000002" classname="srep_outputs" name="Listing_print_correctly"/>
    <testcase time="0.166999999999987" classname="srep_outputs" name="Listing_print_correctly"/>
    <testcase time="0.173000000000002" classname="srep_outputs" name="Listing_print_correctly"/>
    <testcase time="0.167000000000002" classname="srep_outputs" name="Listing_print_correctly"/>
    <testcase time="0.173000000000002" classname="srep_outputs" name="Listing_print_correctly"/>
    <testcase time="0.168000000000006" classname="srep_outputs" name="Listing_print_correctly"/>
    <testcase time="0.173999999999992" classname="srep_outputs" name="Listing_print_correctly"/>
    <testcase time="0.165999999999997" classname="srep_outputs" name="Listing_print_correctly"/>
    <testcase time="0.178000000000011" classname="srep_outputs" name="Listing_print_correctly"/>
    <testcase time="0.161999999999992" classname="srep_outputs" name="Listing_print_correctly"/>
    <testcase time="0.171999999999997" classname="srep_outputs" name="Listing_print_correctly"/>
    <testcase time="0.164000000000001" classname="srep_outputs" name="Listing_print_correctly"/>
    <testcase time="0.170000000000002" classname="srep_outputs" name="Listing_print_correctly"/>
    <testcase time="0.167000000000002" classname="srep_outputs" name="Listing_print_correctly"/>
    <testcase time="0.138999999999996" classname="srep_outputs" name="Listing_print_correctly"/>
    <testcase time="0.119" classname="srep_outputs" name="Listing_print_correctly"/>
    <testcase time="2.66000000000001" classname="srep_outputs" name="Listing_print_correctly"/>
    <testcase time="0.251999999999995" classname="srep_outputs" name="Listing_print_correctly"/>
  </testsuite>
  <testsuite name="t_ae_pt_diff_slide" timestamp="2025-07-25T01:53:43Z" hostname="e60132c2c033" tests="9" skipped="0" failures="0" errors="0" time="2.786">
    <testcase time="0.182000000000002" classname="t_ae_pt_diff_slide" name="Test_table_creation_of_t_ae_pt_diff_slide_safety_summary_table_"/>
    <testcase time="1.011" classname="t_ae_pt_diff_slide" name="Test_table_creation_of_t_ae_pt_diff_slide_safety_summary_table_prune_by_total_2"/>
    <testcase time="0.331999999999994" classname="t_ae_pt_diff_slide" name="Test_table_creation_of_t_ae_pt_slide_safety_summary_table_prune_by_total_2"/>
    <testcase time="0.209000000000003" classname="t_ae_pt_diff_slide" name="Test_table_creation_of_t_ae_pt_slide_safety_summary_table_prune_by_total_2"/>
    <testcase time="0.332999999999998" classname="t_ae_pt_diff_slide" name="Test_table_creation_of_t_ae_pt_slide_safety_summary_table_prune_by_total_2"/>
    <testcase time="0.209000000000003" classname="t_ae_pt_diff_slide" name="Test_table_creation_of_t_ae_pt_slide_safety_summary_table_prune_by_total_2"/>
    <testcase time="0.106000000000009" classname="t_ae_pt_diff_slide" name="Test_table_creation_of_t_ae_pt_diff_slide_safety_summary_table_"/>
    <testcase time="0.328999999999994" classname="t_ae_pt_diff_slide" name="Test_table_creation_of_t_ae_pt_slide_safety_summary_table_prune_by_total_2"/>
    <testcase time="0.0750000000000028" classname="t_ae_pt_diff_slide" name="Test_table_creation_of_t_ae_pt_diff_slide_with_null_report"/>
  </testsuite>
  <testsuite name="t_ae_pt_slide" timestamp="2025-07-25T01:53:46Z" hostname="e60132c2c033" tests="6" skipped="0" failures="0" errors="0" time="1.752">
    <testcase time="0.218000000000004" classname="t_ae_pt_slide" name="Test_table_creation_of_t_ae_pt_slide_safety_summary_table_"/>
    <testcase time="0.197999999999993" classname="t_ae_pt_slide" name="Test_table_creation_of_t_ae_pt_slide_safety_summary_table_prune_by_total_28"/>
    <testcase time="0.192999999999998" classname="t_ae_pt_slide" name="Test_table_creation_of_t_ae_pt_slide_safety_summary_table_prune_by_total_30"/>
    <testcase time="0.396000000000001" classname="t_ae_pt_slide" name="Test_table_creation_of_t_ae_pt_soc_slide_safety_summary_table_"/>
    <testcase time="0.382000000000005" classname="t_ae_pt_slide" name="Test_table_creation_of_t_ae_pt_soc_slide_safety_summary_table_prune_by_total_28"/>
    <testcase time="0.364999999999995" classname="t_ae_pt_slide" name="Test_table_creation_of_t_ae_pt_soc_slide_safety_summary_table_prune_by_total_30"/>
  </testsuite>
  <testsuite name="t_ae_pt_soc_diff_slide" timestamp="2025-07-25T01:53:48Z" hostname="e60132c2c033" tests="7" skipped="0" failures="0" errors="0" time="3.139">
    <testcase time="0.349000000000004" classname="t_ae_pt_soc_diff_slide" name="Test_table_creation_of_t_ae_pt_soc_diff_slide_safety_summary_table_"/>
    <testcase time="0.318000000000012" classname="t_ae_pt_soc_diff_slide" name="Test_table_creation_of_t_ae_pt_soc_diff_slide_safety_summary_table_prune_by_total_2"/>
    <testcase time="0.646999999999991" classname="t_ae_pt_soc_diff_slide" name="Test_table_creation_of_t_ae_pt_soc_diff_slide_safety_summary_table_prune_by_total_2"/>
    <testcase time="0.394000000000005" classname="t_ae_pt_soc_diff_slide" name="Test_table_creation_of_t_ae_pt_soc_diff_slide_safety_summary_table_prune_by_total_2"/>
    <testcase time="0.649999999999977" classname="t_ae_pt_soc_diff_slide" name="Test_table_creation_of_t_ae_pt_soc_diff_slide_safety_summary_table_prune_by_total_2"/>
    <testcase time="0.511000000000024" classname="t_ae_pt_soc_diff_slide" name="Test_table_creation_of_t_ae_pt_soc_diff_slide_safety_summary_table_prune_by_total_2"/>
    <testcase time="0.269999999999982" classname="t_ae_pt_soc_diff_slide" name="Test_table_creation_of_t_ae_pt_soc_diff_slide_safety_summary_table_"/>
  </testsuite>
  <testsuite name="t_ae_slide" timestamp="2025-07-25T01:53:51Z" hostname="e60132c2c033" tests="2" skipped="0" failures="0" errors="0" time="0.735">
    <testcase time="0.664000000000016" classname="t_ae_slide" name="Test_adverse_event_table_creation_of_t_ae_slide_Adverse_Events_for_Patient_"/>
    <testcase time="0.070999999999998" classname="t_ae_slide" name="Test_adverse_event_table_creation_of_t_ae_slide_with_null_report"/>
  </testsuite>
  <testsuite name="t_ae_summary_slide" timestamp="2025-07-25T01:53:52Z" hostname="e60132c2c033" tests="4" skipped="0" failures="0" errors="0" time="1.264">
    <testcase time="0.586999999999989" classname="t_ae_summary_slide" name="Test_table_creation_of_t_ae_summ_slide_safety_summary_table_"/>
    <testcase time="0.548000000000002" classname="t_ae_summary_slide" name="Test_table_creation_of_t_ae_summ_slide_safety_summary_table_"/>
    <testcase time="0.039999999999992" classname="t_ae_summary_slide" name="Test_t_ae_summ_slide_with_expected_Error"/>
    <testcase time="0.0889999999999986" classname="t_ae_summary_slide" name="Test_t_ae_summ_slide_with_null_report"/>
  </testsuite>
  <testsuite name="t_aesi_slide" timestamp="2025-07-25T01:53:53Z" hostname="e60132c2c033" tests="5" skipped="0" failures="0" errors="0" time="1.389">
    <testcase time="0.465000000000003" classname="t_aesi_slide" name="Test_table_creation_of_t_aesi_slide_AESI_summary_table_with_AETOXGR_grading"/>
    <testcase time="0.450999999999993" classname="t_aesi_slide" name="Test_table_creation_of_t_aesi_slide_AESI_summary_table_with_AESEV_grading"/>
    <testcase time="0.443000000000012" classname="t_aesi_slide" name="Test_table_creation_of_t_aesi_slide_AESI_summary_table_with_custom_AEGRP_grouping"/>
    <testcase time="0.00800000000000978" classname="t_aesi_slide" name="Test_table_creation_of_t_aesi_slide_with_no_aesi_var_given"/>
    <testcase time="0.0219999999999914" classname="t_aesi_slide" name="Test_table_creation_of_t_aesi_slide_with_aesi_var_not_found_in_dataset"/>
  </testsuite>
  <testsuite name="t_dd_slide" timestamp="2025-07-25T01:53:54Z" hostname="e60132c2c033" tests="6" skipped="0" failures="0" errors="0" time="1.103">
    <testcase time="0.212999999999994" classname="t_dd_slide" name="Test_table_creation_of_t_dd_slide_death_table_"/>
    <testcase time="0.0380000000000109" classname="t_dd_slide" name="Test_t_dd_slide_table_with_expected_Error"/>
    <testcase time="0.0569999999999879" classname="t_dd_slide" name="Test_table_creation_of_with_null_report"/>
    <testcase time="0.213999999999999" classname="t_dd_slide" name="Test_table_creation_of_t_dd_slide_death_table_"/>
    <testcase time="0.350999999999999" classname="t_dd_slide" name="Test_table_creation_of_t_dd_slide_death_table_"/>
    <testcase time="0.230000000000018" classname="t_dd_slide" name="Test_table_creation_of_t_dd_slide_death_table_"/>
  </testsuite>
  <testsuite name="t_dm_slide" timestamp="2025-07-25T01:53:56Z" hostname="e60132c2c033" tests="6" skipped="0" failures="0" errors="0" time="3.432">
    <testcase time="0.376000000000005" classname="t_dm_slide" name="Test_demographic_table_creation_of_t_dm_slide"/>
    <testcase time="0.701999999999998" classname="t_dm_slide" name="Test_demographic_table_creation_of_t_dm_slide"/>
    <testcase time="0.713999999999999" classname="t_dm_slide" name="Test_demographic_table_creation_of_t_dm_slide"/>
    <testcase time="0.465000000000003" classname="t_dm_slide" name="Test_demographic_table_creation_of_t_dm_slide"/>
    <testcase time="0.461999999999989" classname="t_dm_slide" name="Test_demographic_table_creation_of_t_dm_slide"/>
    <testcase time="0.712999999999994" classname="t_dm_slide" name="Test_demographic_table_creation_of_t_dm_slide"/>
  </testsuite>
  <testsuite name="t_dor_slide" timestamp="2025-07-25T01:53:59Z" hostname="e60132c2c033" tests="2" skipped="0" failures="0" errors="0" time="0.334">
    <testcase time="0.176000000000016" classname="t_dor_slide" name="Test_DOR_table_when_time_unit_is_DAYS_"/>
    <testcase time="0.157999999999987" classname="t_dor_slide" name="Test_DOR_table_when_time_unit_is_YEARS_"/>
  </testsuite>
  <testsuite name="t_ds_slide" timestamp="2025-07-25T01:53:59Z" hostname="e60132c2c033" tests="5" skipped="0" failures="0" errors="0" time="2.367">
    <testcase time="0.299000000000007" classname="t_ds_slide" name="Test_table_creation_of_t_ds_slide"/>
    <testcase time="0.640999999999991" classname="t_ds_slide" name="Test_table_creation_of_t_ds_slide"/>
    <testcase time="0.384999999999991" classname="t_ds_slide" name="Test_table_creation_of_t_ds_slide"/>
    <testcase time="0.610000000000014" classname="t_ds_slide" name="Test_table_creation_of_t_ds_slide"/>
    <testcase time="0.431999999999988" classname="t_ds_slide" name="Test_table_creation_of_t_ds_slide"/>
  </testsuite>
  <testsuite name="template" timestamp="2025-07-25T01:54:02Z" hostname="e60132c2c033" tests="44" skipped="0" failures="0" errors="0" time="0.384">
    <testcase time="0.0100000000000193" classname="template" name="list_all_templates_test_1_returns_all_available_templates"/>
    <testcase time="0.007000000000005" classname="template" name="use_template_test_2_saving_when_no_path_is_specified"/>
    <testcase time="0.0309999999999775" classname="template" name="use_template_test_2_saving_when_no_path_is_specified"/>
    <testcase time="0.007000000000005" classname="template" name="use_template_test_2_saving_when_no_path_is_specified"/>
    <testcase time="0.0320000000000107" classname="template" name="use_template_test_2_saving_when_no_path_is_specified"/>
    <testcase time="0.00600000000000023" classname="template" name="use_template_test_3_create_folder_when_it_does_not_exist"/>
    <testcase time="0.007000000000005" classname="template" name="use_template_test_3_create_folder_when_it_does_not_exist"/>
    <testcase time="0.0029999999999859" classname="template" name="use_template_test_3_create_folder_when_it_does_not_exist"/>
    <testcase time="0.00999999999999091" classname="template" name="use_template_test_4_expected_errors"/>
    <testcase time="0.007000000000005" classname="template" name="use_template_test_4_expected_errors"/>
    <testcase time="0.0109999999999957" classname="template" name="use_template_test_5_when_template_is_contained_in_autoslideR"/>
    <testcase time="0.0110000000000241" classname="template" name="use_template_test_6_invalid_template"/>
    <testcase time="0.0109999999999957" classname="template" name="use_template_test_7_all_templates"/>
    <testcase time="0.007000000000005" classname="template" name="use_template_test_7_all_templates"/>
    <testcase time="0.00599999999997181" classname="template" name="use_template_test_7_all_templates"/>
    <testcase time="0.007000000000005" classname="template" name="use_template_test_7_all_templates"/>
    <testcase time="0.007000000000005" classname="template" name="use_template_test_7_all_templates"/>
    <testcase time="0.007000000000005" classname="template" name="use_template_test_7_all_templates"/>
    <testcase time="0.007000000000005" classname="template" name="use_template_test_7_all_templates"/>
    <testcase time="0.007000000000005" classname="template" name="use_template_test_7_all_templates"/>
    <testcase time="0.00600000000000023" classname="template" name="use_template_test_7_all_templates"/>
    <testcase time="0.00699999999997658" classname="template" name="use_template_test_7_all_templates"/>
    <testcase time="0.007000000000005" classname="template" name="use_template_test_7_all_templates"/>
    <testcase time="0.007000000000005" classname="template" name="use_template_test_7_all_templates"/>
    <testcase time="0.007000000000005" classname="template" name="use_template_test_7_all_templates"/>
    <testcase time="0.007000000000005" classname="template" name="use_template_test_7_all_templates"/>
    <testcase time="0.007000000000005" classname="template" name="use_template_test_7_all_templates"/>
    <testcase time="0.00600000000000023" classname="template" name="use_template_test_7_all_templates"/>
    <testcase time="0.0199999999999818" classname="template" name="use_template_test_5_all_templates"/>
    <testcase time="0.00800000000000978" classname="template" name="use_template_test_5_all_templates"/>
    <testcase time="0.007000000000005" classname="template" name="use_template_test_5_all_templates"/>
    <testcase time="0.00699999999997658" classname="template" name="use_template_test_5_all_templates"/>
    <testcase time="0.00600000000000023" classname="template" name="use_template_test_5_all_templates"/>
    <testcase time="0.007000000000005" classname="template" name="use_template_test_5_all_templates"/>
    <testcase time="0.00800000000000978" classname="template" name="use_template_test_5_all_templates"/>
    <testcase time="0.00800000000000978" classname="template" name="use_template_test_5_all_templates"/>
    <testcase time="0.00799999999998136" classname="template" name="use_template_test_5_all_templates"/>
    <testcase time="0.00800000000000978" classname="template" name="use_template_test_5_all_templates"/>
    <testcase time="0.007000000000005" classname="template" name="use_template_test_5_all_templates"/>
    <testcase time="0.00799999999998136" classname="template" name="use_template_test_5_all_templates"/>
    <testcase time="0.007000000000005" classname="template" name="use_template_test_5_all_templates"/>
    <testcase time="0.007000000000005" classname="template" name="use_template_test_5_all_templates"/>
    <testcase time="0.00600000000000023" classname="template" name="use_template_test_5_all_templates"/>
    <testcase time="0.007000000000005" classname="template" name="use_template_test_5_all_templates"/>
  </testsuite>
  <testsuite name="util" timestamp="2025-07-25T01:54:02Z" hostname="e60132c2c033" tests="64" skipped="0" failures="0" errors="0" time="0.228">
    <testcase time="0.00800000000000978" classname="util" name="Test_some_functions_in_util.R"/>
    <testcase time="0.00199999999998113" classname="util" name="Test_some_functions_in_util.R"/>
    <testcase time="0.00100000000000477" classname="util" name="Test_some_functions_in_util.R"/>
    <testcase time="0.00100000000000477" classname="util" name="Test_some_functions_in_util.R"/>
    <testcase time="0.00100000000000477" classname="util" name="Test_some_functions_in_util.R"/>
    <testcase time="0.00199999999998113" classname="util" name="Test_some_functions_in_util.R"/>
    <testcase time="0.007000000000005" classname="util" name="Test_some_functions_in_util.R"/>
    <testcase time="0.00100000000000477" classname="util" name="Test_some_functions_in_util.R"/>
    <testcase time="0.00600000000000023" classname="util" name="Test_some_functions_in_util.R"/>
    <testcase time="0.00100000000000477" classname="util" name="Test_some_functions_in_util.R"/>
    <testcase time="0.007000000000005" classname="util" name="Test_some_functions_in_util.R"/>
    <testcase time="0.000999999999976353" classname="util" name="Test_some_functions_in_util.R"/>
    <testcase time="0.0040000000000191" classname="util" name="Test_some_functions_in_util.R"/>
    <testcase time="0.00399999999999068" classname="util" name="Test_some_functions_in_util.R"/>
    <testcase time="0.00100000000000477" classname="util" name="Test_some_functions_in_util.R"/>
    <testcase time="0.00100000000000477" classname="util" name="Test_some_functions_in_util.R"/>
    <testcase time="0.00199999999998113" classname="util" name="Test_some_functions_in_util.R"/>
    <testcase time="0.00100000000000477" classname="util" name="Test_some_functions_in_util.R"/>
    <testcase time="0.00300000000001432" classname="util" name="validate_paper_size_works_correctly"/>
    <testcase time="0.00199999999998113" classname="util" name="validate_paper_size_works_correctly"/>
    <testcase time="0.00100000000000477" classname="util" name="validate_paper_size_works_correctly"/>
    <testcase time="0.00600000000000023" classname="util" name="validate_paper_size_works_correctly"/>
    <testcase time="0.00499999999999545" classname="util" name="validate_paper_size_works_correctly"/>
    <testcase time="0.00500000000002387" classname="util" name="validate_paper_size_works_correctly"/>
    <testcase time="0.00499999999999545" classname="util" name="validate_paper_size_works_correctly"/>
    <testcase time="0.00799999999998136" classname="util" name="Legacy_warning_functions_work_as_expected"/>
    <testcase time="0.00200000000000955" classname="util" name="Legacy_warning_functions_work_as_expected"/>
    <testcase time="0.00499999999999545" classname="util" name="Legacy_warning_functions_work_as_expected"/>
    <testcase time="0.00200000000000955" classname="util" name="Legacy_warning_functions_work_as_expected"/>
    <testcase time="0.00499999999999545" classname="util" name="Legacy_warning_functions_work_as_expected"/>
    <testcase time="0.00600000000000023" classname="util" name="vbar2newline_correctly_replaces_vertical_bars"/>
    <testcase time="0.00300000000001432" classname="util" name="vbar2newline_correctly_replaces_vertical_bars"/>
    <testcase time="0.0029999999999859" classname="util" name="vbar2newline_correctly_replaces_vertical_bars"/>
    <testcase time="0.00200000000000955" classname="util" name="vbar2newline_correctly_replaces_vertical_bars"/>
    <testcase time="0.00199999999998113" classname="util" name="vbar2newline_correctly_replaces_vertical_bars"/>
    <testcase time="0.00600000000000023" classname="util" name="munge_spaces_correctly_replaces_various_whitespace"/>
    <testcase time="0.00300000000001432" classname="util" name="munge_spaces_correctly_replaces_various_whitespace"/>
    <testcase time="0.0029999999999859" classname="util" name="munge_spaces_correctly_replaces_various_whitespace"/>
    <testcase time="0.00300000000001432" classname="util" name="munge_spaces_correctly_replaces_various_whitespace"/>
    <testcase time="0.0029999999999859" classname="util" name="munge_spaces_correctly_replaces_various_whitespace"/>
    <testcase time="0.00600000000000023" classname="util" name="split_chunk_correctly_splits_text_into_words"/>
    <testcase time="0.00300000000001432" classname="util" name="split_chunk_correctly_splits_text_into_words"/>
    <testcase time="0.0029999999999859" classname="util" name="split_chunk_correctly_splits_text_into_words"/>
    <testcase time="0.00300000000001432" classname="util" name="split_chunk_correctly_splits_text_into_words"/>
    <testcase time="0.0029999999999859" classname="util" name="split_chunk_correctly_splits_text_into_words"/>
    <testcase time="0.00600000000000023" classname="util" name="wrap_chunk_wraps_text_correctly"/>
    <testcase time="0.00300000000001432" classname="util" name="wrap_chunk_wraps_text_correctly"/>
    <testcase time="0.0029999999999859" classname="util" name="wrap_chunk_wraps_text_correctly"/>
    <testcase time="0.00300000000001432" classname="util" name="wrap_chunk_wraps_text_correctly"/>
    <testcase time="0.00199999999998113" classname="util" name="wrap_chunk_wraps_text_correctly"/>
    <testcase time="0.00300000000001432" classname="util" name="wrap_chunk_wraps_text_correctly"/>
    <testcase time="0.00799999999998136" classname="util" name="git_footnote_returns_repo"/>
    <testcase time="0.00600000000000023" classname="util" name="create_new_reporting_event"/>
    <testcase time="0.00300000000001432" classname="util" name="create_new_reporting_event"/>
    <testcase time="0.00600000000000023" classname="util" name="create_output_name"/>
    <testcase time="0.0029999999999859" classname="util" name="create_output_name"/>
    <testcase time="0.00300000000001432" classname="util" name="create_output_name"/>
    <testcase time="0.00200000000000955" classname="util" name="create_output_name"/>
    <testcase time="0.00699999999997658" classname="util" name="text_wrap_cut_works_correctly"/>
    <testcase time="0.00300000000001432" classname="util" name="text_wrap_cut_works_correctly"/>
    <testcase time="0.0029999999999859" classname="util" name="text_wrap_cut_works_correctly"/>
    <testcase time="0.00300000000001432" classname="util" name="text_wrap_cut_works_correctly"/>
    <testcase time="0.00600000000000023" classname="util" name="text_wrap_cut_keepreturn_respects_existing_newlines"/>
    <testcase time="0.0029999999999859" classname="util" name="text_wrap_cut_keepreturn_respects_existing_newlines"/>
  </testsuite>
  <testsuite name="ai" timestamp="2025-07-25T01:54:02Z" hostname="e60132c2c033" tests="2" skipped="2" failures="0" errors="0" time="0.057">
    <testcase time="0.0440000000000111" classname="ai" name="Listing_print_correctly">
      <skipped message="Reason: On CI ('test_ai.R:4:3')"/>
    </testcase>
    <testcase time="0.0130000000000052" classname="ai" name="using_ollama">
      <skipped message="Reason: On CI ('test_ai.R:59:3')"/>
    </testcase>
  </testsuite>
  <testsuite name="format_date" timestamp="2025-07-25T01:54:02Z" hostname="e60132c2c033" tests="5" skipped="0" failures="0" errors="0" time="0.273">
    <testcase time="0.165999999999997" classname="format_date" name="Test_format_date"/>
    <testcase time="0.0289999999999964" classname="format_date" name="Test_format_date"/>
    <testcase time="0.0240000000000009" classname="format_date" name="Test_format_date"/>
    <testcase time="0.0269999999999868" classname="format_date" name="Test_format_date"/>
    <testcase time="0.0270000000000152" classname="format_date" name="Test_format_date"/>
  </testsuite>
</testsuites>
