<?xml version="1.0" encoding="UTF-8"?>
<testsuites>
  <testsuite name="appendix" timestamp="2025-07-25T02:53:51Z" hostname="6f699afda604" tests="22" skipped="0" failures="0" errors="0" time="1.57">
    <testcase time="0.208" classname="appendix" name="initialize_to_page_test_1_when_to_page_is_null"/>
    <testcase time="0.093" classname="appendix" name="initialize_to_page_test_2_given_to_page_value"/>
    <testcase time="0.0840000000000001" classname="appendix" name="initialize_to_page_test_3_if_to_page_is_too_large"/>
    <testcase time="0.296" classname="appendix" name="postprocessing_doc_test_1_save_file_TRUE"/>
    <testcase time="0.00299999999999967" classname="appendix" name="postprocessing_doc_test_1_save_file_TRUE"/>
    <testcase time="0.0470000000000002" classname="appendix" name="postprocessing_doc_test_2_save_file_FALSE"/>
    <testcase time="0.00300000000000011" classname="appendix" name="postprocessing_doc_test_2_save_file_FALSE"/>
    <testcase time="0.073" classname="appendix" name="postprocessing_doc_test_3_doc_o_is_not_a_ppt"/>
    <testcase time="0.0499999999999998" classname="appendix" name="initialize_doc_original_test_1_returns_existing_doc_original"/>
    <testcase time="0.12" classname="appendix" name="initialize_doc_original_test_2_reads_from_file_when_doc_original_is_NULL"/>
    <testcase time="0.121" classname="appendix" name="append_title_slides_test_1_save_file"/>
    <testcase time="0.004" classname="appendix" name="append_title_slides_test_1_save_file"/>
    <testcase time="0.004" classname="appendix" name="append_title_slides_test_1_save_file"/>
    <testcase time="0.117" classname="appendix" name="append_section_header_slides_test_1_not_save_file"/>
    <testcase time="0.00300000000000011" classname="appendix" name="append_section_header_slides_test_1_not_save_file"/>
    <testcase time="0.00299999999999967" classname="appendix" name="append_section_header_slides_test_1_not_save_file"/>
    <testcase time="0.169" classname="appendix" name="append_all_slides_correctly_adds_multiple_slides_based_on_page_list"/>
    <testcase time="0.00300000000000011" classname="appendix" name="append_all_slides_correctly_adds_multiple_slides_based_on_page_list"/>
    <testcase time="0.00199999999999978" classname="appendix" name="append_all_slides_correctly_adds_multiple_slides_based_on_page_list"/>
    <testcase time="0.0499999999999998" classname="appendix" name="append_all_slides_correctly_adds_multiple_slides_based_on_page_list"/>
    <testcase time="0.00300000000000011" classname="appendix" name="append_all_slides_correctly_adds_multiple_slides_based_on_page_list"/>
    <testcase time="0.114" classname="appendix" name="append_all_slides_test_2_error_if_page_list_exceeds_max_pages_1"/>
  </testsuite>
  <testsuite name="assert" timestamp="2025-07-25T02:53:52Z" hostname="6f699afda604" tests="17" skipped="0" failures="0" errors="0" time="0.087">
    <testcase time="0.0140000000000002" classname="assert" name="assert_is_character_scalar_works_correctly"/>
    <testcase time="0.00399999999999956" classname="assert" name="assert_is_character_scalar_works_correctly"/>
    <testcase time="0.00499999999999989" classname="assert" name="assert_is_character_scalar_works_correctly"/>
    <testcase time="0.00400000000000045" classname="assert" name="assert_is_character_scalar_works_correctly"/>
    <testcase time="0.00399999999999956" classname="assert" name="assert_is_character_scalar_works_correctly"/>
    <testcase time="0.00400000000000045" classname="assert" name="assert_is_character_scalar_works_correctly"/>
    <testcase time="0.00499999999999989" classname="assert" name="assert_exists_in_spec_or_calling_env_is_robustly_testable"/>
    <testcase time="0.00199999999999978" classname="assert" name="assert_exists_in_spec_or_calling_env_is_robustly_testable"/>
    <testcase time="0.00400000000000045" classname="assert" name="assert_exists_in_spec_or_calling_env_is_robustly_testable"/>
    <testcase time="0.00499999999999989" classname="assert" name="assert_is_valid_filter_result_passes_with_valid_inputs"/>
    <testcase time="0.000999999999999446" classname="assert" name="assert_is_valid_filter_result_passes_with_valid_inputs"/>
    <testcase time="0.00800000000000001" classname="assert" name="assert_is_valid_filter_result_fails_with_invalid_inputs"/>
    <testcase time="0.00400000000000045" classname="assert" name="assert_is_valid_filter_result_fails_with_invalid_inputs"/>
    <testcase time="0.00399999999999956" classname="assert" name="assert_is_valid_filter_result_fails_with_invalid_inputs"/>
    <testcase time="0.00500000000000078" classname="assert" name="assert_is_valid_filter_result_fails_with_invalid_inputs"/>
    <testcase time="0.00399999999999956" classname="assert" name="assert_is_valid_filter_result_fails_with_invalid_inputs"/>
    <testcase time="0.00999999999999979" classname="assert" name="assert_is_valid_filter_result_fails_with_invalid_inputs"/>
  </testsuite>
  <testsuite name="bad_filters" timestamp="2025-07-25T02:53:52Z" hostname="6f699afda604" tests="1" skipped="0" failures="0" errors="0" time="0.037">
    <testcase time="0.0369999999999999" classname="bad_filters" name="Listing_print_correctly"/>
  </testsuite>
  <testsuite name="data_snapshot" timestamp="2025-07-25T02:53:52Z" hostname="6f699afda604" tests="1" skipped="1" failures="0" errors="0" time="0.055">
    <testcase time="0.0550000000000006" classname="data_snapshot" name="Test_data_snapshot">
      <skipped message="Reason: On CRAN ('test-data_snapshot.R:6:5')"/>
    </testcase>
  </testsuite>
  <testsuite name="decorate" timestamp="2025-07-25T02:53:52Z" hostname="6f699afda604" tests="10" skipped="0" failures="0" errors="0" time="0.848">
    <testcase time="0.105" classname="decorate" name="Test_decoreate.grob_not_to_throw"/>
    <testcase time="0.144" classname="decorate" name="Test_decoreate.grob_not_to_throw"/>
    <testcase time="0.00400000000000045" classname="decorate" name="Test_decoreate_not_to_throw"/>
    <testcase time="0.093" classname="decorate" name="Test_decoreate_not_to_throw"/>
    <testcase time="0.0699999999999994" classname="decorate" name="Test_print_not_to_throw"/>
    <testcase time="0.0609999999999999" classname="decorate" name="Test_print_not_to_throw"/>
    <testcase time="0.127000000000001" classname="decorate" name="Test_print_not_to_throw"/>
    <testcase time="0.00800000000000001" classname="decorate" name="Test_decoreate_throw"/>
    <testcase time="0.178" classname="decorate" name="Test_ph_with_img_not_to_throw"/>
    <testcase time="0.0579999999999998" classname="decorate" name="Test_ph_with_img_not_to_throw"/>
  </testsuite>
  <testsuite name="filter_spec-verbose" timestamp="2025-07-25T02:53:53Z" hostname="6f699afda604" tests="1" skipped="1" failures="0" errors="0" time="0.027">
    <testcase time="0.0270000000000001" classname="filter_spec_verbose" name="Listing_print_correctly">
      <skipped message="Reason: On CRAN ('test-filter_spec-verbose.R:13:3')"/>
    </testcase>
  </testsuite>
  <testsuite name="formats" timestamp="2025-07-25T02:53:53Z" hostname="6f699afda604" tests="6" skipped="0" failures="0" errors="0" time="0.103">
    <testcase time="0.0279999999999996" classname="formats" name="new_round_function"/>
    <testcase time="0.0510000000000002" classname="formats" name="new_round_function"/>
    <testcase time="0.00600000000000023" classname="formats" name="xx.xx_xx.xx_"/>
    <testcase time="0.00600000000000023" classname="formats" name="xx.xx_xx.x_"/>
    <testcase time="0.00599999999999934" classname="formats" name="_xx_xx_"/>
    <testcase time="0.00600000000000023" classname="formats" name="xx.xx_xx.xx_xx.xx_"/>
  </testsuite>
  <testsuite name="ft_format" timestamp="2025-07-25T02:53:55Z" hostname="6f699afda604" tests="2" skipped="0" failures="0" errors="0" time="1.705">
    <testcase time="1.7" classname="ft_format" name="demographic_table_formatting"/>
    <testcase time="0.00499999999999989" classname="ft_format" name="demographic_table_formatting"/>
  </testsuite>
  <testsuite name="func_wrapper" timestamp="2025-07-25T02:53:55Z" hostname="6f699afda604" tests="5" skipped="0" failures="0" errors="0" time="0.633">
    <testcase time="0.438" classname="func_wrapper" name="legacy_with_datasets_and_spec"/>
    <testcase time="0.134" classname="func_wrapper" name="legacy_with_datasets_but_no_spec"/>
    <testcase time="0.0250000000000004" classname="func_wrapper" name="modern_with_named_datasets_and_spec"/>
    <testcase time="0.0169999999999995" classname="func_wrapper" name="modern_with_named_datasets_but_no_spec"/>
    <testcase time="0.0190000000000001" classname="func_wrapper" name="modern_with_named_spec_but_no_datasets"/>
  </testsuite>
  <testsuite name="g_mean_slides" timestamp="2025-07-25T02:53:56Z" hostname="6f699afda604" tests="14" skipped="5" failures="0" errors="0" time="0.746">
    <testcase time="0.142" classname="g_mean_slides" name="g_mean_slides_Test_1_Test_graph_creation_of_g_eg_slide_eg_mean_plot_"/>
    <testcase time="0.000999999999999446" classname="g_mean_slides" name="g_mean_slides_Test_1_Test_graph_creation_of_g_eg_slide_eg_mean_plot_">
      <skipped message="Reason: On CI ('test-g_mean_slides.R:20:3')"/>
    </testcase>
    <testcase time="0.0179999999999998" classname="g_mean_slides" name="g_mean_slides_Test_2_Test_error_of_g_eg_slide_"/>
    <testcase time="0.136000000000001" classname="g_mean_slides" name="g_mean_slides_Test_3_Test_graph_creation_of_g_lb_slide_lab_mean_plot_"/>
    <testcase time="0.000999999999999446" classname="g_mean_slides" name="g_mean_slides_Test_3_Test_graph_creation_of_g_lb_slide_lab_mean_plot_">
      <skipped message="Reason: On CI ('test-g_mean_slides.R:37:3')"/>
    </testcase>
    <testcase time="0.15" classname="g_mean_slides" name="g_mean_slides_Test_4_Test_graph_creation_of_g_lb_slide_lab_change_from_baseline_plot_"/>
    <testcase time="0.000999999999999446" classname="g_mean_slides" name="g_mean_slides_Test_4_Test_graph_creation_of_g_lb_slide_lab_change_from_baseline_plot_">
      <skipped message="Reason: On CI ('test-g_mean_slides.R:54:3')"/>
    </testcase>
    <testcase time="0.0169999999999995" classname="g_mean_slides" name="g_mean_slides_Test_5_Test_error_of_g_lb_slide_"/>
    <testcase time="0.106" classname="g_mean_slides" name="g_mean_slides_Test_6_Test_graph_creation_of_g_vs_slide_vital_sign_mean_plot_"/>
    <testcase time="0.00100000000000122" classname="g_mean_slides" name="g_mean_slides_Test_6_Test_graph_creation_of_g_vs_slide_vital_sign_mean_plot_">
      <skipped message="Reason: On CI ('test-g_mean_slides.R:72:3')"/>
    </testcase>
    <testcase time="0.0179999999999989" classname="g_mean_slides" name="g_mean_slides_Test_7_Test_error_of_g_vs_slide_"/>
    <testcase time="0.136000000000001" classname="g_mean_slides" name="g_mean_slides_Test_8_Test_graph_creation_of_g_mean_slide_vital_sign_mean_plot_"/>
    <testcase time="0.00199999999999889" classname="g_mean_slides" name="g_mean_slides_Test_8_Test_graph_creation_of_g_mean_slide_vital_sign_mean_plot_">
      <skipped message="Reason: On CI ('test-g_mean_slides.R:94:3')"/>
    </testcase>
    <testcase time="0.0170000000000012" classname="g_mean_slides" name="g_mean_slides_Test_9_Test_error_of_general_function_g_mean_slide_"/>
  </testsuite>
  <testsuite name="helper_functions" timestamp="2025-07-25T02:53:56Z" hostname="6f699afda604" tests="2" skipped="1" failures="0" errors="0" time="0.071">
    <testcase time="0.0109999999999992" classname="helper_functions" name="Test_some_functions_in_helper_functions.R"/>
    <testcase time="0.0600000000000005" classname="helper_functions" name="Test_some_functions_in_helper_functions.R">
      <skipped message="Reason: On CRAN ('test-helper_functions.R:3:3')"/>
    </testcase>
  </testsuite>
  <testsuite name="l_ae_slide" timestamp="2025-07-25T02:53:57Z" hostname="6f699afda604" tests="1" skipped="1" failures="0" errors="0" time="8.124">
    <testcase time="8.124" classname="l_ae_slide" name="Test_listing_creation_of_l_ae_slide_Adverse_Events_Listing_">
      <skipped message="Reason: On CRAN ('test-l_ae_slide.R:7:3')"/>
    </testcase>
  </testsuite>
  <testsuite name="log" timestamp="2025-07-25T02:54:05Z" hostname="6f699afda604" tests="2" skipped="0" failures="0" errors="0" time="0.02">
    <testcase time="0.0189999999999984" classname="log" name="Test_some_functions_in_log.R"/>
    <testcase time="0.00100000000000122" classname="log" name="Test_some_functions_in_log.R"/>
  </testsuite>
  <testsuite name="output-table-format" timestamp="2025-07-25T02:54:05Z" hostname="6f699afda604" tests="10" skipped="0" failures="0" errors="0" time="3.184">
    <testcase time="0.635000000000002" classname="output_table_format" name="save_an_autoslider_output"/>
    <testcase time="0.130999999999997" classname="output_table_format" name="save_an_autoslider_output"/>
    <testcase time="0.449000000000002" classname="output_table_format" name="save_an_autoslider_output"/>
    <testcase time="0.149999999999999" classname="output_table_format" name="save_an_autoslider_output"/>
    <testcase time="0.446000000000002" classname="output_table_format" name="save_an_autoslider_output"/>
    <testcase time="0.154" classname="output_table_format" name="save_an_autoslider_output"/>
    <testcase time="0.448" classname="output_table_format" name="save_an_autoslider_output"/>
    <testcase time="0.16" classname="output_table_format" name="save_an_autoslider_output"/>
    <testcase time="0.451000000000001" classname="output_table_format" name="save_an_autoslider_output"/>
    <testcase time="0.16" classname="output_table_format" name="save_an_autoslider_output"/>
  </testsuite>
  <testsuite name="save_output" timestamp="2025-07-25T02:54:08Z" hostname="6f699afda604" tests="5" skipped="1" failures="0" errors="0" time="1.644">
    <testcase time="0.224999999999998" classname="save_output" name="save_an_output"/>
    <testcase time="0.334" classname="save_output" name="Test_save_output_Save_an_Output_">
      <skipped message="Reason: On CRAN ('test-save_output.R:23:3')"/>
    </testcase>
    <testcase time="0.289000000000001" classname="save_output" name="save_an_output"/>
    <testcase time="0.666" classname="save_output" name="save_an_output"/>
    <testcase time="0.129999999999999" classname="save_output" name="save_an_output"/>
  </testsuite>
  <testsuite name="slides_preview" timestamp="2025-07-25T02:54:10Z" hostname="6f699afda604" tests="2" skipped="1" failures="0" errors="0" time="0.474">
    <testcase time="0.465" classname="slides_preview" name="Test_slides_preview"/>
    <testcase time="0.00900000000000034" classname="slides_preview" name="Test_slides_preview">
      <skipped message="Reason: On CRAN ('test-slides_preview.R:5:3')"/>
    </testcase>
  </testsuite>
  <testsuite name="srep_outputs" timestamp="2025-07-25T02:54:10Z" hostname="6f699afda604" tests="289" skipped="0" failures="0" errors="0" time="99.263">
    <testcase time="2.626" classname="srep_outputs" name="Listing_print_correctly"/>
    <testcase time="8.564" classname="srep_outputs" name="Listing_print_correctly"/>
    <testcase time="0.560000000000002" classname="srep_outputs" name="Listing_print_correctly"/>
    <testcase time="0.506999999999998" classname="srep_outputs" name="Listing_print_correctly"/>
    <testcase time="0.573" classname="srep_outputs" name="Listing_print_correctly"/>
    <testcase time="0.498000000000005" classname="srep_outputs" name="Listing_print_correctly"/>
    <testcase time="0.458999999999996" classname="srep_outputs" name="Listing_print_correctly"/>
    <testcase time="0.359999999999999" classname="srep_outputs" name="Listing_print_correctly"/>
    <testcase time="0.511000000000003" classname="srep_outputs" name="Listing_print_correctly"/>
    <testcase time="0.420000000000002" classname="srep_outputs" name="Listing_print_correctly"/>
    <testcase time="0.613" classname="srep_outputs" name="Listing_print_correctly"/>
    <testcase time="0.119" classname="srep_outputs" name="Listing_print_correctly"/>
    <testcase time="0.138999999999996" classname="srep_outputs" name="Listing_print_correctly"/>
    <testcase time="30.946" classname="srep_outputs" name="Listing_print_correctly"/>
    <testcase time="0.182999999999993" classname="srep_outputs" name="Listing_print_correctly"/>
    <testcase time="0.183999999999997" classname="srep_outputs" name="Listing_print_correctly"/>
    <testcase time="0.184000000000012" classname="srep_outputs" name="Listing_print_correctly"/>
    <testcase time="0.179999999999993" classname="srep_outputs" name="Listing_print_correctly"/>
    <testcase time="0.173000000000002" classname="srep_outputs" name="Listing_print_correctly"/>
    <testcase time="0.183999999999997" classname="srep_outputs" name="Listing_print_correctly"/>
    <testcase time="0.180000000000007" classname="srep_outputs" name="Listing_print_correctly"/>
    <testcase time="0.182000000000002" classname="srep_outputs" name="Listing_print_correctly"/>
    <testcase time="0.201999999999998" classname="srep_outputs" name="Listing_print_correctly"/>
    <testcase time="0.185999999999993" classname="srep_outputs" name="Listing_print_correctly"/>
    <testcase time="0.185000000000002" classname="srep_outputs" name="Listing_print_correctly"/>
    <testcase time="0.182000000000002" classname="srep_outputs" name="Listing_print_correctly"/>
    <testcase time="0.176000000000002" classname="srep_outputs" name="Listing_print_correctly"/>
    <testcase time="0.186999999999998" classname="srep_outputs" name="Listing_print_correctly"/>
    <testcase time="0.185000000000002" classname="srep_outputs" name="Listing_print_correctly"/>
    <testcase time="0.185000000000002" classname="srep_outputs" name="Listing_print_correctly"/>
    <testcase time="0.181999999999988" classname="srep_outputs" name="Listing_print_correctly"/>
    <testcase time="0.183000000000007" classname="srep_outputs" name="Listing_print_correctly"/>
    <testcase time="0.182999999999993" classname="srep_outputs" name="Listing_print_correctly"/>
    <testcase time="0.176000000000002" classname="srep_outputs" name="Listing_print_correctly"/>
    <testcase time="0.183000000000007" classname="srep_outputs" name="Listing_print_correctly"/>
    <testcase time="0.185000000000002" classname="srep_outputs" name="Listing_print_correctly"/>
    <testcase time="0.186999999999998" classname="srep_outputs" name="Listing_print_correctly"/>
    <testcase time="0.188000000000002" classname="srep_outputs" name="Listing_print_correctly"/>
    <testcase time="0.182999999999993" classname="srep_outputs" name="Listing_print_correctly"/>
    <testcase time="0.183999999999997" classname="srep_outputs" name="Listing_print_correctly"/>
    <testcase time="0.185000000000002" classname="srep_outputs" name="Listing_print_correctly"/>
    <testcase time="0.183999999999997" classname="srep_outputs" name="Listing_print_correctly"/>
    <testcase time="0.170000000000002" classname="srep_outputs" name="Listing_print_correctly"/>
    <testcase time="0.185999999999993" classname="srep_outputs" name="Listing_print_correctly"/>
    <testcase time="0.186000000000007" classname="srep_outputs" name="Listing_print_correctly"/>
    <testcase time="0.185000000000002" classname="srep_outputs" name="Listing_print_correctly"/>
    <testcase time="0.201999999999998" classname="srep_outputs" name="Listing_print_correctly"/>
    <testcase time="0.185999999999993" classname="srep_outputs" name="Listing_print_correctly"/>
    <testcase time="0.184000000000012" classname="srep_outputs" name="Listing_print_correctly"/>
    <testcase time="0.186999999999998" classname="srep_outputs" name="Listing_print_correctly"/>
    <testcase time="0.182000000000002" classname="srep_outputs" name="Listing_print_correctly"/>
    <testcase time="0.173999999999992" classname="srep_outputs" name="Listing_print_correctly"/>
    <testcase time="0.186999999999998" classname="srep_outputs" name="Listing_print_correctly"/>
    <testcase time="0.183000000000007" classname="srep_outputs" name="Listing_print_correctly"/>
    <testcase time="0.188000000000002" classname="srep_outputs" name="Listing_print_correctly"/>
    <testcase time="0.182000000000002" classname="srep_outputs" name="Listing_print_correctly"/>
    <testcase time="0.183999999999997" classname="srep_outputs" name="Listing_print_correctly"/>
    <testcase time="0.182999999999993" classname="srep_outputs" name="Listing_print_correctly"/>
    <testcase time="0.186999999999998" classname="srep_outputs" name="Listing_print_correctly"/>
    <testcase time="0.175000000000011" classname="srep_outputs" name="Listing_print_correctly"/>
    <testcase time="0.187999999999988" classname="srep_outputs" name="Listing_print_correctly"/>
    <testcase time="0.187000000000012" classname="srep_outputs" name="Listing_print_correctly"/>
    <testcase time="0.185999999999993" classname="srep_outputs" name="Listing_print_correctly"/>
    <testcase time="0.189000000000007" classname="srep_outputs" name="Listing_print_correctly"/>
    <testcase time="0.190999999999988" classname="srep_outputs" name="Listing_print_correctly"/>
    <testcase time="0.192000000000007" classname="srep_outputs" name="Listing_print_correctly"/>
    <testcase time="0.191000000000003" classname="srep_outputs" name="Listing_print_correctly"/>
    <testcase time="0.189999999999998" classname="srep_outputs" name="Listing_print_correctly"/>
    <testcase time="0.186999999999998" classname="srep_outputs" name="Listing_print_correctly"/>
    <testcase time="0.528000000000006" classname="srep_outputs" name="Listing_print_correctly"/>
    <testcase time="0.164999999999992" classname="srep_outputs" name="Listing_print_correctly"/>
    <testcase time="0.168999999999997" classname="srep_outputs" name="Listing_print_correctly"/>
    <testcase time="0.174000000000007" classname="srep_outputs" name="Listing_print_correctly"/>
    <testcase time="0.168999999999997" classname="srep_outputs" name="Listing_print_correctly"/>
    <testcase time="0.177000000000007" classname="srep_outputs" name="Listing_print_correctly"/>
    <testcase time="0.170000000000002" classname="srep_outputs" name="Listing_print_correctly"/>
    <testcase time="0.174999999999997" classname="srep_outputs" name="Listing_print_correctly"/>
    <testcase time="0.170000000000002" classname="srep_outputs" name="Listing_print_correctly"/>
    <testcase time="0.177999999999997" classname="srep_outputs" name="Listing_print_correctly"/>
    <testcase time="0.170999999999992" classname="srep_outputs" name="Listing_print_correctly"/>
    <testcase time="0.178000000000011" classname="srep_outputs" name="Listing_print_correctly"/>
    <testcase time="0.172999999999988" classname="srep_outputs" name="Listing_print_correctly"/>
    <testcase time="0.182000000000002" classname="srep_outputs" name="Listing_print_correctly"/>
    <testcase time="0.169000000000011" classname="srep_outputs" name="Listing_print_correctly"/>
    <testcase time="0.179999999999993" classname="srep_outputs" name="Listing_print_correctly"/>
    <testcase time="0.171000000000006" classname="srep_outputs" name="Listing_print_correctly"/>
    <testcase time="0.181999999999988" classname="srep_outputs" name="Listing_print_correctly"/>
    <testcase time="0.170000000000002" classname="srep_outputs" name="Listing_print_correctly"/>
    <testcase time="0.178000000000011" classname="srep_outputs" name="Listing_print_correctly"/>
    <testcase time="0.169999999999987" classname="srep_outputs" name="Listing_print_correctly"/>
    <testcase time="0.182000000000002" classname="srep_outputs" name="Listing_print_correctly"/>
    <testcase time="0.170000000000002" classname="srep_outputs" name="Listing_print_correctly"/>
    <testcase time="0.179000000000002" classname="srep_outputs" name="Listing_print_correctly"/>
    <testcase time="0.165000000000006" classname="srep_outputs" name="Listing_print_correctly"/>
    <testcase time="0.172999999999988" classname="srep_outputs" name="Listing_print_correctly"/>
    <testcase time="0.175000000000011" classname="srep_outputs" name="Listing_print_correctly"/>
    <testcase time="0.176999999999992" classname="srep_outputs" name="Listing_print_correctly"/>
    <testcase time="0.174999999999997" classname="srep_outputs" name="Listing_print_correctly"/>
    <testcase time="0.174000000000007" classname="srep_outputs" name="Listing_print_correctly"/>
    <testcase time="0.176000000000002" classname="srep_outputs" name="Listing_print_correctly"/>
    <testcase time="0.167000000000002" classname="srep_outputs" name="Listing_print_correctly"/>
    <testcase time="0.176000000000002" classname="srep_outputs" name="Listing_print_correctly"/>
    <testcase time="0.173999999999992" classname="srep_outputs" name="Listing_print_correctly"/>
    <testcase time="0.177999999999997" classname="srep_outputs" name="Listing_print_correctly"/>
    <testcase time="0.177000000000007" classname="srep_outputs" name="Listing_print_correctly"/>
    <testcase time="0.179000000000002" classname="srep_outputs" name="Listing_print_correctly"/>
    <testcase time="0.171999999999997" classname="srep_outputs" name="Listing_print_correctly"/>
    <testcase time="0.176000000000002" classname="srep_outputs" name="Listing_print_correctly"/>
    <testcase time="0.171999999999997" classname="srep_outputs" name="Listing_print_correctly"/>
    <testcase time="0.177999999999997" classname="srep_outputs" name="Listing_print_correctly"/>
    <testcase time="0.173000000000002" classname="srep_outputs" name="Listing_print_correctly"/>
    <testcase time="0.179000000000002" classname="srep_outputs" name="Listing_print_correctly"/>
    <testcase time="0.170999999999992" classname="srep_outputs" name="Listing_print_correctly"/>
    <testcase time="0.206000000000003" classname="srep_outputs" name="Listing_print_correctly"/>
    <testcase time="0.168999999999997" classname="srep_outputs" name="Listing_print_correctly"/>
    <testcase time="0.186000000000007" classname="srep_outputs" name="Listing_print_correctly"/>
    <testcase time="0.170000000000002" classname="srep_outputs" name="Listing_print_correctly"/>
    <testcase time="0.176999999999992" classname="srep_outputs" name="Listing_print_correctly"/>
    <testcase time="0.165999999999997" classname="srep_outputs" name="Listing_print_correctly"/>
    <testcase time="0.180000000000007" classname="srep_outputs" name="Listing_print_correctly"/>
    <testcase time="0.171999999999997" classname="srep_outputs" name="Listing_print_correctly"/>
    <testcase time="0.182000000000002" classname="srep_outputs" name="Listing_print_correctly"/>
    <testcase time="0.173000000000002" classname="srep_outputs" name="Listing_print_correctly"/>
    <testcase time="0.180999999999997" classname="srep_outputs" name="Listing_print_correctly"/>
    <testcase time="0.168999999999997" classname="srep_outputs" name="Listing_print_correctly"/>
    <testcase time="0.181000000000012" classname="srep_outputs" name="Listing_print_correctly"/>
    <testcase time="0.171999999999997" classname="srep_outputs" name="Listing_print_correctly"/>
    <testcase time="0.179000000000002" classname="srep_outputs" name="Listing_print_correctly"/>
    <testcase time="0.169999999999987" classname="srep_outputs" name="Listing_print_correctly"/>
    <testcase time="0.181000000000012" classname="srep_outputs" name="Listing_print_correctly"/>
    <testcase time="0.170999999999992" classname="srep_outputs" name="Listing_print_correctly"/>
    <testcase time="0.180000000000007" classname="srep_outputs" name="Listing_print_correctly"/>
    <testcase time="0.170999999999992" classname="srep_outputs" name="Listing_print_correctly"/>
    <testcase time="0.171999999999997" classname="srep_outputs" name="Listing_print_correctly"/>
    <testcase time="0.180000000000007" classname="srep_outputs" name="Listing_print_correctly"/>
    <testcase time="0.170999999999992" classname="srep_outputs" name="Listing_print_correctly"/>
    <testcase time="0.177999999999997" classname="srep_outputs" name="Listing_print_correctly"/>
    <testcase time="0.175000000000011" classname="srep_outputs" name="Listing_print_correctly"/>
    <testcase time="0.178999999999988" classname="srep_outputs" name="Listing_print_correctly"/>
    <testcase time="0.174000000000007" classname="srep_outputs" name="Listing_print_correctly"/>
    <testcase time="0.177999999999997" classname="srep_outputs" name="Listing_print_correctly"/>
    <testcase time="0.173999999999992" classname="srep_outputs" name="Listing_print_correctly"/>
    <testcase time="0.181000000000012" classname="srep_outputs" name="Listing_print_correctly"/>
    <testcase time="0.168999999999997" classname="srep_outputs" name="Listing_print_correctly"/>
    <testcase time="0.183999999999997" classname="srep_outputs" name="Listing_print_correctly"/>
    <testcase time="0.176000000000002" classname="srep_outputs" name="Listing_print_correctly"/>
    <testcase time="0.177999999999997" classname="srep_outputs" name="Listing_print_correctly"/>
    <testcase time="0.174000000000007" classname="srep_outputs" name="Listing_print_correctly"/>
    <testcase time="0.184999999999988" classname="srep_outputs" name="Listing_print_correctly"/>
    <testcase time="0.173000000000002" classname="srep_outputs" name="Listing_print_correctly"/>
    <testcase time="0.182000000000002" classname="srep_outputs" name="Listing_print_correctly"/>
    <testcase time="0.174000000000007" classname="srep_outputs" name="Listing_print_correctly"/>
    <testcase time="0.180999999999997" classname="srep_outputs" name="Listing_print_correctly"/>
    <testcase time="0.176999999999992" classname="srep_outputs" name="Listing_print_correctly"/>
    <testcase time="0.180000000000007" classname="srep_outputs" name="Listing_print_correctly"/>
    <testcase time="0.176000000000002" classname="srep_outputs" name="Listing_print_correctly"/>
    <testcase time="0.203000000000003" classname="srep_outputs" name="Listing_print_correctly"/>
    <testcase time="0.172999999999988" classname="srep_outputs" name="Listing_print_correctly"/>
    <testcase time="0.190000000000012" classname="srep_outputs" name="Listing_print_correctly"/>
    <testcase time="0.174999999999997" classname="srep_outputs" name="Listing_print_correctly"/>
    <testcase time="0.189999999999998" classname="srep_outputs" name="Listing_print_correctly"/>
    <testcase time="0.176000000000002" classname="srep_outputs" name="Listing_print_correctly"/>
    <testcase time="0.185999999999993" classname="srep_outputs" name="Listing_print_correctly"/>
    <testcase time="0.174000000000007" classname="srep_outputs" name="Listing_print_correctly"/>
    <testcase time="0.185999999999993" classname="srep_outputs" name="Listing_print_correctly"/>
    <testcase time="0.171000000000006" classname="srep_outputs" name="Listing_print_correctly"/>
    <testcase time="0.185000000000002" classname="srep_outputs" name="Listing_print_correctly"/>
    <testcase time="0.174999999999997" classname="srep_outputs" name="Listing_print_correctly"/>
    <testcase time="0.188000000000002" classname="srep_outputs" name="Listing_print_correctly"/>
    <testcase time="0.170000000000002" classname="srep_outputs" name="Listing_print_correctly"/>
    <testcase time="0.204999999999998" classname="srep_outputs" name="Listing_print_correctly"/>
    <testcase time="0.176000000000002" classname="srep_outputs" name="Listing_print_correctly"/>
    <testcase time="0.525999999999996" classname="srep_outputs" name="Listing_print_correctly"/>
    <testcase time="0.164999999999992" classname="srep_outputs" name="Listing_print_correctly"/>
    <testcase time="0.178000000000011" classname="srep_outputs" name="Listing_print_correctly"/>
    <testcase time="0.164000000000001" classname="srep_outputs" name="Listing_print_correctly"/>
    <testcase time="0.178999999999988" classname="srep_outputs" name="Listing_print_correctly"/>
    <testcase time="0.165000000000006" classname="srep_outputs" name="Listing_print_correctly"/>
    <testcase time="0.176000000000002" classname="srep_outputs" name="Listing_print_correctly"/>
    <testcase time="0.162999999999997" classname="srep_outputs" name="Listing_print_correctly"/>
    <testcase time="0.177999999999997" classname="srep_outputs" name="Listing_print_correctly"/>
    <testcase time="0.165000000000006" classname="srep_outputs" name="Listing_print_correctly"/>
    <testcase time="0.179999999999993" classname="srep_outputs" name="Listing_print_correctly"/>
    <testcase time="0.166000000000011" classname="srep_outputs" name="Listing_print_correctly"/>
    <testcase time="0.178999999999988" classname="srep_outputs" name="Listing_print_correctly"/>
    <testcase time="0.165000000000006" classname="srep_outputs" name="Listing_print_correctly"/>
    <testcase time="0.176999999999992" classname="srep_outputs" name="Listing_print_correctly"/>
    <testcase time="0.165999999999997" classname="srep_outputs" name="Listing_print_correctly"/>
    <testcase time="0.174000000000007" classname="srep_outputs" name="Listing_print_correctly"/>
    <testcase time="0.162999999999997" classname="srep_outputs" name="Listing_print_correctly"/>
    <testcase time="0.170000000000002" classname="srep_outputs" name="Listing_print_correctly"/>
    <testcase time="0.179000000000002" classname="srep_outputs" name="Listing_print_correctly"/>
    <testcase time="0.167999999999992" classname="srep_outputs" name="Listing_print_correctly"/>
    <testcase time="0.175000000000011" classname="srep_outputs" name="Listing_print_correctly"/>
    <testcase time="0.164999999999992" classname="srep_outputs" name="Listing_print_correctly"/>
    <testcase time="0.171999999999997" classname="srep_outputs" name="Listing_print_correctly"/>
    <testcase time="0.168000000000006" classname="srep_outputs" name="Listing_print_correctly"/>
    <testcase time="0.174999999999997" classname="srep_outputs" name="Listing_print_correctly"/>
    <testcase time="0.168000000000006" classname="srep_outputs" name="Listing_print_correctly"/>
    <testcase time="0.171999999999997" classname="srep_outputs" name="Listing_print_correctly"/>
    <testcase time="0.173000000000002" classname="srep_outputs" name="Listing_print_correctly"/>
    <testcase time="0.170999999999992" classname="srep_outputs" name="Listing_print_correctly"/>
    <testcase time="0.171000000000006" classname="srep_outputs" name="Listing_print_correctly"/>
    <testcase time="0.205999999999989" classname="srep_outputs" name="Listing_print_correctly"/>
    <testcase time="0.173000000000002" classname="srep_outputs" name="Listing_print_correctly"/>
    <testcase time="0.180000000000007" classname="srep_outputs" name="Listing_print_correctly"/>
    <testcase time="0.170000000000002" classname="srep_outputs" name="Listing_print_correctly"/>
    <testcase time="0.181999999999988" classname="srep_outputs" name="Listing_print_correctly"/>
    <testcase time="0.170000000000002" classname="srep_outputs" name="Listing_print_correctly"/>
    <testcase time="0.177000000000007" classname="srep_outputs" name="Listing_print_correctly"/>
    <testcase time="0.167000000000002" classname="srep_outputs" name="Listing_print_correctly"/>
    <testcase time="0.177999999999997" classname="srep_outputs" name="Listing_print_correctly"/>
    <testcase time="0.165999999999997" classname="srep_outputs" name="Listing_print_correctly"/>
    <testcase time="0.180999999999997" classname="srep_outputs" name="Listing_print_correctly"/>
    <testcase time="0.168000000000006" classname="srep_outputs" name="Listing_print_correctly"/>
    <testcase time="0.180999999999997" classname="srep_outputs" name="Listing_print_correctly"/>
    <testcase time="0.168999999999997" classname="srep_outputs" name="Listing_print_correctly"/>
    <testcase time="0.177999999999997" classname="srep_outputs" name="Listing_print_correctly"/>
    <testcase time="0.169000000000011" classname="srep_outputs" name="Listing_print_correctly"/>
    <testcase time="0.179999999999993" classname="srep_outputs" name="Listing_print_correctly"/>
    <testcase time="0.167000000000002" classname="srep_outputs" name="Listing_print_correctly"/>
    <testcase time="0.183999999999997" classname="srep_outputs" name="Listing_print_correctly"/>
    <testcase time="0.167000000000002" classname="srep_outputs" name="Listing_print_correctly"/>
    <testcase time="0.179000000000002" classname="srep_outputs" name="Listing_print_correctly"/>
    <testcase time="0.170000000000002" classname="srep_outputs" name="Listing_print_correctly"/>
    <testcase time="0.180999999999997" classname="srep_outputs" name="Listing_print_correctly"/>
    <testcase time="0.170000000000002" classname="srep_outputs" name="Listing_print_correctly"/>
    <testcase time="0.187999999999988" classname="srep_outputs" name="Listing_print_correctly"/>
    <testcase time="0.167000000000002" classname="srep_outputs" name="Listing_print_correctly"/>
    <testcase time="0.183999999999997" classname="srep_outputs" name="Listing_print_correctly"/>
    <testcase time="0.168999999999997" classname="srep_outputs" name="Listing_print_correctly"/>
    <testcase time="0.188000000000002" classname="srep_outputs" name="Listing_print_correctly"/>
    <testcase time="0.168999999999997" classname="srep_outputs" name="Listing_print_correctly"/>
    <testcase time="0.187000000000012" classname="srep_outputs" name="Listing_print_correctly"/>
    <testcase time="0.171999999999997" classname="srep_outputs" name="Listing_print_correctly"/>
    <testcase time="0.182999999999993" classname="srep_outputs" name="Listing_print_correctly"/>
    <testcase time="0.165000000000006" classname="srep_outputs" name="Listing_print_correctly"/>
    <testcase time="0.183999999999997" classname="srep_outputs" name="Listing_print_correctly"/>
    <testcase time="0.174999999999997" classname="srep_outputs" name="Listing_print_correctly"/>
    <testcase time="0.182000000000002" classname="srep_outputs" name="Listing_print_correctly"/>
    <testcase time="0.168000000000006" classname="srep_outputs" name="Listing_print_correctly"/>
    <testcase time="0.182000000000002" classname="srep_outputs" name="Listing_print_correctly"/>
    <testcase time="0.169999999999987" classname="srep_outputs" name="Listing_print_correctly"/>
    <testcase time="0.180000000000007" classname="srep_outputs" name="Listing_print_correctly"/>
    <testcase time="0.173999999999992" classname="srep_outputs" name="Listing_print_correctly"/>
    <testcase time="0.203000000000003" classname="srep_outputs" name="Listing_print_correctly"/>
    <testcase time="0.170000000000002" classname="srep_outputs" name="Listing_print_correctly"/>
    <testcase time="0.186000000000007" classname="srep_outputs" name="Listing_print_correctly"/>
    <testcase time="0.170999999999992" classname="srep_outputs" name="Listing_print_correctly"/>
    <testcase time="0.185000000000002" classname="srep_outputs" name="Listing_print_correctly"/>
    <testcase time="0.171000000000006" classname="srep_outputs" name="Listing_print_correctly"/>
    <testcase time="0.186999999999998" classname="srep_outputs" name="Listing_print_correctly"/>
    <testcase time="0.173000000000002" classname="srep_outputs" name="Listing_print_correctly"/>
    <testcase time="0.187999999999988" classname="srep_outputs" name="Listing_print_correctly"/>
    <testcase time="0.168000000000006" classname="srep_outputs" name="Listing_print_correctly"/>
    <testcase time="0.189999999999998" classname="srep_outputs" name="Listing_print_correctly"/>
    <testcase time="0.198000000000008" classname="srep_outputs" name="Listing_print_correctly"/>
    <testcase time="0.189999999999998" classname="srep_outputs" name="Listing_print_correctly"/>
    <testcase time="0.168999999999997" classname="srep_outputs" name="Listing_print_correctly"/>
    <testcase time="0.186999999999998" classname="srep_outputs" name="Listing_print_correctly"/>
    <testcase time="0.170000000000002" classname="srep_outputs" name="Listing_print_correctly"/>
    <testcase time="0.186999999999998" classname="srep_outputs" name="Listing_print_correctly"/>
    <testcase time="0.167000000000002" classname="srep_outputs" name="Listing_print_correctly"/>
    <testcase time="0.189999999999998" classname="srep_outputs" name="Listing_print_correctly"/>
    <testcase time="0.166000000000011" classname="srep_outputs" name="Listing_print_correctly"/>
    <testcase time="0.190999999999988" classname="srep_outputs" name="Listing_print_correctly"/>
    <testcase time="0.173000000000002" classname="srep_outputs" name="Listing_print_correctly"/>
    <testcase time="0.540000000000006" classname="srep_outputs" name="Listing_print_correctly"/>
    <testcase time="0.173000000000002" classname="srep_outputs" name="Listing_print_correctly"/>
    <testcase time="0.184999999999988" classname="srep_outputs" name="Listing_print_correctly"/>
    <testcase time="0.173000000000002" classname="srep_outputs" name="Listing_print_correctly"/>
    <testcase time="0.176000000000002" classname="srep_outputs" name="Listing_print_correctly"/>
    <testcase time="0.171999999999997" classname="srep_outputs" name="Listing_print_correctly"/>
    <testcase time="0.177000000000007" classname="srep_outputs" name="Listing_print_correctly"/>
    <testcase time="0.170000000000002" classname="srep_outputs" name="Listing_print_correctly"/>
    <testcase time="0.176999999999992" classname="srep_outputs" name="Listing_print_correctly"/>
    <testcase time="0.172000000000011" classname="srep_outputs" name="Listing_print_correctly"/>
    <testcase time="0.177999999999997" classname="srep_outputs" name="Listing_print_correctly"/>
    <testcase time="0.170999999999992" classname="srep_outputs" name="Listing_print_correctly"/>
    <testcase time="0.177999999999997" classname="srep_outputs" name="Listing_print_correctly"/>
    <testcase time="0.166000000000011" classname="srep_outputs" name="Listing_print_correctly"/>
    <testcase time="0.176999999999992" classname="srep_outputs" name="Listing_print_correctly"/>
    <testcase time="0.170000000000002" classname="srep_outputs" name="Listing_print_correctly"/>
    <testcase time="0.173000000000002" classname="srep_outputs" name="Listing_print_correctly"/>
    <testcase time="0.170000000000002" classname="srep_outputs" name="Listing_print_correctly"/>
    <testcase time="0.143000000000001" classname="srep_outputs" name="Listing_print_correctly"/>
    <testcase time="0.120999999999995" classname="srep_outputs" name="Listing_print_correctly"/>
    <testcase time="2.67" classname="srep_outputs" name="Listing_print_correctly"/>
    <testcase time="0.200000000000003" classname="srep_outputs" name="Listing_print_correctly"/>
  </testsuite>
  <testsuite name="t_ae_pt_diff_slide" timestamp="2025-07-25T02:55:49Z" hostname="6f699afda604" tests="8" skipped="7" failures="0" errors="0" time="2.631">
    <testcase time="0.173000000000002" classname="t_ae_pt_diff_slide" name="Test_table_creation_of_t_ae_pt_diff_slide_safety_summary_table_">
      <skipped message="Reason: On CRAN ('test-t_ae_pt_diff_slide.R:2:3')"/>
    </testcase>
    <testcase time="0.176999999999992" classname="t_ae_pt_diff_slide" name="Test_table_creation_of_t_ae_pt_diff_slide_safety_summary_table_prune_by_total_2">
      <skipped message="Reason: On CRAN ('test-t_ae_pt_diff_slide.R:6:3')"/>
    </testcase>
    <testcase time="1.245" classname="t_ae_pt_diff_slide" name="Test_table_creation_of_t_ae_pt_slide_safety_summary_table_prune_by_total_2">
      <skipped message="Reason: On CRAN ('test-t_ae_pt_diff_slide.R:11:3')"/>
    </testcase>
    <testcase time="0.197999999999993" classname="t_ae_pt_diff_slide" name="Test_table_creation_of_t_ae_pt_slide_safety_summary_table_prune_by_total_2">
      <skipped message="Reason: On CRAN ('test-t_ae_pt_diff_slide.R:17:3')"/>
    </testcase>
    <testcase time="0.331000000000003" classname="t_ae_pt_diff_slide" name="Test_table_creation_of_t_ae_pt_slide_safety_summary_table_prune_by_total_2">
      <skipped message="Reason: On CRAN ('test-t_ae_pt_diff_slide.R:25:3')"/>
    </testcase>
    <testcase time="0.117000000000004" classname="t_ae_pt_diff_slide" name="Test_table_creation_of_t_ae_pt_diff_slide_safety_summary_table_"/>
    <testcase time="0.317999999999998" classname="t_ae_pt_diff_slide" name="Test_table_creation_of_t_ae_pt_slide_safety_summary_table_prune_by_total_2">
      <skipped message="Reason: On CRAN ('test-t_ae_pt_diff_slide.R:43:3')"/>
    </testcase>
    <testcase time="0.0720000000000027" classname="t_ae_pt_diff_slide" name="Test_table_creation_of_t_ae_pt_diff_slide_with_null_report">
      <skipped message="Reason: On CRAN ('test-t_ae_pt_diff_slide.R:57:3')"/>
    </testcase>
  </testsuite>
  <testsuite name="t_ae_pt_slide" timestamp="2025-07-25T02:55:52Z" hostname="6f699afda604" tests="6" skipped="6" failures="0" errors="0" time="1.745">
    <testcase time="0.212999999999994" classname="t_ae_pt_slide" name="Test_table_creation_of_t_ae_pt_slide_safety_summary_table_">
      <skipped message="Reason: On CRAN ('test-t_ae_pt_slide.R:2:3')"/>
    </testcase>
    <testcase time="0.195000000000007" classname="t_ae_pt_slide" name="Test_table_creation_of_t_ae_pt_slide_safety_summary_table_prune_by_total_28">
      <skipped message="Reason: On CRAN ('test-t_ae_pt_slide.R:6:3')"/>
    </testcase>
    <testcase time="0.189999999999998" classname="t_ae_pt_slide" name="Test_table_creation_of_t_ae_pt_slide_safety_summary_table_prune_by_total_30">
      <skipped message="Reason: On CRAN ('test-t_ae_pt_slide.R:10:3')"/>
    </testcase>
    <testcase time="0.397999999999996" classname="t_ae_pt_slide" name="Test_table_creation_of_t_ae_pt_soc_slide_safety_summary_table_">
      <skipped message="Reason: On CRAN ('test-t_ae_pt_slide.R:15:3')"/>
    </testcase>
    <testcase time="0.381" classname="t_ae_pt_slide" name="Test_table_creation_of_t_ae_pt_soc_slide_safety_summary_table_prune_by_total_28">
      <skipped message="Reason: On CRAN ('test-t_ae_pt_slide.R:19:3')"/>
    </testcase>
    <testcase time="0.368000000000009" classname="t_ae_pt_slide" name="Test_table_creation_of_t_ae_pt_soc_slide_safety_summary_table_prune_by_total_30">
      <skipped message="Reason: On CRAN ('test-t_ae_pt_slide.R:23:3')"/>
    </testcase>
  </testsuite>
  <testsuite name="t_ae_pt_soc_diff_slide" timestamp="2025-07-25T02:55:54Z" hostname="6f699afda604" tests="5" skipped="4" failures="0" errors="0" time="2.001">
    <testcase time="0.342999999999989" classname="t_ae_pt_soc_diff_slide" name="Test_table_creation_of_t_ae_pt_soc_diff_slide_safety_summary_table_">
      <skipped message="Reason: On CRAN ('test-t_ae_pt_soc_diff_slide.R:2:3')"/>
    </testcase>
    <testcase time="0.320999999999998" classname="t_ae_pt_soc_diff_slide" name="Test_table_creation_of_t_ae_pt_soc_diff_slide_safety_summary_table_prune_by_total_2">
      <skipped message="Reason: On CRAN ('test-t_ae_pt_soc_diff_slide.R:6:3')"/>
    </testcase>
    <testcase time="0.655000000000001" classname="t_ae_pt_soc_diff_slide" name="Test_table_creation_of_t_ae_pt_soc_diff_slide_safety_summary_table_prune_by_total_2">
      <skipped message="Reason: On CRAN ('test-t_ae_pt_soc_diff_slide.R:10:3')"/>
    </testcase>
    <testcase time="0.39200000000001" classname="t_ae_pt_soc_diff_slide" name="Test_table_creation_of_t_ae_pt_soc_diff_slide_safety_summary_table_prune_by_total_2">
      <skipped message="Reason: On CRAN ('test-t_ae_pt_soc_diff_slide.R:16:3')"/>
    </testcase>
    <testcase time="0.289999999999992" classname="t_ae_pt_soc_diff_slide" name="Test_table_creation_of_t_ae_pt_soc_diff_slide_safety_summary_table_"/>
  </testsuite>
  <testsuite name="t_ae_slide" timestamp="2025-07-25T02:55:56Z" hostname="6f699afda604" tests="2" skipped="2" failures="0" errors="0" time="0.734">
    <testcase time="0.670999999999992" classname="t_ae_slide" name="Test_adverse_event_table_creation_of_t_ae_slide_Adverse_Events_for_Patient_">
      <skipped message="Reason: On CRAN ('test-t_ae_slide.R:10:3')"/>
    </testcase>
    <testcase time="0.0630000000000166" classname="t_ae_slide" name="Test_adverse_event_table_creation_of_t_ae_slide_with_null_report">
      <skipped message="Reason: On CRAN ('test-t_ae_slide.R:24:3')"/>
    </testcase>
  </testsuite>
  <testsuite name="t_ae_summary_slide" timestamp="2025-07-25T02:55:56Z" hostname="6f699afda604" tests="3" skipped="3" failures="0" errors="0" time="0.693">
    <testcase time="0.576999999999998" classname="t_ae_summary_slide" name="Test_table_creation_of_t_ae_summ_slide_safety_summary_table_">
      <skipped message="Reason: On CRAN ('test-t_ae_summary_slide.R:2:3')"/>
    </testcase>
    <testcase time="0.0420000000000016" classname="t_ae_summary_slide" name="Test_t_ae_summ_slide_with_expected_Error">
      <skipped message="Reason: On CRAN ('test-t_ae_summary_slide.R:23:3')"/>
    </testcase>
    <testcase time="0.0739999999999839" classname="t_ae_summary_slide" name="Test_t_ae_summ_slide_with_null_report">
      <skipped message="Reason: On CRAN ('test-t_ae_summary_slide.R:35:3')"/>
    </testcase>
  </testsuite>
  <testsuite name="t_aesi_slide" timestamp="2025-07-25T02:55:57Z" hostname="6f699afda604" tests="5" skipped="3" failures="0" errors="0" time="1.466">
    <testcase time="0.478000000000009" classname="t_aesi_slide" name="Test_table_creation_of_t_aesi_slide_AESI_summary_table_with_AETOXGR_grading">
      <skipped message="Reason: On CRAN ('test-t_aesi_slide.R:2:3')"/>
    </testcase>
    <testcase time="0.483000000000004" classname="t_aesi_slide" name="Test_table_creation_of_t_aesi_slide_AESI_summary_table_with_AESEV_grading">
      <skipped message="Reason: On CRAN ('test-t_aesi_slide.R:10:3')"/>
    </testcase>
    <testcase time="0.466000000000008" classname="t_aesi_slide" name="Test_table_creation_of_t_aesi_slide_AESI_summary_table_with_custom_AEGRP_grouping">
      <skipped message="Reason: On CRAN ('test-t_aesi_slide.R:21:3')"/>
    </testcase>
    <testcase time="0.0169999999999959" classname="t_aesi_slide" name="Test_table_creation_of_t_aesi_slide_with_no_aesi_var_given"/>
    <testcase time="0.0219999999999914" classname="t_aesi_slide" name="Test_table_creation_of_t_aesi_slide_with_aesi_var_not_found_in_dataset"/>
  </testsuite>
  <testsuite name="t_dd_slide" timestamp="2025-07-25T02:55:59Z" hostname="6f699afda604" tests="5" skipped="5" failures="0" errors="0" time="0.866">
    <testcase time="0.156000000000006" classname="t_dd_slide" name="Test_table_creation_of_t_dd_slide_death_table_">
      <skipped message="Reason: On CRAN ('test-t_dd_slide.R:2:3')"/>
    </testcase>
    <testcase time="0.032999999999987" classname="t_dd_slide" name="Test_t_dd_slide_table_with_expected_Error">
      <skipped message="Reason: On CRAN ('test-t_dd_slide.R:6:3')"/>
    </testcase>
    <testcase time="0.0490000000000066" classname="t_dd_slide" name="Test_table_creation_of_with_null_report">
      <skipped message="Reason: On CRAN ('test-t_dd_slide.R:10:3')"/>
    </testcase>
    <testcase time="0.270999999999987" classname="t_dd_slide" name="Test_table_creation_of_t_dd_slide_death_table_">
      <skipped message="Reason: On CRAN ('test-t_dd_slide.R:15:3')"/>
    </testcase>
    <testcase time="0.356999999999999" classname="t_dd_slide" name="Test_table_creation_of_t_dd_slide_death_table_">
      <skipped message="Reason: On CRAN ('test-t_dd_slide.R:20:3')"/>
    </testcase>
  </testsuite>
  <testsuite name="t_dm_slide" timestamp="2025-07-25T02:55:59Z" hostname="6f699afda604" tests="1" skipped="1" failures="0" errors="0" time="0.379">
    <testcase time="0.379000000000019" classname="t_dm_slide" name="Test_demographic_table_creation_of_t_dm_slide">
      <skipped message="Reason: On CRAN ('test-t_dm_slide.R:3:3')"/>
    </testcase>
  </testsuite>
  <testsuite name="t_dor_slide" timestamp="2025-07-25T02:56:00Z" hostname="6f699afda604" tests="2" skipped="2" failures="0" errors="0" time="0.33">
    <testcase time="0.163999999999987" classname="t_dor_slide" name="Test_DOR_table_when_time_unit_is_DAYS_">
      <skipped message="Reason: On CRAN ('test-t_dor_slide.R:8:3')"/>
    </testcase>
    <testcase time="0.165999999999997" classname="t_dor_slide" name="Test_DOR_table_when_time_unit_is_YEARS_">
      <skipped message="Reason: On CRAN ('test-t_dor_slide.R:19:3')"/>
    </testcase>
  </testsuite>
  <testsuite name="t_ds_slide" timestamp="2025-07-25T02:56:00Z" hostname="6f699afda604" tests="4" skipped="4" failures="0" errors="0" time="1.884">
    <testcase time="0.28400000000002" classname="t_ds_slide" name="Test_table_creation_of_t_ds_slide">
      <skipped message="Reason: On CRAN ('test-t_ds_slide.R:2:3')"/>
    </testcase>
    <testcase time="0.609999999999985" classname="t_ds_slide" name="Test_table_creation_of_t_ds_slide">
      <skipped message="Reason: On CRAN ('test-t_ds_slide.R:6:3')"/>
    </testcase>
    <testcase time="0.378999999999991" classname="t_ds_slide" name="Test_table_creation_of_t_ds_slide">
      <skipped message="Reason: On CRAN ('test-t_ds_slide.R:10:3')"/>
    </testcase>
    <testcase time="0.611000000000018" classname="t_ds_slide" name="Test_table_creation_of_t_ds_slide">
      <skipped message="Reason: On CRAN ('test-t_ds_slide.R:14:3')"/>
    </testcase>
  </testsuite>
  <testsuite name="template" timestamp="2025-07-25T02:56:02Z" hostname="6f699afda604" tests="42" skipped="1" failures="0" errors="0" time="0.346">
    <testcase time="0.0180000000000007" classname="template" name="list_all_templates_test_1_returns_all_available_templates"/>
    <testcase time="0.00799999999998136" classname="template" name="use_template_test_2_saving_when_no_path_is_specified"/>
    <testcase time="0.01400000000001" classname="template" name="use_template_test_2_saving_when_no_path_is_specified">
      <skipped message="Reason: On CRAN ('test-template.R:21:3')"/>
    </testcase>
    <testcase time="0.0150000000000148" classname="template" name="use_template_test_3_create_folder_when_it_does_not_exist"/>
    <testcase time="0.00799999999998136" classname="template" name="use_template_test_3_create_folder_when_it_does_not_exist"/>
    <testcase time="0.00300000000001432" classname="template" name="use_template_test_3_create_folder_when_it_does_not_exist"/>
    <testcase time="0.00999999999999091" classname="template" name="use_template_test_4_expected_errors"/>
    <testcase time="0.007000000000005" classname="template" name="use_template_test_4_expected_errors"/>
    <testcase time="0.0120000000000005" classname="template" name="use_template_test_5_when_template_is_contained_in_autoslideR"/>
    <testcase time="0.00999999999999091" classname="template" name="use_template_test_6_invalid_template"/>
    <testcase time="0.0120000000000005" classname="template" name="use_template_test_7_all_templates"/>
    <testcase time="0.007000000000005" classname="template" name="use_template_test_7_all_templates"/>
    <testcase time="0.007000000000005" classname="template" name="use_template_test_7_all_templates"/>
    <testcase time="0.00600000000000023" classname="template" name="use_template_test_7_all_templates"/>
    <testcase time="0.007000000000005" classname="template" name="use_template_test_7_all_templates"/>
    <testcase time="0.00699999999997658" classname="template" name="use_template_test_7_all_templates"/>
    <testcase time="0.007000000000005" classname="template" name="use_template_test_7_all_templates"/>
    <testcase time="0.007000000000005" classname="template" name="use_template_test_7_all_templates"/>
    <testcase time="0.0150000000000148" classname="template" name="use_template_test_7_all_templates"/>
    <testcase time="0.00799999999998136" classname="template" name="use_template_test_7_all_templates"/>
    <testcase time="0.007000000000005" classname="template" name="use_template_test_7_all_templates"/>
    <testcase time="0.007000000000005" classname="template" name="use_template_test_7_all_templates"/>
    <testcase time="0.007000000000005" classname="template" name="use_template_test_7_all_templates"/>
    <testcase time="0.007000000000005" classname="template" name="use_template_test_7_all_templates"/>
    <testcase time="0.00600000000000023" classname="template" name="use_template_test_7_all_templates"/>
    <testcase time="0.00699999999997658" classname="template" name="use_template_test_7_all_templates"/>
    <testcase time="0.0120000000000005" classname="template" name="use_template_test_5_all_templates"/>
    <testcase time="0.00600000000000023" classname="template" name="use_template_test_5_all_templates"/>
    <testcase time="0.007000000000005" classname="template" name="use_template_test_5_all_templates"/>
    <testcase time="0.007000000000005" classname="template" name="use_template_test_5_all_templates"/>
    <testcase time="0.007000000000005" classname="template" name="use_template_test_5_all_templates"/>
    <testcase time="0.007000000000005" classname="template" name="use_template_test_5_all_templates"/>
    <testcase time="0.00699999999997658" classname="template" name="use_template_test_5_all_templates"/>
    <testcase time="0.007000000000005" classname="template" name="use_template_test_5_all_templates"/>
    <testcase time="0.007000000000005" classname="template" name="use_template_test_5_all_templates"/>
    <testcase time="0.007000000000005" classname="template" name="use_template_test_5_all_templates"/>
    <testcase time="0.007000000000005" classname="template" name="use_template_test_5_all_templates"/>
    <testcase time="0.007000000000005" classname="template" name="use_template_test_5_all_templates"/>
    <testcase time="0.00799999999998136" classname="template" name="use_template_test_5_all_templates"/>
    <testcase time="0.007000000000005" classname="template" name="use_template_test_5_all_templates"/>
    <testcase time="0.007000000000005" classname="template" name="use_template_test_5_all_templates"/>
    <testcase time="0.007000000000005" classname="template" name="use_template_test_5_all_templates"/>
  </testsuite>
  <testsuite name="util" timestamp="2025-07-25T02:56:02Z" hostname="6f699afda604" tests="64" skipped="0" failures="0" errors="0" time="0.234">
    <testcase time="0.00799999999998136" classname="util" name="Test_some_functions_in_util.R"/>
    <testcase time="0.00200000000000955" classname="util" name="Test_some_functions_in_util.R"/>
    <testcase time="0.00100000000000477" classname="util" name="Test_some_functions_in_util.R"/>
    <testcase time="0.00100000000000477" classname="util" name="Test_some_functions_in_util.R"/>
    <testcase time="0.00199999999998113" classname="util" name="Test_some_functions_in_util.R"/>
    <testcase time="0.00100000000000477" classname="util" name="Test_some_functions_in_util.R"/>
    <testcase time="0.007000000000005" classname="util" name="Test_some_functions_in_util.R"/>
    <testcase time="0.00100000000000477" classname="util" name="Test_some_functions_in_util.R"/>
    <testcase time="0.007000000000005" classname="util" name="Test_some_functions_in_util.R"/>
    <testcase time="0.000999999999976353" classname="util" name="Test_some_functions_in_util.R"/>
    <testcase time="0.00600000000000023" classname="util" name="Test_some_functions_in_util.R"/>
    <testcase time="0.00100000000000477" classname="util" name="Test_some_functions_in_util.R"/>
    <testcase time="0.00499999999999545" classname="util" name="Test_some_functions_in_util.R"/>
    <testcase time="0.00300000000001432" classname="util" name="Test_some_functions_in_util.R"/>
    <testcase time="0.00100000000000477" classname="util" name="Test_some_functions_in_util.R"/>
    <testcase time="0.00199999999998113" classname="util" name="Test_some_functions_in_util.R"/>
    <testcase time="0.00100000000000477" classname="util" name="Test_some_functions_in_util.R"/>
    <testcase time="0.00100000000000477" classname="util" name="Test_some_functions_in_util.R"/>
    <testcase time="0.00300000000001432" classname="util" name="validate_paper_size_works_correctly"/>
    <testcase time="0.00199999999998113" classname="util" name="validate_paper_size_works_correctly"/>
    <testcase time="0.00200000000000955" classname="util" name="validate_paper_size_works_correctly"/>
    <testcase time="0.00499999999999545" classname="util" name="validate_paper_size_works_correctly"/>
    <testcase time="0.00499999999999545" classname="util" name="validate_paper_size_works_correctly"/>
    <testcase time="0.00499999999999545" classname="util" name="validate_paper_size_works_correctly"/>
    <testcase time="0.00600000000000023" classname="util" name="validate_paper_size_works_correctly"/>
    <testcase time="0.00800000000000978" classname="util" name="Legacy_warning_functions_work_as_expected"/>
    <testcase time="0.00200000000000955" classname="util" name="Legacy_warning_functions_work_as_expected"/>
    <testcase time="0.00499999999999545" classname="util" name="Legacy_warning_functions_work_as_expected"/>
    <testcase time="0.00200000000000955" classname="util" name="Legacy_warning_functions_work_as_expected"/>
    <testcase time="0.00600000000000023" classname="util" name="Legacy_warning_functions_work_as_expected"/>
    <testcase time="0.00600000000000023" classname="util" name="vbar2newline_correctly_replaces_vertical_bars"/>
    <testcase time="0.0029999999999859" classname="util" name="vbar2newline_correctly_replaces_vertical_bars"/>
    <testcase time="0.00300000000001432" classname="util" name="vbar2newline_correctly_replaces_vertical_bars"/>
    <testcase time="0.0029999999999859" classname="util" name="vbar2newline_correctly_replaces_vertical_bars"/>
    <testcase time="0.00300000000001432" classname="util" name="vbar2newline_correctly_replaces_vertical_bars"/>
    <testcase time="0.00600000000000023" classname="util" name="munge_spaces_correctly_replaces_various_whitespace"/>
    <testcase time="0.0029999999999859" classname="util" name="munge_spaces_correctly_replaces_various_whitespace"/>
    <testcase time="0.0029999999999859" classname="util" name="munge_spaces_correctly_replaces_various_whitespace"/>
    <testcase time="0.00300000000001432" classname="util" name="munge_spaces_correctly_replaces_various_whitespace"/>
    <testcase time="0.0029999999999859" classname="util" name="munge_spaces_correctly_replaces_various_whitespace"/>
    <testcase time="0.00600000000000023" classname="util" name="split_chunk_correctly_splits_text_into_words"/>
    <testcase time="0.00300000000001432" classname="util" name="split_chunk_correctly_splits_text_into_words"/>
    <testcase time="0.0029999999999859" classname="util" name="split_chunk_correctly_splits_text_into_words"/>
    <testcase time="0.00300000000001432" classname="util" name="split_chunk_correctly_splits_text_into_words"/>
    <testcase time="0.0029999999999859" classname="util" name="split_chunk_correctly_splits_text_into_words"/>
    <testcase time="0.00600000000000023" classname="util" name="wrap_chunk_wraps_text_correctly"/>
    <testcase time="0.00300000000001432" classname="util" name="wrap_chunk_wraps_text_correctly"/>
    <testcase time="0.0029999999999859" classname="util" name="wrap_chunk_wraps_text_correctly"/>
    <testcase time="0.00300000000001432" classname="util" name="wrap_chunk_wraps_text_correctly"/>
    <testcase time="0.0029999999999859" classname="util" name="wrap_chunk_wraps_text_correctly"/>
    <testcase time="0.00300000000001432" classname="util" name="wrap_chunk_wraps_text_correctly"/>
    <testcase time="0.007000000000005" classname="util" name="git_footnote_returns_repo"/>
    <testcase time="0.007000000000005" classname="util" name="create_new_reporting_event"/>
    <testcase time="0.0029999999999859" classname="util" name="create_new_reporting_event"/>
    <testcase time="0.00600000000000023" classname="util" name="create_output_name"/>
    <testcase time="0.00300000000001432" classname="util" name="create_output_name"/>
    <testcase time="0.0029999999999859" classname="util" name="create_output_name"/>
    <testcase time="0.00300000000001432" classname="util" name="create_output_name"/>
    <testcase time="0.00600000000000023" classname="util" name="text_wrap_cut_works_correctly"/>
    <testcase time="0.0029999999999859" classname="util" name="text_wrap_cut_works_correctly"/>
    <testcase time="0.00300000000001432" classname="util" name="text_wrap_cut_works_correctly"/>
    <testcase time="0.0029999999999859" classname="util" name="text_wrap_cut_works_correctly"/>
    <testcase time="0.007000000000005" classname="util" name="text_wrap_cut_keepreturn_respects_existing_newlines"/>
    <testcase time="0.0029999999999859" classname="util" name="text_wrap_cut_keepreturn_respects_existing_newlines"/>
  </testsuite>
  <testsuite name="ai" timestamp="2025-07-25T02:56:03Z" hostname="6f699afda604" tests="2" skipped="2" failures="0" errors="0" time="0.059">
    <testcase time="0.0450000000000159" classname="ai" name="Listing_print_correctly">
      <skipped message="Reason: On CI ('test_ai.R:4:3')"/>
    </testcase>
    <testcase time="0.0139999999999816" classname="ai" name="using_ollama">
      <skipped message="Reason: On CI ('test_ai.R:59:3')"/>
    </testcase>
  </testsuite>
  <testsuite name="format_date" timestamp="2025-07-25T02:56:03Z" hostname="6f699afda604" tests="1" skipped="1" failures="0" errors="0" time="0.149">
    <testcase time="0.149000000000001" classname="format_date" name="Test_format_date">
      <skipped message="Reason: On CRAN ('test_format_date.R:3:3')"/>
    </testcase>
  </testsuite>
</testsuites>
