<?xml version="1.0" encoding="UTF-8"?>
<testsuites>
  <testsuite name="appendix" timestamp="2025-07-25T01:11:40Z" hostname="50f8e736e2d1" tests="22" skipped="0" failures="0" errors="0" time="1.55">
    <testcase time="0.207" classname="appendix" name="initialize_to_page_test_1_when_to_page_is_null"/>
    <testcase time="0.0940000000000003" classname="appendix" name="initialize_to_page_test_2_given_to_page_value"/>
    <testcase time="0.0839999999999996" classname="appendix" name="initialize_to_page_test_3_if_to_page_is_too_large"/>
    <testcase time="0.295" classname="appendix" name="postprocessing_doc_test_1_save_file_TRUE"/>
    <testcase time="0.00300000000000011" classname="appendix" name="postprocessing_doc_test_1_save_file_TRUE"/>
    <testcase time="0.0469999999999997" classname="appendix" name="postprocessing_doc_test_2_save_file_FALSE"/>
    <testcase time="0.00200000000000022" classname="appendix" name="postprocessing_doc_test_2_save_file_FALSE"/>
    <testcase time="0.0720000000000001" classname="appendix" name="postprocessing_doc_test_3_doc_o_is_not_a_ppt"/>
    <testcase time="0.0489999999999999" classname="appendix" name="initialize_doc_original_test_1_returns_existing_doc_original"/>
    <testcase time="0.116" classname="appendix" name="initialize_doc_original_test_2_reads_from_file_when_doc_original_is_NULL"/>
    <testcase time="0.119" classname="appendix" name="append_title_slides_test_1_save_file"/>
    <testcase time="0.00300000000000011" classname="appendix" name="append_title_slides_test_1_save_file"/>
    <testcase time="0.00300000000000011" classname="appendix" name="append_title_slides_test_1_save_file"/>
    <testcase time="0.115" classname="appendix" name="append_section_header_slides_test_1_not_save_file"/>
    <testcase time="0.00200000000000022" classname="appendix" name="append_section_header_slides_test_1_not_save_file"/>
    <testcase time="0.00300000000000011" classname="appendix" name="append_section_header_slides_test_1_not_save_file"/>
    <testcase time="0.166" classname="appendix" name="append_all_slides_correctly_adds_multiple_slides_based_on_page_list"/>
    <testcase time="0.00300000000000011" classname="appendix" name="append_all_slides_correctly_adds_multiple_slides_based_on_page_list"/>
    <testcase time="0.00300000000000011" classname="appendix" name="append_all_slides_correctly_adds_multiple_slides_based_on_page_list"/>
    <testcase time="0.0489999999999999" classname="appendix" name="append_all_slides_correctly_adds_multiple_slides_based_on_page_list"/>
    <testcase time="0.00300000000000011" classname="appendix" name="append_all_slides_correctly_adds_multiple_slides_based_on_page_list"/>
    <testcase time="0.112" classname="appendix" name="append_all_slides_test_2_error_if_page_list_exceeds_max_pages_1"/>
  </testsuite>
  <testsuite name="assert" timestamp="2025-07-25T01:11:42Z" hostname="50f8e736e2d1" tests="17" skipped="0" failures="0" errors="0" time="0.087">
    <testcase time="0.0139999999999993" classname="assert" name="assert_is_character_scalar_works_correctly"/>
    <testcase time="0.00400000000000045" classname="assert" name="assert_is_character_scalar_works_correctly"/>
    <testcase time="0.00499999999999989" classname="assert" name="assert_is_character_scalar_works_correctly"/>
    <testcase time="0.00399999999999956" classname="assert" name="assert_is_character_scalar_works_correctly"/>
    <testcase time="0.00400000000000045" classname="assert" name="assert_is_character_scalar_works_correctly"/>
    <testcase time="0.00399999999999956" classname="assert" name="assert_is_character_scalar_works_correctly"/>
    <testcase time="0.00500000000000078" classname="assert" name="assert_exists_in_spec_or_calling_env_is_robustly_testable"/>
    <testcase time="0.00199999999999978" classname="assert" name="assert_exists_in_spec_or_calling_env_is_robustly_testable"/>
    <testcase time="0.00399999999999956" classname="assert" name="assert_exists_in_spec_or_calling_env_is_robustly_testable"/>
    <testcase time="0.00499999999999989" classname="assert" name="assert_is_valid_filter_result_passes_with_valid_inputs"/>
    <testcase time="0.00100000000000033" classname="assert" name="assert_is_valid_filter_result_passes_with_valid_inputs"/>
    <testcase time="0.00800000000000001" classname="assert" name="assert_is_valid_filter_result_fails_with_invalid_inputs"/>
    <testcase time="0.00400000000000045" classname="assert" name="assert_is_valid_filter_result_fails_with_invalid_inputs"/>
    <testcase time="0.00399999999999956" classname="assert" name="assert_is_valid_filter_result_fails_with_invalid_inputs"/>
    <testcase time="0.00400000000000045" classname="assert" name="assert_is_valid_filter_result_fails_with_invalid_inputs"/>
    <testcase time="0.00499999999999989" classname="assert" name="assert_is_valid_filter_result_fails_with_invalid_inputs"/>
    <testcase time="0.00999999999999979" classname="assert" name="assert_is_valid_filter_result_fails_with_invalid_inputs"/>
  </testsuite>
  <testsuite name="bad_filters" timestamp="2025-07-25T01:11:42Z" hostname="50f8e736e2d1" tests="1" skipped="0" failures="0" errors="0" time="0.037">
    <testcase time="0.0369999999999999" classname="bad_filters" name="Listing_print_correctly"/>
  </testsuite>
  <testsuite name="data_snapshot" timestamp="2025-07-25T01:11:42Z" hostname="50f8e736e2d1" tests="18" skipped="0" failures="0" errors="0" time="0.787">
    <testcase time="0.069" classname="data_snapshot" name="Test_data_snapshot"/>
    <testcase time="0.0810000000000004" classname="data_snapshot" name="Test_data_snapshot"/>
    <testcase time="0.024" classname="data_snapshot" name="Test_data_snapshot"/>
    <testcase time="0.0639999999999992" classname="data_snapshot" name="Test_data_snapshot"/>
    <testcase time="0.0220000000000002" classname="data_snapshot" name="Test_data_snapshot"/>
    <testcase time="0.0570000000000004" classname="data_snapshot" name="Test_data_snapshot"/>
    <testcase time="0.0229999999999997" classname="data_snapshot" name="Test_data_snapshot"/>
    <testcase time="0.0640000000000001" classname="data_snapshot" name="Test_data_snapshot"/>
    <testcase time="0.0229999999999997" classname="data_snapshot" name="Test_data_snapshot"/>
    <testcase time="0.0530000000000008" classname="data_snapshot" name="Test_data_snapshot"/>
    <testcase time="0.0229999999999997" classname="data_snapshot" name="Test_data_snapshot"/>
    <testcase time="0.0510000000000002" classname="data_snapshot" name="Test_data_snapshot"/>
    <testcase time="0.0350000000000001" classname="data_snapshot" name="Test_data_snapshot"/>
    <testcase time="0.0359999999999996" classname="data_snapshot" name="Test_data_snapshot"/>
    <testcase time="0.0229999999999997" classname="data_snapshot" name="Test_data_snapshot"/>
    <testcase time="0.0529999999999999" classname="data_snapshot" name="Test_data_snapshot"/>
    <testcase time="0.024" classname="data_snapshot" name="Test_data_snapshot"/>
    <testcase time="0.0620000000000003" classname="data_snapshot" name="Test_data_snapshot"/>
  </testsuite>
  <testsuite name="decorate" timestamp="2025-07-25T01:11:43Z" hostname="50f8e736e2d1" tests="10" skipped="0" failures="0" errors="0" time="0.803">
    <testcase time="0.0919999999999996" classname="decorate" name="Test_decoreate.grob_not_to_throw"/>
    <testcase time="0.140000000000001" classname="decorate" name="Test_decoreate.grob_not_to_throw"/>
    <testcase time="0.00399999999999956" classname="decorate" name="Test_decoreate_not_to_throw"/>
    <testcase time="0.0940000000000003" classname="decorate" name="Test_decoreate_not_to_throw"/>
    <testcase time="0.0650000000000004" classname="decorate" name="Test_print_not_to_throw"/>
    <testcase time="0.0649999999999995" classname="decorate" name="Test_print_not_to_throw"/>
    <testcase time="0.125" classname="decorate" name="Test_print_not_to_throw"/>
    <testcase time="0.00800000000000001" classname="decorate" name="Test_decoreate_throw"/>
    <testcase time="0.153" classname="decorate" name="Test_ph_with_img_not_to_throw"/>
    <testcase time="0.0569999999999995" classname="decorate" name="Test_ph_with_img_not_to_throw"/>
  </testsuite>
  <testsuite name="filter_spec-verbose" timestamp="2025-07-25T01:11:43Z" hostname="50f8e736e2d1" tests="1" skipped="0" failures="0" errors="0" time="0.049">
    <testcase time="0.0490000000000004" classname="filter_spec_verbose" name="Listing_print_correctly"/>
  </testsuite>
  <testsuite name="formats" timestamp="2025-07-25T01:11:44Z" hostname="50f8e736e2d1" tests="6" skipped="0" failures="0" errors="0" time="0.084">
    <testcase time="0.0129999999999999" classname="formats" name="new_round_function"/>
    <testcase time="0.048" classname="formats" name="new_round_function"/>
    <testcase time="0.00600000000000023" classname="formats" name="xx.xx_xx.xx_"/>
    <testcase time="0.00599999999999934" classname="formats" name="xx.xx_xx.x_"/>
    <testcase time="0.00600000000000023" classname="formats" name="_xx_xx_"/>
    <testcase time="0.00499999999999989" classname="formats" name="xx.xx_xx.xx_xx.xx_"/>
  </testsuite>
  <testsuite name="ft_format" timestamp="2025-07-25T01:11:45Z" hostname="50f8e736e2d1" tests="2" skipped="0" failures="0" errors="0" time="1.724">
    <testcase time="1.719" classname="ft_format" name="demographic_table_formatting"/>
    <testcase time="0.00499999999999989" classname="ft_format" name="demographic_table_formatting"/>
  </testsuite>
  <testsuite name="func_wrapper" timestamp="2025-07-25T01:11:45Z" hostname="50f8e736e2d1" tests="5" skipped="0" failures="0" errors="0" time="0.635">
    <testcase time="0.441" classname="func_wrapper" name="legacy_with_datasets_and_spec"/>
    <testcase time="0.141999999999999" classname="func_wrapper" name="legacy_with_datasets_but_no_spec"/>
    <testcase time="0.0180000000000007" classname="func_wrapper" name="modern_with_named_datasets_and_spec"/>
    <testcase time="0.0169999999999995" classname="func_wrapper" name="modern_with_named_datasets_but_no_spec"/>
    <testcase time="0.0170000000000012" classname="func_wrapper" name="modern_with_named_spec_but_no_datasets"/>
  </testsuite>
  <testsuite name="g_mean_slides" timestamp="2025-07-25T01:11:46Z" hostname="50f8e736e2d1" tests="14" skipped="5" failures="0" errors="0" time="0.956">
    <testcase time="0.164999999999999" classname="g_mean_slides" name="g_mean_slides_Test_1_Test_graph_creation_of_g_eg_slide_eg_mean_plot_"/>
    <testcase time="0.00200000000000067" classname="g_mean_slides" name="g_mean_slides_Test_1_Test_graph_creation_of_g_eg_slide_eg_mean_plot_">
      <skipped message="Reason: On CI ('test-g_mean_slides.R:20:3')"/>
    </testcase>
    <testcase time="0.0169999999999995" classname="g_mean_slides" name="g_mean_slides_Test_2_Test_error_of_g_eg_slide_"/>
    <testcase time="0.123000000000001" classname="g_mean_slides" name="g_mean_slides_Test_3_Test_graph_creation_of_g_lb_slide_lab_mean_plot_"/>
    <testcase time="0.000999999999999446" classname="g_mean_slides" name="g_mean_slides_Test_3_Test_graph_creation_of_g_lb_slide_lab_mean_plot_">
      <skipped message="Reason: On CI ('test-g_mean_slides.R:37:3')"/>
    </testcase>
    <testcase time="0.143000000000001" classname="g_mean_slides" name="g_mean_slides_Test_4_Test_graph_creation_of_g_lb_slide_lab_change_from_baseline_plot_"/>
    <testcase time="0.00199999999999889" classname="g_mean_slides" name="g_mean_slides_Test_4_Test_graph_creation_of_g_lb_slide_lab_change_from_baseline_plot_">
      <skipped message="Reason: On CI ('test-g_mean_slides.R:54:3')"/>
    </testcase>
    <testcase time="0.016" classname="g_mean_slides" name="g_mean_slides_Test_5_Test_error_of_g_lb_slide_"/>
    <testcase time="0.117000000000001" classname="g_mean_slides" name="g_mean_slides_Test_6_Test_graph_creation_of_g_vs_slide_vital_sign_mean_plot_"/>
    <testcase time="0.000999999999999446" classname="g_mean_slides" name="g_mean_slides_Test_6_Test_graph_creation_of_g_vs_slide_vital_sign_mean_plot_">
      <skipped message="Reason: On CI ('test-g_mean_slides.R:72:3')"/>
    </testcase>
    <testcase time="0.0169999999999995" classname="g_mean_slides" name="g_mean_slides_Test_7_Test_error_of_g_vs_slide_"/>
    <testcase time="0.333" classname="g_mean_slides" name="g_mean_slides_Test_8_Test_graph_creation_of_g_mean_slide_vital_sign_mean_plot_"/>
    <testcase time="0.00200000000000067" classname="g_mean_slides" name="g_mean_slides_Test_8_Test_graph_creation_of_g_mean_slide_vital_sign_mean_plot_">
      <skipped message="Reason: On CI ('test-g_mean_slides.R:94:3')"/>
    </testcase>
    <testcase time="0.0169999999999995" classname="g_mean_slides" name="g_mean_slides_Test_9_Test_error_of_general_function_g_mean_slide_"/>
  </testsuite>
  <testsuite name="helper_functions" timestamp="2025-07-25T01:11:47Z" hostname="50f8e736e2d1" tests="2" skipped="0" failures="0" errors="0" time="0.066">
    <testcase time="0.00999999999999979" classname="helper_functions" name="Test_some_functions_in_helper_functions.R"/>
    <testcase time="0.0560000000000009" classname="helper_functions" name="Test_some_functions_in_helper_functions.R"/>
  </testsuite>
  <testsuite name="l_ae_slide" timestamp="2025-07-25T01:11:47Z" hostname="50f8e736e2d1" tests="1" skipped="0" failures="0" errors="0" time="7.929">
    <testcase time="7.929" classname="l_ae_slide" name="Test_listing_creation_of_l_ae_slide_Adverse_Events_Listing_"/>
  </testsuite>
  <testsuite name="log" timestamp="2025-07-25T01:11:55Z" hostname="50f8e736e2d1" tests="2" skipped="0" failures="0" errors="0" time="0.012">
    <testcase time="0.0100000000000016" classname="log" name="Test_some_functions_in_log.R"/>
    <testcase time="0.00199999999999889" classname="log" name="Test_some_functions_in_log.R"/>
  </testsuite>
  <testsuite name="output-table-format" timestamp="2025-07-25T01:11:55Z" hostname="50f8e736e2d1" tests="10" skipped="0" failures="0" errors="0" time="3.178">
    <testcase time="0.634" classname="output_table_format" name="save_an_autoslider_output"/>
    <testcase time="0.129999999999999" classname="output_table_format" name="save_an_autoslider_output"/>
    <testcase time="0.439" classname="output_table_format" name="save_an_autoslider_output"/>
    <testcase time="0.133000000000003" classname="output_table_format" name="save_an_autoslider_output"/>
    <testcase time="0.436999999999998" classname="output_table_format" name="save_an_autoslider_output"/>
    <testcase time="0.148" classname="output_table_format" name="save_an_autoslider_output"/>
    <testcase time="0.468" classname="output_table_format" name="save_an_autoslider_output"/>
    <testcase time="0.164000000000001" classname="output_table_format" name="save_an_autoslider_output"/>
    <testcase time="0.454000000000001" classname="output_table_format" name="save_an_autoslider_output"/>
    <testcase time="0.170999999999999" classname="output_table_format" name="save_an_autoslider_output"/>
  </testsuite>
  <testsuite name="save_output" timestamp="2025-07-25T01:11:58Z" hostname="50f8e736e2d1" tests="7" skipped="0" failures="0" errors="0" time="1.905">
    <testcase time="0.221" classname="save_output" name="save_an_output"/>
    <testcase time="0.361999999999998" classname="save_output" name="Test_save_output_Save_an_Output_"/>
    <testcase time="0.361000000000001" classname="save_output" name="Test_save_output_Save_an_Output_"/>
    <testcase time="0.115000000000002" classname="save_output" name="Test_save_output_Save_an_Output_"/>
    <testcase time="0.282" classname="save_output" name="save_an_output"/>
    <testcase time="0.437999999999999" classname="save_output" name="save_an_output"/>
    <testcase time="0.126000000000001" classname="save_output" name="save_an_output"/>
  </testsuite>
  <testsuite name="slides_preview" timestamp="2025-07-25T01:12:00Z" hostname="50f8e736e2d1" tests="3" skipped="0" failures="0" errors="0" time="0.773">
    <testcase time="0.721" classname="slides_preview" name="Test_slides_preview"/>
    <testcase time="0.0289999999999999" classname="slides_preview" name="Test_slides_preview"/>
    <testcase time="0.0229999999999997" classname="slides_preview" name="Test_slides_preview"/>
  </testsuite>
  <testsuite name="srep_outputs" timestamp="2025-07-25T01:12:01Z" hostname="50f8e736e2d1" tests="289" skipped="0" failures="0" errors="0" time="99.896">
    <testcase time="2.648" classname="srep_outputs" name="Listing_print_correctly"/>
    <testcase time="8.567" classname="srep_outputs" name="Listing_print_correctly"/>
    <testcase time="0.560000000000002" classname="srep_outputs" name="Listing_print_correctly"/>
    <testcase time="0.500999999999998" classname="srep_outputs" name="Listing_print_correctly"/>
    <testcase time="0.587000000000003" classname="srep_outputs" name="Listing_print_correctly"/>
    <testcase time="0.492999999999995" classname="srep_outputs" name="Listing_print_correctly"/>
    <testcase time="0.452000000000005" classname="srep_outputs" name="Listing_print_correctly"/>
    <testcase time="0.369" classname="srep_outputs" name="Listing_print_correctly"/>
    <testcase time="0.541999999999994" classname="srep_outputs" name="Listing_print_correctly"/>
    <testcase time="0.410000000000004" classname="srep_outputs" name="Listing_print_correctly"/>
    <testcase time="0.393999999999998" classname="srep_outputs" name="Listing_print_correctly"/>
    <testcase time="0.121000000000002" classname="srep_outputs" name="Listing_print_correctly"/>
    <testcase time="0.134999999999998" classname="srep_outputs" name="Listing_print_correctly"/>
    <testcase time="31.225" classname="srep_outputs" name="Listing_print_correctly"/>
    <testcase time="0.180000000000007" classname="srep_outputs" name="Listing_print_correctly"/>
    <testcase time="0.178999999999988" classname="srep_outputs" name="Listing_print_correctly"/>
    <testcase time="0.182000000000002" classname="srep_outputs" name="Listing_print_correctly"/>
    <testcase time="0.179000000000002" classname="srep_outputs" name="Listing_print_correctly"/>
    <testcase time="0.183000000000007" classname="srep_outputs" name="Listing_print_correctly"/>
    <testcase time="0.181999999999988" classname="srep_outputs" name="Listing_print_correctly"/>
    <testcase time="0.175000000000011" classname="srep_outputs" name="Listing_print_correctly"/>
    <testcase time="0.174999999999997" classname="srep_outputs" name="Listing_print_correctly"/>
    <testcase time="0.179000000000002" classname="srep_outputs" name="Listing_print_correctly"/>
    <testcase time="0.182999999999993" classname="srep_outputs" name="Listing_print_correctly"/>
    <testcase time="0.183000000000007" classname="srep_outputs" name="Listing_print_correctly"/>
    <testcase time="0.182999999999993" classname="srep_outputs" name="Listing_print_correctly"/>
    <testcase time="0.183000000000007" classname="srep_outputs" name="Listing_print_correctly"/>
    <testcase time="0.182000000000002" classname="srep_outputs" name="Listing_print_correctly"/>
    <testcase time="0.183999999999997" classname="srep_outputs" name="Listing_print_correctly"/>
    <testcase time="0.185999999999993" classname="srep_outputs" name="Listing_print_correctly"/>
    <testcase time="0.185000000000002" classname="srep_outputs" name="Listing_print_correctly"/>
    <testcase time="0.194000000000003" classname="srep_outputs" name="Listing_print_correctly"/>
    <testcase time="0.183999999999997" classname="srep_outputs" name="Listing_print_correctly"/>
    <testcase time="0.174000000000007" classname="srep_outputs" name="Listing_print_correctly"/>
    <testcase time="0.183999999999997" classname="srep_outputs" name="Listing_print_correctly"/>
    <testcase time="0.183999999999997" classname="srep_outputs" name="Listing_print_correctly"/>
    <testcase time="0.186000000000007" classname="srep_outputs" name="Listing_print_correctly"/>
    <testcase time="0.185999999999993" classname="srep_outputs" name="Listing_print_correctly"/>
    <testcase time="0.183999999999997" classname="srep_outputs" name="Listing_print_correctly"/>
    <testcase time="0.183000000000007" classname="srep_outputs" name="Listing_print_correctly"/>
    <testcase time="0.185000000000002" classname="srep_outputs" name="Listing_print_correctly"/>
    <testcase time="0.183999999999997" classname="srep_outputs" name="Listing_print_correctly"/>
    <testcase time="0.183999999999997" classname="srep_outputs" name="Listing_print_correctly"/>
    <testcase time="0.185999999999993" classname="srep_outputs" name="Listing_print_correctly"/>
    <testcase time="0.188000000000002" classname="srep_outputs" name="Listing_print_correctly"/>
    <testcase time="0.186000000000007" classname="srep_outputs" name="Listing_print_correctly"/>
    <testcase time="0.185000000000002" classname="srep_outputs" name="Listing_print_correctly"/>
    <testcase time="0.178999999999988" classname="srep_outputs" name="Listing_print_correctly"/>
    <testcase time="0.184000000000012" classname="srep_outputs" name="Listing_print_correctly"/>
    <testcase time="0.188999999999993" classname="srep_outputs" name="Listing_print_correctly"/>
    <testcase time="0.183999999999997" classname="srep_outputs" name="Listing_print_correctly"/>
    <testcase time="0.183999999999997" classname="srep_outputs" name="Listing_print_correctly"/>
    <testcase time="0.187000000000012" classname="srep_outputs" name="Listing_print_correctly"/>
    <testcase time="0.183999999999997" classname="srep_outputs" name="Listing_print_correctly"/>
    <testcase time="0.203999999999994" classname="srep_outputs" name="Listing_print_correctly"/>
    <testcase time="0.185000000000002" classname="srep_outputs" name="Listing_print_correctly"/>
    <testcase time="0.186000000000007" classname="srep_outputs" name="Listing_print_correctly"/>
    <testcase time="0.184999999999988" classname="srep_outputs" name="Listing_print_correctly"/>
    <testcase time="0.190000000000012" classname="srep_outputs" name="Listing_print_correctly"/>
    <testcase time="0.192999999999998" classname="srep_outputs" name="Listing_print_correctly"/>
    <testcase time="0.186999999999998" classname="srep_outputs" name="Listing_print_correctly"/>
    <testcase time="0.180999999999997" classname="srep_outputs" name="Listing_print_correctly"/>
    <testcase time="0.176000000000002" classname="srep_outputs" name="Listing_print_correctly"/>
    <testcase time="0.186999999999998" classname="srep_outputs" name="Listing_print_correctly"/>
    <testcase time="0.189999999999998" classname="srep_outputs" name="Listing_print_correctly"/>
    <testcase time="0.188000000000002" classname="srep_outputs" name="Listing_print_correctly"/>
    <testcase time="0.189000000000007" classname="srep_outputs" name="Listing_print_correctly"/>
    <testcase time="0.189999999999998" classname="srep_outputs" name="Listing_print_correctly"/>
    <testcase time="0.191000000000003" classname="srep_outputs" name="Listing_print_correctly"/>
    <testcase time="0.191999999999993" classname="srep_outputs" name="Listing_print_correctly"/>
    <testcase time="0.189000000000007" classname="srep_outputs" name="Listing_print_correctly"/>
    <testcase time="0.190999999999988" classname="srep_outputs" name="Listing_print_correctly"/>
    <testcase time="0.188000000000002" classname="srep_outputs" name="Listing_print_correctly"/>
    <testcase time="0.191000000000003" classname="srep_outputs" name="Listing_print_correctly"/>
    <testcase time="0.191000000000003" classname="srep_outputs" name="Listing_print_correctly"/>
    <testcase time="0.188999999999993" classname="srep_outputs" name="Listing_print_correctly"/>
    <testcase time="0.535000000000011" classname="srep_outputs" name="Listing_print_correctly"/>
    <testcase time="0.168999999999997" classname="srep_outputs" name="Listing_print_correctly"/>
    <testcase time="0.177999999999997" classname="srep_outputs" name="Listing_print_correctly"/>
    <testcase time="0.168999999999997" classname="srep_outputs" name="Listing_print_correctly"/>
    <testcase time="0.171000000000006" classname="srep_outputs" name="Listing_print_correctly"/>
    <testcase time="0.179000000000002" classname="srep_outputs" name="Listing_print_correctly"/>
    <testcase time="0.174999999999997" classname="srep_outputs" name="Listing_print_correctly"/>
    <testcase time="0.176000000000002" classname="srep_outputs" name="Listing_print_correctly"/>
    <testcase time="0.173000000000002" classname="srep_outputs" name="Listing_print_correctly"/>
    <testcase time="0.177999999999997" classname="srep_outputs" name="Listing_print_correctly"/>
    <testcase time="0.172000000000011" classname="srep_outputs" name="Listing_print_correctly"/>
    <testcase time="0.176000000000002" classname="srep_outputs" name="Listing_print_correctly"/>
    <testcase time="0.168999999999997" classname="srep_outputs" name="Listing_print_correctly"/>
    <testcase time="0.179999999999993" classname="srep_outputs" name="Listing_print_correctly"/>
    <testcase time="0.171999999999997" classname="srep_outputs" name="Listing_print_correctly"/>
    <testcase time="0.180000000000007" classname="srep_outputs" name="Listing_print_correctly"/>
    <testcase time="0.170000000000002" classname="srep_outputs" name="Listing_print_correctly"/>
    <testcase time="0.177999999999997" classname="srep_outputs" name="Listing_print_correctly"/>
    <testcase time="0.170000000000002" classname="srep_outputs" name="Listing_print_correctly"/>
    <testcase time="0.179000000000002" classname="srep_outputs" name="Listing_print_correctly"/>
    <testcase time="0.170000000000002" classname="srep_outputs" name="Listing_print_correctly"/>
    <testcase time="0.179000000000002" classname="srep_outputs" name="Listing_print_correctly"/>
    <testcase time="0.169999999999987" classname="srep_outputs" name="Listing_print_correctly"/>
    <testcase time="0.174000000000007" classname="srep_outputs" name="Listing_print_correctly"/>
    <testcase time="0.171000000000006" classname="srep_outputs" name="Listing_print_correctly"/>
    <testcase time="0.172999999999988" classname="srep_outputs" name="Listing_print_correctly"/>
    <testcase time="0.178000000000011" classname="srep_outputs" name="Listing_print_correctly"/>
    <testcase time="0.175999999999988" classname="srep_outputs" name="Listing_print_correctly"/>
    <testcase time="0.178000000000011" classname="srep_outputs" name="Listing_print_correctly"/>
    <testcase time="0.172999999999988" classname="srep_outputs" name="Listing_print_correctly"/>
    <testcase time="0.180000000000007" classname="srep_outputs" name="Listing_print_correctly"/>
    <testcase time="0.171999999999997" classname="srep_outputs" name="Listing_print_correctly"/>
    <testcase time="0.179000000000002" classname="srep_outputs" name="Listing_print_correctly"/>
    <testcase time="0.174000000000007" classname="srep_outputs" name="Listing_print_correctly"/>
    <testcase time="0.178999999999988" classname="srep_outputs" name="Listing_print_correctly"/>
    <testcase time="0.172000000000011" classname="srep_outputs" name="Listing_print_correctly"/>
    <testcase time="0.179000000000002" classname="srep_outputs" name="Listing_print_correctly"/>
    <testcase time="0.172999999999988" classname="srep_outputs" name="Listing_print_correctly"/>
    <testcase time="0.178000000000011" classname="srep_outputs" name="Listing_print_correctly"/>
    <testcase time="0.172999999999988" classname="srep_outputs" name="Listing_print_correctly"/>
    <testcase time="0.179000000000002" classname="srep_outputs" name="Listing_print_correctly"/>
    <testcase time="0.166000000000011" classname="srep_outputs" name="Listing_print_correctly"/>
    <testcase time="0.176999999999992" classname="srep_outputs" name="Listing_print_correctly"/>
    <testcase time="0.171000000000006" classname="srep_outputs" name="Listing_print_correctly"/>
    <testcase time="0.213999999999999" classname="srep_outputs" name="Listing_print_correctly"/>
    <testcase time="0.171999999999997" classname="srep_outputs" name="Listing_print_correctly"/>
    <testcase time="0.185000000000002" classname="srep_outputs" name="Listing_print_correctly"/>
    <testcase time="0.173000000000002" classname="srep_outputs" name="Listing_print_correctly"/>
    <testcase time="0.167999999999992" classname="srep_outputs" name="Listing_print_correctly"/>
    <testcase time="0.182000000000002" classname="srep_outputs" name="Listing_print_correctly"/>
    <testcase time="0.171999999999997" classname="srep_outputs" name="Listing_print_correctly"/>
    <testcase time="0.182000000000002" classname="srep_outputs" name="Listing_print_correctly"/>
    <testcase time="0.171999999999997" classname="srep_outputs" name="Listing_print_correctly"/>
    <testcase time="0.183000000000007" classname="srep_outputs" name="Listing_print_correctly"/>
    <testcase time="0.173000000000002" classname="srep_outputs" name="Listing_print_correctly"/>
    <testcase time="0.180999999999997" classname="srep_outputs" name="Listing_print_correctly"/>
    <testcase time="0.172999999999988" classname="srep_outputs" name="Listing_print_correctly"/>
    <testcase time="0.181000000000012" classname="srep_outputs" name="Listing_print_correctly"/>
    <testcase time="0.169999999999987" classname="srep_outputs" name="Listing_print_correctly"/>
    <testcase time="0.182000000000002" classname="srep_outputs" name="Listing_print_correctly"/>
    <testcase time="0.169000000000011" classname="srep_outputs" name="Listing_print_correctly"/>
    <testcase time="0.182000000000002" classname="srep_outputs" name="Listing_print_correctly"/>
    <testcase time="0.171999999999997" classname="srep_outputs" name="Listing_print_correctly"/>
    <testcase time="0.180999999999997" classname="srep_outputs" name="Listing_print_correctly"/>
    <testcase time="0.171000000000006" classname="srep_outputs" name="Listing_print_correctly"/>
    <testcase time="0.179000000000002" classname="srep_outputs" name="Listing_print_correctly"/>
    <testcase time="0.173000000000002" classname="srep_outputs" name="Listing_print_correctly"/>
    <testcase time="0.176999999999992" classname="srep_outputs" name="Listing_print_correctly"/>
    <testcase time="0.171000000000006" classname="srep_outputs" name="Listing_print_correctly"/>
    <testcase time="0.182000000000002" classname="srep_outputs" name="Listing_print_correctly"/>
    <testcase time="0.168000000000006" classname="srep_outputs" name="Listing_print_correctly"/>
    <testcase time="0.173000000000002" classname="srep_outputs" name="Listing_print_correctly"/>
    <testcase time="0.182999999999993" classname="srep_outputs" name="Listing_print_correctly"/>
    <testcase time="0.171000000000006" classname="srep_outputs" name="Listing_print_correctly"/>
    <testcase time="0.180999999999997" classname="srep_outputs" name="Listing_print_correctly"/>
    <testcase time="0.174999999999997" classname="srep_outputs" name="Listing_print_correctly"/>
    <testcase time="0.180999999999997" classname="srep_outputs" name="Listing_print_correctly"/>
    <testcase time="0.175000000000011" classname="srep_outputs" name="Listing_print_correctly"/>
    <testcase time="0.184999999999988" classname="srep_outputs" name="Listing_print_correctly"/>
    <testcase time="0.174000000000007" classname="srep_outputs" name="Listing_print_correctly"/>
    <testcase time="0.182000000000002" classname="srep_outputs" name="Listing_print_correctly"/>
    <testcase time="0.173000000000002" classname="srep_outputs" name="Listing_print_correctly"/>
    <testcase time="0.182999999999993" classname="srep_outputs" name="Listing_print_correctly"/>
    <testcase time="0.173000000000002" classname="srep_outputs" name="Listing_print_correctly"/>
    <testcase time="0.182000000000002" classname="srep_outputs" name="Listing_print_correctly"/>
    <testcase time="0.173000000000002" classname="srep_outputs" name="Listing_print_correctly"/>
    <testcase time="0.179000000000002" classname="srep_outputs" name="Listing_print_correctly"/>
    <testcase time="0.174999999999997" classname="srep_outputs" name="Listing_print_correctly"/>
    <testcase time="0.200000000000003" classname="srep_outputs" name="Listing_print_correctly"/>
    <testcase time="0.170999999999992" classname="srep_outputs" name="Listing_print_correctly"/>
    <testcase time="0.198000000000008" classname="srep_outputs" name="Listing_print_correctly"/>
    <testcase time="0.173999999999992" classname="srep_outputs" name="Listing_print_correctly"/>
    <testcase time="0.189999999999998" classname="srep_outputs" name="Listing_print_correctly"/>
    <testcase time="0.170000000000002" classname="srep_outputs" name="Listing_print_correctly"/>
    <testcase time="0.185000000000002" classname="srep_outputs" name="Listing_print_correctly"/>
    <testcase time="0.173000000000002" classname="srep_outputs" name="Listing_print_correctly"/>
    <testcase time="0.192999999999998" classname="srep_outputs" name="Listing_print_correctly"/>
    <testcase time="0.171999999999997" classname="srep_outputs" name="Listing_print_correctly"/>
    <testcase time="0.183999999999997" classname="srep_outputs" name="Listing_print_correctly"/>
    <testcase time="0.171000000000006" classname="srep_outputs" name="Listing_print_correctly"/>
    <testcase time="0.195999999999998" classname="srep_outputs" name="Listing_print_correctly"/>
    <testcase time="0.174999999999997" classname="srep_outputs" name="Listing_print_correctly"/>
    <testcase time="0.172000000000011" classname="srep_outputs" name="Listing_print_correctly"/>
    <testcase time="0.529999999999987" classname="srep_outputs" name="Listing_print_correctly"/>
    <testcase time="0.168000000000006" classname="srep_outputs" name="Listing_print_correctly"/>
    <testcase time="0.173000000000002" classname="srep_outputs" name="Listing_print_correctly"/>
    <testcase time="0.167000000000002" classname="srep_outputs" name="Listing_print_correctly"/>
    <testcase time="0.173999999999992" classname="srep_outputs" name="Listing_print_correctly"/>
    <testcase time="0.166000000000011" classname="srep_outputs" name="Listing_print_correctly"/>
    <testcase time="0.174999999999997" classname="srep_outputs" name="Listing_print_correctly"/>
    <testcase time="0.164999999999992" classname="srep_outputs" name="Listing_print_correctly"/>
    <testcase time="0.177000000000007" classname="srep_outputs" name="Listing_print_correctly"/>
    <testcase time="0.161999999999992" classname="srep_outputs" name="Listing_print_correctly"/>
    <testcase time="0.175000000000011" classname="srep_outputs" name="Listing_print_correctly"/>
    <testcase time="0.165999999999997" classname="srep_outputs" name="Listing_print_correctly"/>
    <testcase time="0.173999999999992" classname="srep_outputs" name="Listing_print_correctly"/>
    <testcase time="0.165000000000006" classname="srep_outputs" name="Listing_print_correctly"/>
    <testcase time="0.177999999999997" classname="srep_outputs" name="Listing_print_correctly"/>
    <testcase time="0.159000000000006" classname="srep_outputs" name="Listing_print_correctly"/>
    <testcase time="0.173999999999992" classname="srep_outputs" name="Listing_print_correctly"/>
    <testcase time="0.162999999999997" classname="srep_outputs" name="Listing_print_correctly"/>
    <testcase time="0.181000000000012" classname="srep_outputs" name="Listing_print_correctly"/>
    <testcase time="0.161999999999992" classname="srep_outputs" name="Listing_print_correctly"/>
    <testcase time="0.173000000000002" classname="srep_outputs" name="Listing_print_correctly"/>
    <testcase time="0.164000000000001" classname="srep_outputs" name="Listing_print_correctly"/>
    <testcase time="0.176000000000002" classname="srep_outputs" name="Listing_print_correctly"/>
    <testcase time="0.161999999999992" classname="srep_outputs" name="Listing_print_correctly"/>
    <testcase time="0.179000000000002" classname="srep_outputs" name="Listing_print_correctly"/>
    <testcase time="0.164000000000001" classname="srep_outputs" name="Listing_print_correctly"/>
    <testcase time="0.180999999999997" classname="srep_outputs" name="Listing_print_correctly"/>
    <testcase time="0.163000000000011" classname="srep_outputs" name="Listing_print_correctly"/>
    <testcase time="0.184999999999988" classname="srep_outputs" name="Listing_print_correctly"/>
    <testcase time="0.163000000000011" classname="srep_outputs" name="Listing_print_correctly"/>
    <testcase time="0.168999999999997" classname="srep_outputs" name="Listing_print_correctly"/>
    <testcase time="0.167999999999992" classname="srep_outputs" name="Listing_print_correctly"/>
    <testcase time="0.170000000000002" classname="srep_outputs" name="Listing_print_correctly"/>
    <testcase time="0.169000000000011" classname="srep_outputs" name="Listing_print_correctly"/>
    <testcase time="0.174999999999997" classname="srep_outputs" name="Listing_print_correctly"/>
    <testcase time="0.173999999999992" classname="srep_outputs" name="Listing_print_correctly"/>
    <testcase time="0.171000000000006" classname="srep_outputs" name="Listing_print_correctly"/>
    <testcase time="0.549999999999997" classname="srep_outputs" name="Listing_print_correctly"/>
    <testcase time="0.168999999999997" classname="srep_outputs" name="Listing_print_correctly"/>
    <testcase time="0.177000000000007" classname="srep_outputs" name="Listing_print_correctly"/>
    <testcase time="0.167000000000002" classname="srep_outputs" name="Listing_print_correctly"/>
    <testcase time="0.173999999999992" classname="srep_outputs" name="Listing_print_correctly"/>
    <testcase time="0.165000000000006" classname="srep_outputs" name="Listing_print_correctly"/>
    <testcase time="0.173000000000002" classname="srep_outputs" name="Listing_print_correctly"/>
    <testcase time="0.159999999999997" classname="srep_outputs" name="Listing_print_correctly"/>
    <testcase time="0.179000000000002" classname="srep_outputs" name="Listing_print_correctly"/>
    <testcase time="0.164000000000001" classname="srep_outputs" name="Listing_print_correctly"/>
    <testcase time="0.177999999999997" classname="srep_outputs" name="Listing_print_correctly"/>
    <testcase time="0.170000000000002" classname="srep_outputs" name="Listing_print_correctly"/>
    <testcase time="0.176999999999992" classname="srep_outputs" name="Listing_print_correctly"/>
    <testcase time="0.162999999999997" classname="srep_outputs" name="Listing_print_correctly"/>
    <testcase time="0.176000000000002" classname="srep_outputs" name="Listing_print_correctly"/>
    <testcase time="0.164000000000001" classname="srep_outputs" name="Listing_print_correctly"/>
    <testcase time="0.177999999999997" classname="srep_outputs" name="Listing_print_correctly"/>
    <testcase time="0.166000000000011" classname="srep_outputs" name="Listing_print_correctly"/>
    <testcase time="0.176999999999992" classname="srep_outputs" name="Listing_print_correctly"/>
    <testcase time="0.162999999999997" classname="srep_outputs" name="Listing_print_correctly"/>
    <testcase time="0.172000000000011" classname="srep_outputs" name="Listing_print_correctly"/>
    <testcase time="0.166999999999987" classname="srep_outputs" name="Listing_print_correctly"/>
    <testcase time="0.176000000000002" classname="srep_outputs" name="Listing_print_correctly"/>
    <testcase time="0.164000000000001" classname="srep_outputs" name="Listing_print_correctly"/>
    <testcase time="0.177999999999997" classname="srep_outputs" name="Listing_print_correctly"/>
    <testcase time="0.165000000000006" classname="srep_outputs" name="Listing_print_correctly"/>
    <testcase time="0.179999999999993" classname="srep_outputs" name="Listing_print_correctly"/>
    <testcase time="0.161000000000001" classname="srep_outputs" name="Listing_print_correctly"/>
    <testcase time="0.183000000000007" classname="srep_outputs" name="Listing_print_correctly"/>
    <testcase time="0.164999999999992" classname="srep_outputs" name="Listing_print_correctly"/>
    <testcase time="0.184000000000012" classname="srep_outputs" name="Listing_print_correctly"/>
    <testcase time="0.161000000000001" classname="srep_outputs" name="Listing_print_correctly"/>
    <testcase time="0.183999999999997" classname="srep_outputs" name="Listing_print_correctly"/>
    <testcase time="0.161000000000001" classname="srep_outputs" name="Listing_print_correctly"/>
    <testcase time="0.182000000000002" classname="srep_outputs" name="Listing_print_correctly"/>
    <testcase time="0.165000000000006" classname="srep_outputs" name="Listing_print_correctly"/>
    <testcase time="0.185999999999993" classname="srep_outputs" name="Listing_print_correctly"/>
    <testcase time="0.164000000000001" classname="srep_outputs" name="Listing_print_correctly"/>
    <testcase time="0.182000000000002" classname="srep_outputs" name="Listing_print_correctly"/>
    <testcase time="0.167000000000002" classname="srep_outputs" name="Listing_print_correctly"/>
    <testcase time="0.182999999999993" classname="srep_outputs" name="Listing_print_correctly"/>
    <testcase time="0.170000000000002" classname="srep_outputs" name="Listing_print_correctly"/>
    <testcase time="0.207000000000008" classname="srep_outputs" name="Listing_print_correctly"/>
    <testcase time="0.165999999999997" classname="srep_outputs" name="Listing_print_correctly"/>
    <testcase time="0.183999999999997" classname="srep_outputs" name="Listing_print_correctly"/>
    <testcase time="0.162999999999997" classname="srep_outputs" name="Listing_print_correctly"/>
    <testcase time="0.165000000000006" classname="srep_outputs" name="Listing_print_correctly"/>
    <testcase time="0.183999999999997" classname="srep_outputs" name="Listing_print_correctly"/>
    <testcase time="0.162999999999997" classname="srep_outputs" name="Listing_print_correctly"/>
    <testcase time="0.180999999999997" classname="srep_outputs" name="Listing_print_correctly"/>
    <testcase time="0.169000000000011" classname="srep_outputs" name="Listing_print_correctly"/>
    <testcase time="0.183999999999997" classname="srep_outputs" name="Listing_print_correctly"/>
    <testcase time="0.168999999999997" classname="srep_outputs" name="Listing_print_correctly"/>
    <testcase time="0.182000000000002" classname="srep_outputs" name="Listing_print_correctly"/>
    <testcase time="0.165999999999997" classname="srep_outputs" name="Listing_print_correctly"/>
    <testcase time="0.180000000000007" classname="srep_outputs" name="Listing_print_correctly"/>
    <testcase time="0.167999999999992" classname="srep_outputs" name="Listing_print_correctly"/>
    <testcase time="0.180999999999997" classname="srep_outputs" name="Listing_print_correctly"/>
    <testcase time="0.167000000000002" classname="srep_outputs" name="Listing_print_correctly"/>
    <testcase time="0.186999999999998" classname="srep_outputs" name="Listing_print_correctly"/>
    <testcase time="0.168000000000006" classname="srep_outputs" name="Listing_print_correctly"/>
    <testcase time="0.182000000000002" classname="srep_outputs" name="Listing_print_correctly"/>
    <testcase time="0.167000000000002" classname="srep_outputs" name="Listing_print_correctly"/>
    <testcase time="0.182999999999993" classname="srep_outputs" name="Listing_print_correctly"/>
    <testcase time="0.162000000000006" classname="srep_outputs" name="Listing_print_correctly"/>
    <testcase time="0.180999999999997" classname="srep_outputs" name="Listing_print_correctly"/>
    <testcase time="0.168999999999997" classname="srep_outputs" name="Listing_print_correctly"/>
    <testcase time="0.180999999999997" classname="srep_outputs" name="Listing_print_correctly"/>
    <testcase time="0.171000000000006" classname="srep_outputs" name="Listing_print_correctly"/>
    <testcase time="0.147999999999996" classname="srep_outputs" name="Listing_print_correctly"/>
    <testcase time="0.119" classname="srep_outputs" name="Listing_print_correctly"/>
    <testcase time="3.39800000000001" classname="srep_outputs" name="Listing_print_correctly"/>
    <testcase time="0.189999999999998" classname="srep_outputs" name="Listing_print_correctly"/>
  </testsuite>
  <testsuite name="t_ae_pt_diff_slide" timestamp="2025-07-25T01:13:41Z" hostname="50f8e736e2d1" tests="9" skipped="0" failures="0" errors="0" time="2.015">
    <testcase time="0.185999999999993" classname="t_ae_pt_diff_slide" name="Test_table_creation_of_t_ae_pt_diff_slide_safety_summary_table_"/>
    <testcase time="0.177000000000007" classname="t_ae_pt_diff_slide" name="Test_table_creation_of_t_ae_pt_diff_slide_safety_summary_table_prune_by_total_2"/>
    <testcase time="0.339999999999989" classname="t_ae_pt_diff_slide" name="Test_table_creation_of_t_ae_pt_slide_safety_summary_table_prune_by_total_2"/>
    <testcase time="0.209000000000003" classname="t_ae_pt_diff_slide" name="Test_table_creation_of_t_ae_pt_slide_safety_summary_table_prune_by_total_2"/>
    <testcase time="0.340000000000003" classname="t_ae_pt_diff_slide" name="Test_table_creation_of_t_ae_pt_slide_safety_summary_table_prune_by_total_2"/>
    <testcase time="0.218000000000004" classname="t_ae_pt_diff_slide" name="Test_table_creation_of_t_ae_pt_slide_safety_summary_table_prune_by_total_2"/>
    <testcase time="0.108999999999995" classname="t_ae_pt_diff_slide" name="Test_table_creation_of_t_ae_pt_diff_slide_safety_summary_table_"/>
    <testcase time="0.334000000000003" classname="t_ae_pt_diff_slide" name="Test_table_creation_of_t_ae_pt_slide_safety_summary_table_prune_by_total_2"/>
    <testcase time="0.102000000000004" classname="t_ae_pt_diff_slide" name="Test_table_creation_of_t_ae_pt_diff_slide_with_null_report"/>
  </testsuite>
  <testsuite name="t_ae_pt_slide" timestamp="2025-07-25T01:13:43Z" hostname="50f8e736e2d1" tests="6" skipped="0" failures="0" errors="0" time="1.792">
    <testcase time="0.213999999999999" classname="t_ae_pt_slide" name="Test_table_creation_of_t_ae_pt_slide_safety_summary_table_"/>
    <testcase time="0.210999999999999" classname="t_ae_pt_slide" name="Test_table_creation_of_t_ae_pt_slide_safety_summary_table_prune_by_total_28"/>
    <testcase time="0.198999999999998" classname="t_ae_pt_slide" name="Test_table_creation_of_t_ae_pt_slide_safety_summary_table_prune_by_total_30"/>
    <testcase time="0.403999999999996" classname="t_ae_pt_slide" name="Test_table_creation_of_t_ae_pt_soc_slide_safety_summary_table_"/>
    <testcase time="0.38900000000001" classname="t_ae_pt_slide" name="Test_table_creation_of_t_ae_pt_soc_slide_safety_summary_table_prune_by_total_28"/>
    <testcase time="0.375" classname="t_ae_pt_slide" name="Test_table_creation_of_t_ae_pt_soc_slide_safety_summary_table_prune_by_total_30"/>
  </testsuite>
  <testsuite name="t_ae_pt_soc_diff_slide" timestamp="2025-07-25T01:13:44Z" hostname="50f8e736e2d1" tests="7" skipped="0" failures="0" errors="0" time="3.236">
    <testcase time="0.35499999999999" classname="t_ae_pt_soc_diff_slide" name="Test_table_creation_of_t_ae_pt_soc_diff_slide_safety_summary_table_"/>
    <testcase time="0.332000000000008" classname="t_ae_pt_soc_diff_slide" name="Test_table_creation_of_t_ae_pt_soc_diff_slide_safety_summary_table_prune_by_total_2"/>
    <testcase time="0.673999999999992" classname="t_ae_pt_soc_diff_slide" name="Test_table_creation_of_t_ae_pt_soc_diff_slide_safety_summary_table_prune_by_total_2"/>
    <testcase time="0.399000000000001" classname="t_ae_pt_soc_diff_slide" name="Test_table_creation_of_t_ae_pt_soc_diff_slide_safety_summary_table_prune_by_total_2"/>
    <testcase time="0.665999999999997" classname="t_ae_pt_soc_diff_slide" name="Test_table_creation_of_t_ae_pt_soc_diff_slide_safety_summary_table_prune_by_total_2"/>
    <testcase time="0.533999999999992" classname="t_ae_pt_soc_diff_slide" name="Test_table_creation_of_t_ae_pt_soc_diff_slide_safety_summary_table_prune_by_total_2"/>
    <testcase time="0.27600000000001" classname="t_ae_pt_soc_diff_slide" name="Test_table_creation_of_t_ae_pt_soc_diff_slide_safety_summary_table_"/>
  </testsuite>
  <testsuite name="t_ae_slide" timestamp="2025-07-25T01:13:48Z" hostname="50f8e736e2d1" tests="2" skipped="0" failures="0" errors="0" time="0.748">
    <testcase time="0.682999999999993" classname="t_ae_slide" name="Test_adverse_event_table_creation_of_t_ae_slide_Adverse_Events_for_Patient_"/>
    <testcase time="0.0649999999999977" classname="t_ae_slide" name="Test_adverse_event_table_creation_of_t_ae_slide_with_null_report"/>
  </testsuite>
  <testsuite name="t_ae_summary_slide" timestamp="2025-07-25T01:13:48Z" hostname="50f8e736e2d1" tests="4" skipped="0" failures="0" errors="0" time="1.273">
    <testcase time="0.572000000000003" classname="t_ae_summary_slide" name="Test_table_creation_of_t_ae_summ_slide_safety_summary_table_"/>
    <testcase time="0.581000000000017" classname="t_ae_summary_slide" name="Test_table_creation_of_t_ae_summ_slide_safety_summary_table_"/>
    <testcase time="0.039999999999992" classname="t_ae_summary_slide" name="Test_t_ae_summ_slide_with_expected_Error"/>
    <testcase time="0.0799999999999841" classname="t_ae_summary_slide" name="Test_t_ae_summ_slide_with_null_report"/>
  </testsuite>
  <testsuite name="t_aesi_slide" timestamp="2025-07-25T01:13:50Z" hostname="50f8e736e2d1" tests="5" skipped="0" failures="0" errors="0" time="1.442">
    <testcase time="0.475999999999999" classname="t_aesi_slide" name="Test_table_creation_of_t_aesi_slide_AESI_summary_table_with_AETOXGR_grading"/>
    <testcase time="0.479000000000013" classname="t_aesi_slide" name="Test_table_creation_of_t_aesi_slide_AESI_summary_table_with_AESEV_grading"/>
    <testcase time="0.456999999999994" classname="t_aesi_slide" name="Test_table_creation_of_t_aesi_slide_AESI_summary_table_with_custom_AEGRP_grouping"/>
    <testcase time="0.00800000000000978" classname="t_aesi_slide" name="Test_table_creation_of_t_aesi_slide_with_no_aesi_var_given"/>
    <testcase time="0.0219999999999914" classname="t_aesi_slide" name="Test_table_creation_of_t_aesi_slide_with_aesi_var_not_found_in_dataset"/>
  </testsuite>
  <testsuite name="t_dd_slide" timestamp="2025-07-25T01:13:51Z" hostname="50f8e736e2d1" tests="6" skipped="0" failures="0" errors="0" time="1.094">
    <testcase time="0.177999999999997" classname="t_dd_slide" name="Test_table_creation_of_t_dd_slide_death_table_"/>
    <testcase time="0.0400000000000205" classname="t_dd_slide" name="Test_t_dd_slide_table_with_expected_Error"/>
    <testcase time="0.0559999999999832" classname="t_dd_slide" name="Test_table_creation_of_with_null_report"/>
    <testcase time="0.224999999999994" classname="t_dd_slide" name="Test_table_creation_of_t_dd_slide_death_table_"/>
    <testcase time="0.359000000000009" classname="t_dd_slide" name="Test_table_creation_of_t_dd_slide_death_table_"/>
    <testcase time="0.23599999999999" classname="t_dd_slide" name="Test_table_creation_of_t_dd_slide_death_table_"/>
  </testsuite>
  <testsuite name="t_dm_slide" timestamp="2025-07-25T01:13:52Z" hostname="50f8e736e2d1" tests="6" skipped="0" failures="0" errors="0" time="3.579">
    <testcase time="0.386000000000024" classname="t_dm_slide" name="Test_demographic_table_creation_of_t_dm_slide"/>
    <testcase time="0.73599999999999" classname="t_dm_slide" name="Test_demographic_table_creation_of_t_dm_slide"/>
    <testcase time="0.75" classname="t_dm_slide" name="Test_demographic_table_creation_of_t_dm_slide"/>
    <testcase time="0.484000000000009" classname="t_dm_slide" name="Test_demographic_table_creation_of_t_dm_slide"/>
    <testcase time="0.478999999999985" classname="t_dm_slide" name="Test_demographic_table_creation_of_t_dm_slide"/>
    <testcase time="0.744" classname="t_dm_slide" name="Test_demographic_table_creation_of_t_dm_slide"/>
  </testsuite>
  <testsuite name="t_dor_slide" timestamp="2025-07-25T01:13:56Z" hostname="50f8e736e2d1" tests="2" skipped="0" failures="0" errors="0" time="0.375">
    <testcase time="0.212000000000018" classname="t_dor_slide" name="Test_DOR_table_when_time_unit_is_DAYS_"/>
    <testcase time="0.162999999999982" classname="t_dor_slide" name="Test_DOR_table_when_time_unit_is_YEARS_"/>
  </testsuite>
  <testsuite name="t_ds_slide" timestamp="2025-07-25T01:13:56Z" hostname="50f8e736e2d1" tests="5" skipped="0" failures="0" errors="0" time="2.416">
    <testcase time="0.310000000000002" classname="t_ds_slide" name="Test_table_creation_of_t_ds_slide"/>
    <testcase time="0.626000000000005" classname="t_ds_slide" name="Test_table_creation_of_t_ds_slide"/>
    <testcase time="0.388000000000005" classname="t_ds_slide" name="Test_table_creation_of_t_ds_slide"/>
    <testcase time="0.632000000000005" classname="t_ds_slide" name="Test_table_creation_of_t_ds_slide"/>
    <testcase time="0.45999999999998" classname="t_ds_slide" name="Test_table_creation_of_t_ds_slide"/>
  </testsuite>
  <testsuite name="template" timestamp="2025-07-25T01:13:59Z" hostname="50f8e736e2d1" tests="44" skipped="0" failures="0" errors="0" time="0.371">
    <testcase time="0.0100000000000193" classname="template" name="list_all_templates_test_1_returns_all_available_templates"/>
    <testcase time="0.00799999999998136" classname="template" name="use_template_test_2_saving_when_no_path_is_specified"/>
    <testcase time="0.0300000000000011" classname="template" name="use_template_test_2_saving_when_no_path_is_specified"/>
    <testcase time="0.007000000000005" classname="template" name="use_template_test_2_saving_when_no_path_is_specified"/>
    <testcase time="0.0310000000000059" classname="template" name="use_template_test_2_saving_when_no_path_is_specified"/>
    <testcase time="0.00600000000000023" classname="template" name="use_template_test_3_create_folder_when_it_does_not_exist"/>
    <testcase time="0.007000000000005" classname="template" name="use_template_test_3_create_folder_when_it_does_not_exist"/>
    <testcase time="0.0029999999999859" classname="template" name="use_template_test_3_create_folder_when_it_does_not_exist"/>
    <testcase time="0.00999999999999091" classname="template" name="use_template_test_4_expected_errors"/>
    <testcase time="0.007000000000005" classname="template" name="use_template_test_4_expected_errors"/>
    <testcase time="0.0109999999999957" classname="template" name="use_template_test_5_when_template_is_contained_in_autoslideR"/>
    <testcase time="0.0100000000000193" classname="template" name="use_template_test_6_invalid_template"/>
    <testcase time="0.0109999999999957" classname="template" name="use_template_test_7_all_templates"/>
    <testcase time="0.007000000000005" classname="template" name="use_template_test_7_all_templates"/>
    <testcase time="0.007000000000005" classname="template" name="use_template_test_7_all_templates"/>
    <testcase time="0.00699999999997658" classname="template" name="use_template_test_7_all_templates"/>
    <testcase time="0.00600000000000023" classname="template" name="use_template_test_7_all_templates"/>
    <testcase time="0.007000000000005" classname="template" name="use_template_test_7_all_templates"/>
    <testcase time="0.007000000000005" classname="template" name="use_template_test_7_all_templates"/>
    <testcase time="0.007000000000005" classname="template" name="use_template_test_7_all_templates"/>
    <testcase time="0.007000000000005" classname="template" name="use_template_test_7_all_templates"/>
    <testcase time="0.00699999999997658" classname="template" name="use_template_test_7_all_templates"/>
    <testcase time="0.007000000000005" classname="template" name="use_template_test_7_all_templates"/>
    <testcase time="0.007000000000005" classname="template" name="use_template_test_7_all_templates"/>
    <testcase time="0.007000000000005" classname="template" name="use_template_test_7_all_templates"/>
    <testcase time="0.007000000000005" classname="template" name="use_template_test_7_all_templates"/>
    <testcase time="0.007000000000005" classname="template" name="use_template_test_7_all_templates"/>
    <testcase time="0.00699999999997658" classname="template" name="use_template_test_7_all_templates"/>
    <testcase time="0.0110000000000241" classname="template" name="use_template_test_5_all_templates"/>
    <testcase time="0.00699999999997658" classname="template" name="use_template_test_5_all_templates"/>
    <testcase time="0.007000000000005" classname="template" name="use_template_test_5_all_templates"/>
    <testcase time="0.007000000000005" classname="template" name="use_template_test_5_all_templates"/>
    <testcase time="0.007000000000005" classname="template" name="use_template_test_5_all_templates"/>
    <testcase time="0.007000000000005" classname="template" name="use_template_test_5_all_templates"/>
    <testcase time="0.00699999999997658" classname="template" name="use_template_test_5_all_templates"/>
    <testcase time="0.007000000000005" classname="template" name="use_template_test_5_all_templates"/>
    <testcase time="0.007000000000005" classname="template" name="use_template_test_5_all_templates"/>
    <testcase time="0.007000000000005" classname="template" name="use_template_test_5_all_templates"/>
    <testcase time="0.007000000000005" classname="template" name="use_template_test_5_all_templates"/>
    <testcase time="0.007000000000005" classname="template" name="use_template_test_5_all_templates"/>
    <testcase time="0.00699999999997658" classname="template" name="use_template_test_5_all_templates"/>
    <testcase time="0.007000000000005" classname="template" name="use_template_test_5_all_templates"/>
    <testcase time="0.007000000000005" classname="template" name="use_template_test_5_all_templates"/>
    <testcase time="0.007000000000005" classname="template" name="use_template_test_5_all_templates"/>
  </testsuite>
  <testsuite name="util" timestamp="2025-07-25T01:13:59Z" hostname="50f8e736e2d1" tests="64" skipped="0" failures="0" errors="0" time="0.248">
    <testcase time="0.00899999999998613" classname="util" name="Test_some_functions_in_util.R"/>
    <testcase time="0.00100000000000477" classname="util" name="Test_some_functions_in_util.R"/>
    <testcase time="0.00200000000000955" classname="util" name="Test_some_functions_in_util.R"/>
    <testcase time="0.00100000000000477" classname="util" name="Test_some_functions_in_util.R"/>
    <testcase time="0.00100000000000477" classname="util" name="Test_some_functions_in_util.R"/>
    <testcase time="0.000999999999976353" classname="util" name="Test_some_functions_in_util.R"/>
    <testcase time="0.00800000000000978" classname="util" name="Test_some_functions_in_util.R"/>
    <testcase time="0.00100000000000477" classname="util" name="Test_some_functions_in_util.R"/>
    <testcase time="0.00600000000000023" classname="util" name="Test_some_functions_in_util.R"/>
    <testcase time="0.00100000000000477" classname="util" name="Test_some_functions_in_util.R"/>
    <testcase time="0.007000000000005" classname="util" name="Test_some_functions_in_util.R"/>
    <testcase time="0.000999999999976353" classname="util" name="Test_some_functions_in_util.R"/>
    <testcase time="0.0130000000000052" classname="util" name="Test_some_functions_in_util.R"/>
    <testcase time="0.00300000000001432" classname="util" name="Test_some_functions_in_util.R"/>
    <testcase time="0.00199999999998113" classname="util" name="Test_some_functions_in_util.R"/>
    <testcase time="0.00200000000000955" classname="util" name="Test_some_functions_in_util.R"/>
    <testcase time="0.00200000000000955" classname="util" name="Test_some_functions_in_util.R"/>
    <testcase time="0.00199999999998113" classname="util" name="Test_some_functions_in_util.R"/>
    <testcase time="0.0040000000000191" classname="util" name="validate_paper_size_works_correctly"/>
    <testcase time="0.00199999999998113" classname="util" name="validate_paper_size_works_correctly"/>
    <testcase time="0.00200000000000955" classname="util" name="validate_paper_size_works_correctly"/>
    <testcase time="0.00600000000000023" classname="util" name="validate_paper_size_works_correctly"/>
    <testcase time="0.00499999999999545" classname="util" name="validate_paper_size_works_correctly"/>
    <testcase time="0.00600000000000023" classname="util" name="validate_paper_size_works_correctly"/>
    <testcase time="0.00499999999999545" classname="util" name="validate_paper_size_works_correctly"/>
    <testcase time="0.00900000000001455" classname="util" name="Legacy_warning_functions_work_as_expected"/>
    <testcase time="0.00100000000000477" classname="util" name="Legacy_warning_functions_work_as_expected"/>
    <testcase time="0.00600000000000023" classname="util" name="Legacy_warning_functions_work_as_expected"/>
    <testcase time="0.000999999999976353" classname="util" name="Legacy_warning_functions_work_as_expected"/>
    <testcase time="0.00600000000000023" classname="util" name="Legacy_warning_functions_work_as_expected"/>
    <testcase time="0.00600000000000023" classname="util" name="vbar2newline_correctly_replaces_vertical_bars"/>
    <testcase time="0.00300000000001432" classname="util" name="vbar2newline_correctly_replaces_vertical_bars"/>
    <testcase time="0.0029999999999859" classname="util" name="vbar2newline_correctly_replaces_vertical_bars"/>
    <testcase time="0.00200000000000955" classname="util" name="vbar2newline_correctly_replaces_vertical_bars"/>
    <testcase time="0.00300000000001432" classname="util" name="vbar2newline_correctly_replaces_vertical_bars"/>
    <testcase time="0.00699999999997658" classname="util" name="munge_spaces_correctly_replaces_various_whitespace"/>
    <testcase time="0.00300000000001432" classname="util" name="munge_spaces_correctly_replaces_various_whitespace"/>
    <testcase time="0.0029999999999859" classname="util" name="munge_spaces_correctly_replaces_various_whitespace"/>
    <testcase time="0.00300000000001432" classname="util" name="munge_spaces_correctly_replaces_various_whitespace"/>
    <testcase time="0.0029999999999859" classname="util" name="munge_spaces_correctly_replaces_various_whitespace"/>
    <testcase time="0.00600000000000023" classname="util" name="split_chunk_correctly_splits_text_into_words"/>
    <testcase time="0.00300000000001432" classname="util" name="split_chunk_correctly_splits_text_into_words"/>
    <testcase time="0.0029999999999859" classname="util" name="split_chunk_correctly_splits_text_into_words"/>
    <testcase time="0.00300000000001432" classname="util" name="split_chunk_correctly_splits_text_into_words"/>
    <testcase time="0.0029999999999859" classname="util" name="split_chunk_correctly_splits_text_into_words"/>
    <testcase time="0.00600000000000023" classname="util" name="wrap_chunk_wraps_text_correctly"/>
    <testcase time="0.00300000000001432" classname="util" name="wrap_chunk_wraps_text_correctly"/>
    <testcase time="0.0029999999999859" classname="util" name="wrap_chunk_wraps_text_correctly"/>
    <testcase time="0.00300000000001432" classname="util" name="wrap_chunk_wraps_text_correctly"/>
    <testcase time="0.0029999999999859" classname="util" name="wrap_chunk_wraps_text_correctly"/>
    <testcase time="0.00300000000001432" classname="util" name="wrap_chunk_wraps_text_correctly"/>
    <testcase time="0.007000000000005" classname="util" name="git_footnote_returns_repo"/>
    <testcase time="0.00600000000000023" classname="util" name="create_new_reporting_event"/>
    <testcase time="0.0029999999999859" classname="util" name="create_new_reporting_event"/>
    <testcase time="0.00600000000000023" classname="util" name="create_output_name"/>
    <testcase time="0.00300000000001432" classname="util" name="create_output_name"/>
    <testcase time="0.0029999999999859" classname="util" name="create_output_name"/>
    <testcase time="0.00300000000001432" classname="util" name="create_output_name"/>
    <testcase time="0.00699999999997658" classname="util" name="text_wrap_cut_works_correctly"/>
    <testcase time="0.00300000000001432" classname="util" name="text_wrap_cut_works_correctly"/>
    <testcase time="0.0029999999999859" classname="util" name="text_wrap_cut_works_correctly"/>
    <testcase time="0.00300000000001432" classname="util" name="text_wrap_cut_works_correctly"/>
    <testcase time="0.007000000000005" classname="util" name="text_wrap_cut_keepreturn_respects_existing_newlines"/>
    <testcase time="0.0029999999999859" classname="util" name="text_wrap_cut_keepreturn_respects_existing_newlines"/>
  </testsuite>
  <testsuite name="ai" timestamp="2025-07-25T01:13:59Z" hostname="50f8e736e2d1" tests="2" skipped="2" failures="0" errors="0" time="0.058">
    <testcase time="0.0440000000000111" classname="ai" name="Listing_print_correctly">
      <skipped message="Reason: On CI ('test_ai.R:4:3')"/>
    </testcase>
    <testcase time="0.0139999999999816" classname="ai" name="using_ollama">
      <skipped message="Reason: On CI ('test_ai.R:59:3')"/>
    </testcase>
  </testsuite>
  <testsuite name="format_date" timestamp="2025-07-25T01:13:59Z" hostname="50f8e736e2d1" tests="5" skipped="0" failures="0" errors="0" time="0.272">
    <testcase time="0.169000000000011" classname="format_date" name="Test_format_date"/>
    <testcase time="0.0279999999999916" classname="format_date" name="Test_format_date"/>
    <testcase time="0.0230000000000246" classname="format_date" name="Test_format_date"/>
    <testcase time="0.025999999999982" classname="format_date" name="Test_format_date"/>
    <testcase time="0.0260000000000105" classname="format_date" name="Test_format_date"/>
  </testsuite>
</testsuites>
