<?xml version="1.0" encoding="UTF-8"?>
<testsuites>
  <testsuite name="data_snapshot" timestamp="2024-11-13T22:07:12Z" hostname="8b7876559359" tests="18" skipped="0" failures="0" errors="0" time="0.851">
    <testcase time="0.089" classname="data_snapshot" name="Test_data_snapshot"/>
    <testcase time="0.0999999999999996" classname="data_snapshot" name="Test_data_snapshot"/>
    <testcase time="0.036" classname="data_snapshot" name="Test_data_snapshot"/>
    <testcase time="0.0670000000000002" classname="data_snapshot" name="Test_data_snapshot"/>
    <testcase time="0.0219999999999998" classname="data_snapshot" name="Test_data_snapshot"/>
    <testcase time="0.0579999999999998" classname="data_snapshot" name="Test_data_snapshot"/>
    <testcase time="0.0220000000000002" classname="data_snapshot" name="Test_data_snapshot"/>
    <testcase time="0.0669999999999997" classname="data_snapshot" name="Test_data_snapshot"/>
    <testcase time="0.0230000000000001" classname="data_snapshot" name="Test_data_snapshot"/>
    <testcase time="0.056" classname="data_snapshot" name="Test_data_snapshot"/>
    <testcase time="0.0230000000000001" classname="data_snapshot" name="Test_data_snapshot"/>
    <testcase time="0.0569999999999999" classname="data_snapshot" name="Test_data_snapshot"/>
    <testcase time="0.0339999999999998" classname="data_snapshot" name="Test_data_snapshot"/>
    <testcase time="0.0329999999999999" classname="data_snapshot" name="Test_data_snapshot"/>
    <testcase time="0.0220000000000002" classname="data_snapshot" name="Test_data_snapshot"/>
    <testcase time="0.0600000000000001" classname="data_snapshot" name="Test_data_snapshot"/>
    <testcase time="0.0229999999999997" classname="data_snapshot" name="Test_data_snapshot"/>
    <testcase time="0.0590000000000002" classname="data_snapshot" name="Test_data_snapshot"/>
  </testsuite>
  <testsuite name="decorate" timestamp="2024-11-13T22:07:12Z" hostname="8b7876559359" tests="6" skipped="0" failures="0" errors="0" time="0.429">
    <testcase time="0.0270000000000001" classname="decorate" name="Test_decoreate_not_to_throw"/>
    <testcase time="0.15" classname="decorate" name="Test_decoreate_not_to_throw"/>
    <testcase time="0.0629999999999997" classname="decorate" name="Test_print_not_to_throw"/>
    <testcase time="0.0629999999999997" classname="decorate" name="Test_print_not_to_throw"/>
    <testcase time="0.116000000000001" classname="decorate" name="Test_print_not_to_throw"/>
    <testcase time="0.00999999999999979" classname="decorate" name="Test_decoreate_throw"/>
  </testsuite>
  <testsuite name="log" timestamp="2024-11-13T22:07:13Z" hostname="8b7876559359" tests="2" skipped="0" failures="0" errors="0" time="0.018">
    <testcase time="0.016" classname="log" name="Test_some_functions_in_log.R"/>
    <testcase time="0.00199999999999978" classname="log" name="Test_some_functions_in_log.R"/>
  </testsuite>
  <testsuite name="save_output" timestamp="2024-11-13T22:07:13Z" hostname="8b7876559359" tests="1" skipped="0" failures="0" errors="0" time="0.358">
    <testcase time="0.358" classname="save_output" name="save_an_output"/>
  </testsuite>
  <testsuite name="t_dd_slide" timestamp="2024-11-13T22:07:13Z" hostname="8b7876559359" tests="6" skipped="0" failures="0" errors="0" time="0.9">
    <testcase time="0.249000000000001" classname="t_dd_slide" name="Test_table_creation_of_t_dd_slide_death_table_"/>
    <testcase time="0.0460000000000003" classname="t_dd_slide" name="Test_t_dd_slide_table_with_expected_Error"/>
    <testcase time="0.132" classname="t_dd_slide" name="Test_table_creation_of_with_null_report"/>
    <testcase time="0.209" classname="t_dd_slide" name="Test_table_creation_of_t_dd_slide_death_table_"/>
    <testcase time="0.175000000000001" classname="t_dd_slide" name="Test_table_creation_of_t_dd_slide_death_table_"/>
    <testcase time="0.0889999999999995" classname="t_dd_slide" name="Test_table_creation_of_t_dd_slide_death_table_"/>
  </testsuite>
  <testsuite name="t_dm_slide" timestamp="2024-11-13T22:07:14Z" hostname="8b7876559359" tests="5" skipped="0" failures="0" errors="0" time="1.692">
    <testcase time="0.432" classname="t_dm_slide" name="Test_demographic_table_creation_of_t_dm_slide"/>
    <testcase time="0.362" classname="t_dm_slide" name="Test_demographic_table_creation_of_t_dm_slide"/>
    <testcase time="0.356999999999999" classname="t_dm_slide" name="Test_demographic_table_creation_of_t_dm_slide"/>
    <testcase time="0.185" classname="t_dm_slide" name="Test_demographic_table_creation_of_t_dm_slide"/>
    <testcase time="0.356" classname="t_dm_slide" name="Test_demographic_table_creation_of_t_dm_slide"/>
  </testsuite>
  <testsuite name="t_dor_slide" timestamp="2024-11-13T22:07:16Z" hostname="8b7876559359" tests="2" skipped="0" failures="0" errors="0" time="0.345">
    <testcase time="0.184" classname="t_dor_slide" name="Test_DOR_table_when_time_unit_is_DAYS_"/>
    <testcase time="0.161" classname="t_dor_slide" name="Test_DOR_table_when_time_unit_is_YEARS_"/>
  </testsuite>
</testsuites>
