<?xml version="1.0" encoding="UTF-8"?>
<testsuites>
  <testsuite name="data_snapshot" timestamp="2024-11-13T21:57:31Z" hostname="6bb1c352480d" tests="18" skipped="0" failures="0" errors="0" time="0.848">
    <testcase time="0.0859999999999999" classname="data_snapshot" name="Test_data_snapshot"/>
    <testcase time="0.102" classname="data_snapshot" name="Test_data_snapshot"/>
    <testcase time="0.036" classname="data_snapshot" name="Test_data_snapshot"/>
    <testcase time="0.0700000000000003" classname="data_snapshot" name="Test_data_snapshot"/>
    <testcase time="0.0219999999999998" classname="data_snapshot" name="Test_data_snapshot"/>
    <testcase time="0.0580000000000003" classname="data_snapshot" name="Test_data_snapshot"/>
    <testcase time="0.0219999999999998" classname="data_snapshot" name="Test_data_snapshot"/>
    <testcase time="0.0660000000000003" classname="data_snapshot" name="Test_data_snapshot"/>
    <testcase time="0.0219999999999998" classname="data_snapshot" name="Test_data_snapshot"/>
    <testcase time="0.0539999999999998" classname="data_snapshot" name="Test_data_snapshot"/>
    <testcase time="0.0220000000000002" classname="data_snapshot" name="Test_data_snapshot"/>
    <testcase time="0.056" classname="data_snapshot" name="Test_data_snapshot"/>
    <testcase time="0.0350000000000001" classname="data_snapshot" name="Test_data_snapshot"/>
    <testcase time="0.0329999999999999" classname="data_snapshot" name="Test_data_snapshot"/>
    <testcase time="0.0219999999999998" classname="data_snapshot" name="Test_data_snapshot"/>
    <testcase time="0.0609999999999999" classname="data_snapshot" name="Test_data_snapshot"/>
    <testcase time="0.0220000000000002" classname="data_snapshot" name="Test_data_snapshot"/>
    <testcase time="0.0589999999999997" classname="data_snapshot" name="Test_data_snapshot"/>
  </testsuite>
  <testsuite name="decorate" timestamp="2024-11-13T21:57:32Z" hostname="6bb1c352480d" tests="6" skipped="0" failures="0" errors="0" time="0.423">
    <testcase time="0.0270000000000001" classname="decorate" name="Test_decoreate_not_to_throw"/>
    <testcase time="0.143" classname="decorate" name="Test_decoreate_not_to_throw"/>
    <testcase time="0.0629999999999997" classname="decorate" name="Test_print_not_to_throw"/>
    <testcase time="0.0640000000000001" classname="decorate" name="Test_print_not_to_throw"/>
    <testcase time="0.116" classname="decorate" name="Test_print_not_to_throw"/>
    <testcase time="0.0100000000000007" classname="decorate" name="Test_decoreate_throw"/>
  </testsuite>
  <testsuite name="log" timestamp="2024-11-13T21:57:33Z" hostname="6bb1c352480d" tests="2" skipped="0" failures="0" errors="0" time="0.018">
    <testcase time="0.0169999999999995" classname="log" name="Test_some_functions_in_log.R"/>
    <testcase time="0.00100000000000033" classname="log" name="Test_some_functions_in_log.R"/>
  </testsuite>
  <testsuite name="save_output" timestamp="2024-11-13T21:57:33Z" hostname="6bb1c352480d" tests="1" skipped="0" failures="0" errors="0" time="0.36">
    <testcase time="0.36" classname="save_output" name="save_an_output"/>
  </testsuite>
  <testsuite name="t_dd_slide" timestamp="2024-11-13T21:57:33Z" hostname="6bb1c352480d" tests="6" skipped="0" failures="0" errors="0" time="0.886">
    <testcase time="0.247" classname="t_dd_slide" name="Test_table_creation_of_t_dd_slide_death_table_"/>
    <testcase time="0.0449999999999999" classname="t_dd_slide" name="Test_t_dd_slide_table_with_expected_Error"/>
    <testcase time="0.131" classname="t_dd_slide" name="Test_table_creation_of_with_null_report"/>
    <testcase time="0.208" classname="t_dd_slide" name="Test_table_creation_of_t_dd_slide_death_table_"/>
    <testcase time="0.168" classname="t_dd_slide" name="Test_table_creation_of_t_dd_slide_death_table_"/>
    <testcase time="0.0869999999999997" classname="t_dd_slide" name="Test_table_creation_of_t_dd_slide_death_table_"/>
  </testsuite>
  <testsuite name="t_dm_slide" timestamp="2024-11-13T21:57:34Z" hostname="6bb1c352480d" tests="5" skipped="0" failures="0" errors="0" time="1.687">
    <testcase time="0.435" classname="t_dm_slide" name="Test_demographic_table_creation_of_t_dm_slide"/>
    <testcase time="0.356000000000001" classname="t_dm_slide" name="Test_demographic_table_creation_of_t_dm_slide"/>
    <testcase time="0.355" classname="t_dm_slide" name="Test_demographic_table_creation_of_t_dm_slide"/>
    <testcase time="0.187" classname="t_dm_slide" name="Test_demographic_table_creation_of_t_dm_slide"/>
    <testcase time="0.354" classname="t_dm_slide" name="Test_demographic_table_creation_of_t_dm_slide"/>
  </testsuite>
  <testsuite name="t_dor_slide" timestamp="2024-11-13T21:57:36Z" hostname="6bb1c352480d" tests="2" skipped="0" failures="0" errors="0" time="0.351">
    <testcase time="0.186999999999999" classname="t_dor_slide" name="Test_DOR_table_when_time_unit_is_DAYS_"/>
    <testcase time="0.164000000000001" classname="t_dor_slide" name="Test_DOR_table_when_time_unit_is_YEARS_"/>
  </testsuite>
</testsuites>
