<?xml version="1.0" encoding="UTF-8"?>
<testsuites>
  <testsuite name="data_snapshot" timestamp="2024-11-13T07:26:25Z" hostname="110281f92340" tests="1" skipped="1" failures="0" errors="0" time="0.067">
    <testcase time="0.0670000000000002" classname="data_snapshot" name="Test_data_snapshot">
      <skipped message="Reason: On CRAN ('test-data_snapshot.R:4:5')"/>
    </testcase>
  </testsuite>
</testsuites>
