<?xml version="1.0" encoding="UTF-8"?>
<testsuites>
  <testsuite name="data_snapshot" timestamp="2024-11-13T13:18:42Z" hostname="5bd9d82af9c4" tests="18" skipped="0" failures="0" errors="0" time="0.842">
    <testcase time="0.0869999999999997" classname="data_snapshot" name="Test_data_snapshot"/>
    <testcase time="0.0990000000000002" classname="data_snapshot" name="Test_data_snapshot"/>
    <testcase time="0.0350000000000001" classname="data_snapshot" name="Test_data_snapshot"/>
    <testcase time="0.0680000000000001" classname="data_snapshot" name="Test_data_snapshot"/>
    <testcase time="0.0219999999999998" classname="data_snapshot" name="Test_data_snapshot"/>
    <testcase time="0.0579999999999998" classname="data_snapshot" name="Test_data_snapshot"/>
    <testcase time="0.0220000000000002" classname="data_snapshot" name="Test_data_snapshot"/>
    <testcase time="0.0669999999999997" classname="data_snapshot" name="Test_data_snapshot"/>
    <testcase time="0.0220000000000002" classname="data_snapshot" name="Test_data_snapshot"/>
    <testcase time="0.0550000000000002" classname="data_snapshot" name="Test_data_snapshot"/>
    <testcase time="0.0219999999999998" classname="data_snapshot" name="Test_data_snapshot"/>
    <testcase time="0.0569999999999999" classname="data_snapshot" name="Test_data_snapshot"/>
    <testcase time="0.0329999999999999" classname="data_snapshot" name="Test_data_snapshot"/>
    <testcase time="0.032" classname="data_snapshot" name="Test_data_snapshot"/>
    <testcase time="0.0230000000000001" classname="data_snapshot" name="Test_data_snapshot"/>
    <testcase time="0.0590000000000002" classname="data_snapshot" name="Test_data_snapshot"/>
    <testcase time="0.0219999999999998" classname="data_snapshot" name="Test_data_snapshot"/>
    <testcase time="0.0590000000000002" classname="data_snapshot" name="Test_data_snapshot"/>
  </testsuite>
  <testsuite name="decorate" timestamp="2024-11-13T13:18:43Z" hostname="5bd9d82af9c4" tests="6" skipped="0" failures="0" errors="0" time="0.401">
    <testcase time="0.0259999999999998" classname="decorate" name="Test_decoreate_not_to_throw"/>
    <testcase time="0.125" classname="decorate" name="Test_decoreate_not_to_throw"/>
    <testcase time="0.0630000000000002" classname="decorate" name="Test_print_not_to_throw"/>
    <testcase time="0.0640000000000001" classname="decorate" name="Test_print_not_to_throw"/>
    <testcase time="0.114000000000001" classname="decorate" name="Test_print_not_to_throw"/>
    <testcase time="0.00899999999999945" classname="decorate" name="Test_decoreate_throw"/>
  </testsuite>
  <testsuite name="log" timestamp="2024-11-13T13:18:43Z" hostname="5bd9d82af9c4" tests="2" skipped="0" failures="0" errors="0" time="0.018">
    <testcase time="0.016" classname="log" name="Test_some_functions_in_log.R"/>
    <testcase time="0.00199999999999978" classname="log" name="Test_some_functions_in_log.R"/>
  </testsuite>
  <testsuite name="save_output" timestamp="2024-11-13T13:18:43Z" hostname="5bd9d82af9c4" tests="3" skipped="0" failures="0" errors="3" time="0.124">
    <testcase time="0.016" classname="save_output" name="save_an_output">
      <error type="error" message="Error in `h(simpleError(msg, call))`: error in evaluating the argument 'x' in selecting a method for function 'decorate': could not find function &quot;t_ds_slide&quot; ('test-save_output.R:2:3')">Error in `h(simpleError(msg, call))`: error in evaluating the argument 'x' in selecting a method for function 'decorate': could not find function "t_ds_slide"
Backtrace:
    x
 1. +-t_ds_slide(adsl = testdata$adsl) %&gt;% ... at test-save_output.R:2:3
 2. +-autoslider.core::decorate(., title = "test title", footnote = "")
 3. \-base::.handleSimpleError(...)
 4.   \-base (local) h(simpleError(msg, call))</error>
    </testcase>
    <testcase time="0.0740000000000007" classname="save_output" name="Test_save_output_Save_an_Output_">
      <error type="error" message="Error in `h(simpleError(msg, call))`: error in evaluating the argument 'output' in selecting a method for function 'save_output': error in evaluating the argument 'x' in selecting a method for function 'decorate': could not find function &quot;t_ae_pt_slide&quot; ('test-save_output.R:22:3')">Error in `h(simpleError(msg, call))`: error in evaluating the argument 'output' in selecting a method for function 'save_output': error in evaluating the argument 'x' in selecting a method for function 'decorate': could not find function "t_ae_pt_slide"
Backtrace:
    x
 1. \-testthat::expect_snapshot(...) at test-save_output.R:22:3
 2.   \-rlang::cnd_signal(state$error)</error>
    </testcase>
    <testcase time="0.0339999999999998" classname="save_output" name="save_an_output">
      <error type="error" message="Error in `h(simpleError(msg, call))`: error in evaluating the argument 'x' in selecting a method for function 'decorate': could not find function &quot;t_ds_slide&quot; ('test-save_output.R:36:3')">Error in `h(simpleError(msg, call))`: error in evaluating the argument 'x' in selecting a method for function 'decorate': could not find function "t_ds_slide"
Backtrace:
    x
 1. +-t_ds_slide(adsl = testdata$adsl) %&gt;% ... at test-save_output.R:36:3
 2. +-autoslider.core::decorate(., title = "test title", footnote = "")
 3. \-base::.handleSimpleError(...)
 4.   \-base (local) h(simpleError(msg, call))</error>
    </testcase>
  </testsuite>
  <testsuite name="t_dd_slide" timestamp="2024-11-13T13:18:43Z" hostname="5bd9d82af9c4" tests="6" skipped="0" failures="0" errors="0" time="0.995">
    <testcase time="0.357" classname="t_dd_slide" name="Test_table_creation_of_t_dd_slide_death_table_"/>
    <testcase time="0.04" classname="t_dd_slide" name="Test_t_dd_slide_table_with_expected_Error"/>
    <testcase time="0.13" classname="t_dd_slide" name="Test_table_creation_of_with_null_report"/>
    <testcase time="0.223999999999999" classname="t_dd_slide" name="Test_table_creation_of_t_dd_slide_death_table_"/>
    <testcase time="0.162000000000001" classname="t_dd_slide" name="Test_table_creation_of_t_dd_slide_death_table_"/>
    <testcase time="0.0819999999999999" classname="t_dd_slide" name="Test_table_creation_of_t_dd_slide_death_table_"/>
  </testsuite>
  <testsuite name="t_dm_slide" timestamp="2024-11-13T13:18:44Z" hostname="5bd9d82af9c4" tests="5" skipped="0" failures="0" errors="0" time="1.682">
    <testcase time="0.44" classname="t_dm_slide" name="Test_demographic_table_creation_of_t_dm_slide"/>
    <testcase time="0.347" classname="t_dm_slide" name="Test_demographic_table_creation_of_t_dm_slide"/>
    <testcase time="0.36" classname="t_dm_slide" name="Test_demographic_table_creation_of_t_dm_slide"/>
    <testcase time="0.177" classname="t_dm_slide" name="Test_demographic_table_creation_of_t_dm_slide"/>
    <testcase time="0.358" classname="t_dm_slide" name="Test_demographic_table_creation_of_t_dm_slide"/>
  </testsuite>
  <testsuite name="t_dor_slide" timestamp="2024-11-13T13:18:46Z" hostname="5bd9d82af9c4" tests="2" skipped="0" failures="0" errors="0" time="0.34">
    <testcase time="0.176" classname="t_dor_slide" name="Test_DOR_table_when_time_unit_is_DAYS_"/>
    <testcase time="0.164" classname="t_dor_slide" name="Test_DOR_table_when_time_unit_is_YEARS_"/>
  </testsuite>
</testsuites>
