<?xml version="1.0" encoding="UTF-8"?>
<testsuites>
  <testsuite name="data_snapshot" timestamp="2024-11-13T22:12:20Z" hostname="b988f11f4116" tests="1" skipped="1" failures="0" errors="0" time="0.056">
    <testcase time="0.056" classname="data_snapshot" name="Test_data_snapshot">
      <skipped message="Reason: On CRAN ('test-data_snapshot.R:6:5')"/>
    </testcase>
  </testsuite>
  <testsuite name="decorate" timestamp="2024-11-13T22:12:21Z" hostname="b988f11f4116" tests="6" skipped="0" failures="0" errors="0" time="0.508">
    <testcase time="0.0649999999999999" classname="decorate" name="Test_decoreate_not_to_throw"/>
    <testcase time="0.185" classname="decorate" name="Test_decoreate_not_to_throw"/>
    <testcase time="0.0680000000000001" classname="decorate" name="Test_print_not_to_throw"/>
    <testcase time="0.0590000000000002" classname="decorate" name="Test_print_not_to_throw"/>
    <testcase time="0.121" classname="decorate" name="Test_print_not_to_throw"/>
    <testcase time="0.00999999999999979" classname="decorate" name="Test_decoreate_throw"/>
  </testsuite>
  <testsuite name="log" timestamp="2024-11-13T22:12:21Z" hostname="b988f11f4116" tests="2" skipped="0" failures="0" errors="0" time="0.018">
    <testcase time="0.0169999999999999" classname="log" name="Test_some_functions_in_log.R"/>
    <testcase time="0.00100000000000033" classname="log" name="Test_some_functions_in_log.R"/>
  </testsuite>
  <testsuite name="save_output" timestamp="2024-11-13T22:12:21Z" hostname="b988f11f4116" tests="1" skipped="0" failures="0" errors="0" time="0.351">
    <testcase time="0.351" classname="save_output" name="save_an_output"/>
  </testsuite>
  <testsuite name="t_dd_slide" timestamp="2024-11-13T22:12:21Z" hostname="b988f11f4116" tests="5" skipped="5" failures="0" errors="0" time="0.775">
    <testcase time="0.236" classname="t_dd_slide" name="Test_table_creation_of_t_dd_slide_death_table_">
      <skipped message="Reason: On CRAN ('test-t_dd_slide.R:2:3')"/>
    </testcase>
    <testcase time="0.04" classname="t_dd_slide" name="Test_t_dd_slide_table_with_expected_Error">
      <skipped message="Reason: On CRAN ('test-t_dd_slide.R:6:3')"/>
    </testcase>
    <testcase time="0.133" classname="t_dd_slide" name="Test_table_creation_of_with_null_report">
      <skipped message="Reason: On CRAN ('test-t_dd_slide.R:10:3')"/>
    </testcase>
    <testcase time="0.209" classname="t_dd_slide" name="Test_table_creation_of_t_dd_slide_death_table_">
      <skipped message="Reason: On CRAN ('test-t_dd_slide.R:15:3')"/>
    </testcase>
    <testcase time="0.157" classname="t_dd_slide" name="Test_table_creation_of_t_dd_slide_death_table_">
      <skipped message="Reason: On CRAN ('test-t_dd_slide.R:20:3')"/>
    </testcase>
  </testsuite>
  <testsuite name="t_dm_slide" timestamp="2024-11-13T22:12:22Z" hostname="b988f11f4116" tests="1" skipped="1" failures="0" errors="0" time="0.394">
    <testcase time="0.394" classname="t_dm_slide" name="Test_demographic_table_creation_of_t_dm_slide">
      <skipped message="Reason: On CRAN ('test-t_dm_slide.R:3:3')"/>
    </testcase>
  </testsuite>
  <testsuite name="t_dor_slide" timestamp="2024-11-13T22:12:23Z" hostname="b988f11f4116" tests="2" skipped="2" failures="0" errors="0" time="0.323">
    <testcase time="0.167000000000001" classname="t_dor_slide" name="Test_DOR_table_when_time_unit_is_DAYS_">
      <skipped message="Reason: On CRAN ('test-t_dor_slide.R:8:3')"/>
    </testcase>
    <testcase time="0.156" classname="t_dor_slide" name="Test_DOR_table_when_time_unit_is_YEARS_">
      <skipped message="Reason: On CRAN ('test-t_dor_slide.R:19:3')"/>
    </testcase>
  </testsuite>
</testsuites>
