<?xml version="1.0" encoding="UTF-8"?>
<testsuites>
  <testsuite name="data_snapshot" timestamp="2024-11-13T13:03:25Z" hostname="d777187e35be" tests="18" skipped="0" failures="0" errors="0" time="0.847">
    <testcase time="0.0869999999999997" classname="data_snapshot" name="Test_data_snapshot"/>
    <testcase time="0.1" classname="data_snapshot" name="Test_data_snapshot"/>
    <testcase time="0.036" classname="data_snapshot" name="Test_data_snapshot"/>
    <testcase time="0.0680000000000001" classname="data_snapshot" name="Test_data_snapshot"/>
    <testcase time="0.0220000000000002" classname="data_snapshot" name="Test_data_snapshot"/>
    <testcase time="0.0579999999999998" classname="data_snapshot" name="Test_data_snapshot"/>
    <testcase time="0.0230000000000001" classname="data_snapshot" name="Test_data_snapshot"/>
    <testcase time="0.0669999999999997" classname="data_snapshot" name="Test_data_snapshot"/>
    <testcase time="0.0220000000000002" classname="data_snapshot" name="Test_data_snapshot"/>
    <testcase time="0.0549999999999997" classname="data_snapshot" name="Test_data_snapshot"/>
    <testcase time="0.0230000000000001" classname="data_snapshot" name="Test_data_snapshot"/>
    <testcase time="0.0569999999999999" classname="data_snapshot" name="Test_data_snapshot"/>
    <testcase time="0.0329999999999999" classname="data_snapshot" name="Test_data_snapshot"/>
    <testcase time="0.0330000000000004" classname="data_snapshot" name="Test_data_snapshot"/>
    <testcase time="0.0229999999999997" classname="data_snapshot" name="Test_data_snapshot"/>
    <testcase time="0.0590000000000002" classname="data_snapshot" name="Test_data_snapshot"/>
    <testcase time="0.0220000000000002" classname="data_snapshot" name="Test_data_snapshot"/>
    <testcase time="0.0589999999999997" classname="data_snapshot" name="Test_data_snapshot"/>
  </testsuite>
  <testsuite name="decorate" timestamp="2024-11-13T13:03:26Z" hostname="d777187e35be" tests="5" skipped="0" failures="0" errors="1" time="0.371">
    <testcase time="0.032" classname="decorate" name="Test_decoreate_not_to_throw">
      <error type="error" message="&lt;packageNotFoundError/error/condition&gt; ('test-decorate.R:23:3')">&lt;packageNotFoundError/error/condition&gt;
Error in `loadNamespace(x)`: there is no package called 'autoslideR'
Backtrace:
    x
 1. \-base::loadNamespace(x) at test-decorate.R:23:3
 2.   \-base::withRestarts(stop(cond), retry_loadNamespace = function() NULL)
 3.     \-base (local) withOneRestart(expr, restarts[[1L]])
 4.       \-base (local) doWithOneRestart(return(expr), restart)</error>
    </testcase>
    <testcase time="0.15" classname="decorate" name="Test_print_not_to_throw"/>
    <testcase time="0.0590000000000002" classname="decorate" name="Test_print_not_to_throw"/>
    <testcase time="0.122" classname="decorate" name="Test_print_not_to_throw"/>
    <testcase time="0.00800000000000001" classname="decorate" name="Test_decoreate_throw"/>
  </testsuite>
  <testsuite name="log" timestamp="2024-11-13T13:03:26Z" hostname="d777187e35be" tests="2" skipped="0" failures="0" errors="0" time="0.018">
    <testcase time="0.016" classname="log" name="Test_some_functions_in_log.R"/>
    <testcase time="0.00199999999999978" classname="log" name="Test_some_functions_in_log.R"/>
  </testsuite>
  <testsuite name="save_output" timestamp="2024-11-13T13:03:26Z" hostname="d777187e35be" tests="3" skipped="0" failures="0" errors="3" time="0.125">
    <testcase time="0.0100000000000007" classname="save_output" name="save_an_output">
      <error type="error" message="Error in `h(simpleError(msg, call))`: error in evaluating the argument 'x' in selecting a method for function 'decorate': could not find function &quot;t_ds_slide&quot; ('test-save_output.R:2:3')">Error in `h(simpleError(msg, call))`: error in evaluating the argument 'x' in selecting a method for function 'decorate': could not find function "t_ds_slide"
Backtrace:
    x
 1. +-t_ds_slide(adsl = testdata$adsl) %&gt;% ... at test-save_output.R:2:3
 2. +-autoslider.core::decorate(., title = "test title", footnote = "")
 3. \-base::.handleSimpleError(...)
 4.   \-base (local) h(simpleError(msg, call))</error>
    </testcase>
    <testcase time="0.0880000000000001" classname="save_output" name="Test_save_output_Save_an_Output_">
      <error type="error" message="Error in `h(simpleError(msg, call))`: error in evaluating the argument 'output' in selecting a method for function 'save_output': error in evaluating the argument 'x' in selecting a method for function 'decorate': could not find function &quot;t_ae_pt_slide&quot; ('test-save_output.R:22:3')">Error in `h(simpleError(msg, call))`: error in evaluating the argument 'output' in selecting a method for function 'save_output': error in evaluating the argument 'x' in selecting a method for function 'decorate': could not find function "t_ae_pt_slide"
Backtrace:
    x
 1. \-testthat::expect_snapshot(...) at test-save_output.R:22:3
 2.   \-rlang::cnd_signal(state$error)</error>
    </testcase>
    <testcase time="0.0269999999999992" classname="save_output" name="save_an_output">
      <error type="error" message="Error in `h(simpleError(msg, call))`: error in evaluating the argument 'x' in selecting a method for function 'decorate': could not find function &quot;t_ds_slide&quot; ('test-save_output.R:36:3')">Error in `h(simpleError(msg, call))`: error in evaluating the argument 'x' in selecting a method for function 'decorate': could not find function "t_ds_slide"
Backtrace:
    x
 1. +-t_ds_slide(adsl = testdata$adsl) %&gt;% ... at test-save_output.R:36:3
 2. +-autoslider.core::decorate(., title = "test title", footnote = "")
 3. \-base::.handleSimpleError(...)
 4.   \-base (local) h(simpleError(msg, call))</error>
    </testcase>
  </testsuite>
  <testsuite name="t_dd_slide" timestamp="2024-11-13T13:03:26Z" hostname="d777187e35be" tests="9" skipped="0" failures="1" errors="1" time="1.077">
    <testcase time="0.338" classname="t_dd_slide" name="Test_table_creation_of_t_dd_slide_death_table_"/>
    <testcase time="0.0150000000000006" classname="t_dd_slide" name="Test_table_creation_of_t_dd_slide_death_table_"/>
    <testcase time="0.125999999999999" classname="t_dd_slide" name="Test_t_dd_slide_table_with_expected_Error">
      <failure type="failure" message="Snapshot of code has changed: ('test-t_dd_slide.R:6:3')">Snapshot of code has changed:
old vs new
  Code
    t_dd_slide(adsl, "TRT")
  Condition
-   Error:
+   Error in `fix_one_split_var()`:
-   ! object 'adsl' not found
+   ! Split variable [TRT] not found in data being tabulated.

* Run `testthat::snapshot_accept('t_dd_slide')` to accept the change.
* Run `testthat::snapshot_review('t_dd_slide')` to interactively review the change.</failure>
    </testcase>
    <testcase time="0.0280000000000005" classname="t_dd_slide" name="Test_table_creation_of_with_null_report">
      <error type="error" message="Error in `null_report()`: could not find function &quot;null_report&quot; ('test-t_dd_slide.R:10:3')">Error in `null_report()`: could not find function "null_report"
Backtrace:
    x
 1. \-testthat::expect_snapshot(t_dd_slide(testdata$adsl[0, ], "TRT01A")) at test-t_dd_slide.R:10:3
 2.   \-rlang::cnd_signal(state$error)</error>
    </testcase>
    <testcase time="0.303" classname="t_dd_slide" name="Test_table_creation_of_t_dd_slide_death_table_"/>
    <testcase time="0.0149999999999997" classname="t_dd_slide" name="Test_table_creation_of_t_dd_slide_death_table_"/>
    <testcase time="0.15" classname="t_dd_slide" name="Test_table_creation_of_t_dd_slide_death_table_"/>
    <testcase time="0.0149999999999997" classname="t_dd_slide" name="Test_table_creation_of_t_dd_slide_death_table_"/>
    <testcase time="0.0869999999999997" classname="t_dd_slide" name="Test_table_creation_of_t_dd_slide_death_table_"/>
  </testsuite>
  <testsuite name="t_dm_slide" timestamp="2024-11-13T13:03:27Z" hostname="d777187e35be" tests="5" skipped="0" failures="0" errors="0" time="1.735">
    <testcase time="0.461" classname="t_dm_slide" name="Test_demographic_table_creation_of_t_dm_slide"/>
    <testcase time="0.362" classname="t_dm_slide" name="Test_demographic_table_creation_of_t_dm_slide"/>
    <testcase time="0.365" classname="t_dm_slide" name="Test_demographic_table_creation_of_t_dm_slide"/>
    <testcase time="0.184" classname="t_dm_slide" name="Test_demographic_table_creation_of_t_dm_slide"/>
    <testcase time="0.363" classname="t_dm_slide" name="Test_demographic_table_creation_of_t_dm_slide"/>
  </testsuite>
  <testsuite name="t_dor_slide" timestamp="2024-11-13T13:03:29Z" hostname="d777187e35be" tests="2" skipped="0" failures="0" errors="0" time="0.348">
    <testcase time="0.177" classname="t_dor_slide" name="Test_DOR_table_when_time_unit_is_DAYS_"/>
    <testcase time="0.170999999999999" classname="t_dor_slide" name="Test_DOR_table_when_time_unit_is_YEARS_"/>
  </testsuite>
</testsuites>
