<?xml version="1.0" encoding="UTF-8"?>
<testsuites>
  <testsuite name="data_snapshot" timestamp="2024-11-13T23:10:37Z" hostname="82b6b1788ae0" tests="1" skipped="1" failures="0" errors="0" time="0.057">
    <testcase time="0.0570000000000004" classname="data_snapshot" name="Test_data_snapshot">
      <skipped message="Reason: On CRAN ('test-data_snapshot.R:6:5')"/>
    </testcase>
  </testsuite>
  <testsuite name="decorate" timestamp="2024-11-13T23:10:37Z" hostname="82b6b1788ae0" tests="6" skipped="0" failures="0" errors="0" time="0.512">
    <testcase time="0.0619999999999998" classname="decorate" name="Test_decoreate_not_to_throw"/>
    <testcase time="0.193" classname="decorate" name="Test_decoreate_not_to_throw"/>
    <testcase time="0.069" classname="decorate" name="Test_print_not_to_throw"/>
    <testcase time="0.0590000000000002" classname="decorate" name="Test_print_not_to_throw"/>
    <testcase time="0.12" classname="decorate" name="Test_print_not_to_throw"/>
    <testcase time="0.00900000000000034" classname="decorate" name="Test_decoreate_throw"/>
  </testsuite>
  <testsuite name="log" timestamp="2024-11-13T23:10:38Z" hostname="82b6b1788ae0" tests="2" skipped="0" failures="0" errors="0" time="0.018">
    <testcase time="0.0169999999999999" classname="log" name="Test_some_functions_in_log.R"/>
    <testcase time="0.00099999999999989" classname="log" name="Test_some_functions_in_log.R"/>
  </testsuite>
  <testsuite name="save_output" timestamp="2024-11-13T23:10:38Z" hostname="82b6b1788ae0" tests="1" skipped="0" failures="0" errors="0" time="0.344">
    <testcase time="0.344" classname="save_output" name="save_an_output"/>
  </testsuite>
  <testsuite name="t_dd_slide" timestamp="2024-11-13T23:10:38Z" hostname="82b6b1788ae0" tests="5" skipped="5" failures="0" errors="0" time="0.772">
    <testcase time="0.239" classname="t_dd_slide" name="Test_table_creation_of_t_dd_slide_death_table_">
      <skipped message="Reason: On CRAN ('test-t_dd_slide.R:2:3')"/>
    </testcase>
    <testcase time="0.0390000000000006" classname="t_dd_slide" name="Test_t_dd_slide_table_with_expected_Error">
      <skipped message="Reason: On CRAN ('test-t_dd_slide.R:6:3')"/>
    </testcase>
    <testcase time="0.129" classname="t_dd_slide" name="Test_table_creation_of_with_null_report">
      <skipped message="Reason: On CRAN ('test-t_dd_slide.R:10:3')"/>
    </testcase>
    <testcase time="0.209000000000001" classname="t_dd_slide" name="Test_table_creation_of_t_dd_slide_death_table_">
      <skipped message="Reason: On CRAN ('test-t_dd_slide.R:15:3')"/>
    </testcase>
    <testcase time="0.156" classname="t_dd_slide" name="Test_table_creation_of_t_dd_slide_death_table_">
      <skipped message="Reason: On CRAN ('test-t_dd_slide.R:20:3')"/>
    </testcase>
  </testsuite>
  <testsuite name="t_dm_slide" timestamp="2024-11-13T23:10:39Z" hostname="82b6b1788ae0" tests="1" skipped="1" failures="0" errors="0" time="0.385">
    <testcase time="0.385" classname="t_dm_slide" name="Test_demographic_table_creation_of_t_dm_slide">
      <skipped message="Reason: On CRAN ('test-t_dm_slide.R:3:3')"/>
    </testcase>
  </testsuite>
  <testsuite name="t_dor_slide" timestamp="2024-11-13T23:10:39Z" hostname="82b6b1788ae0" tests="2" skipped="2" failures="0" errors="0" time="0.317">
    <testcase time="0.165" classname="t_dor_slide" name="Test_DOR_table_when_time_unit_is_DAYS_">
      <skipped message="Reason: On CRAN ('test-t_dor_slide.R:8:3')"/>
    </testcase>
    <testcase time="0.152" classname="t_dor_slide" name="Test_DOR_table_when_time_unit_is_YEARS_">
      <skipped message="Reason: On CRAN ('test-t_dor_slide.R:19:3')"/>
    </testcase>
  </testsuite>
</testsuites>
